<?xml version='1.0' ?>
<?xml-stylesheet href="TestResults.xsl" type="text/xsl" ?>
<MPITESTRESULTS>
<DATE>2017-04-13-19-06</DATE>
<MPISOURCE></MPISOURCE>
<MPITEST>
<NAME>mprobe</NAME>
<NP>2</NP>
<WORKDIR>./parastation</WORKDIR>
<STATUS>pass</STATUS>
</MPITEST>
<MPITEST>
<NAME>locknull</NAME>
<NP>2</NP>
<WORKDIR>./parastation</WORKDIR>
<STATUS>pass</STATUS>
</MPITEST>
<MPITEST>
<NAME>get-acc-loc</NAME>
<NP>4</NP>
<WORKDIR>./parastation</WORKDIR>
<STATUS>pass</STATUS>
</MPITEST>
<MPITEST>
<NAME>win_sync_err_flush</NAME>
<NP>2</NP>
<WORKDIR>./parastation</WORKDIR>
<STATUS>pass</STATUS>
</MPITEST>
<MPITEST>
<NAME>win_sync_err_flushall</NAME>
<NP>2</NP>
<WORKDIR>./parastation</WORKDIR>
<STATUS>pass</STATUS>
</MPITEST>
<MPITEST>
<NAME>win_sync_err_lockall_pt</NAME>
<NP>2</NP>
<WORKDIR>./parastation</WORKDIR>
<STATUS>pass</STATUS>
</MPITEST>
<MPITEST>
<NAME>win_sync_err_lockall_at</NAME>
<NP>2</NP>
<WORKDIR>./parastation</WORKDIR>
<STATUS>pass</STATUS>
</MPITEST>
<MPITEST>
<NAME>win_sync_err_unlockall</NAME>
<NP>2</NP>
<WORKDIR>./parastation</WORKDIR>
<STATUS>pass</STATUS>
</MPITEST>
<MPITEST>
<NAME>win_sync_err_reqops</NAME>
<NP>2</NP>
<WORKDIR>./parastation</WORKDIR>
<STATUS>pass</STATUS>
</MPITEST>
<MPITEST>
<NAME>win_flavor_err_shm</NAME>
<NP>2</NP>
<WORKDIR>./parastation</WORKDIR>
<STATUS>pass</STATUS>
</MPITEST>
<MPITEST>
<NAME>win_flavor_err_dyn</NAME>
<NP>2</NP>
<WORKDIR>./parastation</WORKDIR>
<STATUS>pass</STATUS>
</MPITEST>
<MPITEST>
<NAME>spawn_isend</NAME>
<NP>2</NP>
<WORKDIR>./parastation</WORKDIR>
<STATUS>pass</STATUS>
</MPITEST>
<MPITEST>
<NAME>spawn_ssend</NAME>
<NP>2</NP>
<WORKDIR>./parastation</WORKDIR>
<STATUS>pass</STATUS>
</MPITEST>
<MPITEST>
<NAME>spawn_anysrc</NAME>
<NP>2</NP>
<WORKDIR>./parastation</WORKDIR>
<STATUS>pass</STATUS>
</MPITEST>
<MPITEST>
<NAME>spawn_rma</NAME>
<NP>2</NP>
<WORKDIR>./parastation</WORKDIR>
<STATUS>pass</STATUS>
</MPITEST>
<MPITEST>
<NAME>spawn_universe</NAME>
<NP>2</NP>
<WORKDIR>./parastation</WORKDIR>
<STATUS>pass</STATUS>
</MPITEST>
<MPITEST>
<NAME>num_contexts_2k</NAME>
<NP>1</NP>
<WORKDIR>./parastation</WORKDIR>
<STATUS>pass</STATUS>
</MPITEST>
<MPITEST>
<NAME>num_contexts_4k</NAME>
<NP>1</NP>
<WORKDIR>./parastation</WORKDIR>
<STATUS>pass</STATUS>
</MPITEST>
<MPITEST>
<NAME>num_contexts_8k</NAME>
<NP>1</NP>
<WORKDIR>./parastation</WORKDIR>
<STATUS>pass</STATUS>
</MPITEST>
<MPITEST>
<NAME>num_contexts_16k</NAME>
<NP>1</NP>
<WORKDIR>./parastation</WORKDIR>
<STATUS>pass</STATUS>
</MPITEST>
<MPITEST>
<NAME>attrt</NAME>
<NP>2</NP>
<WORKDIR>./attr</WORKDIR>
<STATUS>pass</STATUS>
</MPITEST>
<MPITEST>
<NAME>attric</NAME>
<NP>4</NP>
<WORKDIR>./attr</WORKDIR>
<STATUS>pass</STATUS>
</MPITEST>
<MPITEST>
<NAME>attrerr</NAME>
<NP>1</NP>
<WORKDIR>./attr</WORKDIR>
<STATUS>pass</STATUS>
</MPITEST>
<MPITEST>
<NAME>attrend</NAME>
<NP>1</NP>
<WORKDIR>./attr</WORKDIR>
<STATUS>pass</STATUS>
</MPITEST>
<MPITEST>
<NAME>attrend</NAME>
<NP>4</NP>
<WORKDIR>./attr</WORKDIR>
<STATUS>pass</STATUS>
</MPITEST>
<MPITEST>
<NAME>attrend2</NAME>
<NP>1</NP>
<WORKDIR>./attr</WORKDIR>
<STATUS>pass</STATUS>
</MPITEST>
<MPITEST>
<NAME>attrend2</NAME>
<NP>5</NP>
<WORKDIR>./attr</WORKDIR>
<STATUS>pass</STATUS>
</MPITEST>
<MPITEST>
<NAME>attrerrcomm</NAME>
<NP>1</NP>
<WORKDIR>./attr</WORKDIR>
<STATUS>pass</STATUS>
</MPITEST>
<MPITEST>
<NAME>attrerrtype</NAME>
<NP>1</NP>
<WORKDIR>./attr</WORKDIR>
<STATUS>pass</STATUS>
</MPITEST>
<MPITEST>
<NAME>attrdeleteget</NAME>
<NP>1</NP>
<WORKDIR>./attr</WORKDIR>
<STATUS>pass</STATUS>
</MPITEST>
<MPITEST>
<NAME>attr2type</NAME>
<NP>1</NP>
<WORKDIR>./attr</WORKDIR>
<STATUS>pass</STATUS>
</MPITEST>
<MPITEST>
<NAME>attrorder</NAME>
<NP>1</NP>
<WORKDIR>./attr</WORKDIR>
<STATUS>pass</STATUS>
</MPITEST>
<MPITEST>
<NAME>attrordercomm</NAME>
<NP>1</NP>
<WORKDIR>./attr</WORKDIR>
<STATUS>pass</STATUS>
</MPITEST>
<MPITEST>
<NAME>attrordertype</NAME>
<NP>1</NP>
<WORKDIR>./attr</WORKDIR>
<STATUS>pass</STATUS>
</MPITEST>
<MPITEST>
<NAME>baseattr2</NAME>
<NP>1</NP>
<WORKDIR>./attr</WORKDIR>
<STATUS>pass</STATUS>
</MPITEST>
<MPITEST>
<NAME>baseattrcomm</NAME>
<NP>1</NP>
<WORKDIR>./attr</WORKDIR>
<STATUS>pass</STATUS>
</MPITEST>
<MPITEST>
<NAME>fkeyval</NAME>
<NP>1</NP>
<WORKDIR>./attr</WORKDIR>
<STATUS>pass</STATUS>
</MPITEST>
<MPITEST>
<NAME>fkeyvalcomm</NAME>
<NP>1</NP>
<WORKDIR>./attr</WORKDIR>
<STATUS>pass</STATUS>
</MPITEST>
<MPITEST>
<NAME>fkeyvaltype</NAME>
<NP>1</NP>
<WORKDIR>./attr</WORKDIR>
<STATUS>pass</STATUS>
</MPITEST>
<MPITEST>
<NAME>keyval_double_free</NAME>
<NP>1</NP>
<WORKDIR>./attr</WORKDIR>
<STATUS>pass</STATUS>
</MPITEST>
<MPITEST>
<NAME>keyval_double_free_comm</NAME>
<NP>1</NP>
<WORKDIR>./attr</WORKDIR>
<STATUS>pass</STATUS>
</MPITEST>
<MPITEST>
<NAME>keyval_double_free_type</NAME>
<NP>1</NP>
<WORKDIR>./attr</WORKDIR>
<STATUS>pass</STATUS>
</MPITEST>
<MPITEST>
<NAME>keyval_double_free_win</NAME>
<NP>1</NP>
<WORKDIR>./attr</WORKDIR>
<STATUS>pass</STATUS>
</MPITEST>
<MPITEST>
<NAME>allred</NAME>
<NP>4</NP>
<WORKDIR>./coll</WORKDIR>
<STATUS>pass</STATUS>
</MPITEST>
<MPITEST>
<NAME>allred</NAME>
<NP>7</NP>
<WORKDIR>./coll</WORKDIR>
<STATUS>pass</STATUS>
</MPITEST>
<MPITEST>
<NAME>allred</NAME>
<NP>4</NP>
<WORKDIR>./coll</WORKDIR>
<STATUS>pass</STATUS>
</MPITEST>
<MPITEST>
<NAME>allredmany</NAME>
<NP>4</NP>
<WORKDIR>./coll</WORKDIR>
<STATUS>pass</STATUS>
</MPITEST>
<MPITEST>
<NAME>allred2</NAME>
<NP>4</NP>
<WORKDIR>./coll</WORKDIR>
<STATUS>pass</STATUS>
</MPITEST>
<MPITEST>
<NAME>allred3</NAME>
<NP>10</NP>
<WORKDIR>./coll</WORKDIR>
<STATUS>pass</STATUS>
</MPITEST>
<MPITEST>
<NAME>allred4</NAME>
<NP>4</NP>
<WORKDIR>./coll</WORKDIR>
<STATUS>pass</STATUS>
</MPITEST>
<MPITEST>
<NAME>allred5</NAME>
<NP>5</NP>
<WORKDIR>./coll</WORKDIR>
<STATUS>pass</STATUS>
</MPITEST>
<MPITEST>
<NAME>allred5</NAME>
<NP>10</NP>
<WORKDIR>./coll</WORKDIR>
<STATUS>pass</STATUS>
</MPITEST>
<MPITEST>
<NAME>allred6</NAME>
<NP>4</NP>
<WORKDIR>./coll</WORKDIR>
<STATUS>pass</STATUS>
</MPITEST>
<MPITEST>
<NAME>allred6</NAME>
<NP>7</NP>
<WORKDIR>./coll</WORKDIR>
<STATUS>pass</STATUS>
</MPITEST>
<MPITEST>
<NAME>reduce</NAME>
<NP>5</NP>
<WORKDIR>./coll</WORKDIR>
<STATUS>pass</STATUS>
</MPITEST>
<MPITEST>
<NAME>reduce</NAME>
<NP>10</NP>
<WORKDIR>./coll</WORKDIR>
<STATUS>pass</STATUS>
</MPITEST>
<MPITEST>
<NAME>reduce_local</NAME>
<NP>2</NP>
<WORKDIR>./coll</WORKDIR>
<STATUS>pass</STATUS>
</MPITEST>
<MPITEST>
<NAME>op_commutative</NAME>
<NP>2</NP>
<WORKDIR>./coll</WORKDIR>
<STATUS>pass</STATUS>
</MPITEST>
<MPITEST>
<NAME>red3</NAME>
<NP>10</NP>
<WORKDIR>./coll</WORKDIR>
<STATUS>pass</STATUS>
</MPITEST>
<MPITEST>
<NAME>red4</NAME>
<NP>10</NP>
<WORKDIR>./coll</WORKDIR>
<STATUS>pass</STATUS>
</MPITEST>
<MPITEST>
<NAME>alltoall1</NAME>
<NP>8</NP>
<WORKDIR>./coll</WORKDIR>
<STATUS>pass</STATUS>
</MPITEST>
<MPITEST>
<NAME>alltoallv</NAME>
<NP>10</NP>
<WORKDIR>./coll</WORKDIR>
<STATUS>pass</STATUS>
</MPITEST>
<MPITEST>
<NAME>alltoallv0</NAME>
<NP>10</NP>
<WORKDIR>./coll</WORKDIR>
<STATUS>pass</STATUS>
</MPITEST>
<MPITEST>
<NAME>alltoallw1</NAME>
<NP>10</NP>
<WORKDIR>./coll</WORKDIR>
<STATUS>pass</STATUS>
</MPITEST>
<MPITEST>
<NAME>alltoallw2</NAME>
<NP>10</NP>
<WORKDIR>./coll</WORKDIR>
<STATUS>pass</STATUS>
</MPITEST>
<MPITEST>
<NAME>alltoallw_zeros</NAME>
<NP>1</NP>
<WORKDIR>./coll</WORKDIR>
<STATUS>pass</STATUS>
</MPITEST>
<MPITEST>
<NAME>alltoallw_zeros</NAME>
<NP>2</NP>
<WORKDIR>./coll</WORKDIR>
<STATUS>pass</STATUS>
</MPITEST>
<MPITEST>
<NAME>alltoallw_zeros</NAME>
<NP>5</NP>
<WORKDIR>./coll</WORKDIR>
<STATUS>pass</STATUS>
</MPITEST>
<MPITEST>
<NAME>alltoallw_zeros</NAME>
<NP>8</NP>
<WORKDIR>./coll</WORKDIR>
<STATUS>pass</STATUS>
</MPITEST>
<MPITEST>
<NAME>allgather2</NAME>
<NP>10</NP>
<WORKDIR>./coll</WORKDIR>
<STATUS>pass</STATUS>
</MPITEST>
<MPITEST>
<NAME>allgather3</NAME>
<NP>10</NP>
<WORKDIR>./coll</WORKDIR>
<STATUS>pass</STATUS>
</MPITEST>
<MPITEST>
<NAME>allgatherv2</NAME>
<NP>10</NP>
<WORKDIR>./coll</WORKDIR>
<STATUS>pass</STATUS>
</MPITEST>
<MPITEST>
<NAME>allgatherv3</NAME>
<NP>10</NP>
<WORKDIR>./coll</WORKDIR>
<STATUS>pass</STATUS>
</MPITEST>
<MPITEST>
<NAME>allgatherv4</NAME>
<NP>4</NP>
<WORKDIR>./coll</WORKDIR>
<STATUS>pass</STATUS>
</MPITEST>
<MPITEST>
<NAME>allgather_struct</NAME>
<NP>10</NP>
<WORKDIR>./coll</WORKDIR>
<STATUS>pass</STATUS>
</MPITEST>
<MPITEST>
<NAME>bcasttest</NAME>
<NP>4</NP>
<WORKDIR>./coll</WORKDIR>
<STATUS>pass</STATUS>
</MPITEST>
<MPITEST>
<NAME>bcasttest</NAME>
<NP>8</NP>
<WORKDIR>./coll</WORKDIR>
<STATUS>pass</STATUS>
</MPITEST>
<MPITEST>
<NAME>bcasttest</NAME>
<NP>10</NP>
<WORKDIR>./coll</WORKDIR>
<STATUS>pass</STATUS>
</MPITEST>
<MPITEST>
<NAME>bcast_full</NAME>
<NP>4</NP>
<WORKDIR>./coll</WORKDIR>
<STATUS>pass</STATUS>
</MPITEST>
<MPITEST>
<NAME>bcast_min_datatypes</NAME>
<NP>10</NP>
<WORKDIR>./coll</WORKDIR>
<STATUS>pass</STATUS>
</MPITEST>
<MPITEST>
<NAME>bcast_comm_world</NAME>
<NP>10</NP>
<WORKDIR>./coll</WORKDIR>
<STATUS>pass</STATUS>
</MPITEST>
<MPITEST>
<NAME>bcastzerotype</NAME>
<NP>1</NP>
<WORKDIR>./coll</WORKDIR>
<STATUS>pass</STATUS>
</MPITEST>
<MPITEST>
<NAME>bcastzerotype</NAME>
<NP>4</NP>
<WORKDIR>./coll</WORKDIR>
<STATUS>pass</STATUS>
</MPITEST>
<MPITEST>
<NAME>bcastzerotype</NAME>
<NP>5</NP>
<WORKDIR>./coll</WORKDIR>
<STATUS>pass</STATUS>
</MPITEST>
<MPITEST>
<NAME>bcastzerotype</NAME>
<NP>10</NP>
<WORKDIR>./coll</WORKDIR>
<STATUS>pass</STATUS>
</MPITEST>
<MPITEST>
<NAME>coll2</NAME>
<NP>5</NP>
<WORKDIR>./coll</WORKDIR>
<STATUS>pass</STATUS>
</MPITEST>
<MPITEST>
<NAME>coll3</NAME>
<NP>5</NP>
<WORKDIR>./coll</WORKDIR>
<STATUS>pass</STATUS>
</MPITEST>
<MPITEST>
<NAME>coll4</NAME>
<NP>4</NP>
<WORKDIR>./coll</WORKDIR>
<STATUS>pass</STATUS>
</MPITEST>
<MPITEST>
<NAME>coll5</NAME>
<NP>4</NP>
<WORKDIR>./coll</WORKDIR>
<STATUS>pass</STATUS>
</MPITEST>
<MPITEST>
<NAME>coll6</NAME>
<NP>5</NP>
<WORKDIR>./coll</WORKDIR>
<STATUS>pass</STATUS>
</MPITEST>
<MPITEST>
<NAME>coll7</NAME>
<NP>1</NP>
<WORKDIR>./coll</WORKDIR>
<STATUS>pass</STATUS>
</MPITEST>
<MPITEST>
<NAME>coll7</NAME>
<NP>2</NP>
<WORKDIR>./coll</WORKDIR>
<STATUS>pass</STATUS>
</MPITEST>
<MPITEST>
<NAME>coll7</NAME>
<NP>5</NP>
<WORKDIR>./coll</WORKDIR>
<STATUS>pass</STATUS>
</MPITEST>
<MPITEST>
<NAME>coll8</NAME>
<NP>4</NP>
<WORKDIR>./coll</WORKDIR>
<STATUS>pass</STATUS>
</MPITEST>
<MPITEST>
<NAME>coll9</NAME>
<NP>4</NP>
<WORKDIR>./coll</WORKDIR>
<STATUS>pass</STATUS>
</MPITEST>
<MPITEST>
<NAME>coll10</NAME>
<NP>4</NP>
<WORKDIR>./coll</WORKDIR>
<STATUS>pass</STATUS>
</MPITEST>
<MPITEST>
<NAME>coll11</NAME>
<NP>4</NP>
<WORKDIR>./coll</WORKDIR>
<STATUS>pass</STATUS>
</MPITEST>
<MPITEST>
<NAME>coll12</NAME>
<NP>4</NP>
<WORKDIR>./coll</WORKDIR>
<STATUS>pass</STATUS>
</MPITEST>
<MPITEST>
<NAME>coll13</NAME>
<NP>4</NP>
<WORKDIR>./coll</WORKDIR>
<STATUS>pass</STATUS>
</MPITEST>
<MPITEST>
<NAME>longuser</NAME>
<NP>4</NP>
<WORKDIR>./coll</WORKDIR>
<STATUS>pass</STATUS>
</MPITEST>
<MPITEST>
<NAME>redscat</NAME>
<NP>4</NP>
<WORKDIR>./coll</WORKDIR>
<STATUS>pass</STATUS>
</MPITEST>
<MPITEST>
<NAME>redscat</NAME>
<NP>6</NP>
<WORKDIR>./coll</WORKDIR>
<STATUS>pass</STATUS>
</MPITEST>
<MPITEST>
<NAME>redscat2</NAME>
<NP>4</NP>
<WORKDIR>./coll</WORKDIR>
<STATUS>pass</STATUS>
</MPITEST>
<MPITEST>
<NAME>redscat2</NAME>
<NP>5</NP>
<WORKDIR>./coll</WORKDIR>
<STATUS>pass</STATUS>
</MPITEST>
<MPITEST>
<NAME>redscat2</NAME>
<NP>10</NP>
<WORKDIR>./coll</WORKDIR>
<STATUS>pass</STATUS>
</MPITEST>
<MPITEST>
<NAME>redscat3</NAME>
<NP>8</NP>
<WORKDIR>./coll</WORKDIR>
<STATUS>pass</STATUS>
</MPITEST>
<MPITEST>
<NAME>redscatinter</NAME>
<NP>8</NP>
<WORKDIR>./coll</WORKDIR>
<STATUS>pass</STATUS>
</MPITEST>
<MPITEST>
<NAME>red_scat_block</NAME>
<NP>4</NP>
<WORKDIR>./coll</WORKDIR>
<STATUS>pass</STATUS>
</MPITEST>
<MPITEST>
<NAME>red_scat_block</NAME>
<NP>5</NP>
<WORKDIR>./coll</WORKDIR>
<STATUS>pass</STATUS>
</MPITEST>
<MPITEST>
<NAME>red_scat_block</NAME>
<NP>8</NP>
<WORKDIR>./coll</WORKDIR>
<STATUS>pass</STATUS>
</MPITEST>
<MPITEST>
<NAME>red_scat_block2</NAME>
<NP>4</NP>
<WORKDIR>./coll</WORKDIR>
<STATUS>pass</STATUS>
</MPITEST>
<MPITEST>
<NAME>red_scat_block2</NAME>
<NP>5</NP>
<WORKDIR>./coll</WORKDIR>
<STATUS>pass</STATUS>
</MPITEST>
<MPITEST>
<NAME>red_scat_block2</NAME>
<NP>10</NP>
<WORKDIR>./coll</WORKDIR>
<STATUS>pass</STATUS>
</MPITEST>
<MPITEST>
<NAME>redscatblk3</NAME>
<NP>8</NP>
<WORKDIR>./coll</WORKDIR>
<STATUS>pass</STATUS>
</MPITEST>
<MPITEST>
<NAME>redscatblk3</NAME>
<NP>10</NP>
<WORKDIR>./coll</WORKDIR>
<STATUS>pass</STATUS>
</MPITEST>
<MPITEST>
<NAME>redscatbkinter</NAME>
<NP>8</NP>
<WORKDIR>./coll</WORKDIR>
<STATUS>pass</STATUS>
</MPITEST>
<MPITEST>
<NAME>redscatbkinter</NAME>
<NP>10</NP>
<WORKDIR>./coll</WORKDIR>
<STATUS>pass</STATUS>
</MPITEST>
<MPITEST>
<NAME>scantst</NAME>
<NP>4</NP>
<WORKDIR>./coll</WORKDIR>
<STATUS>pass</STATUS>
</MPITEST>
<MPITEST>
<NAME>exscan</NAME>
<NP>10</NP>
<WORKDIR>./coll</WORKDIR>
<STATUS>pass</STATUS>
</MPITEST>
<MPITEST>
<NAME>exscan2</NAME>
<NP>5</NP>
<WORKDIR>./coll</WORKDIR>
<STATUS>pass</STATUS>
</MPITEST>
<MPITEST>
<NAME>gather</NAME>
<NP>4</NP>
<WORKDIR>./coll</WORKDIR>
<STATUS>pass</STATUS>
</MPITEST>
<MPITEST>
<NAME>gather2</NAME>
<NP>4</NP>
<WORKDIR>./coll</WORKDIR>
<STATUS>pass</STATUS>
</MPITEST>
<MPITEST>
<NAME>scattern</NAME>
<NP>4</NP>
<WORKDIR>./coll</WORKDIR>
<STATUS>pass</STATUS>
</MPITEST>
<MPITEST>
<NAME>scatter2</NAME>
<NP>4</NP>
<WORKDIR>./coll</WORKDIR>
<STATUS>pass</STATUS>
</MPITEST>
<MPITEST>
<NAME>scatter3</NAME>
<NP>4</NP>
<WORKDIR>./coll</WORKDIR>
<STATUS>pass</STATUS>
</MPITEST>
<MPITEST>
<NAME>scatterv</NAME>
<NP>4</NP>
<WORKDIR>./coll</WORKDIR>
<STATUS>pass</STATUS>
</MPITEST>
<MPITEST>
<NAME>icbcast</NAME>
<NP>4</NP>
<WORKDIR>./coll</WORKDIR>
<STATUS>pass</STATUS>
</MPITEST>
<MPITEST>
<NAME>icbcast</NAME>
<NP>10</NP>
<WORKDIR>./coll</WORKDIR>
<STATUS>pass</STATUS>
</MPITEST>
<MPITEST>
<NAME>icallreduce</NAME>
<NP>5</NP>
<WORKDIR>./coll</WORKDIR>
<STATUS>pass</STATUS>
</MPITEST>
<MPITEST>
<NAME>icallreduce</NAME>
<NP>7</NP>
<WORKDIR>./coll</WORKDIR>
<STATUS>pass</STATUS>
</MPITEST>
<MPITEST>
<NAME>icreduce</NAME>
<NP>5</NP>
<WORKDIR>./coll</WORKDIR>
<STATUS>pass</STATUS>
</MPITEST>
<MPITEST>
<NAME>icreduce</NAME>
<NP>7</NP>
<WORKDIR>./coll</WORKDIR>
<STATUS>pass</STATUS>
</MPITEST>
<MPITEST>
<NAME>icscatter</NAME>
<NP>5</NP>
<WORKDIR>./coll</WORKDIR>
<STATUS>pass</STATUS>
</MPITEST>
<MPITEST>
<NAME>icscatter</NAME>
<NP>7</NP>
<WORKDIR>./coll</WORKDIR>
<STATUS>pass</STATUS>
</MPITEST>
<MPITEST>
<NAME>icgather</NAME>
<NP>5</NP>
<WORKDIR>./coll</WORKDIR>
<STATUS>pass</STATUS>
</MPITEST>
<MPITEST>
<NAME>icgather</NAME>
<NP>7</NP>
<WORKDIR>./coll</WORKDIR>
<STATUS>pass</STATUS>
</MPITEST>
<MPITEST>
<NAME>icallgather</NAME>
<NP>5</NP>
<WORKDIR>./coll</WORKDIR>
<STATUS>pass</STATUS>
</MPITEST>
<MPITEST>
<NAME>icallgather</NAME>
<NP>7</NP>
<WORKDIR>./coll</WORKDIR>
<STATUS>pass</STATUS>
</MPITEST>
<MPITEST>
<NAME>icbarrier</NAME>
<NP>5</NP>
<WORKDIR>./coll</WORKDIR>
<STATUS>pass</STATUS>
</MPITEST>
<MPITEST>
<NAME>icbarrier</NAME>
<NP>7</NP>
<WORKDIR>./coll</WORKDIR>
<STATUS>pass</STATUS>
</MPITEST>
<MPITEST>
<NAME>icallgatherv</NAME>
<NP>5</NP>
<WORKDIR>./coll</WORKDIR>
<STATUS>pass</STATUS>
</MPITEST>
<MPITEST>
<NAME>icallgatherv</NAME>
<NP>7</NP>
<WORKDIR>./coll</WORKDIR>
<STATUS>pass</STATUS>
</MPITEST>
<MPITEST>
<NAME>icgatherv</NAME>
<NP>5</NP>
<WORKDIR>./coll</WORKDIR>
<STATUS>pass</STATUS>
</MPITEST>
<MPITEST>
<NAME>icgatherv</NAME>
<NP>7</NP>
<WORKDIR>./coll</WORKDIR>
<STATUS>pass</STATUS>
</MPITEST>
<MPITEST>
<NAME>icscatterv</NAME>
<NP>5</NP>
<WORKDIR>./coll</WORKDIR>
<STATUS>pass</STATUS>
</MPITEST>
<MPITEST>
<NAME>icscatterv</NAME>
<NP>7</NP>
<WORKDIR>./coll</WORKDIR>
<STATUS>pass</STATUS>
</MPITEST>
<MPITEST>
<NAME>icalltoall</NAME>
<NP>5</NP>
<WORKDIR>./coll</WORKDIR>
<STATUS>pass</STATUS>
</MPITEST>
<MPITEST>
<NAME>icalltoall</NAME>
<NP>7</NP>
<WORKDIR>./coll</WORKDIR>
<STATUS>pass</STATUS>
</MPITEST>
<MPITEST>
<NAME>icalltoallv</NAME>
<NP>5</NP>
<WORKDIR>./coll</WORKDIR>
<STATUS>pass</STATUS>
</MPITEST>
<MPITEST>
<NAME>icalltoallv</NAME>
<NP>7</NP>
<WORKDIR>./coll</WORKDIR>
<STATUS>pass</STATUS>
</MPITEST>
<MPITEST>
<NAME>icalltoallw</NAME>
<NP>5</NP>
<WORKDIR>./coll</WORKDIR>
<STATUS>pass</STATUS>
</MPITEST>
<MPITEST>
<NAME>icalltoallw</NAME>
<NP>7</NP>
<WORKDIR>./coll</WORKDIR>
<STATUS>pass</STATUS>
</MPITEST>
<MPITEST>
<NAME>opland</NAME>
<NP>4</NP>
<WORKDIR>./coll</WORKDIR>
<STATUS>pass</STATUS>
</MPITEST>
<MPITEST>
<NAME>oplor</NAME>
<NP>4</NP>
<WORKDIR>./coll</WORKDIR>
<STATUS>pass</STATUS>
</MPITEST>
<MPITEST>
<NAME>oplxor</NAME>
<NP>4</NP>
<WORKDIR>./coll</WORKDIR>
<STATUS>pass</STATUS>
</MPITEST>
<MPITEST>
<NAME>oplxor</NAME>
<NP>5</NP>
<WORKDIR>./coll</WORKDIR>
<STATUS>pass</STATUS>
</MPITEST>
<MPITEST>
<NAME>opband</NAME>
<NP>4</NP>
<WORKDIR>./coll</WORKDIR>
<STATUS>pass</STATUS>
</MPITEST>
<MPITEST>
<NAME>opbor</NAME>
<NP>4</NP>
<WORKDIR>./coll</WORKDIR>
<STATUS>pass</STATUS>
</MPITEST>
<MPITEST>
<NAME>opbxor</NAME>
<NP>4</NP>
<WORKDIR>./coll</WORKDIR>
<STATUS>pass</STATUS>
</MPITEST>
<MPITEST>
<NAME>opbxor</NAME>
<NP>5</NP>
<WORKDIR>./coll</WORKDIR>
<STATUS>pass</STATUS>
</MPITEST>
<MPITEST>
<NAME>opprod</NAME>
<NP>5</NP>
<WORKDIR>./coll</WORKDIR>
<STATUS>pass</STATUS>
</MPITEST>
<MPITEST>
<NAME>opprod</NAME>
<NP>6</NP>
<WORKDIR>./coll</WORKDIR>
<STATUS>pass</STATUS>
</MPITEST>
<MPITEST>
<NAME>opsum</NAME>
<NP>4</NP>
<WORKDIR>./coll</WORKDIR>
<STATUS>pass</STATUS>
</MPITEST>
<MPITEST>
<NAME>opmin</NAME>
<NP>4</NP>
<WORKDIR>./coll</WORKDIR>
<STATUS>pass</STATUS>
</MPITEST>
<MPITEST>
<NAME>opminloc</NAME>
<NP>4</NP>
<WORKDIR>./coll</WORKDIR>
<STATUS>pass</STATUS>
</MPITEST>
<MPITEST>
<NAME>opmax</NAME>
<NP>5</NP>
<WORKDIR>./coll</WORKDIR>
<STATUS>pass</STATUS>
</MPITEST>
<MPITEST>
<NAME>opmaxloc</NAME>
<NP>5</NP>
<WORKDIR>./coll</WORKDIR>
<STATUS>pass</STATUS>
</MPITEST>
<MPITEST>
<NAME>uoplong</NAME>
<NP>4</NP>
<WORKDIR>./coll</WORKDIR>
<STATUS>pass</STATUS>
</MPITEST>
<MPITEST>
<NAME>uoplong</NAME>
<NP>11</NP>
<WORKDIR>./coll</WORKDIR>
<STATUS>pass</STATUS>
</MPITEST>
<MPITEST>
<NAME>uoplong</NAME>
<NP>16</NP>
<WORKDIR>./coll</WORKDIR>
<STATUS>pass</STATUS>
</MPITEST>
<MPITEST>
<NAME>nonblocking</NAME>
<NP>4</NP>
<WORKDIR>./coll</WORKDIR>
<STATUS>fail</STATUS>
<TESTDIFF>
</TESTDIFF>
</MPITEST>
<MPITEST>
<NAME>nonblocking</NAME>
<NP>5</NP>
<WORKDIR>./coll</WORKDIR>
<STATUS>fail</STATUS>
<TESTDIFF>
</TESTDIFF>
</MPITEST>
<MPITEST>
<NAME>nonblocking</NAME>
<NP>10</NP>
<WORKDIR>./coll</WORKDIR>
<STATUS>fail</STATUS>
<TESTDIFF>
</TESTDIFF>
</MPITEST>
<MPITEST>
<NAME>nonblocking2</NAME>
<NP>1</NP>
<WORKDIR>./coll</WORKDIR>
<STATUS>fail</STATUS>
<TESTDIFF>
INTERNAL ERROR: invalid error code efefefef (Ring Index out of range) in MPIDU_Sched_progress_state:921
nonblocking2: /home/clauss/Work/psmpi/mpich2/src/mpid/psp/src/mpid_progress.c:125: MPID_Progress_wait: Assertion `mpi_errno == 0' failed.
</TESTDIFF>
</MPITEST>
<MPITEST>
<NAME>nonblocking2</NAME>
<NP>4</NP>
<WORKDIR>./coll</WORKDIR>
<STATUS>fail</STATUS>
<TESTDIFF>
INTERNAL ERROR: invalid error code efefefef (Ring Index out of range) in MPIDU_Sched_progress_state:921
nonblocking2: /home/clauss/Work/psmpi/mpich2/src/mpid/psp/src/mpid_progress.c:125: MPID_Progress_wait: Assertion `mpi_errno == 0' failed.
INTERNAL ERROR: invalid error code efefefef (Ring Index out of range) in MPIDU_Sched_progress_state:921
nonblocking2: /home/clauss/Work/psmpi/mpich2/src/mpid/psp/src/mpid_progress.c:125: MPID_Progress_wait: Assertion `mpi_errno == 0' failed.
INTERNAL ERROR: invalid error code efefefef (Ring Index out of range) in MPIDU_Sched_progress_state:921
nonblocking2: /home/clauss/Work/psmpi/mpich2/src/mpid/psp/src/mpid_progress.c:125: MPID_Progress_wait: Assertion `mpi_errno == 0' failed.
</TESTDIFF>
</MPITEST>
<MPITEST>
<NAME>nonblocking2</NAME>
<NP>5</NP>
<WORKDIR>./coll</WORKDIR>
<STATUS>fail</STATUS>
<TESTDIFF>
INTERNAL ERROR: invalid error code efefefef (Ring Index out of range) in MPIDU_Sched_progress_state:921
nonblocking2: /home/clauss/Work/psmpi/mpich2/src/mpid/psp/src/mpid_progress.c:125: MPID_Progress_wait: Assertion `mpi_errno == 0' failed.
INTERNAL ERROR: invalid error code efefefef (Ring Index out of range) in MPIDU_Sched_progress_state:921
nonblocking2: /home/clauss/Work/psmpi/mpich2/src/mpid/psp/src/mpid_progress.c:125: MPID_Progress_wait: Assertion `mpi_errno == 0' failed.
INTERNAL ERROR: invalid error code efefefef (Ring Index out of range) in MPIDU_Sched_progress_state:921
nonblocking2: /home/clauss/Work/psmpi/mpich2/src/mpid/psp/src/mpid_progress.c:125: MPID_Progress_wait: Assertion `mpi_errno == 0' failed.
INTERNAL ERROR: invalid error code efefefef (Ring Index out of range) in MPIDU_Sched_progress_state:921
nonblocking2: /home/clauss/Work/psmpi/mpich2/src/mpid/psp/src/mpid_progress.c:125: MPID_Progress_wait: Assertion `mpi_errno == 0' failed.
INTERNAL ERROR: invalid error code efefefef (Ring Index out of range) in MPIDU_Sched_progress_state:921
nonblocking2: /home/clauss/Work/psmpi/mpich2/src/mpid/psp/src/mpid_progress.c:125: MPID_Progress_wait: Assertion `mpi_errno == 0' failed.
</TESTDIFF>
</MPITEST>
<MPITEST>
<NAME>nonblocking2</NAME>
<NP>10</NP>
<WORKDIR>./coll</WORKDIR>
<STATUS>fail</STATUS>
<TESTDIFF>
INTERNAL ERROR: invalid error code efefefef (Ring Index out of range) in MPIDU_Sched_progress_state:921
nonblocking2: /home/clauss/Work/psmpi/mpich2/src/mpid/psp/src/mpid_progress.c:125: MPID_Progress_wait: Assertion `mpi_errno == 0' failed.
INTERNAL ERROR: invalid error code efefefef (Ring Index out of range) in MPIDU_Sched_progress_state:921
nonblocking2: /home/clauss/Work/psmpi/mpich2/src/mpid/psp/src/mpid_progress.c:125: MPID_Progress_wait: Assertion `mpi_errno == 0' failed.
INTERNAL ERROR: invalid error code efefefef (Ring Index out of range) in MPIDU_Sched_progress_state:921
nonblocking2: /home/clauss/Work/psmpi/mpich2/src/mpid/psp/src/mpid_progress.c:125: MPID_Progress_wait: Assertion `mpi_errno == 0' failed.
INTERNAL ERROR: invalid error code efefefef (Ring Index out of range) in MPIDU_Sched_progress_state:921
nonblocking2: /home/clauss/Work/psmpi/mpich2/src/mpid/psp/src/mpid_progress.c:125: MPID_Progress_wait: Assertion `mpi_errno == 0' failed.
INTERNAL ERROR: invalid error code efefefef (Ring Index out of range) in MPIDU_Sched_progress_state:921
INTERNAL ERROR: invalid error code efefefef (Ring Index out of range) in MPIDU_Sched_progress_state:921
nonblocking2: /home/clauss/Work/psmpi/mpich2/src/mpid/psp/src/mpid_progress.c:125: MPID_Progress_wait: Assertion `mpi_errno == 0' failed.
INTERNAL ERROR: invalid error code efefefef (Ring Index out of range) in MPIDU_Sched_progress_state:921
nonblocking2: /home/clauss/Work/psmpi/mpich2/src/mpid/psp/src/mpid_progress.c:125: MPID_Progress_wait: Assertion `mpi_errno == 0' failed.
INTERNAL ERROR: invalid error code efefefef (Ring Index out of range) in MPIDU_Sched_progress_state:921
INTERNAL ERROR: invalid error code efefefef (Ring Index out of range) in MPIDU_Sched_progress_state:921
INTERNAL ERROR: invalid error code efefefef (Ring Index out of range) in MPIDU_Sched_progress_state:921
nonblocking2: /home/clauss/Work/psmpi/mpich2/src/mpid/psp/src/mpid_progress.c:125: MPID_Progress_wait: Assertion `mpi_errno == 0' failed.
nonblocking2: /home/clauss/Work/psmpi/mpich2/src/mpid/psp/src/mpid_progress.c:125: MPID_Progress_wait: Assertion `mpi_errno == 0' failed.
nonblocking2: /home/clauss/Work/psmpi/mpich2/src/mpid/psp/src/mpid_progress.c:125: MPID_Progress_wait: Assertion `mpi_errno == 0' failed.
nonblocking2: /home/clauss/Work/psmpi/mpich2/src/mpid/psp/src/mpid_progress.c:125: MPID_Progress_wait: Assertion `mpi_errno == 0' failed.
</TESTDIFF>
</MPITEST>
<MPITEST>
<NAME>nonblocking3</NAME>
<NP>1</NP>
<WORKDIR>./coll</WORKDIR>
<STATUS>fail</STATUS>
<TESTDIFF>
INTERNAL ERROR: invalid error code efefefef (Ring Index out of range) in MPIDU_Sched_progress_state:921
nonblocking3: /home/clauss/Work/psmpi/mpich2/src/mpid/psp/src/mpid_progress.c:125: MPID_Progress_wait: Assertion `mpi_errno == 0' failed.
</TESTDIFF>
</MPITEST>
<MPITEST>
<NAME>nonblocking3</NAME>
<NP>4</NP>
<WORKDIR>./coll</WORKDIR>
<STATUS>fail</STATUS>
<TESTDIFF>
INTERNAL ERROR: invalid error code efefefef (Ring Index out of range) in MPIDU_Sched_progress_state:921
INTERNAL ERROR: invalid error code efefefef (Ring Index out of range) in MPIDU_Sched_progress_state:921
INTERNAL ERROR: invalid error code efefefef (Ring Index out of range) in MPIDU_Sched_progress_state:921
INTERNAL ERROR: invalid error code efefefef (Ring Index out of range) in MPIDU_Sched_progress_state:921
nonblocking3: /home/clauss/Work/psmpi/mpich2/src/mpid/psp/src/mpid_progress.c:125: MPID_Progress_wait: Assertion `mpi_errno == 0' failed.
nonblocking3: /home/clauss/Work/psmpi/mpich2/src/mpid/psp/src/mpid_progress.c:125: MPID_Progress_wait: Assertion `mpi_errno == 0' failed.
nonblocking3: /home/clauss/Work/psmpi/mpich2/src/mpid/psp/src/mpid_progress.c:125: MPID_Progress_wait: Assertion `mpi_errno == 0' failed.
nonblocking3: /home/clauss/Work/psmpi/mpich2/src/mpid/psp/src/mpid_progress.c:125: MPID_Progress_wait: Assertion `mpi_errno == 0' failed.
</TESTDIFF>
</MPITEST>
<MPITEST>
<NAME>nonblocking3</NAME>
<NP>5</NP>
<WORKDIR>./coll</WORKDIR>
<STATUS>fail</STATUS>
<TESTDIFF>
INTERNAL ERROR: invalid error code efefefef (Ring Index out of range) in MPIDU_Sched_progress_state:921
INTERNAL ERROR: invalid error code efefefef (Ring Index out of range) in MPIDU_Sched_progress_state:921
nonblocking3: /home/clauss/Work/psmpi/mpich2/src/mpid/psp/src/mpid_progress.c:125: MPID_Progress_wait: Assertion `mpi_errno == 0' failed.
nonblocking3: /home/clauss/Work/psmpi/mpich2/src/mpid/psp/src/mpid_progress.c:125: MPID_Progress_wait: Assertion `mpi_errno == 0' failed.
INTERNAL ERROR: invalid error code efefefef (Ring Index out of range) in MPIDU_Sched_progress_state:921
nonblocking3: /home/clauss/Work/psmpi/mpich2/src/mpid/psp/src/mpid_progress.c:125: MPID_Progress_wait: Assertion `mpi_errno == 0' failed.
INTERNAL ERROR: invalid error code efefefef (Ring Index out of range) in MPIDU_Sched_progress_state:921
INTERNAL ERROR: invalid error code efefefef (Ring Index out of range) in MPIDU_Sched_progress_state:921
nonblocking3: /home/clauss/Work/psmpi/mpich2/src/mpid/psp/src/mpid_progress.c:125: MPID_Progress_wait: Assertion `mpi_errno == 0' failed.
nonblocking3: /home/clauss/Work/psmpi/mpich2/src/mpid/psp/src/mpid_progress.c:125: MPID_Progress_wait: Assertion `mpi_errno == 0' failed.
</TESTDIFF>
</MPITEST>
<MPITEST>
<NAME>nonblocking3</NAME>
<NP>10</NP>
<WORKDIR>./coll</WORKDIR>
<STATUS>fail</STATUS>
<TESTDIFF>
INTERNAL ERROR: invalid error code efefefef (Ring Index out of range) in MPIDU_Sched_progress_state:921
INTERNAL ERROR: invalid error code efefefef (Ring Index out of range) in MPIDU_Sched_progress_state:921
nonblocking3: /home/clauss/Work/psmpi/mpich2/src/mpid/psp/src/mpid_progress.c:125: MPID_Progress_wait: Assertion `mpi_errno == 0' failed.
nonblocking3: /home/clauss/Work/psmpi/mpich2/src/mpid/psp/src/mpid_progress.c:125: MPID_Progress_wait: Assertion `mpi_errno == 0' failed.
INTERNAL ERROR: invalid error code efefefef (Ring Index out of range) in MPIDU_Sched_progress_state:921
nonblocking3: /home/clauss/Work/psmpi/mpich2/src/mpid/psp/src/mpid_progress.c:125: MPID_Progress_wait: Assertion `mpi_errno == 0' failed.
INTERNAL ERROR: invalid error code efefefef (Ring Index out of range) in MPIDU_Sched_progress_state:921
nonblocking3: /home/clauss/Work/psmpi/mpich2/src/mpid/psp/src/mpid_progress.c:125: MPID_Progress_wait: Assertion `mpi_errno == 0' failed.
INTERNAL ERROR: invalid error code efefefef (Ring Index out of range) in MPIDU_Sched_progress_state:921
nonblocking3: /home/clauss/Work/psmpi/mpich2/src/mpid/psp/src/mpid_progress.c:125: MPID_Progress_wait: Assertion `mpi_errno == 0' failed.
INTERNAL ERROR: invalid error code efefefef (Ring Index out of range) in MPIDU_Sched_progress_state:921
nonblocking3: /home/clauss/Work/psmpi/mpich2/src/mpid/psp/src/mpid_progress.c:125: MPID_Progress_wait: Assertion `mpi_errno == 0' failed.
INTERNAL ERROR: invalid error code efefefef (Ring Index out of range) in MPIDU_Sched_progress_state:921
nonblocking3: /home/clauss/Work/psmpi/mpich2/src/mpid/psp/src/mpid_progress.c:125: MPID_Progress_wait: Assertion `mpi_errno == 0' failed.
INTERNAL ERROR: invalid error code efefefef (Ring Index out of range) in MPIDU_Sched_progress_state:921
nonblocking3: /home/clauss/Work/psmpi/mpich2/src/mpid/psp/src/mpid_progress.c:125: MPID_Progress_wait: Assertion `mpi_errno == 0' failed.
INTERNAL ERROR: invalid error code efefefef (Ring Index out of range) in MPIDU_Sched_progress_state:921
nonblocking3: /home/clauss/Work/psmpi/mpich2/src/mpid/psp/src/mpid_progress.c:125: MPID_Progress_wait: Assertion `mpi_errno == 0' failed.
INTERNAL ERROR: invalid error code efefefef (Ring Index out of range) in MPIDU_Sched_progress_state:921
nonblocking3: /home/clauss/Work/psmpi/mpich2/src/mpid/psp/src/mpid_progress.c:125: MPID_Progress_wait: Assertion `mpi_errno == 0' failed.
</TESTDIFF>
</MPITEST>
<MPITEST>
<NAME>iallred</NAME>
<NP>2</NP>
<WORKDIR>./coll</WORKDIR>
<STATUS>fail</STATUS>
<TESTDIFF>
</TESTDIFF>
</MPITEST>
<MPITEST>
<NAME>ibarrier</NAME>
<NP>2</NP>
<WORKDIR>./coll</WORKDIR>
<STATUS>fail</STATUS>
<TESTDIFF>
</TESTDIFF>
</MPITEST>
<MPITEST>
<NAME>nballtoall1</NAME>
<NP>8</NP>
<WORKDIR>./coll</WORKDIR>
<STATUS>fail</STATUS>
<TESTDIFF>
</TESTDIFF>
</MPITEST>
<MPITEST>
<NAME>nbcoll2</NAME>
<NP>5</NP>
<WORKDIR>./coll</WORKDIR>
<STATUS>fail</STATUS>
<TESTDIFF>
INTERNAL ERROR: invalid error code efefefef (Ring Index out of range) in MPIDU_Sched_progress_state:921
nbcoll2: /home/clauss/Work/psmpi/mpich2/src/mpid/psp/src/mpid_progress.c:125: MPID_Progress_wait: Assertion `mpi_errno == 0' failed.
INTERNAL ERROR: invalid error code efefefef (Ring Index out of range) in MPIDU_Sched_progress_state:921
nbcoll2: /home/clauss/Work/psmpi/mpich2/src/mpid/psp/src/mpid_progress.c:125: MPID_Progress_wait: Assertion `mpi_errno == 0' failed.
INTERNAL ERROR: invalid error code efefefef (Ring Index out of range) in MPIDU_Sched_progress_state:921
nbcoll2: /home/clauss/Work/psmpi/mpich2/src/mpid/psp/src/mpid_progress.c:125: MPID_Progress_wait: Assertion `mpi_errno == 0' failed.
INTERNAL ERROR: invalid error code efefefef (Ring Index out of range) in MPIDU_Sched_progress_state:921
nbcoll2: /home/clauss/Work/psmpi/mpich2/src/mpid/psp/src/mpid_progress.c:125: MPID_Progress_wait: Assertion `mpi_errno == 0' failed.
</TESTDIFF>
</MPITEST>
<MPITEST>
<NAME>nbredscat</NAME>
<NP>4</NP>
<WORKDIR>./coll</WORKDIR>
<STATUS>fail</STATUS>
<TESTDIFF>
</TESTDIFF>
</MPITEST>
<MPITEST>
<NAME>nbredscat</NAME>
<NP>8</NP>
<WORKDIR>./coll</WORKDIR>
<STATUS>fail</STATUS>
<TESTDIFF>
</TESTDIFF>
</MPITEST>
<MPITEST>
<NAME>nbredscat3</NAME>
<NP>8</NP>
<WORKDIR>./coll</WORKDIR>
<STATUS>fail</STATUS>
<TESTDIFF>
</TESTDIFF>
</MPITEST>
<MPITEST>
<NAME>nbredscatinter</NAME>
<NP>8</NP>
<WORKDIR>./coll</WORKDIR>
<STATUS>fail</STATUS>
<TESTDIFF>
</TESTDIFF>
</MPITEST>
<MPITEST>
<NAME>nbicbcast</NAME>
<NP>8</NP>
<WORKDIR>./coll</WORKDIR>
<STATUS>fail</STATUS>
<TESTDIFF>
INTERNAL ERROR: invalid error code efefefef (Ring Index out of range) in MPIDU_Sched_progress_state:921
INTERNAL ERROR: invalid error code efefefef (Ring Index out of range) in MPIDU_Sched_progress_state:921
nbicbcast: /home/clauss/Work/psmpi/mpich2/src/mpid/psp/src/mpid_progress.c:125: MPID_Progress_wait: Assertion `mpi_errno == 0' failed.
nbicbcast: /home/clauss/Work/psmpi/mpich2/src/mpid/psp/src/mpid_progress.c:125: MPID_Progress_wait: Assertion `mpi_errno == 0' failed.
INTERNAL ERROR: invalid error code efefefef (Ring Index out of range) in MPIDU_Sched_progress_state:921
nbicbcast: /home/clauss/Work/psmpi/mpich2/src/mpid/psp/src/mpid_progress.c:125: MPID_Progress_wait: Assertion `mpi_errno == 0' failed.
INTERNAL ERROR: invalid error code efefefef (Ring Index out of range) in MPIDU_Sched_progress_state:921
nbicbcast: /home/clauss/Work/psmpi/mpich2/src/mpid/psp/src/mpid_progress.c:125: MPID_Progress_wait: Assertion `mpi_errno == 0' failed.
INTERNAL ERROR: invalid error code efefefef (Ring Index out of range) in MPIDU_Sched_progress_state:921
nbicbcast: /home/clauss/Work/psmpi/mpich2/src/mpid/psp/src/mpid_progress.c:125: MPID_Progress_wait: Assertion `mpi_errno == 0' failed.
</TESTDIFF>
</MPITEST>
<MPITEST>
<NAME>nbicallreduce</NAME>
<NP>8</NP>
<WORKDIR>./coll</WORKDIR>
<STATUS>fail</STATUS>
<TESTDIFF>
</TESTDIFF>
</MPITEST>
<MPITEST>
<NAME>nbicreduce</NAME>
<NP>8</NP>
<WORKDIR>./coll</WORKDIR>
<STATUS>fail</STATUS>
<TESTDIFF>
INTERNAL ERROR: invalid error code efefefef (Ring Index out of range) in MPIDU_Sched_progress_state:921
nbicreduce: /home/clauss/Work/psmpi/mpich2/src/mpid/psp/src/mpid_progress.c:125: MPID_Progress_wait: Assertion `mpi_errno == 0' failed.
INTERNAL ERROR: invalid error code efefefef (Ring Index out of range) in MPIDU_Sched_progress_state:921
nbicreduce: /home/clauss/Work/psmpi/mpich2/src/mpid/psp/src/mpid_progress.c:125: MPID_Progress_wait: Assertion `mpi_errno == 0' failed.
INTERNAL ERROR: invalid error code efefefef (Ring Index out of range) in MPIDU_Sched_progress_state:921
nbicreduce: /home/clauss/Work/psmpi/mpich2/src/mpid/psp/src/mpid_progress.c:125: MPID_Progress_wait: Assertion `mpi_errno == 0' failed.
INTERNAL ERROR: invalid error code efefefef (Ring Index out of range) in MPIDU_Sched_progress_state:921
nbicreduce: /home/clauss/Work/psmpi/mpich2/src/mpid/psp/src/mpid_progress.c:125: MPID_Progress_wait: Assertion `mpi_errno == 0' failed.
INTERNAL ERROR: invalid error code efefefef (Ring Index out of range) in MPIDU_Sched_progress_state:921
nbicreduce: /home/clauss/Work/psmpi/mpich2/src/mpid/psp/src/mpid_progress.c:125: MPID_Progress_wait: Assertion `mpi_errno == 0' failed.
INTERNAL ERROR: invalid error code efefefef (Ring Index out of range) in MPIDU_Sched_progress_state:921
nbicreduce: /home/clauss/Work/psmpi/mpich2/src/mpid/psp/src/mpid_progress.c:125: MPID_Progress_wait: Assertion `mpi_errno == 0' failed.
</TESTDIFF>
</MPITEST>
<MPITEST>
<NAME>nbicscatter</NAME>
<NP>8</NP>
<WORKDIR>./coll</WORKDIR>
<STATUS>fail</STATUS>
<TESTDIFF>
INTERNAL ERROR: invalid error code efefefef (Ring Index out of range) in MPIDU_Sched_progress_state:921
INTERNAL ERROR: invalid error code efefefef (Ring Index out of range) in MPIDU_Sched_progress_state:921
nbicscatter: /home/clauss/Work/psmpi/mpich2/src/mpid/psp/src/mpid_progress.c:125: MPID_Progress_wait: Assertion `mpi_errno == 0' failed.
nbicscatter: /home/clauss/Work/psmpi/mpich2/src/mpid/psp/src/mpid_progress.c:125: MPID_Progress_wait: Assertion `mpi_errno == 0' failed.
INTERNAL ERROR: invalid error code efefefef (Ring Index out of range) in MPIDU_Sched_progress_state:921
nbicscatter: /home/clauss/Work/psmpi/mpich2/src/mpid/psp/src/mpid_progress.c:125: MPID_Progress_wait: Assertion `mpi_errno == 0' failed.
INTERNAL ERROR: invalid error code efefefef (Ring Index out of range) in MPIDU_Sched_progress_state:921
nbicscatter: /home/clauss/Work/psmpi/mpich2/src/mpid/psp/src/mpid_progress.c:125: MPID_Progress_wait: Assertion `mpi_errno == 0' failed.
INTERNAL ERROR: invalid error code efefefef (Ring Index out of range) in MPIDU_Sched_progress_state:921
nbicscatter: /home/clauss/Work/psmpi/mpich2/src/mpid/psp/src/mpid_progress.c:125: MPID_Progress_wait: Assertion `mpi_errno == 0' failed.
INTERNAL ERROR: invalid error code efefefef (Ring Index out of range) in MPIDU_Sched_progress_state:921
nbicscatter: /home/clauss/Work/psmpi/mpich2/src/mpid/psp/src/mpid_progress.c:125: MPID_Progress_wait: Assertion `mpi_errno == 0' failed.
INTERNAL ERROR: invalid error code efefefef (Ring Index out of range) in MPIDU_Sched_progress_state:921
nbicscatter: /home/clauss/Work/psmpi/mpich2/src/mpid/psp/src/mpid_progress.c:125: MPID_Progress_wait: Assertion `mpi_errno == 0' failed.
INTERNAL ERROR: invalid error code efefefef (Ring Index out of range) in MPIDU_Sched_progress_state:921
nbicscatter: /home/clauss/Work/psmpi/mpich2/src/mpid/psp/src/mpid_progress.c:125: MPID_Progress_wait: Assertion `mpi_errno == 0' failed.
</TESTDIFF>
</MPITEST>
<MPITEST>
<NAME>nbicgather</NAME>
<NP>8</NP>
<WORKDIR>./coll</WORKDIR>
<STATUS>fail</STATUS>
<TESTDIFF>
INTERNAL ERROR: invalid error code efefefef (Ring Index out of range) in MPIDU_Sched_progress_state:921
nbicgather: /home/clauss/Work/psmpi/mpich2/src/mpid/psp/src/mpid_progress.c:125: MPID_Progress_wait: Assertion `mpi_errno == 0' failed.
INTERNAL ERROR: invalid error code efefefef (Ring Index out of range) in MPIDU_Sched_progress_state:921
nbicgather: /home/clauss/Work/psmpi/mpich2/src/mpid/psp/src/mpid_progress.c:125: MPID_Progress_wait: Assertion `mpi_errno == 0' failed.
INTERNAL ERROR: invalid error code efefefef (Ring Index out of range) in MPIDU_Sched_progress_state:921
nbicgather: /home/clauss/Work/psmpi/mpich2/src/mpid/psp/src/mpid_progress.c:125: MPID_Progress_wait: Assertion `mpi_errno == 0' failed.
INTERNAL ERROR: invalid error code efefefef (Ring Index out of range) in MPIDU_Sched_progress_state:921
nbicgather: /home/clauss/Work/psmpi/mpich2/src/mpid/psp/src/mpid_progress.c:125: MPID_Progress_wait: Assertion `mpi_errno == 0' failed.
INTERNAL ERROR: invalid error code efefefef (Ring Index out of range) in MPIDU_Sched_progress_state:921
nbicgather: /home/clauss/Work/psmpi/mpich2/src/mpid/psp/src/mpid_progress.c:125: MPID_Progress_wait: Assertion `mpi_errno == 0' failed.
INTERNAL ERROR: invalid error code efefefef (Ring Index out of range) in MPIDU_Sched_progress_state:921
nbicgather: /home/clauss/Work/psmpi/mpich2/src/mpid/psp/src/mpid_progress.c:125: MPID_Progress_wait: Assertion `mpi_errno == 0' failed.
INTERNAL ERROR: invalid error code efefefef (Ring Index out of range) in MPIDU_Sched_progress_state:921
nbicgather: /home/clauss/Work/psmpi/mpich2/src/mpid/psp/src/mpid_progress.c:125: MPID_Progress_wait: Assertion `mpi_errno == 0' failed.
</TESTDIFF>
</MPITEST>
<MPITEST>
<NAME>nbicallgather</NAME>
<NP>8</NP>
<WORKDIR>./coll</WORKDIR>
<STATUS>fail</STATUS>
<TESTDIFF>
</TESTDIFF>
</MPITEST>
<MPITEST>
<NAME>nbicbarrier</NAME>
<NP>8</NP>
<WORKDIR>./coll</WORKDIR>
<STATUS>fail</STATUS>
<TESTDIFF>
</TESTDIFF>
</MPITEST>
<MPITEST>
<NAME>nbicallgatherv</NAME>
<NP>8</NP>
<WORKDIR>./coll</WORKDIR>
<STATUS>fail</STATUS>
<TESTDIFF>
</TESTDIFF>
</MPITEST>
<MPITEST>
<NAME>nbicgatherv</NAME>
<NP>8</NP>
<WORKDIR>./coll</WORKDIR>
<STATUS>fail</STATUS>
<TESTDIFF>
INTERNAL ERROR: invalid error code efefefef (Ring Index out of range) in MPIDU_Sched_progress_state:921
nbicgatherv: /home/clauss/Work/psmpi/mpich2/src/mpid/psp/src/mpid_progress.c:125: MPID_Progress_wait: Assertion `mpi_errno == 0' failed.
INTERNAL ERROR: invalid error code efefefef (Ring Index out of range) in MPIDU_Sched_progress_state:921
nbicgatherv: /home/clauss/Work/psmpi/mpich2/src/mpid/psp/src/mpid_progress.c:125: MPID_Progress_wait: Assertion `mpi_errno == 0' failed.
INTERNAL ERROR: invalid error code efefefef (Ring Index out of range) in MPIDU_Sched_progress_state:921
nbicgatherv: /home/clauss/Work/psmpi/mpich2/src/mpid/psp/src/mpid_progress.c:125: MPID_Progress_wait: Assertion `mpi_errno == 0' failed.
INTERNAL ERROR: invalid error code efefefef (Ring Index out of range) in MPIDU_Sched_progress_state:921
nbicgatherv: /home/clauss/Work/psmpi/mpich2/src/mpid/psp/src/mpid_progress.c:125: MPID_Progress_wait: Assertion `mpi_errno == 0' failed.
INTERNAL ERROR: invalid error code efefefef (Ring Index out of range) in MPIDU_Sched_progress_state:921
nbicgatherv: /home/clauss/Work/psmpi/mpich2/src/mpid/psp/src/mpid_progress.c:125: MPID_Progress_wait: Assertion `mpi_errno == 0' failed.
INTERNAL ERROR: invalid error code efefefef (Ring Index out of range) in MPIDU_Sched_progress_state:921
nbicgatherv: /home/clauss/Work/psmpi/mpich2/src/mpid/psp/src/mpid_progress.c:125: MPID_Progress_wait: Assertion `mpi_errno == 0' failed.
INTERNAL ERROR: invalid error code efefefef (Ring Index out of range) in MPIDU_Sched_progress_state:921
nbicgatherv: /home/clauss/Work/psmpi/mpich2/src/mpid/psp/src/mpid_progress.c:125: MPID_Progress_wait: Assertion `mpi_errno == 0' failed.
INTERNAL ERROR: invalid error code efefefef (Ring Index out of range) in MPIDU_Sched_progress_state:921
nbicgatherv: /home/clauss/Work/psmpi/mpich2/src/mpid/psp/src/mpid_progress.c:125: MPID_Progress_wait: Assertion `mpi_errno == 0' failed.
</TESTDIFF>
</MPITEST>
<MPITEST>
<NAME>nbicscatterv</NAME>
<NP>8</NP>
<WORKDIR>./coll</WORKDIR>
<STATUS>fail</STATUS>
<TESTDIFF>
INTERNAL ERROR: invalid error code efefefef (Ring Index out of range) in MPIDU_Sched_progress_state:921
INTERNAL ERROR: invalid error code efefefef (Ring Index out of range) in MPIDU_Sched_progress_state:921
nbicscatterv: /home/clauss/Work/psmpi/mpich2/src/mpid/psp/src/mpid_progress.c:125: MPID_Progress_wait: Assertion `mpi_errno == 0' failed.
INTERNAL ERROR: invalid error code efefefef (Ring Index out of range) in MPIDU_Sched_progress_state:921
nbicscatterv: /home/clauss/Work/psmpi/mpich2/src/mpid/psp/src/mpid_progress.c:125: MPID_Progress_wait: Assertion `mpi_errno == 0' failed.
nbicscatterv: /home/clauss/Work/psmpi/mpich2/src/mpid/psp/src/mpid_progress.c:125: MPID_Progress_wait: Assertion `mpi_errno == 0' failed.
INTERNAL ERROR: invalid error code efefefef (Ring Index out of range) in MPIDU_Sched_progress_state:921
nbicscatterv: /home/clauss/Work/psmpi/mpich2/src/mpid/psp/src/mpid_progress.c:125: MPID_Progress_wait: Assertion `mpi_errno == 0' failed.
INTERNAL ERROR: invalid error code efefefef (Ring Index out of range) in MPIDU_Sched_progress_state:921
nbicscatterv: /home/clauss/Work/psmpi/mpich2/src/mpid/psp/src/mpid_progress.c:125: MPID_Progress_wait: Assertion `mpi_errno == 0' failed.
INTERNAL ERROR: invalid error code efefefef (Ring Index out of range) in MPIDU_Sched_progress_state:921
nbicscatterv: /home/clauss/Work/psmpi/mpich2/src/mpid/psp/src/mpid_progress.c:125: MPID_Progress_wait: Assertion `mpi_errno == 0' failed.
INTERNAL ERROR: invalid error code efefefef (Ring Index out of range) in MPIDU_Sched_progress_state:921
INTERNAL ERROR: invalid error code efefefef (Ring Index out of range) in MPIDU_Sched_progress_state:921
nbicscatterv: /home/clauss/Work/psmpi/mpich2/src/mpid/psp/src/mpid_progress.c:125: MPID_Progress_wait: Assertion `mpi_errno == 0' failed.
nbicscatterv: /home/clauss/Work/psmpi/mpich2/src/mpid/psp/src/mpid_progress.c:125: MPID_Progress_wait: Assertion `mpi_errno == 0' failed.
</TESTDIFF>
</MPITEST>
<MPITEST>
<NAME>nbicalltoall</NAME>
<NP>8</NP>
<WORKDIR>./coll</WORKDIR>
<STATUS>fail</STATUS>
<TESTDIFF>
</TESTDIFF>
</MPITEST>
<MPITEST>
<NAME>nbicalltoallv</NAME>
<NP>8</NP>
<WORKDIR>./coll</WORKDIR>
<STATUS>fail</STATUS>
<TESTDIFF>
INTERNAL ERROR: invalid error code efefefef (Ring Index out of range) in MPIDU_Sched_progress_state:921
nbicalltoallv: /home/clauss/Work/psmpi/mpich2/src/mpid/psp/src/mpid_progress.c:125: MPID_Progress_wait: Assertion `mpi_errno == 0' failed.
INTERNAL ERROR: invalid error code efefefef (Ring Index out of range) in MPIDU_Sched_progress_state:921
nbicalltoallv: /home/clauss/Work/psmpi/mpich2/src/mpid/psp/src/mpid_progress.c:125: MPID_Progress_wait: Assertion `mpi_errno == 0' failed.
</TESTDIFF>
</MPITEST>
<MPITEST>
<NAME>nbicalltoallw</NAME>
<NP>8</NP>
<WORKDIR>./coll</WORKDIR>
<STATUS>fail</STATUS>
<TESTDIFF>
</TESTDIFF>
</MPITEST>
<MPITEST>
<NAME>dup</NAME>
<NP>2</NP>
<WORKDIR>./comm</WORKDIR>
<STATUS>pass</STATUS>
</MPITEST>
<MPITEST>
<NAME>dupic</NAME>
<NP>4</NP>
<WORKDIR>./comm</WORKDIR>
<STATUS>pass</STATUS>
</MPITEST>
<MPITEST>
<NAME>commcreate1</NAME>
<NP>8</NP>
<WORKDIR>./comm</WORKDIR>
<STATUS>pass</STATUS>
</MPITEST>
<MPITEST>
<NAME>commname</NAME>
<NP>4</NP>
<WORKDIR>./comm</WORKDIR>
<STATUS>pass</STATUS>
</MPITEST>
<MPITEST>
<NAME>ic1</NAME>
<NP>4</NP>
<WORKDIR>./comm</WORKDIR>
<STATUS>pass</STATUS>
</MPITEST>
<MPITEST>
<NAME>ic2</NAME>
<NP>33</NP>
<WORKDIR>./comm</WORKDIR>
<STATUS>pass</STATUS>
</MPITEST>
<MPITEST>
<NAME>icgroup</NAME>
<NP>8</NP>
<WORKDIR>./comm</WORKDIR>
<STATUS>pass</STATUS>
</MPITEST>
<MPITEST>
<NAME>icm</NAME>
<NP>8</NP>
<WORKDIR>./comm</WORKDIR>
<STATUS>pass</STATUS>
</MPITEST>
<MPITEST>
<NAME>icsplit</NAME>
<NP>8</NP>
<WORKDIR>./comm</WORKDIR>
<STATUS>pass</STATUS>
</MPITEST>
<MPITEST>
<NAME>iccreate</NAME>
<NP>8</NP>
<WORKDIR>./comm</WORKDIR>
<STATUS>pass</STATUS>
</MPITEST>
<MPITEST>
<NAME>ctxalloc</NAME>
<NP>2</NP>
<WORKDIR>./comm</WORKDIR>
<STATUS>pass</STATUS>
</MPITEST>
<MPITEST>
<NAME>ctxsplit</NAME>
<NP>4</NP>
<WORKDIR>./comm</WORKDIR>
<STATUS>pass</STATUS>
</MPITEST>
<MPITEST>
<NAME>cmfree</NAME>
<NP>4</NP>
<WORKDIR>./comm</WORKDIR>
<STATUS>pass</STATUS>
</MPITEST>
<MPITEST>
<NAME>cmsplit</NAME>
<NP>4</NP>
<WORKDIR>./comm</WORKDIR>
<STATUS>pass</STATUS>
</MPITEST>
<MPITEST>
<NAME>cmsplit2</NAME>
<NP>12</NP>
<WORKDIR>./comm</WORKDIR>
<STATUS>pass</STATUS>
</MPITEST>
<MPITEST>
<NAME>probe-intercomm</NAME>
<NP>2</NP>
<WORKDIR>./comm</WORKDIR>
<STATUS>pass</STATUS>
</MPITEST>
<MPITEST>
<NAME>cmsplit_type</NAME>
<NP>4</NP>
<WORKDIR>./comm</WORKDIR>
<STATUS>pass</STATUS>
</MPITEST>
<MPITEST>
<NAME>comm_create_group</NAME>
<NP>4</NP>
<WORKDIR>./comm</WORKDIR>
<STATUS>pass</STATUS>
</MPITEST>
<MPITEST>
<NAME>comm_create_group</NAME>
<NP>8</NP>
<WORKDIR>./comm</WORKDIR>
<STATUS>pass</STATUS>
</MPITEST>
<MPITEST>
<NAME>comm_group_half</NAME>
<NP>2</NP>
<WORKDIR>./comm</WORKDIR>
<STATUS>pass</STATUS>
</MPITEST>
<MPITEST>
<NAME>comm_group_half</NAME>
<NP>4</NP>
<WORKDIR>./comm</WORKDIR>
<STATUS>pass</STATUS>
</MPITEST>
<MPITEST>
<NAME>comm_group_half</NAME>
<NP>8</NP>
<WORKDIR>./comm</WORKDIR>
<STATUS>pass</STATUS>
</MPITEST>
<MPITEST>
<NAME>comm_group_rand</NAME>
<NP>2</NP>
<WORKDIR>./comm</WORKDIR>
<STATUS>pass</STATUS>
</MPITEST>
<MPITEST>
<NAME>comm_group_rand</NAME>
<NP>4</NP>
<WORKDIR>./comm</WORKDIR>
<STATUS>pass</STATUS>
</MPITEST>
<MPITEST>
<NAME>comm_group_rand</NAME>
<NP>8</NP>
<WORKDIR>./comm</WORKDIR>
<STATUS>pass</STATUS>
</MPITEST>
<MPITEST>
<NAME>comm_idup</NAME>
<NP>2</NP>
<WORKDIR>./comm</WORKDIR>
<STATUS>fail</STATUS>
<TESTDIFF>
</TESTDIFF>
</MPITEST>
<MPITEST>
<NAME>comm_idup</NAME>
<NP>4</NP>
<WORKDIR>./comm</WORKDIR>
<STATUS>fail</STATUS>
<TESTDIFF>
</TESTDIFF>
</MPITEST>
<MPITEST>
<NAME>comm_idup</NAME>
<NP>9</NP>
<WORKDIR>./comm</WORKDIR>
<STATUS>fail</STATUS>
<TESTDIFF>
</TESTDIFF>
</MPITEST>
<MPITEST>
<NAME>comm_idup_mul</NAME>
<NP>2</NP>
<WORKDIR>./comm</WORKDIR>
<STATUS>fail</STATUS>
<TESTDIFF>
</TESTDIFF>
</MPITEST>
<MPITEST>
<NAME>comm_idup_overlap</NAME>
<NP>2</NP>
<WORKDIR>./comm</WORKDIR>
<STATUS>fail</STATUS>
<TESTDIFF>
</TESTDIFF>
</MPITEST>
<MPITEST>
<NAME>comm_idup_iallreduce</NAME>
<NP>6</NP>
<WORKDIR>./comm</WORKDIR>
<STATUS>fail</STATUS>
<TESTDIFF>
</TESTDIFF>
</MPITEST>
<MPITEST>
<NAME>comm_idup_nb</NAME>
<NP>6</NP>
<WORKDIR>./comm</WORKDIR>
<STATUS>fail</STATUS>
<TESTDIFF>
</TESTDIFF>
</MPITEST>
<MPITEST>
<NAME>comm_idup_isend</NAME>
<NP>6</NP>
<WORKDIR>./comm</WORKDIR>
<STATUS>fail</STATUS>
<TESTDIFF>
</TESTDIFF>
</MPITEST>
<MPITEST>
<NAME>comm_idup_comm</NAME>
<NP>6</NP>
<WORKDIR>./comm</WORKDIR>
<STATUS>fail</STATUS>
<TESTDIFF>
</TESTDIFF>
</MPITEST>
<MPITEST>
<NAME>comm_idup_comm2</NAME>
<NP>6</NP>
<WORKDIR>./comm</WORKDIR>
<STATUS>fail</STATUS>
<TESTDIFF>
</TESTDIFF>
</MPITEST>
<MPITEST>
<NAME>dup_with_info</NAME>
<NP>2</NP>
<WORKDIR>./comm</WORKDIR>
<STATUS>pass</STATUS>
</MPITEST>
<MPITEST>
<NAME>dup_with_info</NAME>
<NP>4</NP>
<WORKDIR>./comm</WORKDIR>
<STATUS>pass</STATUS>
</MPITEST>
<MPITEST>
<NAME>dup_with_info</NAME>
<NP>9</NP>
<WORKDIR>./comm</WORKDIR>
<STATUS>pass</STATUS>
</MPITEST>
<MPITEST>
<NAME>comm_info</NAME>
<NP>6</NP>
<WORKDIR>./comm</WORKDIR>
<STATUS>pass</STATUS>
</MPITEST>
<MPITEST>
<NAME>comm_create_group_idup</NAME>
<NP>4</NP>
<WORKDIR>./comm</WORKDIR>
<STATUS>fail</STATUS>
<TESTDIFF>
</TESTDIFF>
</MPITEST>
<MPITEST>
<NAME>contents</NAME>
<NP>1</NP>
<WORKDIR>./datatype</WORKDIR>
<STATUS>pass</STATUS>
</MPITEST>
<MPITEST>
<NAME>gaddress</NAME>
<NP>1</NP>
<WORKDIR>./datatype</WORKDIR>
<STATUS>pass</STATUS>
</MPITEST>
<MPITEST>
<NAME>lbub</NAME>
<NP>1</NP>
<WORKDIR>./datatype</WORKDIR>
<STATUS>pass</STATUS>
</MPITEST>
<MPITEST>
<NAME>localpack</NAME>
<NP>1</NP>
<WORKDIR>./datatype</WORKDIR>
<STATUS>pass</STATUS>
</MPITEST>
<MPITEST>
<NAME>simple-pack</NAME>
<NP>1</NP>
<WORKDIR>./datatype</WORKDIR>
<STATUS>pass</STATUS>
</MPITEST>
<MPITEST>
<NAME>simple-pack-external</NAME>
<NP>1</NP>
<WORKDIR>./datatype</WORKDIR>
<STATUS>pass</STATUS>
</MPITEST>
<MPITEST>
<NAME>transpose-pack</NAME>
<NP>1</NP>
<WORKDIR>./datatype</WORKDIR>
<STATUS>pass</STATUS>
</MPITEST>
<MPITEST>
<NAME>slice-pack</NAME>
<NP>1</NP>
<WORKDIR>./datatype</WORKDIR>
<STATUS>pass</STATUS>
</MPITEST>
<MPITEST>
<NAME>struct-pack</NAME>
<NP>1</NP>
<WORKDIR>./datatype</WORKDIR>
<STATUS>pass</STATUS>
</MPITEST>
<MPITEST>
<NAME>structpack2</NAME>
<NP>1</NP>
<WORKDIR>./datatype</WORKDIR>
<STATUS>pass</STATUS>
</MPITEST>
<MPITEST>
<NAME>typecommit</NAME>
<NP>1</NP>
<WORKDIR>./datatype</WORKDIR>
<STATUS>pass</STATUS>
</MPITEST>
<MPITEST>
<NAME>typename</NAME>
<NP>1</NP>
<WORKDIR>./datatype</WORKDIR>
<STATUS>pass</STATUS>
</MPITEST>
<MPITEST>
<NAME>typefree</NAME>
<NP>1</NP>
<WORKDIR>./datatype</WORKDIR>
<STATUS>pass</STATUS>
</MPITEST>
<MPITEST>
<NAME>zeroparms</NAME>
<NP>1</NP>
<WORKDIR>./datatype</WORKDIR>
<STATUS>pass</STATUS>
</MPITEST>
<MPITEST>
<NAME>getpartelm</NAME>
<NP>2</NP>
<WORKDIR>./datatype</WORKDIR>
<STATUS>pass</STATUS>
</MPITEST>
<MPITEST>
<NAME>tresized</NAME>
<NP>2</NP>
<WORKDIR>./datatype</WORKDIR>
<STATUS>pass</STATUS>
</MPITEST>
<MPITEST>
<NAME>tresized2</NAME>
<NP>2</NP>
<WORKDIR>./datatype</WORKDIR>
<STATUS>pass</STATUS>
</MPITEST>
<MPITEST>
<NAME>sendrecvt2</NAME>
<NP>2</NP>
<WORKDIR>./datatype</WORKDIR>
<STATUS>pass</STATUS>
</MPITEST>
<MPITEST>
<NAME>sendrecvt4</NAME>
<NP>2</NP>
<WORKDIR>./datatype</WORKDIR>
<STATUS>pass</STATUS>
</MPITEST>
<MPITEST>
<NAME>tmatchsize</NAME>
<NP>1</NP>
<WORKDIR>./datatype</WORKDIR>
<STATUS>pass</STATUS>
</MPITEST>
<MPITEST>
<NAME>tfree</NAME>
<NP>2</NP>
<WORKDIR>./datatype</WORKDIR>
<STATUS>pass</STATUS>
</MPITEST>
<MPITEST>
<NAME>typelb</NAME>
<NP>1</NP>
<WORKDIR>./datatype</WORKDIR>
<STATUS>pass</STATUS>
</MPITEST>
<MPITEST>
<NAME>contigstruct</NAME>
<NP>1</NP>
<WORKDIR>./datatype</WORKDIR>
<STATUS>pass</STATUS>
</MPITEST>
<MPITEST>
<NAME>struct-zero-count</NAME>
<NP>1</NP>
<WORKDIR>./datatype</WORKDIR>
<STATUS>pass</STATUS>
</MPITEST>
<MPITEST>
<NAME>blockindexed-zero-count</NAME>
<NP>1</NP>
<WORKDIR>./datatype</WORKDIR>
<STATUS>pass</STATUS>
</MPITEST>
<MPITEST>
<NAME>blockindexed-misc</NAME>
<NP>1</NP>
<WORKDIR>./datatype</WORKDIR>
<STATUS>pass</STATUS>
</MPITEST>
<MPITEST>
<NAME>indexed-misc</NAME>
<NP>1</NP>
<WORKDIR>./datatype</WORKDIR>
<STATUS>pass</STATUS>
</MPITEST>
<MPITEST>
<NAME>subarray-pack</NAME>
<NP>1</NP>
<WORKDIR>./datatype</WORKDIR>
<STATUS>pass</STATUS>
</MPITEST>
<MPITEST>
<NAME>subarray</NAME>
<NP>2</NP>
<WORKDIR>./datatype</WORKDIR>
<STATUS>pass</STATUS>
</MPITEST>
<MPITEST>
<NAME>darray-pack</NAME>
<NP>1</NP>
<WORKDIR>./datatype</WORKDIR>
<STATUS>pass</STATUS>
</MPITEST>
<MPITEST>
<NAME>darray-pack</NAME>
<NP>9</NP>
<WORKDIR>./datatype</WORKDIR>
<STATUS>pass</STATUS>
</MPITEST>
<MPITEST>
<NAME>darray-pack</NAME>
<NP>72</NP>
<WORKDIR>./datatype</WORKDIR>
<STATUS>fail</STATUS>
<TESTDIFF>
</TESTDIFF>
</MPITEST>
<MPITEST>
<NAME>darray-cyclic</NAME>
<NP>12</NP>
<WORKDIR>./datatype</WORKDIR>
<STATUS>pass</STATUS>
</MPITEST>
<MPITEST>
<NAME>pairtype-size-extent</NAME>
<NP>1</NP>
<WORKDIR>./datatype</WORKDIR>
<STATUS>pass</STATUS>
</MPITEST>
<MPITEST>
<NAME>simple-commit</NAME>
<NP>1</NP>
<WORKDIR>./datatype</WORKDIR>
<STATUS>pass</STATUS>
</MPITEST>
<MPITEST>
<NAME>simple-size-extent</NAME>
<NP>1</NP>
<WORKDIR>./datatype</WORKDIR>
<STATUS>pass</STATUS>
</MPITEST>
<MPITEST>
<NAME>struct-no-real-types</NAME>
<NP>1</NP>
<WORKDIR>./datatype</WORKDIR>
<STATUS>pass</STATUS>
</MPITEST>
<MPITEST>
<NAME>struct-empty-el</NAME>
<NP>1</NP>
<WORKDIR>./datatype</WORKDIR>
<STATUS>pass</STATUS>
</MPITEST>
<MPITEST>
<NAME>contig-zero-count</NAME>
<NP>1</NP>
<WORKDIR>./datatype</WORKDIR>
<STATUS>pass</STATUS>
</MPITEST>
<MPITEST>
<NAME>simple-resized</NAME>
<NP>1</NP>
<WORKDIR>./datatype</WORKDIR>
<STATUS>pass</STATUS>
</MPITEST>
<MPITEST>
<NAME>unusual-noncontigs</NAME>
<NP>1</NP>
<WORKDIR>./datatype</WORKDIR>
<STATUS>pass</STATUS>
</MPITEST>
<MPITEST>
<NAME>hindexed-zeros</NAME>
<NP>1</NP>
<WORKDIR>./datatype</WORKDIR>
<STATUS>pass</STATUS>
</MPITEST>
<MPITEST>
<NAME>lots-of-types</NAME>
<NP>1</NP>
<WORKDIR>./datatype</WORKDIR>
<STATUS>pass</STATUS>
</MPITEST>
<MPITEST>
<NAME>get-elements-pairtype</NAME>
<NP>1</NP>
<WORKDIR>./datatype</WORKDIR>
<STATUS>pass</STATUS>
</MPITEST>
<MPITEST>
<NAME>unpack</NAME>
<NP>1</NP>
<WORKDIR>./datatype</WORKDIR>
<STATUS>pass</STATUS>
</MPITEST>
<MPITEST>
<NAME>struct-ezhov</NAME>
<NP>1</NP>
<WORKDIR>./datatype</WORKDIR>
<STATUS>pass</STATUS>
</MPITEST>
<MPITEST>
<NAME>zeroblks</NAME>
<NP>1</NP>
<WORKDIR>./datatype</WORKDIR>
<STATUS>pass</STATUS>
</MPITEST>
<MPITEST>
<NAME>struct-derived-zeros</NAME>
<NP>1</NP>
<WORKDIR>./datatype</WORKDIR>
<STATUS>pass</STATUS>
</MPITEST>
<MPITEST>
<NAME>struct-verydeep</NAME>
<NP>1</NP>
<WORKDIR>./datatype</WORKDIR>
<STATUS>pass</STATUS>
</MPITEST>
<MPITEST>
<NAME>get-elements</NAME>
<NP>1</NP>
<WORKDIR>./datatype</WORKDIR>
<STATUS>pass</STATUS>
</MPITEST>
<MPITEST>
<NAME>hindexed_block</NAME>
<NP>1</NP>
<WORKDIR>./datatype</WORKDIR>
<STATUS>pass</STATUS>
</MPITEST>
<MPITEST>
<NAME>hindexed_block_contents</NAME>
<NP>1</NP>
<WORKDIR>./datatype</WORKDIR>
<STATUS>pass</STATUS>
</MPITEST>
<MPITEST>
<NAME>vecblklen</NAME>
<NP>1</NP>
<WORKDIR>./datatype</WORKDIR>
<STATUS>pass</STATUS>
</MPITEST>
<MPITEST>
<NAME>hvecblklen</NAME>
<NP>1</NP>
<WORKDIR>./datatype</WORKDIR>
<STATUS>pass</STATUS>
</MPITEST>
<MPITEST>
<NAME>longdouble</NAME>
<NP>1</NP>
<WORKDIR>./datatype</WORKDIR>
<STATUS>pass</STATUS>
</MPITEST>
<MPITEST>
<NAME>dataalign</NAME>
<NP>2</NP>
<WORKDIR>./datatype</WORKDIR>
<STATUS>pass</STATUS>
</MPITEST>
<MPITEST>
<NAME>cxx-types</NAME>
<NP>1</NP>
<WORKDIR>./datatype</WORKDIR>
<STATUS>pass</STATUS>
</MPITEST>
<MPITEST>
<NAME>adderr</NAME>
<NP>1</NP>
<WORKDIR>./errhan</WORKDIR>
<STATUS>pass</STATUS>
</MPITEST>
<MPITEST>
<NAME>commcall</NAME>
<NP>2</NP>
<WORKDIR>./errhan</WORKDIR>
<STATUS>pass</STATUS>
</MPITEST>
<MPITEST>
<NAME>errfatal</NAME>
<NP>1</NP>
<WORKDIR>./errhan</WORKDIR>
<STATUS>pass</STATUS>
</MPITEST>
<MPITEST>
<NAME>predef_eh</NAME>
<NP>1</NP>
<WORKDIR>./errhan</WORKDIR>
<STATUS>pass</STATUS>
</MPITEST>
<MPITEST>
<NAME>predef_eh</NAME>
<NP>2</NP>
<WORKDIR>./errhan</WORKDIR>
<STATUS>pass</STATUS>
</MPITEST>
<MPITEST>
<NAME>errstring2</NAME>
<NP>1</NP>
<WORKDIR>./errhan</WORKDIR>
<STATUS>pass</STATUS>
</MPITEST>
<MPITEST>
<NAME>dynamic_errcode_predefined_errclass</NAME>
<NP>1</NP>
<WORKDIR>./errhan</WORKDIR>
<STATUS>pass</STATUS>
</MPITEST>
<MPITEST>
<NAME>groupcreate</NAME>
<NP>4</NP>
<WORKDIR>./group</WORKDIR>
<STATUS>pass</STATUS>
</MPITEST>
<MPITEST>
<NAME>grouptest</NAME>
<NP>8</NP>
<WORKDIR>./group</WORKDIR>
<STATUS>pass</STATUS>
</MPITEST>
<MPITEST>
<NAME>grouptest2</NAME>
<NP>4</NP>
<WORKDIR>./group</WORKDIR>
<STATUS>pass</STATUS>
</MPITEST>
<MPITEST>
<NAME>groupnullincl</NAME>
<NP>4</NP>
<WORKDIR>./group</WORKDIR>
<STATUS>pass</STATUS>
</MPITEST>
<MPITEST>
<NAME>gtranks</NAME>
<NP>8</NP>
<WORKDIR>./group</WORKDIR>
<STATUS>pass</STATUS>
</MPITEST>
<MPITEST>
<NAME>gtranksperf</NAME>
<NP>20</NP>
<WORKDIR>./group</WORKDIR>
<STATUS>pass</STATUS>
</MPITEST>
<MPITEST>
<NAME>infodup</NAME>
<NP>1</NP>
<WORKDIR>./info</WORKDIR>
<STATUS>pass</STATUS>
</MPITEST>
<MPITEST>
<NAME>infodel</NAME>
<NP>1</NP>
<WORKDIR>./info</WORKDIR>
<STATUS>pass</STATUS>
</MPITEST>
<MPITEST>
<NAME>infovallen</NAME>
<NP>1</NP>
<WORKDIR>./info</WORKDIR>
<STATUS>pass</STATUS>
</MPITEST>
<MPITEST>
<NAME>infoorder</NAME>
<NP>1</NP>
<WORKDIR>./info</WORKDIR>
<STATUS>pass</STATUS>
</MPITEST>
<MPITEST>
<NAME>infomany</NAME>
<NP>1</NP>
<WORKDIR>./info</WORKDIR>
<STATUS>pass</STATUS>
</MPITEST>
<MPITEST>
<NAME>infomany2</NAME>
<NP>1</NP>
<WORKDIR>./info</WORKDIR>
<STATUS>pass</STATUS>
</MPITEST>
<MPITEST>
<NAME>infotest</NAME>
<NP>1</NP>
<WORKDIR>./info</WORKDIR>
<STATUS>pass</STATUS>
</MPITEST>
<MPITEST>
<NAME>infoget</NAME>
<NP>1</NP>
<WORKDIR>./info</WORKDIR>
<STATUS>pass</STATUS>
</MPITEST>
<MPITEST>
<NAME>infoenv</NAME>
<NP>1</NP>
<WORKDIR>./info</WORKDIR>
<STATUS>pass</STATUS>
</MPITEST>
<MPITEST>
<NAME>exitst1</NAME>
<NP>2</NP>
<WORKDIR>./init</WORKDIR>
<STATUS>pass</STATUS>
</MPITEST>
<MPITEST>
<NAME>exitst2</NAME>
<NP>4</NP>
<WORKDIR>./init</WORKDIR>
<STATUS>pass</STATUS>
</MPITEST>
<MPITEST>
<NAME>initstat</NAME>
<NP>1</NP>
<WORKDIR>./init</WORKDIR>
<STATUS>pass</STATUS>
</MPITEST>
<MPITEST>
<NAME>timeout</NAME>
<NP>2</NP>
<WORKDIR>./init</WORKDIR>
<STATUS>pass</STATUS>
</MPITEST>
<MPITEST>
<NAME>version</NAME>
<NP>1</NP>
<WORKDIR>./init</WORKDIR>
<STATUS>pass</STATUS>
</MPITEST>
<MPITEST>
<NAME>finalized</NAME>
<NP>1</NP>
<WORKDIR>./init</WORKDIR>
<STATUS>pass</STATUS>
</MPITEST>
<MPITEST>
<NAME>attrself</NAME>
<NP>1</NP>
<WORKDIR>./init</WORKDIR>
<STATUS>pass</STATUS>
</MPITEST>
<MPITEST>
<NAME>library_version</NAME>
<NP>1</NP>
<WORKDIR>./init</WORKDIR>
<STATUS>pass</STATUS>
</MPITEST>
<MPITEST>
<NAME>mpi_t_str</NAME>
<NP>1</NP>
<WORKDIR>./mpi_t</WORKDIR>
<STATUS>pass</STATUS>
</MPITEST>
<MPITEST>
<NAME>mpit_vars</NAME>
<NP>1</NP>
<WORKDIR>./mpi_t</WORKDIR>
<STATUS>pass</STATUS>
</MPITEST>
<MPITEST>
<NAME>cvarwrite</NAME>
<NP>1</NP>
<WORKDIR>./mpi_t</WORKDIR>
<STATUS>pass</STATUS>
</MPITEST>
<MPITEST>
<NAME>getindex</NAME>
<NP>1</NP>
<WORKDIR>./mpi_t</WORKDIR>
<STATUS>pass</STATUS>
</MPITEST>
<MPITEST>
<NAME>sendrecv1</NAME>
<NP>4</NP>
<WORKDIR>./pt2pt</WORKDIR>
<STATUS>pass</STATUS>
</MPITEST>
<MPITEST>
<NAME>sendrecv2</NAME>
<NP>2</NP>
<WORKDIR>./pt2pt</WORKDIR>
<STATUS>pass</STATUS>
</MPITEST>
<MPITEST>
<NAME>sendrecv3</NAME>
<NP>2</NP>
<WORKDIR>./pt2pt</WORKDIR>
<STATUS>pass</STATUS>
</MPITEST>
<MPITEST>
<NAME>sendflood</NAME>
<NP>8</NP>
<WORKDIR>./pt2pt</WORKDIR>
<STATUS>pass</STATUS>
</MPITEST>
<MPITEST>
<NAME>sendself</NAME>
<NP>1</NP>
<WORKDIR>./pt2pt</WORKDIR>
<STATUS>pass</STATUS>
</MPITEST>
<MPITEST>
<NAME>sendall</NAME>
<NP>4</NP>
<WORKDIR>./pt2pt</WORKDIR>
<STATUS>pass</STATUS>
</MPITEST>
<MPITEST>
<NAME>anyall</NAME>
<NP>2</NP>
<WORKDIR>./pt2pt</WORKDIR>
<STATUS>pass</STATUS>
</MPITEST>
<MPITEST>
<NAME>eagerdt</NAME>
<NP>2</NP>
<WORKDIR>./pt2pt</WORKDIR>
<STATUS>pass</STATUS>
</MPITEST>
<MPITEST>
<NAME>pingping</NAME>
<NP>2</NP>
<WORKDIR>./pt2pt</WORKDIR>
<STATUS>pass</STATUS>
</MPITEST>
<MPITEST>
<NAME>bottom</NAME>
<NP>2</NP>
<WORKDIR>./pt2pt</WORKDIR>
<STATUS>pass</STATUS>
</MPITEST>
<MPITEST>
<NAME>bsend1</NAME>
<NP>1</NP>
<WORKDIR>./pt2pt</WORKDIR>
<STATUS>pass</STATUS>
</MPITEST>
<MPITEST>
<NAME>bsend2</NAME>
<NP>1</NP>
<WORKDIR>./pt2pt</WORKDIR>
<STATUS>pass</STATUS>
</MPITEST>
<MPITEST>
<NAME>bsend3</NAME>
<NP>1</NP>
<WORKDIR>./pt2pt</WORKDIR>
<STATUS>fail</STATUS>
<TESTDIFF>
Deadlock detected! Process 2939 will wait forever.
('wait' called without outstanding send or recv requests).
Requests:
Sockets:
  sock#0x1d82d40 listen:    -1 demand:   0(   0)  src:(134.94.169.164,2939,(nil),r0000000) anyrecv:     0
  Connections:
    con#0x1d85708 type:  loop state:    open dest:(134.94.169.164,2939,0x1d85708,r0000000) recvcnt:    0
Fds:

Reqs:6 GenReqs: (cnt:1  used:0)
</TESTDIFF>
</MPITEST>
<MPITEST>
<NAME>bsend4</NAME>
<NP>1</NP>
<WORKDIR>./pt2pt</WORKDIR>
<STATUS>fail</STATUS>
<TESTDIFF>
Deadlock detected! Process 2988 will wait forever.
('wait' called without outstanding send or recv requests).
Requests:
Sockets:
  sock#0x9fed40 listen:    -1 demand:   0(   0)  src:(134.94.169.164,2988,(nil),r0000000) anyrecv:     0
  Connections:
    con#0xa01708 type:  loop state:    open dest:(134.94.169.164,2988,0xa01708,r0000000) recvcnt:    0
Fds:

Reqs:5 GenReqs: (cnt:1  used:0)
</TESTDIFF>
</MPITEST>
<MPITEST>
<NAME>bsend5</NAME>
<NP>4</NP>
<WORKDIR>./pt2pt</WORKDIR>
<STATUS>pass</STATUS>
</MPITEST>
<MPITEST>
<NAME>bsendalign</NAME>
<NP>2</NP>
<WORKDIR>./pt2pt</WORKDIR>
<STATUS>pass</STATUS>
</MPITEST>
<MPITEST>
<NAME>bsendpending</NAME>
<NP>2</NP>
<WORKDIR>./pt2pt</WORKDIR>
<STATUS>pass</STATUS>
</MPITEST>
<MPITEST>
<NAME>isendself</NAME>
<NP>1</NP>
<WORKDIR>./pt2pt</WORKDIR>
<STATUS>pass</STATUS>
</MPITEST>
<MPITEST>
<NAME>issendselfcancel</NAME>
<NP>1</NP>
<WORKDIR>./pt2pt</WORKDIR>
<STATUS>pass</STATUS>
</MPITEST>
<MPITEST>
<NAME>isendirecv</NAME>
<NP>10</NP>
<WORKDIR>./pt2pt</WORKDIR>
<STATUS>pass</STATUS>
</MPITEST>
<MPITEST>
<NAME>bsendfrag</NAME>
<NP>2</NP>
<WORKDIR>./pt2pt</WORKDIR>
<STATUS>pass</STATUS>
</MPITEST>
<MPITEST>
<NAME>icsend</NAME>
<NP>4</NP>
<WORKDIR>./pt2pt</WORKDIR>
<STATUS>pass</STATUS>
</MPITEST>
<MPITEST>
<NAME>rqstatus</NAME>
<NP>2</NP>
<WORKDIR>./pt2pt</WORKDIR>
<STATUS>pass</STATUS>
</MPITEST>
<MPITEST>
<NAME>rqfreeb</NAME>
<NP>4</NP>
<WORKDIR>./pt2pt</WORKDIR>
<STATUS>fail</STATUS>
<TESTDIFF>
 No Errors
In direct memory block for handle type REQUEST, 1 handles are still allocated
[0] 56 at [0x0000000000a7ab18], ss/Work/psmpi/mpich2/src/mpi/pt2pt/greq_start.c[96]
</TESTDIFF>
</MPITEST>
<MPITEST>
<NAME>greq1</NAME>
<NP>1</NP>
<WORKDIR>./pt2pt</WORKDIR>
<STATUS>fail</STATUS>
<TESTDIFF>
Deadlock detected! Process 3615 will wait forever.
('wait' called without outstanding send or recv requests).
Requests:
Sockets:
  sock#0x23ddd40 listen:    -1 demand:   0(   0)  src:(134.94.169.164,3615,(nil),r0000000) anyrecv:     0
  Connections:
    con#0x23e0708 type:  loop state:    open dest:(134.94.169.164,3615,0x23e0708,r0000000) recvcnt:    0
Fds:

Reqs:3 GenReqs: (cnt:0  used:0)
</TESTDIFF>
</MPITEST>
<MPITEST>
<NAME>probe-unexp</NAME>
<NP>4</NP>
<WORKDIR>./pt2pt</WORKDIR>
<STATUS>pass</STATUS>
</MPITEST>
<MPITEST>
<NAME>probenull</NAME>
<NP>1</NP>
<WORKDIR>./pt2pt</WORKDIR>
<STATUS>pass</STATUS>
</MPITEST>
<MPITEST>
<NAME>scancel2</NAME>
<NP>2</NP>
<WORKDIR>./pt2pt</WORKDIR>
<STATUS>pass</STATUS>
</MPITEST>
<MPITEST>
<NAME>rcancel</NAME>
<NP>2</NP>
<WORKDIR>./pt2pt</WORKDIR>
<STATUS>pass</STATUS>
</MPITEST>
<MPITEST>
<NAME>cancelanysrc</NAME>
<NP>2</NP>
<WORKDIR>./pt2pt</WORKDIR>
<STATUS>pass</STATUS>
</MPITEST>
<MPITEST>
<NAME>isendselfprobe</NAME>
<NP>1</NP>
<WORKDIR>./pt2pt</WORKDIR>
<STATUS>pass</STATUS>
</MPITEST>
<MPITEST>
<NAME>inactivereq</NAME>
<NP>1</NP>
<WORKDIR>./pt2pt</WORKDIR>
<STATUS>pass</STATUS>
</MPITEST>
<MPITEST>
<NAME>waittestnull</NAME>
<NP>1</NP>
<WORKDIR>./pt2pt</WORKDIR>
<STATUS>pass</STATUS>
</MPITEST>
<MPITEST>
<NAME>waitany-null</NAME>
<NP>1</NP>
<WORKDIR>./pt2pt</WORKDIR>
<STATUS>pass</STATUS>
</MPITEST>
<MPITEST>
<NAME>mprobe</NAME>
<NP>2</NP>
<WORKDIR>./pt2pt</WORKDIR>
<STATUS>pass</STATUS>
</MPITEST>
<MPITEST>
<NAME>big_count_status</NAME>
<NP>1</NP>
<WORKDIR>./pt2pt</WORKDIR>
<STATUS>pass</STATUS>
</MPITEST>
<MPITEST>
<NAME>winname</NAME>
<NP>2</NP>
<WORKDIR>./rma</WORKDIR>
<STATUS>pass</STATUS>
</MPITEST>
<MPITEST>
<NAME>allocmem</NAME>
<NP>2</NP>
<WORKDIR>./rma</WORKDIR>
<STATUS>pass</STATUS>
</MPITEST>
<MPITEST>
<NAME>putfence1</NAME>
<NP>2</NP>
<WORKDIR>./rma</WORKDIR>
<STATUS>pass</STATUS>
</MPITEST>
<MPITEST>
<NAME>putfidx</NAME>
<NP>4</NP>
<WORKDIR>./rma</WORKDIR>
<STATUS>pass</STATUS>
</MPITEST>
<MPITEST>
<NAME>getfence1</NAME>
<NP>2</NP>
<WORKDIR>./rma</WORKDIR>
<STATUS>fail</STATUS>
<TESTDIFF>
Deadlock detected! Process 4713 will wait forever.
('wait' called without outstanding send or recv requests).
Requests:
Sockets:
  sock#0x885d40 listen:    -1 demand:   0(   0)  src:(134.94.169.164,4713,(nil),r0000000) anyrecv:     1
  Connections:
    con#0x8887e8 type:  loop state:    open dest:(134.94.169.164,4713,0x8887e8,r0000000) recvcnt:    1
    con#0x888b88 type:   shm state:    norw dest:(134.94.169.164,4714,0x25e39a8,r0000001) recvcnt:    2
Fds:

Reqs:11160 GenReqs: (cnt:724  used:724)
ReqsAnySrc:4173 RecvQAnySrc:43085
</TESTDIFF>
</MPITEST>
<MPITEST>
<NAME>accfence1</NAME>
<NP>4</NP>
<WORKDIR>./rma</WORKDIR>
<STATUS>pass</STATUS>
</MPITEST>
<MPITEST>
<NAME>adlb_mimic1</NAME>
<NP>3</NP>
<WORKDIR>./rma</WORKDIR>
<STATUS>pass</STATUS>
</MPITEST>
<MPITEST>
<NAME>accfence2</NAME>
<NP>4</NP>
<WORKDIR>./rma</WORKDIR>
<STATUS>pass</STATUS>
</MPITEST>
<MPITEST>
<NAME>putpscw1</NAME>
<NP>4</NP>
<WORKDIR>./rma</WORKDIR>
<STATUS>pass</STATUS>
</MPITEST>
<MPITEST>
<NAME>accpscw1</NAME>
<NP>4</NP>
<WORKDIR>./rma</WORKDIR>
<STATUS>pass</STATUS>
</MPITEST>
<MPITEST>
<NAME>getgroup</NAME>
<NP>4</NP>
<WORKDIR>./rma</WORKDIR>
<STATUS>pass</STATUS>
</MPITEST>
<MPITEST>
<NAME>transpose1</NAME>
<NP>2</NP>
<WORKDIR>./rma</WORKDIR>
<STATUS>pass</STATUS>
</MPITEST>
<MPITEST>
<NAME>transpose2</NAME>
<NP>2</NP>
<WORKDIR>./rma</WORKDIR>
<STATUS>pass</STATUS>
</MPITEST>
<MPITEST>
<NAME>transpose3</NAME>
<NP>2</NP>
<WORKDIR>./rma</WORKDIR>
<STATUS>pass</STATUS>
</MPITEST>
<MPITEST>
<NAME>transpose3_shm</NAME>
<NP>2</NP>
<WORKDIR>./rma</WORKDIR>
<STATUS>pass</STATUS>
</MPITEST>
<MPITEST>
<NAME>transpose5</NAME>
<NP>2</NP>
<WORKDIR>./rma</WORKDIR>
<STATUS>pass</STATUS>
</MPITEST>
<MPITEST>
<NAME>transpose6</NAME>
<NP>1</NP>
<WORKDIR>./rma</WORKDIR>
<STATUS>pass</STATUS>
</MPITEST>
<MPITEST>
<NAME>transpose7</NAME>
<NP>2</NP>
<WORKDIR>./rma</WORKDIR>
<STATUS>pass</STATUS>
</MPITEST>
<MPITEST>
<NAME>test1</NAME>
<NP>2</NP>
<WORKDIR>./rma</WORKDIR>
<STATUS>pass</STATUS>
</MPITEST>
<MPITEST>
<NAME>test2</NAME>
<NP>2</NP>
<WORKDIR>./rma</WORKDIR>
<STATUS>pass</STATUS>
</MPITEST>
<MPITEST>
<NAME>test2_shm</NAME>
<NP>2</NP>
<WORKDIR>./rma</WORKDIR>
<STATUS>pass</STATUS>
</MPITEST>
<MPITEST>
<NAME>test3</NAME>
<NP>2</NP>
<WORKDIR>./rma</WORKDIR>
<STATUS>pass</STATUS>
</MPITEST>
<MPITEST>
<NAME>test3_shm</NAME>
<NP>2</NP>
<WORKDIR>./rma</WORKDIR>
<STATUS>pass</STATUS>
</MPITEST>
<MPITEST>
<NAME>test4</NAME>
<NP>2</NP>
<WORKDIR>./rma</WORKDIR>
<STATUS>pass</STATUS>
</MPITEST>
<MPITEST>
<NAME>test5</NAME>
<NP>2</NP>
<WORKDIR>./rma</WORKDIR>
<STATUS>pass</STATUS>
</MPITEST>
<MPITEST>
<NAME>lockcontention</NAME>
<NP>3</NP>
<WORKDIR>./rma</WORKDIR>
<STATUS>pass</STATUS>
</MPITEST>
<MPITEST>
<NAME>lockcontention2</NAME>
<NP>4</NP>
<WORKDIR>./rma</WORKDIR>
<STATUS>pass</STATUS>
</MPITEST>
<MPITEST>
<NAME>lockcontention2</NAME>
<NP>8</NP>
<WORKDIR>./rma</WORKDIR>
<STATUS>pass</STATUS>
</MPITEST>
<MPITEST>
<NAME>lockcontention3</NAME>
<NP>8</NP>
<WORKDIR>./rma</WORKDIR>
<STATUS>pass</STATUS>
</MPITEST>
<MPITEST>
<NAME>lockopts</NAME>
<NP>2</NP>
<WORKDIR>./rma</WORKDIR>
<STATUS>pass</STATUS>
</MPITEST>
<MPITEST>
<NAME>lock_dt</NAME>
<NP>2</NP>
<WORKDIR>./rma</WORKDIR>
<STATUS>pass</STATUS>
</MPITEST>
<MPITEST>
<NAME>lock_dt_flush</NAME>
<NP>2</NP>
<WORKDIR>./rma</WORKDIR>
<STATUS>pass</STATUS>
</MPITEST>
<MPITEST>
<NAME>lock_dt_flushlocal</NAME>
<NP>2</NP>
<WORKDIR>./rma</WORKDIR>
<STATUS>pass</STATUS>
</MPITEST>
<MPITEST>
<NAME>lockall_dt</NAME>
<NP>4</NP>
<WORKDIR>./rma</WORKDIR>
<STATUS>pass</STATUS>
</MPITEST>
<MPITEST>
<NAME>lockall_dt_flush</NAME>
<NP>4</NP>
<WORKDIR>./rma</WORKDIR>
<STATUS>pass</STATUS>
</MPITEST>
<MPITEST>
<NAME>lockall_dt_flushall</NAME>
<NP>4</NP>
<WORKDIR>./rma</WORKDIR>
<STATUS>pass</STATUS>
</MPITEST>
<MPITEST>
<NAME>lockall_dt_flushlocal</NAME>
<NP>4</NP>
<WORKDIR>./rma</WORKDIR>
<STATUS>pass</STATUS>
</MPITEST>
<MPITEST>
<NAME>lockall_dt_flushlocalall</NAME>
<NP>4</NP>
<WORKDIR>./rma</WORKDIR>
<STATUS>pass</STATUS>
</MPITEST>
<MPITEST>
<NAME>lock_contention_dt</NAME>
<NP>4</NP>
<WORKDIR>./rma</WORKDIR>
<STATUS>pass</STATUS>
</MPITEST>
<MPITEST>
<NAME>transpose4</NAME>
<NP>2</NP>
<WORKDIR>./rma</WORKDIR>
<STATUS>pass</STATUS>
</MPITEST>
<MPITEST>
<NAME>fetchandadd</NAME>
<NP>7</NP>
<WORKDIR>./rma</WORKDIR>
<STATUS>pass</STATUS>
</MPITEST>
<MPITEST>
<NAME>fetchandadd_tree</NAME>
<NP>7</NP>
<WORKDIR>./rma</WORKDIR>
<STATUS>pass</STATUS>
</MPITEST>
<MPITEST>
<NAME>wintest</NAME>
<NP>2</NP>
<WORKDIR>./rma</WORKDIR>
<STATUS>pass</STATUS>
</MPITEST>
<MPITEST>
<NAME>wintest_shm</NAME>
<NP>2</NP>
<WORKDIR>./rma</WORKDIR>
<STATUS>pass</STATUS>
</MPITEST>
<MPITEST>
<NAME>contig_displ</NAME>
<NP>1</NP>
<WORKDIR>./rma</WORKDIR>
<STATUS>pass</STATUS>
</MPITEST>
<MPITEST>
<NAME>test1_am</NAME>
<NP>2</NP>
<WORKDIR>./rma</WORKDIR>
<STATUS>pass</STATUS>
</MPITEST>
<MPITEST>
<NAME>test2_am</NAME>
<NP>2</NP>
<WORKDIR>./rma</WORKDIR>
<STATUS>pass</STATUS>
</MPITEST>
<MPITEST>
<NAME>test2_am_shm</NAME>
<NP>2</NP>
<WORKDIR>./rma</WORKDIR>
<STATUS>pass</STATUS>
</MPITEST>
<MPITEST>
<NAME>test3_am</NAME>
<NP>2</NP>
<WORKDIR>./rma</WORKDIR>
<STATUS>pass</STATUS>
</MPITEST>
<MPITEST>
<NAME>test3_am_shm</NAME>
<NP>2</NP>
<WORKDIR>./rma</WORKDIR>
<STATUS>pass</STATUS>
</MPITEST>
<MPITEST>
<NAME>test4_am</NAME>
<NP>2</NP>
<WORKDIR>./rma</WORKDIR>
<STATUS>pass</STATUS>
</MPITEST>
<MPITEST>
<NAME>test5_am</NAME>
<NP>2</NP>
<WORKDIR>./rma</WORKDIR>
<STATUS>pass</STATUS>
</MPITEST>
<MPITEST>
<NAME>fetchandadd_am</NAME>
<NP>7</NP>
<WORKDIR>./rma</WORKDIR>
<STATUS>pass</STATUS>
</MPITEST>
<MPITEST>
<NAME>fetchandadd_tree_am</NAME>
<NP>7</NP>
<WORKDIR>./rma</WORKDIR>
<STATUS>pass</STATUS>
</MPITEST>
<MPITEST>
<NAME>accfence2_am</NAME>
<NP>4</NP>
<WORKDIR>./rma</WORKDIR>
<STATUS>pass</STATUS>
</MPITEST>
<MPITEST>
<NAME>test1_dt</NAME>
<NP>2</NP>
<WORKDIR>./rma</WORKDIR>
<STATUS>pass</STATUS>
</MPITEST>
<MPITEST>
<NAME>nullpscw</NAME>
<NP>7</NP>
<WORKDIR>./rma</WORKDIR>
<STATUS>pass</STATUS>
</MPITEST>
<MPITEST>
<NAME>nullpscw_shm</NAME>
<NP>7</NP>
<WORKDIR>./rma</WORKDIR>
<STATUS>pass</STATUS>
</MPITEST>
<MPITEST>
<NAME>attrorderwin</NAME>
<NP>1</NP>
<WORKDIR>./rma</WORKDIR>
<STATUS>pass</STATUS>
</MPITEST>
<MPITEST>
<NAME>wincall</NAME>
<NP>2</NP>
<WORKDIR>./rma</WORKDIR>
<STATUS>pass</STATUS>
</MPITEST>
<MPITEST>
<NAME>baseattrwin</NAME>
<NP>1</NP>
<WORKDIR>./rma</WORKDIR>
<STATUS>pass</STATUS>
</MPITEST>
<MPITEST>
<NAME>fkeyvalwin</NAME>
<NP>1</NP>
<WORKDIR>./rma</WORKDIR>
<STATUS>pass</STATUS>
</MPITEST>
<MPITEST>
<NAME>selfrma</NAME>
<NP>1</NP>
<WORKDIR>./rma</WORKDIR>
<STATUS>pass</STATUS>
</MPITEST>
<MPITEST>
<NAME>mixedsync</NAME>
<NP>4</NP>
<WORKDIR>./rma</WORKDIR>
<STATUS>pass</STATUS>
</MPITEST>
<MPITEST>
<NAME>epochtest</NAME>
<NP>4</NP>
<WORKDIR>./rma</WORKDIR>
<STATUS>pass</STATUS>
</MPITEST>
<MPITEST>
<NAME>locknull</NAME>
<NP>2</NP>
<WORKDIR>./rma</WORKDIR>
<STATUS>pass</STATUS>
</MPITEST>
<MPITEST>
<NAME>rmanull</NAME>
<NP>2</NP>
<WORKDIR>./rma</WORKDIR>
<STATUS>pass</STATUS>
</MPITEST>
<MPITEST>
<NAME>rmazero</NAME>
<NP>2</NP>
<WORKDIR>./rma</WORKDIR>
<STATUS>pass</STATUS>
</MPITEST>
<MPITEST>
<NAME>strided_acc_indexed</NAME>
<NP>2</NP>
<WORKDIR>./rma</WORKDIR>
<STATUS>pass</STATUS>
</MPITEST>
<MPITEST>
<NAME>strided_acc_onelock</NAME>
<NP>2</NP>
<WORKDIR>./rma</WORKDIR>
<STATUS>pass</STATUS>
</MPITEST>
<MPITEST>
<NAME>strided_acc_subarray</NAME>
<NP>2</NP>
<WORKDIR>./rma</WORKDIR>
<STATUS>pass</STATUS>
</MPITEST>
<MPITEST>
<NAME>strided_get_indexed</NAME>
<NP>2</NP>
<WORKDIR>./rma</WORKDIR>
<STATUS>pass</STATUS>
</MPITEST>
<MPITEST>
<NAME>strided_putget_indexed</NAME>
<NP>4</NP>
<WORKDIR>./rma</WORKDIR>
<STATUS>pass</STATUS>
</MPITEST>
<MPITEST>
<NAME>strided_putget_indexed_shared</NAME>
<NP>4</NP>
<WORKDIR>./rma</WORKDIR>
<STATUS>pass</STATUS>
</MPITEST>
<MPITEST>
<NAME>strided_getacc_indexed</NAME>
<NP>4</NP>
<WORKDIR>./rma</WORKDIR>
<STATUS>pass</STATUS>
</MPITEST>
<MPITEST>
<NAME>strided_getacc_indexed_shared</NAME>
<NP>4</NP>
<WORKDIR>./rma</WORKDIR>
<STATUS>pass</STATUS>
</MPITEST>
<MPITEST>
<NAME>window_creation</NAME>
<NP>2</NP>
<WORKDIR>./rma</WORKDIR>
<STATUS>pass</STATUS>
</MPITEST>
<MPITEST>
<NAME>contention_put</NAME>
<NP>4</NP>
<WORKDIR>./rma</WORKDIR>
<STATUS>pass</STATUS>
</MPITEST>
<MPITEST>
<NAME>contention_putget</NAME>
<NP>4</NP>
<WORKDIR>./rma</WORKDIR>
<STATUS>pass</STATUS>
</MPITEST>
<MPITEST>
<NAME>put_base</NAME>
<NP>2</NP>
<WORKDIR>./rma</WORKDIR>
<STATUS>pass</STATUS>
</MPITEST>
<MPITEST>
<NAME>put_bottom</NAME>
<NP>2</NP>
<WORKDIR>./rma</WORKDIR>
<STATUS>pass</STATUS>
</MPITEST>
<MPITEST>
<NAME>win_flavors</NAME>
<NP>4</NP>
<WORKDIR>./rma</WORKDIR>
<STATUS>pass</STATUS>
</MPITEST>
<MPITEST>
<NAME>win_flavors</NAME>
<NP>3</NP>
<WORKDIR>./rma</WORKDIR>
<STATUS>pass</STATUS>
</MPITEST>
<MPITEST>
<NAME>manyrma2</NAME>
<NP>2</NP>
<WORKDIR>./rma</WORKDIR>
<STATUS>pass</STATUS>
</MPITEST>
<MPITEST>
<NAME>manyrma2_shm</NAME>
<NP>2</NP>
<WORKDIR>./rma</WORKDIR>
<STATUS>pass</STATUS>
</MPITEST>
<MPITEST>
<NAME>manyrma3</NAME>
<NP>2</NP>
<WORKDIR>./rma</WORKDIR>
<STATUS>pass</STATUS>
</MPITEST>
<MPITEST>
<NAME>win_shared</NAME>
<NP>4</NP>
<WORKDIR>./rma</WORKDIR>
<STATUS>pass</STATUS>
</MPITEST>
<MPITEST>
<NAME>win_shared_create_allocshm</NAME>
<NP>4</NP>
<WORKDIR>./rma</WORKDIR>
<STATUS>pass</STATUS>
</MPITEST>
<MPITEST>
<NAME>win_shared_create_no_allocshm</NAME>
<NP>4</NP>
<WORKDIR>./rma</WORKDIR>
<STATUS>pass</STATUS>
</MPITEST>
<MPITEST>
<NAME>win_shared_noncontig</NAME>
<NP>4</NP>
<WORKDIR>./rma</WORKDIR>
<STATUS>pass</STATUS>
</MPITEST>
<MPITEST>
<NAME>win_shared_noncontig_put</NAME>
<NP>4</NP>
<WORKDIR>./rma</WORKDIR>
<STATUS>pass</STATUS>
</MPITEST>
<MPITEST>
<NAME>win_zero</NAME>
<NP>4</NP>
<WORKDIR>./rma</WORKDIR>
<STATUS>pass</STATUS>
</MPITEST>
<MPITEST>
<NAME>win_dynamic_acc</NAME>
<NP>4</NP>
<WORKDIR>./rma</WORKDIR>
<STATUS>pass</STATUS>
</MPITEST>
<MPITEST>
<NAME>get_acc_local</NAME>
<NP>1</NP>
<WORKDIR>./rma</WORKDIR>
<STATUS>pass</STATUS>
</MPITEST>
<MPITEST>
<NAME>linked_list</NAME>
<NP>4</NP>
<WORKDIR>./rma</WORKDIR>
<STATUS>pass</STATUS>
</MPITEST>
<MPITEST>
<NAME>linked_list_fop</NAME>
<NP>4</NP>
<WORKDIR>./rma</WORKDIR>
<STATUS>pass</STATUS>
</MPITEST>
<MPITEST>
<NAME>compare_and_swap</NAME>
<NP>4</NP>
<WORKDIR>./rma</WORKDIR>
<STATUS>pass</STATUS>
</MPITEST>
<MPITEST>
<NAME>fetch_and_op_char</NAME>
<NP>4</NP>
<WORKDIR>./rma</WORKDIR>
<STATUS>pass</STATUS>
</MPITEST>
<MPITEST>
<NAME>fetch_and_op_short</NAME>
<NP>4</NP>
<WORKDIR>./rma</WORKDIR>
<STATUS>pass</STATUS>
</MPITEST>
<MPITEST>
<NAME>fetch_and_op_int</NAME>
<NP>4</NP>
<WORKDIR>./rma</WORKDIR>
<STATUS>pass</STATUS>
</MPITEST>
<MPITEST>
<NAME>fetch_and_op_long</NAME>
<NP>4</NP>
<WORKDIR>./rma</WORKDIR>
<STATUS>pass</STATUS>
</MPITEST>
<MPITEST>
<NAME>fetch_and_op_double</NAME>
<NP>4</NP>
<WORKDIR>./rma</WORKDIR>
<STATUS>pass</STATUS>
</MPITEST>
<MPITEST>
<NAME>fetch_and_op_long_double</NAME>
<NP>4</NP>
<WORKDIR>./rma</WORKDIR>
<STATUS>pass</STATUS>
</MPITEST>
<MPITEST>
<NAME>get_accumulate_double</NAME>
<NP>4</NP>
<WORKDIR>./rma</WORKDIR>
<STATUS>pass</STATUS>
</MPITEST>
<MPITEST>
<NAME>get_accumulate_double_derived</NAME>
<NP>4</NP>
<WORKDIR>./rma</WORKDIR>
<STATUS>pass</STATUS>
</MPITEST>
<MPITEST>
<NAME>get_accumulate_int</NAME>
<NP>4</NP>
<WORKDIR>./rma</WORKDIR>
<STATUS>pass</STATUS>
</MPITEST>
<MPITEST>
<NAME>get_accumulate_int_derived</NAME>
<NP>4</NP>
<WORKDIR>./rma</WORKDIR>
<STATUS>pass</STATUS>
</MPITEST>
<MPITEST>
<NAME>get_accumulate_long</NAME>
<NP>4</NP>
<WORKDIR>./rma</WORKDIR>
<STATUS>pass</STATUS>
</MPITEST>
<MPITEST>
<NAME>get_accumulate_long_derived</NAME>
<NP>4</NP>
<WORKDIR>./rma</WORKDIR>
<STATUS>pass</STATUS>
</MPITEST>
<MPITEST>
<NAME>get_accumulate_short</NAME>
<NP>4</NP>
<WORKDIR>./rma</WORKDIR>
<STATUS>pass</STATUS>
</MPITEST>
<MPITEST>
<NAME>get_accumulate_short_derived</NAME>
<NP>4</NP>
<WORKDIR>./rma</WORKDIR>
<STATUS>pass</STATUS>
</MPITEST>
<MPITEST>
<NAME>flush</NAME>
<NP>4</NP>
<WORKDIR>./rma</WORKDIR>
<STATUS>pass</STATUS>
</MPITEST>
<MPITEST>
<NAME>reqops</NAME>
<NP>4</NP>
<WORKDIR>./rma</WORKDIR>
<STATUS>pass</STATUS>
</MPITEST>
<MPITEST>
<NAME>req_example</NAME>
<NP>4</NP>
<WORKDIR>./rma</WORKDIR>
<STATUS>pass</STATUS>
</MPITEST>
<MPITEST>
<NAME>req_example_shm</NAME>
<NP>4</NP>
<WORKDIR>./rma</WORKDIR>
<STATUS>pass</STATUS>
</MPITEST>
<MPITEST>
<NAME>rput_local_comp</NAME>
<NP>2</NP>
<WORKDIR>./rma</WORKDIR>
<STATUS>pass</STATUS>
</MPITEST>
<MPITEST>
<NAME>racc_local_comp</NAME>
<NP>2</NP>
<WORKDIR>./rma</WORKDIR>
<STATUS>pass</STATUS>
</MPITEST>
<MPITEST>
<NAME>win_info</NAME>
<NP>4</NP>
<WORKDIR>./rma</WORKDIR>
<STATUS>fail</STATUS>
<TESTDIFF>
2: no_locks is not defined
2: no_locks is not defined
1: no_locks is not defined
1: no_locks is not defined
0: no_locks is not defined
0: no_locks is not defined
3: no_locks is not defined
3: no_locks is not defined
</TESTDIFF>
</MPITEST>
<MPITEST>
<NAME>linked_list_lockall</NAME>
<NP>4</NP>
<WORKDIR>./rma</WORKDIR>
<STATUS>pass</STATUS>
</MPITEST>
<MPITEST>
<NAME>pscw_ordering</NAME>
<NP>4</NP>
<WORKDIR>./rma</WORKDIR>
<STATUS>pass</STATUS>
</MPITEST>
<MPITEST>
<NAME>pscw_ordering_shm</NAME>
<NP>4</NP>
<WORKDIR>./rma</WORKDIR>
<STATUS>pass</STATUS>
</MPITEST>
<MPITEST>
<NAME>linked_list_bench_lock_all</NAME>
<NP>4</NP>
<WORKDIR>./rma</WORKDIR>
<STATUS>pass</STATUS>
</MPITEST>
<MPITEST>
<NAME>linked_list_bench_lock_excl</NAME>
<NP>4</NP>
<WORKDIR>./rma</WORKDIR>
<STATUS>pass</STATUS>
</MPITEST>
<MPITEST>
<NAME>linked_list_bench_lock_shr</NAME>
<NP>4</NP>
<WORKDIR>./rma</WORKDIR>
<STATUS>pass</STATUS>
</MPITEST>
<MPITEST>
<NAME>linked_list_bench_lock_shr_nocheck</NAME>
<NP>4</NP>
<WORKDIR>./rma</WORKDIR>
<STATUS>pass</STATUS>
</MPITEST>
<MPITEST>
<NAME>mutex_bench</NAME>
<NP>4</NP>
<WORKDIR>./rma</WORKDIR>
<STATUS>pass</STATUS>
</MPITEST>
<MPITEST>
<NAME>mutex_bench_shared</NAME>
<NP>4</NP>
<WORKDIR>./rma</WORKDIR>
<STATUS>pass</STATUS>
</MPITEST>
<MPITEST>
<NAME>mutex_bench_shm</NAME>
<NP>4</NP>
<WORKDIR>./rma</WORKDIR>
<STATUS>pass</STATUS>
</MPITEST>
<MPITEST>
<NAME>mutex_bench_shm_ordered</NAME>
<NP>4</NP>
<WORKDIR>./rma</WORKDIR>
<STATUS>pass</STATUS>
</MPITEST>
<MPITEST>
<NAME>rma-contig</NAME>
<NP>2</NP>
<WORKDIR>./rma</WORKDIR>
<STATUS>pass</STATUS>
</MPITEST>
<MPITEST>
<NAME>badrma</NAME>
<NP>2</NP>
<WORKDIR>./rma</WORKDIR>
<STATUS>pass</STATUS>
</MPITEST>
<MPITEST>
<NAME>acc-loc</NAME>
<NP>4</NP>
<WORKDIR>./rma</WORKDIR>
<STATUS>pass</STATUS>
</MPITEST>
<MPITEST>
<NAME>fence_shm</NAME>
<NP>2</NP>
<WORKDIR>./rma</WORKDIR>
<STATUS>pass</STATUS>
</MPITEST>
<MPITEST>
<NAME>win_shared_zerobyte</NAME>
<NP>4</NP>
<WORKDIR>./rma</WORKDIR>
<STATUS>pass</STATUS>
</MPITEST>
<MPITEST>
<NAME>win_shared_put_flush_get</NAME>
<NP>4</NP>
<WORKDIR>./rma</WORKDIR>
<STATUS>pass</STATUS>
</MPITEST>
<MPITEST>
<NAME>get-struct</NAME>
<NP>2</NP>
<WORKDIR>./rma</WORKDIR>
<STATUS>pass</STATUS>
</MPITEST>
<MPITEST>
<NAME>at_complete</NAME>
<NP>2</NP>
<WORKDIR>./rma</WORKDIR>
<STATUS>pass</STATUS>
</MPITEST>
<MPITEST>
<NAME>atomic_rmw_fop</NAME>
<NP>3</NP>
<WORKDIR>./rma</WORKDIR>
<STATUS>pass</STATUS>
</MPITEST>
<MPITEST>
<NAME>atomic_rmw_cas</NAME>
<NP>3</NP>
<WORKDIR>./rma</WORKDIR>
<STATUS>pass</STATUS>
</MPITEST>
<MPITEST>
<NAME>atomic_rmw_gacc</NAME>
<NP>3</NP>
<WORKDIR>./rma</WORKDIR>
<STATUS>pass</STATUS>
</MPITEST>
<MPITEST>
<NAME>atomic_get</NAME>
<NP>3</NP>
<WORKDIR>./rma</WORKDIR>
<STATUS>pass</STATUS>
</MPITEST>
<MPITEST>
<NAME>aint</NAME>
<NP>2</NP>
<WORKDIR>./rma</WORKDIR>
<STATUS>pass</STATUS>
</MPITEST>
<MPITEST>
<NAME>acc-pairtype</NAME>
<NP>2</NP>
<WORKDIR>./rma</WORKDIR>
<STATUS>fail</STATUS>
<TESTDIFF>
</TESTDIFF>
</MPITEST>
<MPITEST>
<NAME>manyget</NAME>
<NP>2</NP>
<WORKDIR>./rma</WORKDIR>
<STATUS>pass</STATUS>
</MPITEST>
<MPITEST>
<NAME>derived-acc-flush_local</NAME>
<NP>3</NP>
<WORKDIR>./rma</WORKDIR>
<STATUS>pass</STATUS>
</MPITEST>
<MPITEST>
<NAME>large-acc-flush_local</NAME>
<NP>3</NP>
<WORKDIR>./rma</WORKDIR>
<STATUS>fail</STATUS>
<TESTDIFF>
</TESTDIFF>
</MPITEST>
<MPITEST>
<NAME>large-small-acc</NAME>
<NP>2</NP>
<WORKDIR>./rma</WORKDIR>
<STATUS>pass</STATUS>
</MPITEST>
<MPITEST>
<NAME>win_shared_put_flush_load</NAME>
<NP>3</NP>
<WORKDIR>./rma</WORKDIR>
<STATUS>pass</STATUS>
</MPITEST>
<MPITEST>
<NAME>win_shared_acc_flush_load</NAME>
<NP>3</NP>
<WORKDIR>./rma</WORKDIR>
<STATUS>pass</STATUS>
</MPITEST>
<MPITEST>
<NAME>win_shared_gacc_flush_load</NAME>
<NP>3</NP>
<WORKDIR>./rma</WORKDIR>
<STATUS>pass</STATUS>
</MPITEST>
<MPITEST>
<NAME>win_shared_fop_flush_load</NAME>
<NP>3</NP>
<WORKDIR>./rma</WORKDIR>
<STATUS>pass</STATUS>
</MPITEST>
<MPITEST>
<NAME>win_shared_cas_flush_load</NAME>
<NP>3</NP>
<WORKDIR>./rma</WORKDIR>
<STATUS>pass</STATUS>
</MPITEST>
<MPITEST>
<NAME>put_flush_get</NAME>
<NP>3</NP>
<WORKDIR>./rma</WORKDIR>
<STATUS>pass</STATUS>
</MPITEST>
<MPITEST>
<NAME>acc_flush_get</NAME>
<NP>3</NP>
<WORKDIR>./rma</WORKDIR>
<STATUS>pass</STATUS>
</MPITEST>
<MPITEST>
<NAME>gacc_flush_get</NAME>
<NP>3</NP>
<WORKDIR>./rma</WORKDIR>
<STATUS>pass</STATUS>
</MPITEST>
<MPITEST>
<NAME>fop_flush_get</NAME>
<NP>3</NP>
<WORKDIR>./rma</WORKDIR>
<STATUS>pass</STATUS>
</MPITEST>
<MPITEST>
<NAME>cas_flush_get</NAME>
<NP>3</NP>
<WORKDIR>./rma</WORKDIR>
<STATUS>pass</STATUS>
</MPITEST>
<MPITEST>
<NAME>namepub</NAME>
<NP>2</NP>
<WORKDIR>./spawn</WORKDIR>
<STATUS>fail</STATUS>
<TESTDIFF>
Error in Publish_name: "Invalid service name (see MPI_Publish_name), error stack:
MPI_Publish_name(133): MPI_Publish_name(service="MyTest", MPI_INFO_NULL, port="otherhost:122") failed
MPID_NS_Publish(59)..: Lookup failed for service name MyTest"
[cli_0]: getval cmd failed
Error in Lookup name: "Invalid service name (see MPI_Publish_name), error stack:
MPI_Lookup_name(149): MPI_Lookup_name(service="MyTest", MPI_INFO_NULL, port=0x7ffd30456330) failed
MPI_Lookup_name(129): 
MPID_NS_Lookup(85)..: Lookup failed for service name MyTest"
Lookup name returned name after it was unpublished
[cli_0]: expecting cmd=lookup_result, got unpublish_result
[cli_1]: getval cmd failed
Lookup name returned name after it was unpublished
 Found 4 errors
[cli_1]: expecting cmd=finalize_ack, got lookup_result
readFromPMIClient: lost connection to the PMI client
[cli_0]: getval cmd failed
do_send(r1): got error 9 on PMI socket: Bad file descriptor
readFromPMIClient: lost connection to the PMI client
do_send(r1): got error 9 on PMI socket: Bad file descriptor
do_send(r0): got error 9 on PMI socket: Bad file descriptor
do_send(r1): got error 9 on PMI socket: Bad file descriptor
do_send(r0): got error 9 on PMI socket: Bad file descriptor
do_send(r1): got error 9 on PMI socket: Bad file descriptor
do_send(r0): got error 9 on PMI socket: Bad file descriptor
do_send(r1): got error 9 on PMI socket: Bad file descriptor
do_send(r0): got error 9 on PMI socket: Bad file descriptor
__PMI_send(r1): failed sending cmd=finalize_ack
 from pmi_finalize:1357
do_send(r0): got error 9 on PMI socket: Bad file descriptor
__PMI_send(r0): failed sending cmd=finalize_ack
 from pmi_finalize:1357
</TESTDIFF>
</MPITEST>
<MPITEST>
<NAME>spawn1</NAME>
<NP>1</NP>
<WORKDIR>./spawn</WORKDIR>
<STATUS>pass</STATUS>
</MPITEST>
<MPITEST>
<NAME>spawn2</NAME>
<NP>1</NP>
<WORKDIR>./spawn</WORKDIR>
<STATUS>pass</STATUS>
</MPITEST>
<MPITEST>
<NAME>spawninfo1</NAME>
<NP>1</NP>
<WORKDIR>./spawn</WORKDIR>
<STATUS>fail</STATUS>
<TESTDIFF>
</TESTDIFF>
</MPITEST>
<MPITEST>
<NAME>spawnminfo1</NAME>
<NP>1</NP>
<WORKDIR>./spawn</WORKDIR>
<STATUS>fail</STATUS>
<TESTDIFF>
</TESTDIFF>
</MPITEST>
<MPITEST>
<NAME>spawnintra</NAME>
<NP>1</NP>
<WORKDIR>./spawn</WORKDIR>
<STATUS>pass</STATUS>
</MPITEST>
<MPITEST>
<NAME>spawnintra</NAME>
<NP>2</NP>
<WORKDIR>./spawn</WORKDIR>
<STATUS>pass</STATUS>
</MPITEST>
<MPITEST>
<NAME>spawnargv</NAME>
<NP>1</NP>
<WORKDIR>./spawn</WORKDIR>
<STATUS>pass</STATUS>
</MPITEST>
<MPITEST>
<NAME>spawnmanyarg</NAME>
<NP>1</NP>
<WORKDIR>./spawn</WORKDIR>
<STATUS>pass</STATUS>
</MPITEST>
<MPITEST>
<NAME>spawnmult2</NAME>
<NP>2</NP>
<WORKDIR>./spawn</WORKDIR>
<STATUS>pass</STATUS>
</MPITEST>
<MPITEST>
<NAME>spaconacc</NAME>
<NP>1</NP>
<WORKDIR>./spawn</WORKDIR>
<STATUS>pass</STATUS>
</MPITEST>
<MPITEST>
<NAME>spaconacc2</NAME>
<NP>1</NP>
<WORKDIR>./spawn</WORKDIR>
<STATUS>pass</STATUS>
</MPITEST>
<MPITEST>
<NAME>selfconacc</NAME>
<NP>2</NP>
<WORKDIR>./spawn</WORKDIR>
<STATUS>pass</STATUS>
</MPITEST>
<MPITEST>
<NAME>spaiccreate</NAME>
<NP>2</NP>
<WORKDIR>./spawn</WORKDIR>
<STATUS>pass</STATUS>
</MPITEST>
<MPITEST>
<NAME>taskmaster</NAME>
<NP>1</NP>
<WORKDIR>./spawn</WORKDIR>
<STATUS>pass</STATUS>
</MPITEST>
<MPITEST>
<NAME>taskmaster</NAME>
<NP>2</NP>
<WORKDIR>./spawn</WORKDIR>
<STATUS>pass</STATUS>
</MPITEST>
<MPITEST>
<NAME>join</NAME>
<NP>2</NP>
<WORKDIR>./spawn</WORKDIR>
<STATUS>pass</STATUS>
</MPITEST>
<MPITEST>
<NAME>disconnect_reconnect</NAME>
<NP>3</NP>
<WORKDIR>./spawn</WORKDIR>
<STATUS>pass</STATUS>
</MPITEST>
<MPITEST>
<NAME>disconnect_reconnect2</NAME>
<NP>3</NP>
<WORKDIR>./spawn</WORKDIR>
<STATUS>pass</STATUS>
</MPITEST>
<MPITEST>
<NAME>disconnect_reconnect3</NAME>
<NP>3</NP>
<WORKDIR>./spawn</WORKDIR>
<STATUS>pass</STATUS>
</MPITEST>
<MPITEST>
<NAME>multiple_ports</NAME>
<NP>3</NP>
<WORKDIR>./spawn</WORKDIR>
<STATUS>pass</STATUS>
</MPITEST>
<MPITEST>
<NAME>multiple_ports2</NAME>
<NP>4</NP>
<WORKDIR>./spawn</WORKDIR>
<STATUS>pass</STATUS>
</MPITEST>
<MPITEST>
<NAME>disconnect</NAME>
<NP>3</NP>
<WORKDIR>./spawn</WORKDIR>
<STATUS>pass</STATUS>
</MPITEST>
<MPITEST>
<NAME>disconnect2</NAME>
<NP>3</NP>
<WORKDIR>./spawn</WORKDIR>
<STATUS>pass</STATUS>
</MPITEST>
<MPITEST>
<NAME>disconnect3</NAME>
<NP>3</NP>
<WORKDIR>./spawn</WORKDIR>
<STATUS>pass</STATUS>
</MPITEST>
<MPITEST>
<NAME>concurrent_spawns</NAME>
<NP>1</NP>
<WORKDIR>./spawn</WORKDIR>
<STATUS>pass</STATUS>
</MPITEST>
<MPITEST>
<NAME>pgroup_connect_test</NAME>
<NP>4</NP>
<WORKDIR>./spawn</WORKDIR>
<STATUS>pass</STATUS>
</MPITEST>
<MPITEST>
<NAME>pgroup_intercomm_test</NAME>
<NP>4</NP>
<WORKDIR>./spawn</WORKDIR>
<STATUS>pass</STATUS>
</MPITEST>
<MPITEST>
<NAME>cartmap1</NAME>
<NP>4</NP>
<WORKDIR>./topo</WORKDIR>
<STATUS>pass</STATUS>
</MPITEST>
<MPITEST>
<NAME>cartzero</NAME>
<NP>4</NP>
<WORKDIR>./topo</WORKDIR>
<STATUS>pass</STATUS>
</MPITEST>
<MPITEST>
<NAME>cartshift1</NAME>
<NP>4</NP>
<WORKDIR>./topo</WORKDIR>
<STATUS>pass</STATUS>
</MPITEST>
<MPITEST>
<NAME>cartsuball</NAME>
<NP>4</NP>
<WORKDIR>./topo</WORKDIR>
<STATUS>pass</STATUS>
</MPITEST>
<MPITEST>
<NAME>cartcreates</NAME>
<NP>4</NP>
<WORKDIR>./topo</WORKDIR>
<STATUS>pass</STATUS>
</MPITEST>
<MPITEST>
<NAME>dims1</NAME>
<NP>4</NP>
<WORKDIR>./topo</WORKDIR>
<STATUS>pass</STATUS>
</MPITEST>
<MPITEST>
<NAME>dims2</NAME>
<NP>1</NP>
<WORKDIR>./topo</WORKDIR>
<STATUS>pass</STATUS>
</MPITEST>
<MPITEST>
<NAME>dims3</NAME>
<NP>1</NP>
<WORKDIR>./topo</WORKDIR>
<STATUS>pass</STATUS>
</MPITEST>
<MPITEST>
<NAME>dims4</NAME>
<NP>1</NP>
<WORKDIR>./topo</WORKDIR>
<STATUS>pass</STATUS>
</MPITEST>
<MPITEST>
<NAME>graphmap1</NAME>
<NP>4</NP>
<WORKDIR>./topo</WORKDIR>
<STATUS>pass</STATUS>
</MPITEST>
<MPITEST>
<NAME>topotest</NAME>
<NP>4</NP>
<WORKDIR>./topo</WORKDIR>
<STATUS>pass</STATUS>
</MPITEST>
<MPITEST>
<NAME>topodup</NAME>
<NP>4</NP>
<WORKDIR>./topo</WORKDIR>
<STATUS>pass</STATUS>
</MPITEST>
<MPITEST>
<NAME>graphcr</NAME>
<NP>4</NP>
<WORKDIR>./topo</WORKDIR>
<STATUS>pass</STATUS>
</MPITEST>
<MPITEST>
<NAME>graphcr2</NAME>
<NP>4</NP>
<WORKDIR>./topo</WORKDIR>
<STATUS>pass</STATUS>
</MPITEST>
<MPITEST>
<NAME>distgraph1</NAME>
<NP>4</NP>
<WORKDIR>./topo</WORKDIR>
<STATUS>pass</STATUS>
</MPITEST>
<MPITEST>
<NAME>dgraph_unwgt</NAME>
<NP>4</NP>
<WORKDIR>./topo</WORKDIR>
<STATUS>pass</STATUS>
</MPITEST>
<MPITEST>
<NAME>neighb_coll</NAME>
<NP>4</NP>
<WORKDIR>./topo</WORKDIR>
<STATUS>fail</STATUS>
<TESTDIFF>
</TESTDIFF>
</MPITEST>
<MPITEST>
<NAME>rdwrord</NAME>
<NP>4</NP>
<WORKDIR>./io</WORKDIR>
<STATUS>pass</STATUS>
</MPITEST>
<MPITEST>
<NAME>rdwrzero</NAME>
<NP>4</NP>
<WORKDIR>./io</WORKDIR>
<STATUS>pass</STATUS>
</MPITEST>
<MPITEST>
<NAME>getextent</NAME>
<NP>2</NP>
<WORKDIR>./io</WORKDIR>
<STATUS>pass</STATUS>
</MPITEST>
<MPITEST>
<NAME>setinfo</NAME>
<NP>4</NP>
<WORKDIR>./io</WORKDIR>
<STATUS>pass</STATUS>
</MPITEST>
<MPITEST>
<NAME>setviewcur</NAME>
<NP>4</NP>
<WORKDIR>./io</WORKDIR>
<STATUS>pass</STATUS>
</MPITEST>
<MPITEST>
<NAME>i_noncontig</NAME>
<NP>2</NP>
<WORKDIR>./io</WORKDIR>
<STATUS>fail</STATUS>
<TESTDIFF>
Deadlock detected! Process 22144 will wait forever.
('wait' called without outstanding send or recv requests).
Requests:
Sockets:
  sock#0xe03d40 listen:    -1 demand:   0(   0)  src:(134.94.169.164,22144,(nil),r0000001) anyrecv:     0
  Connections:
    con#0xe067e8 type:  loop state:    open dest:(134.94.169.164,22144,0xe067e8,r0000001) recvcnt:    0
    con#0xe069a8 type:   shm state:    open dest:(134.94.169.164,22143,0x261cb88,r0000000) recvcnt:    0
Fds:

Reqs:5 GenReqs: (cnt:0  used:0)
Deadlock detected! Process 22143 will wait forever.
('wait' called without outstanding send or recv requests).
Requests:
Sockets:
  sock#0x2619d40 listen:    -1 demand:   0(   0)  src:(134.94.169.164,22143,(nil),r0000000) anyrecv:     0
  Connections:
    con#0x261c7e8 type:  loop state:    open dest:(134.94.169.164,22143,0x261c7e8,r0000000) recvcnt:    0
    con#0x261cb88 type:   shm state:    open dest:(134.94.169.164,22144,0xe069a8,r0000001) recvcnt:    0
Fds:

Reqs:5 GenReqs: (cnt:0  used:0)
</TESTDIFF>
</MPITEST>
<MPITEST>
<NAME>async</NAME>
<NP>4</NP>
<WORKDIR>./io</WORKDIR>
<STATUS>fail</STATUS>
<TESTDIFF>
</TESTDIFF>
</MPITEST>
<MPITEST>
<NAME>async_any</NAME>
<NP>4</NP>
<WORKDIR>./io</WORKDIR>
<STATUS>fail</STATUS>
<TESTDIFF>
Assertion failed in file /home/clauss/Work/psmpi/mpich2/src/mpi/pt2pt/mpir_request.c at line 680: MPID_Request_is_complete(request_ptrs[i])
Assertion failed in file /home/clauss/Work/psmpi/mpich2/src/mpi/pt2pt/mpir_request.c at line 680: MPID_Request_is_complete(request_ptrs[i])
Assertion failed in file /home/clauss/Work/psmpi/mpich2/src/mpi/pt2pt/mpir_request.c at line 680: MPID_Request_is_complete(request_ptrs[i])
Assertion failed in file /home/clauss/Work/psmpi/mpich2/src/mpi/pt2pt/mpir_request.c at line 680: MPID_Request_is_complete(request_ptrs[i])
</TESTDIFF>
</MPITEST>
<MPITEST>
<NAME>userioerr</NAME>
<NP>1</NP>
<WORKDIR>./io</WORKDIR>
<STATUS>pass</STATUS>
</MPITEST>
<MPITEST>
<NAME>resized</NAME>
<NP>1</NP>
<WORKDIR>./io</WORKDIR>
<STATUS>pass</STATUS>
</MPITEST>
<MPITEST>
<NAME>resized2</NAME>
<NP>1</NP>
<WORKDIR>./io</WORKDIR>
<STATUS>pass</STATUS>
</MPITEST>
<MPITEST>
<NAME>bigtype</NAME>
<NP>1</NP>
<WORKDIR>./io</WORKDIR>
<STATUS>pass</STATUS>
</MPITEST>
<MPITEST>
<NAME>hindexed_io</NAME>
<NP>1</NP>
<WORKDIR>./io</WORKDIR>
<STATUS>pass</STATUS>
</MPITEST>
<MPITEST>
<NAME>simple_collective</NAME>
<NP>1</NP>
<WORKDIR>./io</WORKDIR>
<STATUS>pass</STATUS>
</MPITEST>
<MPITEST>
<NAME>i_bigtype</NAME>
<NP>1</NP>
<WORKDIR>./io</WORKDIR>
<STATUS>fail</STATUS>
<TESTDIFF>
INTERNAL ERROR: invalid error code efefefef (Ring Index out of range) in MPIDU_Sched_progress_state:921
i_bigtype: /home/clauss/Work/psmpi/mpich2/src/mpid/psp/src/mpid_progress.c:157: MPID_Progress_test: Assertion `mpi_errno == 0' failed.
</TESTDIFF>
</MPITEST>
<MPITEST>
<NAME>i_hindexed_io</NAME>
<NP>1</NP>
<WORKDIR>./io</WORKDIR>
<STATUS>fail</STATUS>
<TESTDIFF>
INTERNAL ERROR: invalid error code efefefef (Ring Index out of range) in MPIDU_Sched_progress_state:921
i_hindexed_io: /home/clauss/Work/psmpi/mpich2/src/mpid/psp/src/mpid_progress.c:157: MPID_Progress_test: Assertion `mpi_errno == 0' failed.
</TESTDIFF>
</MPITEST>
<MPITEST>
<NAME>i_rdwrord</NAME>
<NP>4</NP>
<WORKDIR>./io</WORKDIR>
<STATUS>fail</STATUS>
<TESTDIFF>
</TESTDIFF>
</MPITEST>
<MPITEST>
<NAME>i_setviewcur</NAME>
<NP>4</NP>
<WORKDIR>./io</WORKDIR>
<STATUS>fail</STATUS>
<TESTDIFF>
</TESTDIFF>
</MPITEST>
<MPITEST>
<NAME>i_aggregation1</NAME>
<NP>4</NP>
<WORKDIR>./io</WORKDIR>
<STATUS>fail</STATUS>
<TESTDIFF>
</TESTDIFF>
</MPITEST>
<MPITEST>
<NAME>i_aggregation2</NAME>
<NP>4</NP>
<WORKDIR>./io</WORKDIR>
<STATUS>fail</STATUS>
<TESTDIFF>
</TESTDIFF>
</MPITEST>
<MPITEST>
<NAME>i_coll_test</NAME>
<NP>4</NP>
<WORKDIR>./io</WORKDIR>
<STATUS>fail</STATUS>
<TESTDIFF>
</TESTDIFF>
</MPITEST>
<MPITEST>
<NAME>i_darray_read</NAME>
<NP>4</NP>
<WORKDIR>./io</WORKDIR>
<STATUS>fail</STATUS>
<TESTDIFF>
</TESTDIFF>
</MPITEST>
<MPITEST>
<NAME>i_hindexed</NAME>
<NP>4</NP>
<WORKDIR>./io</WORKDIR>
<STATUS>fail</STATUS>
<TESTDIFF>
</TESTDIFF>
</MPITEST>
<MPITEST>
<NAME>i_noncontig_coll</NAME>
<NP>2</NP>
<WORKDIR>./io</WORKDIR>
<STATUS>fail</STATUS>
<TESTDIFF>
</TESTDIFF>
</MPITEST>
<MPITEST>
<NAME>i_noncontig_coll2</NAME>
<NP>4</NP>
<WORKDIR>./io</WORKDIR>
<STATUS>fail</STATUS>
<TESTDIFF>
</TESTDIFF>
</MPITEST>
<MPITEST>
<NAME>i_types_with_zeros</NAME>
<NP>2</NP>
<WORKDIR>./io</WORKDIR>
<STATUS>fail</STATUS>
<TESTDIFF>
</TESTDIFF>
</MPITEST>
<MPITEST>
<NAME>attrmpi1f</NAME>
<NP>1</NP>
<WORKDIR>./f77/attr</WORKDIR>
<STATUS>pass</STATUS>
</MPITEST>
<MPITEST>
<NAME>baseattrf</NAME>
<NP>1</NP>
<WORKDIR>./f77/attr</WORKDIR>
<STATUS>pass</STATUS>
</MPITEST>
<MPITEST>
<NAME>baseattr2f</NAME>
<NP>1</NP>
<WORKDIR>./f77/attr</WORKDIR>
<STATUS>pass</STATUS>
</MPITEST>
<MPITEST>
<NAME>commattrf</NAME>
<NP>1</NP>
<WORKDIR>./f77/attr</WORKDIR>
<STATUS>pass</STATUS>
</MPITEST>
<MPITEST>
<NAME>commattr2f</NAME>
<NP>1</NP>
<WORKDIR>./f77/attr</WORKDIR>
<STATUS>pass</STATUS>
</MPITEST>
<MPITEST>
<NAME>commattr3f</NAME>
<NP>1</NP>
<WORKDIR>./f77/attr</WORKDIR>
<STATUS>pass</STATUS>
</MPITEST>
<MPITEST>
<NAME>commattr4f</NAME>
<NP>1</NP>
<WORKDIR>./f77/attr</WORKDIR>
<STATUS>pass</STATUS>
</MPITEST>
<MPITEST>
<NAME>typeattrf</NAME>
<NP>1</NP>
<WORKDIR>./f77/attr</WORKDIR>
<STATUS>pass</STATUS>
</MPITEST>
<MPITEST>
<NAME>typeattr2f</NAME>
<NP>1</NP>
<WORKDIR>./f77/attr</WORKDIR>
<STATUS>pass</STATUS>
</MPITEST>
<MPITEST>
<NAME>typeattr3f</NAME>
<NP>1</NP>
<WORKDIR>./f77/attr</WORKDIR>
<STATUS>pass</STATUS>
</MPITEST>
<MPITEST>
<NAME>uallreducef</NAME>
<NP>4</NP>
<WORKDIR>./f77/coll</WORKDIR>
<STATUS>pass</STATUS>
</MPITEST>
<MPITEST>
<NAME>exscanf</NAME>
<NP>5</NP>
<WORKDIR>./f77/coll</WORKDIR>
<STATUS>pass</STATUS>
</MPITEST>
<MPITEST>
<NAME>alltoallwf</NAME>
<NP>7</NP>
<WORKDIR>./f77/coll</WORKDIR>
<STATUS>pass</STATUS>
</MPITEST>
<MPITEST>
<NAME>alltoallvf</NAME>
<NP>7</NP>
<WORKDIR>./f77/coll</WORKDIR>
<STATUS>pass</STATUS>
</MPITEST>
<MPITEST>
<NAME>inplacef</NAME>
<NP>4</NP>
<WORKDIR>./f77/coll</WORKDIR>
<STATUS>pass</STATUS>
</MPITEST>
<MPITEST>
<NAME>reducelocalf</NAME>
<NP>2</NP>
<WORKDIR>./f77/coll</WORKDIR>
<STATUS>pass</STATUS>
</MPITEST>
<MPITEST>
<NAME>redscatf</NAME>
<NP>4</NP>
<WORKDIR>./f77/coll</WORKDIR>
<STATUS>pass</STATUS>
</MPITEST>
<MPITEST>
<NAME>split_typef</NAME>
<NP>4</NP>
<WORKDIR>./f77/coll</WORKDIR>
<STATUS>pass</STATUS>
</MPITEST>
<MPITEST>
<NAME>nonblockingf</NAME>
<NP>4</NP>
<WORKDIR>./f77/coll</WORKDIR>
<STATUS>fail</STATUS>
<TESTDIFF>
</TESTDIFF>
</MPITEST>
<MPITEST>
<NAME>vw_inplacef</NAME>
<NP>4</NP>
<WORKDIR>./f77/coll</WORKDIR>
<STATUS>pass</STATUS>
</MPITEST>
<MPITEST>
<NAME>red_scat_blockf</NAME>
<NP>4</NP>
<WORKDIR>./f77/coll</WORKDIR>
<STATUS>pass</STATUS>
</MPITEST>
<MPITEST>
<NAME>nonblocking_inpf</NAME>
<NP>4</NP>
<WORKDIR>./f77/coll</WORKDIR>
<STATUS>fail</STATUS>
<TESTDIFF>
</TESTDIFF>
</MPITEST>
<MPITEST>
<NAME>typenamef</NAME>
<NP>1</NP>
<WORKDIR>./f77/datatype</WORKDIR>
<STATUS>pass</STATUS>
</MPITEST>
<MPITEST>
<NAME>typename3f</NAME>
<NP>1</NP>
<WORKDIR>./f77/datatype</WORKDIR>
<STATUS>pass</STATUS>
</MPITEST>
<MPITEST>
<NAME>typesnamef</NAME>
<NP>1</NP>
<WORKDIR>./f77/datatype</WORKDIR>
<STATUS>pass</STATUS>
</MPITEST>
<MPITEST>
<NAME>typecntsf</NAME>
<NP>1</NP>
<WORKDIR>./f77/datatype</WORKDIR>
<STATUS>pass</STATUS>
</MPITEST>
<MPITEST>
<NAME>typem2f</NAME>
<NP>1</NP>
<WORKDIR>./f77/datatype</WORKDIR>
<STATUS>pass</STATUS>
</MPITEST>
<MPITEST>
<NAME>typesubf</NAME>
<NP>1</NP>
<WORKDIR>./f77/datatype</WORKDIR>
<STATUS>pass</STATUS>
</MPITEST>
<MPITEST>
<NAME>packef</NAME>
<NP>1</NP>
<WORKDIR>./f77/datatype</WORKDIR>
<STATUS>pass</STATUS>
</MPITEST>
<MPITEST>
<NAME>gaddressf</NAME>
<NP>1</NP>
<WORKDIR>./f77/datatype</WORKDIR>
<STATUS>pass</STATUS>
</MPITEST>
<MPITEST>
<NAME>allctypesf</NAME>
<NP>1</NP>
<WORKDIR>./f77/datatype</WORKDIR>
<STATUS>pass</STATUS>
</MPITEST>
<MPITEST>
<NAME>hindex1f</NAME>
<NP>1</NP>
<WORKDIR>./f77/datatype</WORKDIR>
<STATUS>pass</STATUS>
</MPITEST>
<MPITEST>
<NAME>hindexed_blockf</NAME>
<NP>1</NP>
<WORKDIR>./f77/datatype</WORKDIR>
<STATUS>pass</STATUS>
</MPITEST>
<MPITEST>
<NAME>bottom</NAME>
<NP>2</NP>
<WORKDIR>./f77/datatype</WORKDIR>
<STATUS>pass</STATUS>
</MPITEST>
<MPITEST>
<NAME>statusesf</NAME>
<NP>1</NP>
<WORKDIR>./f77/pt2pt</WORKDIR>
<STATUS>pass</STATUS>
</MPITEST>
<MPITEST>
<NAME>greqf</NAME>
<NP>1</NP>
<WORKDIR>./f77/pt2pt</WORKDIR>
<STATUS>fail</STATUS>
<TESTDIFF>
Deadlock detected! Process 27960 will wait forever.
('wait' called without outstanding send or recv requests).
Requests:
Sockets:
  sock#0xf4fdb0 listen:    -1 demand:   0(   0)  src:(134.94.169.164,27960,(nil),r0000000) anyrecv:     0
  Connections:
    con#0xf52778 type:  loop state:    open dest:(134.94.169.164,27960,0xf52778,r0000000) recvcnt:    0
Fds:

Reqs:3 GenReqs: (cnt:0  used:0)
</TESTDIFF>
</MPITEST>
<MPITEST>
<NAME>allpairf</NAME>
<NP>2</NP>
<WORKDIR>./f77/pt2pt</WORKDIR>
<STATUS>pass</STATUS>
</MPITEST>
<MPITEST>
<NAME>mprobef</NAME>
<NP>2</NP>
<WORKDIR>./f77/pt2pt</WORKDIR>
<STATUS>pass</STATUS>
</MPITEST>
<MPITEST>
<NAME>infotestf</NAME>
<NP>1</NP>
<WORKDIR>./f77/info</WORKDIR>
<STATUS>pass</STATUS>
</MPITEST>
<MPITEST>
<NAME>infotest2f</NAME>
<NP>1</NP>
<WORKDIR>./f77/info</WORKDIR>
<STATUS>pass</STATUS>
</MPITEST>
<MPITEST>
<NAME>namepubf</NAME>
<NP>2</NP>
<WORKDIR>./f77/spawn</WORKDIR>
<STATUS>fail</STATUS>
<TESTDIFF>
 Error in Publish_name Invalid service name (see MPI_Publish_name), error stack:
MPI_Publish_name(133): MPI_Publish_name(service="MyTest", MPI_INFO_NULL, port="otherhost:122") failed
MPID_NS_Publish(59)..: Lookup failed for service name MyTest
 Error in Lookup nameInvalid service name (see MPI_Publish_name), error stack:
MPI_Lookup_name(149): MPI_Lookup_name(service="MyTest", MPI_INFO_NULL, port=0x20a1318) failed
MPI_Lookup_name(129): 
MPID_NS_Lookup(85)..: Lookup failed for service name MyTest
[cli_0]: getval cmd failed
[cli_0]: expecting cmd=lookup_result, got unpublish_result
[cli_1]: getval cmd failed
 Lookup name returned name after it was unpublished
 Lookup name returned name after it was unpublished
  Found            4  errors
[cli_0]: getval cmd failed
[cli_1]: expecting cmd=finalize_ack, got lookup_result
readFromPMIClient: lost connection to the PMI client
readFromPMIClient: lost connection to the PMI client
do_send(r0): got error 9 on PMI socket: Bad file descriptor
do_send(r1): got error 9 on PMI socket: Bad file descriptor
do_send(r0): got error 9 on PMI socket: Bad file descriptor
do_send(r1): got error 9 on PMI socket: Bad file descriptor
do_send(r0): got error 9 on PMI socket: Bad file descriptor
do_send(r1): got error 9 on PMI socket: Bad file descriptor
do_send(r0): got error 9 on PMI socket: Bad file descriptor
do_send(r1): got error 9 on PMI socket: Bad file descriptor
do_send(r0): got error 9 on PMI socket: Bad file descriptor
do_send(r1): got error 9 on PMI socket: Bad file descriptor
__PMI_send(r0): failed sending cmd=finalize_ack
 from pmi_finalize:1357
__PMI_send(r1): failed sending cmd=finalize_ack
 from pmi_finalize:1357
</TESTDIFF>
</MPITEST>
<MPITEST>
<NAME>spawnf</NAME>
<NP>1</NP>
<WORKDIR>./f77/spawn</WORKDIR>
<STATUS>pass</STATUS>
</MPITEST>
<MPITEST>
<NAME>spawnargvf</NAME>
<NP>1</NP>
<WORKDIR>./f77/spawn</WORKDIR>
<STATUS>pass</STATUS>
</MPITEST>
<MPITEST>
<NAME>connaccf</NAME>
<NP>2</NP>
<WORKDIR>./f77/spawn</WORKDIR>
<STATUS>fail</STATUS>
<TESTDIFF>
[cli_1]: getval cmd failed
 lookup name returned a value before published
[cli_0]: getval cmd failed
Fatal error in MPI_Lookup_name: Invalid service name (see MPI_Publish_name), error stack:
MPI_Lookup_name(149): MPI_Lookup_name(service="fservtest", MPI_INFO_NULL, port=0xfd8ba8) failed
MPI_Lookup_name(129): 
MPID_NS_Lookup(85)..: Lookup failed for service name fservtest
</TESTDIFF>
</MPITEST>
<MPITEST>
<NAME>spawnmultf</NAME>
<NP>1</NP>
<WORKDIR>./f77/spawn</WORKDIR>
<STATUS>fail</STATUS>
<TESTDIFF>
 Found arg a                                                                                but expected -p        
 Found arg b=c                                                                              but expected 27        
 Found arg d e                                                                              but expected -echo     
 Wrong number of arguments (           5 )
  Found            4  errors
</TESTDIFF>
</MPITEST>
<MPITEST>
<NAME>spawnmult2f</NAME>
<NP>2</NP>
<WORKDIR>./f77/spawn</WORKDIR>
<STATUS>pass</STATUS>
</MPITEST>
<MPITEST>
<NAME>iwriteatf</NAME>
<NP>4</NP>
<WORKDIR>./f77/io</WORKDIR>
<STATUS>fail</STATUS>
<TESTDIFF>
Assertion failed in file /home/clauss/Work/psmpi/mpich2/src/mpi/pt2pt/mpir_request.c at line 680: MPID_Request_is_complete(request_ptrs[i])
Assertion failed in file /home/clauss/Work/psmpi/mpich2/src/mpi/pt2pt/mpir_request.c at line 680: MPID_Request_is_complete(request_ptrs[i])
Assertion failed in file /home/clauss/Work/psmpi/mpich2/src/mpi/pt2pt/mpir_request.c at line 680: MPID_Request_is_complete(request_ptrs[i])
Assertion failed in file /home/clauss/Work/psmpi/mpich2/src/mpi/pt2pt/mpir_request.c at line 680: MPID_Request_is_complete(request_ptrs[i])

Program received signal SIGSEGV: Segmentation fault - invalid memory reference.

Backtrace for this error:

Program received signal SIGSEGV: Segmentation fault - invalid memory reference.

Backtrace for this error:

Program received signal SIGSEGV: Segmentation fault - invalid memory reference.

Backtrace for this error:

Program received signal SIGSEGV: Segmentation fault - invalid memory reference.

Backtrace for this error:
#0  0x7FAEF1B8ED47
#0  0x7FAA55C17D47
#0  0x7FD1848B0D47
#0  0x7F659F1E7D47
#1  0x7FAEF1B8F34E
#1  0x7FAA55C1834E
#1  0x7FD1848B134E
#1  0x7F659F1E834E
#2  0x7FAEF10AA11F
#2  0x7FD183DCC11F
#2  0x7F659E70311F
#2  0x7FAA5513311F
#3  0x7F659E74F2FA
#4  0x7F659E73791E
#3  0x7FAA5517F2FA
#3  0x7FAEF10F62FA
#3  0x7FD183E182FA
#4  0x7FAEF10DE91E
#4  0x7FD183E0091E
#4  0x7FAA5516791E
#5  0x7FAA5602C924
#6  0x7FAA56023C92
#5  0x7F659F5FC924
#5  0x7FAEF1FA3924
#6  0x7F659F5F3C92
#6  0x7FAEF1F9AC92
#7  0x7F659F5EF433
#8  0x7F659F5AE279
#7  0x7FAEF1F96433
#9  0x7F659F5AE7BA
#8  0x7FAEF1F55279
#10  0x7F659F96153D
#9  0x7FAEF1F557BA
#7  0x7FAA5601F433
#8  0x7FAA55FDE279
#9  0x7FAA55FDE7BA
#10  0x7FAA5639153D
#11  0x4017FA in MAIN__ at iwriteatf.f:109
#10  0x7FAEF230853D
#11  0x4017FA in MAIN__ at iwriteatf.f:109
#11  0x4017FA in MAIN__ at iwriteatf.f:109
</TESTDIFF>
</MPITEST>
<MPITEST>
<NAME>iwritef</NAME>
<NP>4</NP>
<WORKDIR>./f77/io</WORKDIR>
<STATUS>fail</STATUS>
<TESTDIFF>
Assertion failed in file /home/clauss/Work/psmpi/mpich2/src/mpi/pt2pt/mpir_request.c at line 680: MPID_Request_is_complete(request_ptrs[i])
Assertion failed in file /home/clauss/Work/psmpi/mpich2/src/mpi/pt2pt/mpir_request.c at line 680: MPID_Request_is_complete(request_ptrs[i])
Assertion failed in file /home/clauss/Work/psmpi/mpich2/src/mpi/pt2pt/mpir_request.c at line 680: MPID_Request_is_complete(request_ptrs[i])

Program received signal SIGSEGV: Segmentation fault - invalid memory reference.

Backtrace for this error:

Program received signal SIGSEGV: Segmentation fault - invalid memory reference.

Backtrace for this error:

Program received signal SIGSEGV: Segmentation fault - invalid memory reference.

Backtrace for this error:
Assertion failed in file /home/clauss/Work/psmpi/mpich2/src/mpi/pt2pt/mpir_request.c at line 680: MPID_Request_is_complete(request_ptrs[i])

Program received signal SIGSEGV: Segmentation fault - invalid memory reference.

Backtrace for this error:
#0  0x7FD48C29DD47
#0  0x7F73036EFD47
#0  0x7FEC70CC6D47
#0  0x7FC513C4ED47
#1  0x7FD48C29E34E
#1  0x7F73036F034E
#1  0x7FEC70CC734E
#1  0x7FC513C4F34E
#2  0x7FD48B7B911F
#2  0x7F7302C0B11F
#2  0x7FC51316A11F
#3  0x7FD48B8052FA
#3  0x7F7302C572FA
#4  0x7F7302C3F91E
#3  0x7FC5131B62FA
#4  0x7FD48B7ED91E
#4  0x7FC51319E91E
#5  0x7FD48C6B2924
#5  0x7FC514063924
#6  0x7FC51405AC92
#6  0x7FD48C6A9C92
#2  0x7FEC701E211F
#3  0x7FEC7022E2FA
#4  0x7FEC7021691E
#5  0x7FEC710DB924
#6  0x7FEC710D2C92
#7  0x7FC514056433
#7  0x7FD48C6A5433
#5  0x7F7303B04924
#6  0x7F7303AFBC92
#7  0x7F7303AF7433
#8  0x7FC514015279
#8  0x7FD48C664279
#9  0x7FC5140157BA
#8  0x7F7303AB6279
#9  0x7F7303AB67BA
#7  0x7FEC710CE433
#8  0x7FEC7108D279
#9  0x7FEC7108D7BA
#9  0x7FD48C6647BA
#10  0x7FC5143C853D
#10  0x7FD48CA1753D
#10  0x7FEC7144053D
#10  0x7F7303E6953D
#11  0x4018CE in MAIN__ at iwritef.f:124
#11  0x4018CE in MAIN__ at iwritef.f:124
#11  0x4018CE in MAIN__ at iwritef.f:124
#11  0x4018CE in MAIN__ at iwritef.f:124
</TESTDIFF>
</MPITEST>
<MPITEST>
<NAME>iwriteshf</NAME>
<NP>4</NP>
<WORKDIR>./f77/io</WORKDIR>
<STATUS>fail</STATUS>
<TESTDIFF>
</TESTDIFF>
</MPITEST>
<MPITEST>
<NAME>writef</NAME>
<NP>4</NP>
<WORKDIR>./f77/io</WORKDIR>
<STATUS>pass</STATUS>
</MPITEST>
<MPITEST>
<NAME>writeatf</NAME>
<NP>4</NP>
<WORKDIR>./f77/io</WORKDIR>
<STATUS>pass</STATUS>
</MPITEST>
<MPITEST>
<NAME>writeallf</NAME>
<NP>4</NP>
<WORKDIR>./f77/io</WORKDIR>
<STATUS>pass</STATUS>
</MPITEST>
<MPITEST>
<NAME>writeshf</NAME>
<NP>4</NP>
<WORKDIR>./f77/io</WORKDIR>
<STATUS>pass</STATUS>
</MPITEST>
<MPITEST>
<NAME>writeordf</NAME>
<NP>4</NP>
<WORKDIR>./f77/io</WORKDIR>
<STATUS>pass</STATUS>
</MPITEST>
<MPITEST>
<NAME>writeatallf</NAME>
<NP>4</NP>
<WORKDIR>./f77/io</WORKDIR>
<STATUS>pass</STATUS>
</MPITEST>
<MPITEST>
<NAME>writeatallbef</NAME>
<NP>4</NP>
<WORKDIR>./f77/io</WORKDIR>
<STATUS>pass</STATUS>
</MPITEST>
<MPITEST>
<NAME>writeallbef</NAME>
<NP>4</NP>
<WORKDIR>./f77/io</WORKDIR>
<STATUS>pass</STATUS>
</MPITEST>
<MPITEST>
<NAME>writeordbef</NAME>
<NP>4</NP>
<WORKDIR>./f77/io</WORKDIR>
<STATUS>pass</STATUS>
</MPITEST>
<MPITEST>
<NAME>fileerrf</NAME>
<NP>1</NP>
<WORKDIR>./f77/io</WORKDIR>
<STATUS>pass</STATUS>
</MPITEST>
<MPITEST>
<NAME>fileinfof</NAME>
<NP>3</NP>
<WORKDIR>./f77/io</WORKDIR>
<STATUS>pass</STATUS>
</MPITEST>
<MPITEST>
<NAME>shpositionf</NAME>
<NP>4</NP>
<WORKDIR>./f77/io</WORKDIR>
<STATUS>pass</STATUS>
</MPITEST>
<MPITEST>
<NAME>atomicityf</NAME>
<NP>8</NP>
<WORKDIR>./f77/io</WORKDIR>
<STATUS>pass</STATUS>
</MPITEST>
<MPITEST>
<NAME>miscfilef</NAME>
<NP>4</NP>
<WORKDIR>./f77/io</WORKDIR>
<STATUS>pass</STATUS>
</MPITEST>
<MPITEST>
<NAME>setviewcurf</NAME>
<NP>4</NP>
<WORKDIR>./f77/io</WORKDIR>
<STATUS>pass</STATUS>
</MPITEST>
<MPITEST>
<NAME>c2f2ciof</NAME>
<NP>1</NP>
<WORKDIR>./f77/io</WORKDIR>
<STATUS>pass</STATUS>
</MPITEST>
<MPITEST>
<NAME>c2fmultio</NAME>
<NP>1</NP>
<WORKDIR>./f77/io</WORKDIR>
<STATUS>pass</STATUS>
</MPITEST>
<MPITEST>
<NAME>i_setviewcurf</NAME>
<NP>4</NP>
<WORKDIR>./f77/io</WORKDIR>
<STATUS>fail</STATUS>
<TESTDIFF>
</TESTDIFF>
</MPITEST>
<MPITEST>
<NAME>iwriteatallf</NAME>
<NP>4</NP>
<WORKDIR>./f77/io</WORKDIR>
<STATUS>fail</STATUS>
<TESTDIFF>
</TESTDIFF>
</MPITEST>
<MPITEST>
<NAME>winscale1f</NAME>
<NP>4</NP>
<WORKDIR>./f77/rma</WORKDIR>
<STATUS>pass</STATUS>
</MPITEST>
<MPITEST>
<NAME>winfencef</NAME>
<NP>4</NP>
<WORKDIR>./f77/rma</WORKDIR>
<STATUS>pass</STATUS>
</MPITEST>
<MPITEST>
<NAME>wingetf</NAME>
<NP>5</NP>
<WORKDIR>./f77/rma</WORKDIR>
<STATUS>pass</STATUS>
</MPITEST>
<MPITEST>
<NAME>winscale2f</NAME>
<NP>4</NP>
<WORKDIR>./f77/rma</WORKDIR>
<STATUS>pass</STATUS>
</MPITEST>
<MPITEST>
<NAME>winerrf</NAME>
<NP>1</NP>
<WORKDIR>./f77/rma</WORKDIR>
<STATUS>pass</STATUS>
</MPITEST>
<MPITEST>
<NAME>winnamef</NAME>
<NP>1</NP>
<WORKDIR>./f77/rma</WORKDIR>
<STATUS>pass</STATUS>
</MPITEST>
<MPITEST>
<NAME>wingroupf</NAME>
<NP>4</NP>
<WORKDIR>./f77/rma</WORKDIR>
<STATUS>pass</STATUS>
</MPITEST>
<MPITEST>
<NAME>winaccf</NAME>
<NP>4</NP>
<WORKDIR>./f77/rma</WORKDIR>
<STATUS>pass</STATUS>
</MPITEST>
<MPITEST>
<NAME>c2f2cwinf</NAME>
<NP>1</NP>
<WORKDIR>./f77/rma</WORKDIR>
<STATUS>pass</STATUS>
</MPITEST>
<MPITEST>
<NAME>baseattrwinf</NAME>
<NP>1</NP>
<WORKDIR>./f77/rma</WORKDIR>
<STATUS>pass</STATUS>
</MPITEST>
<MPITEST>
<NAME>winattrf</NAME>
<NP>1</NP>
<WORKDIR>./f77/rma</WORKDIR>
<STATUS>pass</STATUS>
</MPITEST>
<MPITEST>
<NAME>winattr2f</NAME>
<NP>1</NP>
<WORKDIR>./f77/rma</WORKDIR>
<STATUS>pass</STATUS>
</MPITEST>
<MPITEST>
<NAME>aintf</NAME>
<NP>2</NP>
<WORKDIR>./f77/rma</WORKDIR>
<STATUS>pass</STATUS>
</MPITEST>
<MPITEST>
<NAME>baseenvf</NAME>
<NP>1</NP>
<WORKDIR>./f77/init</WORKDIR>
<STATUS>pass</STATUS>
</MPITEST>
<MPITEST>
<NAME>commnamef</NAME>
<NP>2</NP>
<WORKDIR>./f77/comm</WORKDIR>
<STATUS>pass</STATUS>
</MPITEST>
<MPITEST>
<NAME>commerrf</NAME>
<NP>2</NP>
<WORKDIR>./f77/comm</WORKDIR>
<STATUS>pass</STATUS>
</MPITEST>
<MPITEST>
<NAME>c2f2cf</NAME>
<NP>1</NP>
<WORKDIR>./f77/ext</WORKDIR>
<STATUS>pass</STATUS>
</MPITEST>
<MPITEST>
<NAME>c2fmult</NAME>
<NP>1</NP>
<WORKDIR>./f77/ext</WORKDIR>
<STATUS>pass</STATUS>
</MPITEST>
<MPITEST>
<NAME>ctypesinf</NAME>
<NP>1</NP>
<WORKDIR>./f77/ext</WORKDIR>
<STATUS>pass</STATUS>
</MPITEST>
<MPITEST>
<NAME>allocmemf</NAME>
<NP>1</NP>
<WORKDIR>./f77/ext</WORKDIR>
<STATUS>pass</STATUS>
</MPITEST>
<MPITEST>
<NAME>cartcrf</NAME>
<NP>4</NP>
<WORKDIR>./f77/topo</WORKDIR>
<STATUS>pass</STATUS>
</MPITEST>
<MPITEST>
<NAME>dgraph_wgtf</NAME>
<NP>4</NP>
<WORKDIR>./f77/topo</WORKDIR>
<STATUS>pass</STATUS>
</MPITEST>
<MPITEST>
<NAME>dgraph_unwgtf</NAME>
<NP>4</NP>
<WORKDIR>./f77/topo</WORKDIR>
<STATUS>pass</STATUS>
</MPITEST>
<MPITEST>
<NAME>profile1f</NAME>
<NP>2</NP>
<WORKDIR>./f77/profile</WORKDIR>
<STATUS>pass</STATUS>
</MPITEST>
<MPITEST>
<NAME>attrtx</NAME>
<NP>2</NP>
<WORKDIR>./cxx/attr</WORKDIR>
<STATUS>pass</STATUS>
</MPITEST>
<MPITEST>
<NAME>attricx</NAME>
<NP>4</NP>
<WORKDIR>./cxx/attr</WORKDIR>
<STATUS>pass</STATUS>
</MPITEST>
<MPITEST>
<NAME>baseattrcommx</NAME>
<NP>1</NP>
<WORKDIR>./cxx/attr</WORKDIR>
<STATUS>pass</STATUS>
</MPITEST>
<MPITEST>
<NAME>fkeyvalcommx</NAME>
<NP>1</NP>
<WORKDIR>./cxx/attr</WORKDIR>
<STATUS>pass</STATUS>
</MPITEST>
<MPITEST>
<NAME>fkeyvaltypex</NAME>
<NP>1</NP>
<WORKDIR>./cxx/attr</WORKDIR>
<STATUS>pass</STATUS>
</MPITEST>
<MPITEST>
<NAME>bsend1cxx</NAME>
<NP>2</NP>
<WORKDIR>./cxx/pt2pt</WORKDIR>
<STATUS>pass</STATUS>
</MPITEST>
<MPITEST>
<NAME>sendrecvx</NAME>
<NP>2</NP>
<WORKDIR>./cxx/pt2pt</WORKDIR>
<STATUS>pass</STATUS>
</MPITEST>
<MPITEST>
<NAME>commname2</NAME>
<NP>4</NP>
<WORKDIR>./cxx/comm</WORKDIR>
<STATUS>pass</STATUS>
</MPITEST>
<MPITEST>
<NAME>arcomplex</NAME>
<NP>4</NP>
<WORKDIR>./cxx/coll</WORKDIR>
<STATUS>pass</STATUS>
</MPITEST>
<MPITEST>
<NAME>uallredx</NAME>
<NP>5</NP>
<WORKDIR>./cxx/coll</WORKDIR>
<STATUS>pass</STATUS>
</MPITEST>
<MPITEST>
<NAME>uallreduce</NAME>
<NP>5</NP>
<WORKDIR>./cxx/coll</WORKDIR>
<STATUS>pass</STATUS>
</MPITEST>
<MPITEST>
<NAME>ureduce</NAME>
<NP>5</NP>
<WORKDIR>./cxx/coll</WORKDIR>
<STATUS>pass</STATUS>
</MPITEST>
<MPITEST>
<NAME>ureducelocal</NAME>
<NP>5</NP>
<WORKDIR>./cxx/coll</WORKDIR>
<STATUS>pass</STATUS>
</MPITEST>
<MPITEST>
<NAME>uscan</NAME>
<NP>5</NP>
<WORKDIR>./cxx/coll</WORKDIR>
<STATUS>pass</STATUS>
</MPITEST>
<MPITEST>
<NAME>uexscan</NAME>
<NP>5</NP>
<WORKDIR>./cxx/coll</WORKDIR>
<STATUS>pass</STATUS>
</MPITEST>
<MPITEST>
<NAME>alltoallw2x</NAME>
<NP>10</NP>
<WORKDIR>./cxx/coll</WORKDIR>
<STATUS>pass</STATUS>
</MPITEST>
<MPITEST>
<NAME>icbcastx</NAME>
<NP>4</NP>
<WORKDIR>./cxx/coll</WORKDIR>
<STATUS>pass</STATUS>
</MPITEST>
<MPITEST>
<NAME>icbcastx</NAME>
<NP>10</NP>
<WORKDIR>./cxx/coll</WORKDIR>
<STATUS>pass</STATUS>
</MPITEST>
<MPITEST>
<NAME>icallreducex</NAME>
<NP>5</NP>
<WORKDIR>./cxx/coll</WORKDIR>
<STATUS>pass</STATUS>
</MPITEST>
<MPITEST>
<NAME>icreducex</NAME>
<NP>5</NP>
<WORKDIR>./cxx/coll</WORKDIR>
<STATUS>pass</STATUS>
</MPITEST>
<MPITEST>
<NAME>icscatterx</NAME>
<NP>5</NP>
<WORKDIR>./cxx/coll</WORKDIR>
<STATUS>pass</STATUS>
</MPITEST>
<MPITEST>
<NAME>icgatherx</NAME>
<NP>5</NP>
<WORKDIR>./cxx/coll</WORKDIR>
<STATUS>pass</STATUS>
</MPITEST>
<MPITEST>
<NAME>icallgatherx</NAME>
<NP>5</NP>
<WORKDIR>./cxx/coll</WORKDIR>
<STATUS>pass</STATUS>
</MPITEST>
<MPITEST>
<NAME>icbarrierx</NAME>
<NP>5</NP>
<WORKDIR>./cxx/coll</WORKDIR>
<STATUS>pass</STATUS>
</MPITEST>
<MPITEST>
<NAME>icallgathervx</NAME>
<NP>5</NP>
<WORKDIR>./cxx/coll</WORKDIR>
<STATUS>pass</STATUS>
</MPITEST>
<MPITEST>
<NAME>icgathervx</NAME>
<NP>5</NP>
<WORKDIR>./cxx/coll</WORKDIR>
<STATUS>pass</STATUS>
</MPITEST>
<MPITEST>
<NAME>icscattervx</NAME>
<NP>5</NP>
<WORKDIR>./cxx/coll</WORKDIR>
<STATUS>pass</STATUS>
</MPITEST>
<MPITEST>
<NAME>icalltoallx</NAME>
<NP>5</NP>
<WORKDIR>./cxx/coll</WORKDIR>
<STATUS>pass</STATUS>
</MPITEST>
<MPITEST>
<NAME>reduceboolx</NAME>
<NP>5</NP>
<WORKDIR>./cxx/coll</WORKDIR>
<STATUS>pass</STATUS>
</MPITEST>
<MPITEST>
<NAME>redscatblk</NAME>
<NP>4</NP>
<WORKDIR>./cxx/coll</WORKDIR>
<STATUS>pass</STATUS>
</MPITEST>
<MPITEST>
<NAME>commcallx</NAME>
<NP>2</NP>
<WORKDIR>./cxx/errhan</WORKDIR>
<STATUS>pass</STATUS>
</MPITEST>
<MPITEST>
<NAME>baseenv</NAME>
<NP>1</NP>
<WORKDIR>./cxx/init</WORKDIR>
<STATUS>pass</STATUS>
</MPITEST>
<MPITEST>
<NAME>initstatx</NAME>
<NP>1</NP>
<WORKDIR>./cxx/init</WORKDIR>
<STATUS>pass</STATUS>
</MPITEST>
<MPITEST>
<NAME>initstat2x</NAME>
<NP>1</NP>
<WORKDIR>./cxx/init</WORKDIR>
<STATUS>pass</STATUS>
</MPITEST>
<MPITEST>
<NAME>infodupx</NAME>
<NP>1</NP>
<WORKDIR>./cxx/info</WORKDIR>
<STATUS>pass</STATUS>
</MPITEST>
<MPITEST>
<NAME>infodelx</NAME>
<NP>1</NP>
<WORKDIR>./cxx/info</WORKDIR>
<STATUS>pass</STATUS>
</MPITEST>
<MPITEST>
<NAME>infovallenx</NAME>
<NP>1</NP>
<WORKDIR>./cxx/info</WORKDIR>
<STATUS>pass</STATUS>
</MPITEST>
<MPITEST>
<NAME>infoorderx</NAME>
<NP>1</NP>
<WORKDIR>./cxx/info</WORKDIR>
<STATUS>pass</STATUS>
</MPITEST>
<MPITEST>
<NAME>packsizex</NAME>
<NP>1</NP>
<WORKDIR>./cxx/datatype</WORKDIR>
<STATUS>pass</STATUS>
</MPITEST>
<MPITEST>
<NAME>typecntsx</NAME>
<NP>1</NP>
<WORKDIR>./cxx/datatype</WORKDIR>
<STATUS>pass</STATUS>
</MPITEST>
<MPITEST>
<NAME>typenamex</NAME>
<NP>1</NP>
<WORKDIR>./cxx/datatype</WORKDIR>
<STATUS>pass</STATUS>
</MPITEST>
<MPITEST>
<NAME>typemiscx</NAME>
<NP>1</NP>
<WORKDIR>./cxx/datatype</WORKDIR>
<STATUS>pass</STATUS>
</MPITEST>
<MPITEST>
<NAME>iwriteatx</NAME>
<NP>4</NP>
<WORKDIR>./cxx/io</WORKDIR>
<STATUS>fail</STATUS>
<TESTDIFF>
Assertion failed in file /home/clauss/Work/psmpi/mpich2/src/mpi/pt2pt/mpir_request.c at line 680: MPID_Request_is_complete(request_ptrs[i])
Assertion failed in file /home/clauss/Work/psmpi/mpich2/src/mpi/pt2pt/mpir_request.c at line 680: MPID_Request_is_complete(request_ptrs[i])
Assertion failed in file /home/clauss/Work/psmpi/mpich2/src/mpi/pt2pt/mpir_request.c at line 680: MPID_Request_is_complete(request_ptrs[i])
Assertion failed in file /home/clauss/Work/psmpi/mpich2/src/mpi/pt2pt/mpir_request.c at line 680: MPID_Request_is_complete(request_ptrs[i])
</TESTDIFF>
</MPITEST>
<MPITEST>
<NAME>iwritex</NAME>
<NP>4</NP>
<WORKDIR>./cxx/io</WORKDIR>
<STATUS>fail</STATUS>
<TESTDIFF>
Assertion failed in file /home/clauss/Work/psmpi/mpich2/src/mpi/pt2pt/mpir_request.c at line 680: MPID_Request_is_complete(request_ptrs[i])
Assertion failed in file /home/clauss/Work/psmpi/mpich2/src/mpi/pt2pt/mpir_request.c at line 680: MPID_Request_is_complete(request_ptrs[i])
Assertion failed in file /home/clauss/Work/psmpi/mpich2/src/mpi/pt2pt/mpir_request.c at line 680: MPID_Request_is_complete(request_ptrs[i])
Assertion failed in file /home/clauss/Work/psmpi/mpich2/src/mpi/pt2pt/mpir_request.c at line 680: MPID_Request_is_complete(request_ptrs[i])
</TESTDIFF>
</MPITEST>
<MPITEST>
<NAME>iwriteshx</NAME>
<NP>4</NP>
<WORKDIR>./cxx/io</WORKDIR>
<STATUS>fail</STATUS>
<TESTDIFF>
</TESTDIFF>
</MPITEST>
<MPITEST>
<NAME>writex</NAME>
<NP>4</NP>
<WORKDIR>./cxx/io</WORKDIR>
<STATUS>pass</STATUS>
</MPITEST>
<MPITEST>
<NAME>writeatx</NAME>
<NP>4</NP>
<WORKDIR>./cxx/io</WORKDIR>
<STATUS>pass</STATUS>
</MPITEST>
<MPITEST>
<NAME>writeallx</NAME>
<NP>4</NP>
<WORKDIR>./cxx/io</WORKDIR>
<STATUS>pass</STATUS>
</MPITEST>
<MPITEST>
<NAME>writeshx</NAME>
<NP>4</NP>
<WORKDIR>./cxx/io</WORKDIR>
<STATUS>pass</STATUS>
</MPITEST>
<MPITEST>
<NAME>writeordx</NAME>
<NP>4</NP>
<WORKDIR>./cxx/io</WORKDIR>
<STATUS>pass</STATUS>
</MPITEST>
<MPITEST>
<NAME>writeatallx</NAME>
<NP>4</NP>
<WORKDIR>./cxx/io</WORKDIR>
<STATUS>pass</STATUS>
</MPITEST>
<MPITEST>
<NAME>writeatallbex</NAME>
<NP>4</NP>
<WORKDIR>./cxx/io</WORKDIR>
<STATUS>pass</STATUS>
</MPITEST>
<MPITEST>
<NAME>writeallbex</NAME>
<NP>4</NP>
<WORKDIR>./cxx/io</WORKDIR>
<STATUS>pass</STATUS>
</MPITEST>
<MPITEST>
<NAME>writeordbex</NAME>
<NP>4</NP>
<WORKDIR>./cxx/io</WORKDIR>
<STATUS>pass</STATUS>
</MPITEST>
<MPITEST>
<NAME>iwriteatnosx</NAME>
<NP>4</NP>
<WORKDIR>./cxx/io</WORKDIR>
<STATUS>fail</STATUS>
<TESTDIFF>
Assertion failed in file /home/clauss/Work/psmpi/mpich2/src/mpi/pt2pt/mpir_request.c at line 680: MPID_Request_is_complete(request_ptrs[i])
Assertion failed in file /home/clauss/Work/psmpi/mpich2/src/mpi/pt2pt/mpir_request.c at line 680: MPID_Request_is_complete(request_ptrs[i])
Assertion failed in file /home/clauss/Work/psmpi/mpich2/src/mpi/pt2pt/mpir_request.c at line 680: MPID_Request_is_complete(request_ptrs[i])
Assertion failed in file /home/clauss/Work/psmpi/mpich2/src/mpi/pt2pt/mpir_request.c at line 680: MPID_Request_is_complete(request_ptrs[i])
</TESTDIFF>
</MPITEST>
<MPITEST>
<NAME>iwritenosx</NAME>
<NP>4</NP>
<WORKDIR>./cxx/io</WORKDIR>
<STATUS>fail</STATUS>
<TESTDIFF>
Assertion failed in file /home/clauss/Work/psmpi/mpich2/src/mpi/pt2pt/mpir_request.c at line 680: MPID_Request_is_complete(request_ptrs[i])
Assertion failed in file /home/clauss/Work/psmpi/mpich2/src/mpi/pt2pt/mpir_request.c at line 680: MPID_Request_is_complete(request_ptrs[i])
Assertion failed in file /home/clauss/Work/psmpi/mpich2/src/mpi/pt2pt/mpir_request.c at line 680: MPID_Request_is_complete(request_ptrs[i])
Assertion failed in file /home/clauss/Work/psmpi/mpich2/src/mpi/pt2pt/mpir_request.c at line 680: MPID_Request_is_complete(request_ptrs[i])
</TESTDIFF>
</MPITEST>
<MPITEST>
<NAME>iwriteshnosx</NAME>
<NP>4</NP>
<WORKDIR>./cxx/io</WORKDIR>
<STATUS>fail</STATUS>
<TESTDIFF>
</TESTDIFF>
</MPITEST>
<MPITEST>
<NAME>writenosx</NAME>
<NP>4</NP>
<WORKDIR>./cxx/io</WORKDIR>
<STATUS>pass</STATUS>
</MPITEST>
<MPITEST>
<NAME>writeatnosx</NAME>
<NP>4</NP>
<WORKDIR>./cxx/io</WORKDIR>
<STATUS>pass</STATUS>
</MPITEST>
<MPITEST>
<NAME>writeallnosx</NAME>
<NP>4</NP>
<WORKDIR>./cxx/io</WORKDIR>
<STATUS>pass</STATUS>
</MPITEST>
<MPITEST>
<NAME>writeshnosx</NAME>
<NP>4</NP>
<WORKDIR>./cxx/io</WORKDIR>
<STATUS>pass</STATUS>
</MPITEST>
<MPITEST>
<NAME>writeordnosx</NAME>
<NP>4</NP>
<WORKDIR>./cxx/io</WORKDIR>
<STATUS>pass</STATUS>
</MPITEST>
<MPITEST>
<NAME>writeatallnosx</NAME>
<NP>4</NP>
<WORKDIR>./cxx/io</WORKDIR>
<STATUS>pass</STATUS>
</MPITEST>
<MPITEST>
<NAME>writeatallbenosx</NAME>
<NP>4</NP>
<WORKDIR>./cxx/io</WORKDIR>
<STATUS>pass</STATUS>
</MPITEST>
<MPITEST>
<NAME>writeallbenosx</NAME>
<NP>4</NP>
<WORKDIR>./cxx/io</WORKDIR>
<STATUS>pass</STATUS>
</MPITEST>
<MPITEST>
<NAME>writeordbenosx</NAME>
<NP>4</NP>
<WORKDIR>./cxx/io</WORKDIR>
<STATUS>pass</STATUS>
</MPITEST>
<MPITEST>
<NAME>fileerrx</NAME>
<NP>1</NP>
<WORKDIR>./cxx/io</WORKDIR>
<STATUS>pass</STATUS>
</MPITEST>
<MPITEST>
<NAME>fileinfox</NAME>
<NP>3</NP>
<WORKDIR>./cxx/io</WORKDIR>
<STATUS>pass</STATUS>
</MPITEST>
<MPITEST>
<NAME>filemiscx</NAME>
<NP>4</NP>
<WORKDIR>./cxx/io</WORKDIR>
<STATUS>pass</STATUS>
</MPITEST>
<MPITEST>
<NAME>shpositionx</NAME>
<NP>4</NP>
<WORKDIR>./cxx/io</WORKDIR>
<STATUS>pass</STATUS>
</MPITEST>
<MPITEST>
<NAME>seekavail</NAME>
<NP>1</NP>
<WORKDIR>./cxx/io</WORKDIR>
<STATUS>pass</STATUS>
</MPITEST>
<MPITEST>
<NAME>namepubx</NAME>
<NP>2</NP>
<WORKDIR>./cxx/spawn</WORKDIR>
<STATUS>fail</STATUS>
<TESTDIFF>
Error in Publish_name Invalid service name (see MPI_Publish_name), error stack:
MPI_Publish_name(133): MPI_Publish_name(service="MyTest", MPI_INFO_NULL, port="otherhost:122") failed
MPID_NS_Publish(59)..: Lookup failed for service name MyTest
Error in Lookup name Invalid service name (see MPI_Publish_name), error stack:
MPI_Lookup_name(149): MPI_Lookup_name(service="MyTest", MPI_INFO_NULL, port=0x1ec5840) failed
MPI_Lookup_name(129): 
MPID_NS_Lookup(85)..: Lookup failed for service name MyTest
[cli_1]: getval cmd failed
[cli_0]: getval cmd failed
Lookup name returned name after it was unpublished
The name returned was 
[cli_0]: expecting cmd=lookup_result, got unpublish_result
Lookup name returned name after it was unpublished
The name returned was 
 Found 4 errors
[cli_0]: getval cmd failed
readFromPMIClient: lost connection to the PMI client
[cli_1]: expecting cmd=finalize_ack, got lookup_result
do_send(r0): got error 9 on PMI socket: Bad file descriptor
readFromPMIClient: lost connection to the PMI client
do_send(r0): got error 9 on PMI socket: Bad file descriptor
do_send(r1): got error 9 on PMI socket: Bad file descriptor
do_send(r0): got error 9 on PMI socket: Bad file descriptor
do_send(r1): got error 9 on PMI socket: Bad file descriptor
do_send(r0): got error 9 on PMI socket: Bad file descriptor
do_send(r1): got error 9 on PMI socket: Bad file descriptor
do_send(r0): got error 9 on PMI socket: Bad file descriptor
do_send(r1): got error 9 on PMI socket: Bad file descriptor
__PMI_send(r0): failed sending cmd=finalize_ack
 from pmi_finalize:1357
do_send(r1): got error 9 on PMI socket: Bad file descriptor
__PMI_send(r1): failed sending cmd=finalize_ack
 from pmi_finalize:1357
</TESTDIFF>
</MPITEST>
<MPITEST>
<NAME>spawnintrax</NAME>
<NP>1</NP>
<WORKDIR>./cxx/spawn</WORKDIR>
<STATUS>pass</STATUS>
</MPITEST>
<MPITEST>
<NAME>spawnintrax</NAME>
<NP>2</NP>
<WORKDIR>./cxx/spawn</WORKDIR>
<STATUS>pass</STATUS>
</MPITEST>
<MPITEST>
<NAME>spawnargvx</NAME>
<NP>1</NP>
<WORKDIR>./cxx/spawn</WORKDIR>
<STATUS>pass</STATUS>
</MPITEST>
<MPITEST>
<NAME>selfconaccx</NAME>
<NP>2</NP>
<WORKDIR>./cxx/spawn</WORKDIR>
<STATUS>pass</STATUS>
</MPITEST>
<MPITEST>
<NAME>winnamex</NAME>
<NP>1</NP>
<WORKDIR>./cxx/rma</WORKDIR>
<STATUS>pass</STATUS>
</MPITEST>
<MPITEST>
<NAME>wincallx</NAME>
<NP>1</NP>
<WORKDIR>./cxx/rma</WORKDIR>
<STATUS>pass</STATUS>
</MPITEST>
<MPITEST>
<NAME>getgroupx</NAME>
<NP>4</NP>
<WORKDIR>./cxx/rma</WORKDIR>
<STATUS>pass</STATUS>
</MPITEST>
<MPITEST>
<NAME>winfencex</NAME>
<NP>4</NP>
<WORKDIR>./cxx/rma</WORKDIR>
<STATUS>pass</STATUS>
</MPITEST>
<MPITEST>
<NAME>winscale1x</NAME>
<NP>4</NP>
<WORKDIR>./cxx/rma</WORKDIR>
<STATUS>pass</STATUS>
</MPITEST>
<MPITEST>
<NAME>winscale2x</NAME>
<NP>4</NP>
<WORKDIR>./cxx/rma</WORKDIR>
<STATUS>pass</STATUS>
</MPITEST>
<MPITEST>
<NAME>fkeyvalwinx</NAME>
<NP>1</NP>
<WORKDIR>./cxx/rma</WORKDIR>
<STATUS>pass</STATUS>
</MPITEST>
<MPITEST>
<NAME>attrmpi1f90</NAME>
<NP>1</NP>
<WORKDIR>./f90/attr</WORKDIR>
<STATUS>pass</STATUS>
</MPITEST>
<MPITEST>
<NAME>baseattrf90</NAME>
<NP>1</NP>
<WORKDIR>./f90/attr</WORKDIR>
<STATUS>pass</STATUS>
</MPITEST>
<MPITEST>
<NAME>baseattr2f90</NAME>
<NP>1</NP>
<WORKDIR>./f90/attr</WORKDIR>
<STATUS>pass</STATUS>
</MPITEST>
<MPITEST>
<NAME>commattrf90</NAME>
<NP>1</NP>
<WORKDIR>./f90/attr</WORKDIR>
<STATUS>pass</STATUS>
</MPITEST>
<MPITEST>
<NAME>commattr2f90</NAME>
<NP>1</NP>
<WORKDIR>./f90/attr</WORKDIR>
<STATUS>pass</STATUS>
</MPITEST>
<MPITEST>
<NAME>commattr3f90</NAME>
<NP>1</NP>
<WORKDIR>./f90/attr</WORKDIR>
<STATUS>pass</STATUS>
</MPITEST>
<MPITEST>
<NAME>commattr4f90</NAME>
<NP>1</NP>
<WORKDIR>./f90/attr</WORKDIR>
<STATUS>pass</STATUS>
</MPITEST>
<MPITEST>
<NAME>typeattrf90</NAME>
<NP>1</NP>
<WORKDIR>./f90/attr</WORKDIR>
<STATUS>pass</STATUS>
</MPITEST>
<MPITEST>
<NAME>typeattr2f90</NAME>
<NP>1</NP>
<WORKDIR>./f90/attr</WORKDIR>
<STATUS>pass</STATUS>
</MPITEST>
<MPITEST>
<NAME>typeattr3f90</NAME>
<NP>1</NP>
<WORKDIR>./f90/attr</WORKDIR>
<STATUS>pass</STATUS>
</MPITEST>
<MPITEST>
<NAME>fandcattrf90</NAME>
<NP>1</NP>
<WORKDIR>./f90/attr</WORKDIR>
<STATUS>pass</STATUS>
</MPITEST>
<MPITEST>
<NAME>baseattr3f90</NAME>
<NP>1</NP>
<WORKDIR>./f90/attr</WORKDIR>
<STATUS>pass</STATUS>
</MPITEST>
<MPITEST>
<NAME>attrlangf90</NAME>
<NP>1</NP>
<WORKDIR>./f90/attr</WORKDIR>
<STATUS>pass</STATUS>
</MPITEST>
<MPITEST>
<NAME>uallreducef90</NAME>
<NP>4</NP>
<WORKDIR>./f90/coll</WORKDIR>
<STATUS>pass</STATUS>
</MPITEST>
<MPITEST>
<NAME>exscanf90</NAME>
<NP>5</NP>
<WORKDIR>./f90/coll</WORKDIR>
<STATUS>pass</STATUS>
</MPITEST>
<MPITEST>
<NAME>alltoallwf90</NAME>
<NP>7</NP>
<WORKDIR>./f90/coll</WORKDIR>
<STATUS>pass</STATUS>
</MPITEST>
<MPITEST>
<NAME>alltoallvf90</NAME>
<NP>7</NP>
<WORKDIR>./f90/coll</WORKDIR>
<STATUS>pass</STATUS>
</MPITEST>
<MPITEST>
<NAME>inplacef90</NAME>
<NP>4</NP>
<WORKDIR>./f90/coll</WORKDIR>
<STATUS>pass</STATUS>
</MPITEST>
<MPITEST>
<NAME>reducelocalf90</NAME>
<NP>2</NP>
<WORKDIR>./f90/coll</WORKDIR>
<STATUS>pass</STATUS>
</MPITEST>
<MPITEST>
<NAME>redscatf90</NAME>
<NP>4</NP>
<WORKDIR>./f90/coll</WORKDIR>
<STATUS>pass</STATUS>
</MPITEST>
<MPITEST>
<NAME>split_typef90</NAME>
<NP>4</NP>
<WORKDIR>./f90/coll</WORKDIR>
<STATUS>pass</STATUS>
</MPITEST>
<MPITEST>
<NAME>nonblockingf90</NAME>
<NP>4</NP>
<WORKDIR>./f90/coll</WORKDIR>
<STATUS>fail</STATUS>
<TESTDIFF>
</TESTDIFF>
</MPITEST>
<MPITEST>
<NAME>vw_inplacef90</NAME>
<NP>4</NP>
<WORKDIR>./f90/coll</WORKDIR>
<STATUS>pass</STATUS>
</MPITEST>
<MPITEST>
<NAME>red_scat_blockf90</NAME>
<NP>4</NP>
<WORKDIR>./f90/coll</WORKDIR>
<STATUS>pass</STATUS>
</MPITEST>
<MPITEST>
<NAME>nonblocking_inpf90</NAME>
<NP>4</NP>
<WORKDIR>./f90/coll</WORKDIR>
<STATUS>fail</STATUS>
<TESTDIFF>
</TESTDIFF>
</MPITEST>
<MPITEST>
<NAME>commnamef90</NAME>
<NP>2</NP>
<WORKDIR>./f90/comm</WORKDIR>
<STATUS>pass</STATUS>
</MPITEST>
<MPITEST>
<NAME>commerrf90</NAME>
<NP>2</NP>
<WORKDIR>./f90/comm</WORKDIR>
<STATUS>pass</STATUS>
</MPITEST>
<MPITEST>
<NAME>c2f2cf90</NAME>
<NP>1</NP>
<WORKDIR>./f90/ext</WORKDIR>
<STATUS>pass</STATUS>
</MPITEST>
<MPITEST>
<NAME>c2f90mult</NAME>
<NP>1</NP>
<WORKDIR>./f90/ext</WORKDIR>
<STATUS>pass</STATUS>
</MPITEST>
<MPITEST>
<NAME>ctypesinf90</NAME>
<NP>1</NP>
<WORKDIR>./f90/ext</WORKDIR>
<STATUS>pass</STATUS>
</MPITEST>
<MPITEST>
<NAME>allocmemf90</NAME>
<NP>1</NP>
<WORKDIR>./f90/ext</WORKDIR>
<STATUS>pass</STATUS>
</MPITEST>
<MPITEST>
<NAME>infotestf90</NAME>
<NP>1</NP>
<WORKDIR>./f90/info</WORKDIR>
<STATUS>pass</STATUS>
</MPITEST>
<MPITEST>
<NAME>infotest2f90</NAME>
<NP>1</NP>
<WORKDIR>./f90/info</WORKDIR>
<STATUS>pass</STATUS>
</MPITEST>
<MPITEST>
<NAME>baseenvf90</NAME>
<NP>1</NP>
<WORKDIR>./f90/init</WORKDIR>
<STATUS>pass</STATUS>
</MPITEST>
<MPITEST>
<NAME>iwriteatf90</NAME>
<NP>4</NP>
<WORKDIR>./f90/io</WORKDIR>
<STATUS>fail</STATUS>
<TESTDIFF>
Assertion failed in file /home/clauss/Work/psmpi/mpich2/src/mpi/pt2pt/mpir_request.c at line 680: MPID_Request_is_complete(request_ptrs[i])
Assertion failed in file /home/clauss/Work/psmpi/mpich2/src/mpi/pt2pt/mpir_request.c at line 680: MPID_Request_is_complete(request_ptrs[i])
Assertion failed in file /home/clauss/Work/psmpi/mpich2/src/mpi/pt2pt/mpir_request.c at line 680: MPID_Request_is_complete(request_ptrs[i])
Assertion failed in file /home/clauss/Work/psmpi/mpich2/src/mpi/pt2pt/mpir_request.c at line 680: MPID_Request_is_complete(request_ptrs[i])

Program received signal SIGSEGV: Segmentation fault - invalid memory reference.

Program received signal SIGSEGV: Segmentation fault - invalid memory reference.

Backtrace for this error:

Program received signal SIGSEGV: Segmentation fault - invalid memory reference.

Backtrace for this error:

Program received signal SIGSEGV: Segmentation fault - invalid memory reference.

Backtrace for this error:

Backtrace for this error:
#0  0x7F7557312D47
#0  0x7FF5F68C5D47
#0  0x7FFA3E786D47
#0  0x7FB9347E2D47
#1  0x7F755731334E
#1  0x7FF5F68C634E
#1  0x7FFA3E78734E
#1  0x7FB9347E334E
#2  0x7F755682E11F
#2  0x7FFA3DCA211F
#2  0x7FB933CFE11F
#3  0x7F755687A2FA
#3  0x7FFA3DCEE2FA
#4  0x7F755686291E
#4  0x7FFA3DCD691E
#3  0x7FB933D4A2FA
#4  0x7FB933D3291E
#5  0x7F7557727924
#5  0x7FFA3EB9B924
#6  0x7FFA3EB92C92
#6  0x7F755771EC92
#2  0x7FF5F5DE111F
#3  0x7FF5F5E2D2FA
#4  0x7FF5F5E1591E
#5  0x7FF5F6CDA924
#6  0x7FF5F6CD1C92
#7  0x7FFA3EB8E433
#7  0x7F755771A433
#5  0x7FB934BF7924
#6  0x7FB934BEEC92
#7  0x7FB934BEA433
#8  0x7FFA3EB4D279
#8  0x7F75576D9279
#7  0x7FF5F6CCD433
#8  0x7FF5F6C8C279
#9  0x7FF5F6C8C7BA
#9  0x7F75576D97BA
#9  0x7FFA3EB4D7BA
#10  0x7FFA3EF0053D
#8  0x7FB934BA9279
#9  0x7FB934BA97BA
#10  0x7F7557A8C53D
#10  0x7FF5F703F53D
#10  0x7FB934F5C53D
#11  0x4017D3 in MAIN__ at iwriteatf90.f90:107
#11  0x4017D3 in MAIN__ at iwriteatf90.f90:107
#11  0x4017D3 in MAIN__ at iwriteatf90.f90:107
#11  0x4017D3 in MAIN__ at iwriteatf90.f90:107
</TESTDIFF>
</MPITEST>
<MPITEST>
<NAME>iwritef90</NAME>
<NP>4</NP>
<WORKDIR>./f90/io</WORKDIR>
<STATUS>fail</STATUS>
<TESTDIFF>
Assertion failed in file /home/clauss/Work/psmpi/mpich2/src/mpi/pt2pt/mpir_request.c at line 680: MPID_Request_is_complete(request_ptrs[i])
Assertion failed in file /home/clauss/Work/psmpi/mpich2/src/mpi/pt2pt/mpir_request.c at line 680: MPID_Request_is_complete(request_ptrs[i])
Assertion failed in file /home/clauss/Work/psmpi/mpich2/src/mpi/pt2pt/mpir_request.c at line 680: MPID_Request_is_complete(request_ptrs[i])

Program received signal SIGSEGV: Segmentation fault - invalid memory reference.

Backtrace for this error:

Program received signal SIGSEGV: Segmentation fault - invalid memory reference.

Backtrace for this error:
Assertion failed in file /home/clauss/Work/psmpi/mpich2/src/mpi/pt2pt/mpir_request.c at line 680: MPID_Request_is_complete(request_ptrs[i])

Program received signal SIGSEGV: Segmentation fault - invalid memory reference.

Backtrace for this error:

Program received signal SIGSEGV: Segmentation fault - invalid memory reference.

Backtrace for this error:
#0  0x7F74D8E98D47
#0  0x7F64FA0E5D47
#0  0x7F41295C4D47
#0  0x7FA3B4600D47
#1  0x7F74D8E9934E
#1  0x7F64FA0E634E
#1  0x7F41295C534E
#2  0x7F74D83B411F
#2  0x7F64F960111F
#3  0x7F74D84002FA
#3  0x7F64F964D2FA
#4  0x7F74D83E891E
#1  0x7FA3B460134E
#2  0x7FA3B3B1C11F
#3  0x7FA3B3B682FA
#4  0x7FA3B3B5091E
#5  0x7FA3B4A15924
#5  0x7F74D92AD924
#6  0x7FA3B4A0CC92
#6  0x7F74D92A4C92
#7  0x7FA3B4A08433
#8  0x7FA3B49C7279
#7  0x7F74D92A0433
#8  0x7F74D925F279
#9  0x7FA3B49C77BA
#9  0x7F74D925F7BA
#10  0x7F74D961253D
#10  0x7FA3B4D7A53D
#2  0x7F4128AE011F
#3  0x7F4128B2C2FA
#4  0x7F4128B1491E
#5  0x7F41299D9924
#6  0x7F41299D0C92
#7  0x7F41299CC433
#8  0x7F412998B279
#9  0x7F412998B7BA
#10  0x7F4129D3E53D
#11  0x4018A7 in MAIN__ at iwritef90.f90:122
#11  0x4018A7 in MAIN__ at iwritef90.f90:122
#11  0x4018A7 in MAIN__ at iwritef90.f90:122
#4  0x7F64F963591E
#5  0x7F64FA4FA924
#6  0x7F64FA4F1C92
#7  0x7F64FA4ED433
#8  0x7F64FA4AC279
#9  0x7F64FA4AC7BA
#10  0x7F64FA85F53D
#11  0x4018A7 in MAIN__ at iwritef90.f90:122
</TESTDIFF>
</MPITEST>
<MPITEST>
<NAME>iwriteshf90</NAME>
<NP>4</NP>
<WORKDIR>./f90/io</WORKDIR>
<STATUS>fail</STATUS>
<TESTDIFF>
</TESTDIFF>
</MPITEST>
<MPITEST>
<NAME>writef90</NAME>
<NP>4</NP>
<WORKDIR>./f90/io</WORKDIR>
<STATUS>pass</STATUS>
</MPITEST>
<MPITEST>
<NAME>writeatf90</NAME>
<NP>4</NP>
<WORKDIR>./f90/io</WORKDIR>
<STATUS>pass</STATUS>
</MPITEST>
<MPITEST>
<NAME>writeallf90</NAME>
<NP>4</NP>
<WORKDIR>./f90/io</WORKDIR>
<STATUS>pass</STATUS>
</MPITEST>
<MPITEST>
<NAME>writeshf90</NAME>
<NP>4</NP>
<WORKDIR>./f90/io</WORKDIR>
<STATUS>pass</STATUS>
</MPITEST>
<MPITEST>
<NAME>writeordf90</NAME>
<NP>4</NP>
<WORKDIR>./f90/io</WORKDIR>
<STATUS>pass</STATUS>
</MPITEST>
<MPITEST>
<NAME>writeatallf90</NAME>
<NP>4</NP>
<WORKDIR>./f90/io</WORKDIR>
<STATUS>pass</STATUS>
</MPITEST>
<MPITEST>
<NAME>writeatallbef90</NAME>
<NP>4</NP>
<WORKDIR>./f90/io</WORKDIR>
<STATUS>pass</STATUS>
</MPITEST>
<MPITEST>
<NAME>writeallbef90</NAME>
<NP>4</NP>
<WORKDIR>./f90/io</WORKDIR>
<STATUS>pass</STATUS>
</MPITEST>
<MPITEST>
<NAME>writeordbef90</NAME>
<NP>4</NP>
<WORKDIR>./f90/io</WORKDIR>
<STATUS>pass</STATUS>
</MPITEST>
<MPITEST>
<NAME>fileerrf90</NAME>
<NP>1</NP>
<WORKDIR>./f90/io</WORKDIR>
<STATUS>pass</STATUS>
</MPITEST>
<MPITEST>
<NAME>fileinfof90</NAME>
<NP>3</NP>
<WORKDIR>./f90/io</WORKDIR>
<STATUS>pass</STATUS>
</MPITEST>
<MPITEST>
<NAME>shpositionf90</NAME>
<NP>4</NP>
<WORKDIR>./f90/io</WORKDIR>
<STATUS>pass</STATUS>
</MPITEST>
<MPITEST>
<NAME>atomicityf90</NAME>
<NP>8</NP>
<WORKDIR>./f90/io</WORKDIR>
<STATUS>pass</STATUS>
</MPITEST>
<MPITEST>
<NAME>miscfilef90</NAME>
<NP>4</NP>
<WORKDIR>./f90/io</WORKDIR>
<STATUS>pass</STATUS>
</MPITEST>
<MPITEST>
<NAME>setviewcurf90</NAME>
<NP>4</NP>
<WORKDIR>./f90/io</WORKDIR>
<STATUS>pass</STATUS>
</MPITEST>
<MPITEST>
<NAME>c2f2ciof90</NAME>
<NP>1</NP>
<WORKDIR>./f90/io</WORKDIR>
<STATUS>pass</STATUS>
</MPITEST>
<MPITEST>
<NAME>c2f90multio</NAME>
<NP>1</NP>
<WORKDIR>./f90/io</WORKDIR>
<STATUS>pass</STATUS>
</MPITEST>
<MPITEST>
<NAME>i_setviewcurf90</NAME>
<NP>4</NP>
<WORKDIR>./f90/io</WORKDIR>
<STATUS>fail</STATUS>
<TESTDIFF>
</TESTDIFF>
</MPITEST>
<MPITEST>
<NAME>iwriteatallf90</NAME>
<NP>4</NP>
<WORKDIR>./f90/io</WORKDIR>
<STATUS>fail</STATUS>
<TESTDIFF>
</TESTDIFF>
</MPITEST>
<MPITEST>
<NAME>sizeof2</NAME>
<NP>1</NP>
<WORKDIR>./f90/misc</WORKDIR>
<STATUS>pass</STATUS>
</MPITEST>
<MPITEST>
<NAME>statusesf90</NAME>
<NP>1</NP>
<WORKDIR>./f90/pt2pt</WORKDIR>
<STATUS>pass</STATUS>
</MPITEST>
<MPITEST>
<NAME>greqf90</NAME>
<NP>1</NP>
<WORKDIR>./f90/pt2pt</WORKDIR>
<STATUS>fail</STATUS>
<TESTDIFF>
Deadlock detected! Process 8311 will wait forever.
('wait' called without outstanding send or recv requests).
Requests:
Sockets:
  sock#0x2285db0 listen:    -1 demand:   0(   0)  src:(134.94.169.164,8311,(nil),r0000000) anyrecv:     0
  Connections:
    con#0x2288778 type:  loop state:    open dest:(134.94.169.164,8311,0x2288778,r0000000) recvcnt:    0
Fds:

Reqs:3 GenReqs: (cnt:0  used:0)
</TESTDIFF>
</MPITEST>
<MPITEST>
<NAME>allpairf90</NAME>
<NP>2</NP>
<WORKDIR>./f90/pt2pt</WORKDIR>
<STATUS>pass</STATUS>
</MPITEST>
<MPITEST>
<NAME>mprobef90</NAME>
<NP>2</NP>
<WORKDIR>./f90/pt2pt</WORKDIR>
<STATUS>pass</STATUS>
</MPITEST>
<MPITEST>
<NAME>typenamef90</NAME>
<NP>1</NP>
<WORKDIR>./f90/datatype</WORKDIR>
<STATUS>pass</STATUS>
</MPITEST>
<MPITEST>
<NAME>typename3f90</NAME>
<NP>1</NP>
<WORKDIR>./f90/datatype</WORKDIR>
<STATUS>pass</STATUS>
</MPITEST>
<MPITEST>
<NAME>typesnamef90</NAME>
<NP>1</NP>
<WORKDIR>./f90/datatype</WORKDIR>
<STATUS>pass</STATUS>
</MPITEST>
<MPITEST>
<NAME>typecntsf90</NAME>
<NP>1</NP>
<WORKDIR>./f90/datatype</WORKDIR>
<STATUS>pass</STATUS>
</MPITEST>
<MPITEST>
<NAME>typem2f90</NAME>
<NP>1</NP>
<WORKDIR>./f90/datatype</WORKDIR>
<STATUS>pass</STATUS>
</MPITEST>
<MPITEST>
<NAME>typesubf90</NAME>
<NP>1</NP>
<WORKDIR>./f90/datatype</WORKDIR>
<STATUS>pass</STATUS>
</MPITEST>
<MPITEST>
<NAME>packef90</NAME>
<NP>1</NP>
<WORKDIR>./f90/datatype</WORKDIR>
<STATUS>pass</STATUS>
</MPITEST>
<MPITEST>
<NAME>gaddressf90</NAME>
<NP>1</NP>
<WORKDIR>./f90/datatype</WORKDIR>
<STATUS>pass</STATUS>
</MPITEST>
<MPITEST>
<NAME>allctypesf90</NAME>
<NP>1</NP>
<WORKDIR>./f90/datatype</WORKDIR>
<STATUS>pass</STATUS>
</MPITEST>
<MPITEST>
<NAME>hindex1f90</NAME>
<NP>1</NP>
<WORKDIR>./f90/datatype</WORKDIR>
<STATUS>pass</STATUS>
</MPITEST>
<MPITEST>
<NAME>hindexed_blockf90</NAME>
<NP>1</NP>
<WORKDIR>./f90/datatype</WORKDIR>
<STATUS>pass</STATUS>
</MPITEST>
<MPITEST>
<NAME>bottom</NAME>
<NP>2</NP>
<WORKDIR>./f90/datatype</WORKDIR>
<STATUS>pass</STATUS>
</MPITEST>
<MPITEST>
<NAME>structf</NAME>
<NP>2</NP>
<WORKDIR>./f90/datatype</WORKDIR>
<STATUS>pass</STATUS>
</MPITEST>
<MPITEST>
<NAME>indtype</NAME>
<NP>2</NP>
<WORKDIR>./f90/datatype</WORKDIR>
<STATUS>pass</STATUS>
</MPITEST>
<MPITEST>
<NAME>createf90</NAME>
<NP>1</NP>
<WORKDIR>./f90/datatype</WORKDIR>
<STATUS>pass</STATUS>
</MPITEST>
<MPITEST>
<NAME>sizeof</NAME>
<NP>1</NP>
<WORKDIR>./f90/datatype</WORKDIR>
<STATUS>pass</STATUS>
</MPITEST>
<MPITEST>
<NAME>kinds</NAME>
<NP>2</NP>
<WORKDIR>./f90/datatype</WORKDIR>
<STATUS>pass</STATUS>
</MPITEST>
<MPITEST>
<NAME>trf90</NAME>
<NP>1</NP>
<WORKDIR>./f90/datatype</WORKDIR>
<STATUS>pass</STATUS>
</MPITEST>
<MPITEST>
<NAME>get_elem_d</NAME>
<NP>2</NP>
<WORKDIR>./f90/datatype</WORKDIR>
<STATUS>pass</STATUS>
</MPITEST>
<MPITEST>
<NAME>get_elem_u</NAME>
<NP>2</NP>
<WORKDIR>./f90/datatype</WORKDIR>
<STATUS>pass</STATUS>
</MPITEST>
<MPITEST>
<NAME>createf90types</NAME>
<NP>1</NP>
<WORKDIR>./f90/f90types</WORKDIR>
<STATUS>pass</STATUS>
</MPITEST>
<MPITEST>
<NAME>createf90types</NAME>
<NP>1</NP>
<WORKDIR>./f90/f90types</WORKDIR>
<STATUS>pass</STATUS>
</MPITEST>
<MPITEST>
<NAME>winscale1f90</NAME>
<NP>4</NP>
<WORKDIR>./f90/rma</WORKDIR>
<STATUS>pass</STATUS>
</MPITEST>
<MPITEST>
<NAME>winfencef90</NAME>
<NP>4</NP>
<WORKDIR>./f90/rma</WORKDIR>
<STATUS>pass</STATUS>
</MPITEST>
<MPITEST>
<NAME>wingetf90</NAME>
<NP>5</NP>
<WORKDIR>./f90/rma</WORKDIR>
<STATUS>pass</STATUS>
</MPITEST>
<MPITEST>
<NAME>winscale2f90</NAME>
<NP>4</NP>
<WORKDIR>./f90/rma</WORKDIR>
<STATUS>pass</STATUS>
</MPITEST>
<MPITEST>
<NAME>winerrf90</NAME>
<NP>1</NP>
<WORKDIR>./f90/rma</WORKDIR>
<STATUS>pass</STATUS>
</MPITEST>
<MPITEST>
<NAME>winnamef90</NAME>
<NP>1</NP>
<WORKDIR>./f90/rma</WORKDIR>
<STATUS>pass</STATUS>
</MPITEST>
<MPITEST>
<NAME>wingroupf90</NAME>
<NP>4</NP>
<WORKDIR>./f90/rma</WORKDIR>
<STATUS>pass</STATUS>
</MPITEST>
<MPITEST>
<NAME>winaccf90</NAME>
<NP>4</NP>
<WORKDIR>./f90/rma</WORKDIR>
<STATUS>pass</STATUS>
</MPITEST>
<MPITEST>
<NAME>c2f2cwinf90</NAME>
<NP>1</NP>
<WORKDIR>./f90/rma</WORKDIR>
<STATUS>pass</STATUS>
</MPITEST>
<MPITEST>
<NAME>baseattrwinf90</NAME>
<NP>1</NP>
<WORKDIR>./f90/rma</WORKDIR>
<STATUS>pass</STATUS>
</MPITEST>
<MPITEST>
<NAME>winattrf90</NAME>
<NP>1</NP>
<WORKDIR>./f90/rma</WORKDIR>
<STATUS>pass</STATUS>
</MPITEST>
<MPITEST>
<NAME>winattr2f90</NAME>
<NP>1</NP>
<WORKDIR>./f90/rma</WORKDIR>
<STATUS>pass</STATUS>
</MPITEST>
<MPITEST>
<NAME>aintf90</NAME>
<NP>2</NP>
<WORKDIR>./f90/rma</WORKDIR>
<STATUS>pass</STATUS>
</MPITEST>
<MPITEST>
<NAME>namepubf90</NAME>
<NP>2</NP>
<WORKDIR>./f90/spawn</WORKDIR>
<STATUS>fail</STATUS>
<TESTDIFF>
 Error in Publish_name Invalid service name (see MPI_Publish_name), error stack:
MPI_Publish_name(133): MPI_Publish_name(service="MyTest", MPI_INFO_NULL, port="otherhost:122") failed
MPID_NS_Publish(59)..: Lookup failed for service name MyTest
 Error in Lookup nameInvalid service name (see MPI_Publish_name), error stack:
MPI_Lookup_name(149): MPI_Lookup_name(service="MyTest", MPI_INFO_NULL, port=0x18db318) failed
MPI_Lookup_name(129): 
MPID_NS_Lookup(85)..: Lookup failed for service name MyTest
[cli_0]: getval cmd failed
[cli_1]: getval cmd failed
[cli_0]: expecting cmd=lookup_result, got unpublish_result
 Lookup name returned name after it was unpublished
 Lookup name returned name after it was unpublished
  Found            4  errors
readFromPMIClient: lost connection to the PMI client
[cli_0]: getval cmd failed
readFromPMIClient: lost connection to the PMI client
do_send(r0): got error 9 on PMI socket: Bad file descriptor
[cli_1]: expecting cmd=finalize_ack, got lookup_result
do_send(r0): got error 9 on PMI socket: Bad file descriptor
do_send(r1): got error 9 on PMI socket: Bad file descriptor
do_send(r0): got error 9 on PMI socket: Bad file descriptor
do_send(r1): got error 9 on PMI socket: Bad file descriptor
do_send(r0): got error 9 on PMI socket: Bad file descriptor
do_send(r1): got error 9 on PMI socket: Bad file descriptor
do_send(r0): got error 9 on PMI socket: Bad file descriptor
do_send(r1): got error 9 on PMI socket: Bad file descriptor
__PMI_send(r0): failed sending cmd=finalize_ack
 from pmi_finalize:1357
do_send(r1): got error 9 on PMI socket: Bad file descriptor
__PMI_send(r1): failed sending cmd=finalize_ack
 from pmi_finalize:1357
</TESTDIFF>
</MPITEST>
<MPITEST>
<NAME>spawnf90</NAME>
<NP>1</NP>
<WORKDIR>./f90/spawn</WORKDIR>
<STATUS>pass</STATUS>
</MPITEST>
<MPITEST>
<NAME>spawnargvf90</NAME>
<NP>1</NP>
<WORKDIR>./f90/spawn</WORKDIR>
<STATUS>pass</STATUS>
</MPITEST>
<MPITEST>
<NAME>connaccf90</NAME>
<NP>2</NP>
<WORKDIR>./f90/spawn</WORKDIR>
<STATUS>fail</STATUS>
<TESTDIFF>
[cli_1]: getval cmd failed
[cli_0]: getval cmd failed
 lookup name returned a value before published
Fatal error in MPI_Lookup_name: Invalid service name (see MPI_Publish_name), error stack:
MPI_Lookup_name(149): MPI_Lookup_name(service="fservtest", MPI_INFO_NULL, port=0x1715ba8) failed
MPI_Lookup_name(129): 
MPID_NS_Lookup(85)..: Lookup failed for service name fservtest
</TESTDIFF>
</MPITEST>
<MPITEST>
<NAME>spawnmultf90</NAME>
<NP>1</NP>
<WORKDIR>./f90/spawn</WORKDIR>
<STATUS>fail</STATUS>
<TESTDIFF>
 Found arg a                                                                                but expected -p        
 Found arg b=c                                                                              but expected 27        
 Found arg d e                                                                              but expected -echo     
 Wrong number of arguments (           5 )
  Found            4  errors
</TESTDIFF>
</MPITEST>
<MPITEST>
<NAME>spawnmult2f90</NAME>
<NP>2</NP>
<WORKDIR>./f90/spawn</WORKDIR>
<STATUS>pass</STATUS>
</MPITEST>
<MPITEST>
<NAME>spawnargvf03</NAME>
<NP>1</NP>
<WORKDIR>./f90/spawn</WORKDIR>
<STATUS>pass</STATUS>
</MPITEST>
<MPITEST>
<NAME>spawnmultf03</NAME>
<NP>1</NP>
<WORKDIR>./f90/spawn</WORKDIR>
<STATUS>fail</STATUS>
<TESTDIFF>
 Found arg a                                                                                but expected -p        
 Found arg b=c                                                                              but expected 27        
 Found arg d e                                                                              but expected -echo     
 Wrong number of arguments (           5 )
  Found            4  errors
</TESTDIFF>
</MPITEST>
<MPITEST>
<NAME>wtimef90</NAME>
<NP>1</NP>
<WORKDIR>./f90/timer</WORKDIR>
<STATUS>pass</STATUS>
</MPITEST>
<MPITEST>
<NAME>cartcrf90</NAME>
<NP>4</NP>
<WORKDIR>./f90/topo</WORKDIR>
<STATUS>pass</STATUS>
</MPITEST>
<MPITEST>
<NAME>dgraph_wgtf90</NAME>
<NP>4</NP>
<WORKDIR>./f90/topo</WORKDIR>
<STATUS>pass</STATUS>
</MPITEST>
<MPITEST>
<NAME>dgraph_unwgtf90</NAME>
<NP>4</NP>
<WORKDIR>./f90/topo</WORKDIR>
<STATUS>pass</STATUS>
</MPITEST>
<MPITEST>
<NAME>profile1f90</NAME>
<NP>2</NP>
<WORKDIR>./f90/profile</WORKDIR>
<STATUS>pass</STATUS>
</MPITEST>
<MPITEST>
<NAME>keyvalmis</NAME>
<NP>1</NP>
<WORKDIR>./errors/attr</WORKDIR>
<STATUS>pass</STATUS>
</MPITEST>
<MPITEST>
<NAME>noalias</NAME>
<NP>2</NP>
<WORKDIR>./errors/coll</WORKDIR>
<STATUS>pass</STATUS>
</MPITEST>
<MPITEST>
<NAME>noalias2</NAME>
<NP>4</NP>
<WORKDIR>./errors/coll</WORKDIR>
<STATUS>pass</STATUS>
</MPITEST>
<MPITEST>
<NAME>noalias3</NAME>
<NP>4</NP>
<WORKDIR>./errors/coll</WORKDIR>
<STATUS>pass</STATUS>
</MPITEST>
<MPITEST>
<NAME>rerr</NAME>
<NP>2</NP>
<WORKDIR>./errors/coll</WORKDIR>
<STATUS>pass</STATUS>
</MPITEST>
<MPITEST>
<NAME>nb_rerr</NAME>
<NP>2</NP>
<WORKDIR>./errors/coll</WORKDIR>
<STATUS>pass</STATUS>
</MPITEST>
<MPITEST>
<NAME>reduce_local</NAME>
<NP>1</NP>
<WORKDIR>./errors/coll</WORKDIR>
<STATUS>pass</STATUS>
</MPITEST>
<MPITEST>
<NAME>bcastlength</NAME>
<NP>4</NP>
<WORKDIR>./errors/coll</WORKDIR>
<STATUS>fail</STATUS>
<TESTDIFF>
</TESTDIFF>
</MPITEST>
<MPITEST>
<NAME>cfree</NAME>
<NP>4</NP>
<WORKDIR>./errors/comm</WORKDIR>
<STATUS>pass</STATUS>
</MPITEST>
<MPITEST>
<NAME>ccreate1</NAME>
<NP>8</NP>
<WORKDIR>./errors/comm</WORKDIR>
<STATUS>pass</STATUS>
</MPITEST>
<MPITEST>
<NAME>userdup</NAME>
<NP>4</NP>
<WORKDIR>./errors/comm</WORKDIR>
<STATUS>pass</STATUS>
</MPITEST>
<MPITEST>
<NAME>manysplit</NAME>
<NP>4</NP>
<WORKDIR>./errors/comm</WORKDIR>
<STATUS>pass</STATUS>
</MPITEST>
<MPITEST>
<NAME>too_many_comms</NAME>
<NP>4</NP>
<WORKDIR>./errors/comm</WORKDIR>
<STATUS>pass</STATUS>
</MPITEST>
<MPITEST>
<NAME>too_many_icomms</NAME>
<NP>4</NP>
<WORKDIR>./errors/comm</WORKDIR>
<STATUS>fail</STATUS>
<TESTDIFF>
</TESTDIFF>
</MPITEST>
<MPITEST>
<NAME>too_many_comms2</NAME>
<NP>4</NP>
<WORKDIR>./errors/comm</WORKDIR>
<STATUS>pass</STATUS>
</MPITEST>
<MPITEST>
<NAME>too_many_comms3</NAME>
<NP>4</NP>
<WORKDIR>./errors/comm</WORKDIR>
<STATUS>pass</STATUS>
</MPITEST>
<MPITEST>
<NAME>too_many_icomms2</NAME>
<NP>4</NP>
<WORKDIR>./errors/comm</WORKDIR>
<STATUS>fail</STATUS>
<TESTDIFF>
</TESTDIFF>
</MPITEST>
<MPITEST>
<NAME>gerr</NAME>
<NP>1</NP>
<WORKDIR>./errors/group</WORKDIR>
<STATUS>pass</STATUS>
</MPITEST>
<MPITEST>
<NAME>proberank</NAME>
<NP>1</NP>
<WORKDIR>./errors/pt2pt</WORKDIR>
<STATUS>pass</STATUS>
</MPITEST>
<MPITEST>
<NAME>truncmsg1</NAME>
<NP>2</NP>
<WORKDIR>./errors/pt2pt</WORKDIR>
<STATUS>pass</STATUS>
</MPITEST>
<MPITEST>
<NAME>truncmsg2</NAME>
<NP>2</NP>
<WORKDIR>./errors/pt2pt</WORKDIR>
<STATUS>pass</STATUS>
</MPITEST>
<MPITEST>
<NAME>errinstatts</NAME>
<NP>2</NP>
<WORKDIR>./errors/pt2pt</WORKDIR>
<STATUS>pass</STATUS>
</MPITEST>
<MPITEST>
<NAME>errinstatta</NAME>
<NP>2</NP>
<WORKDIR>./errors/pt2pt</WORKDIR>
<STATUS>pass</STATUS>
</MPITEST>
<MPITEST>
<NAME>errinstatws</NAME>
<NP>2</NP>
<WORKDIR>./errors/pt2pt</WORKDIR>
<STATUS>pass</STATUS>
</MPITEST>
<MPITEST>
<NAME>errinstatwa</NAME>
<NP>2</NP>
<WORKDIR>./errors/pt2pt</WORKDIR>
<STATUS>pass</STATUS>
</MPITEST>
<MPITEST>
<NAME>cartsmall</NAME>
<NP>4</NP>
<WORKDIR>./errors/topo</WORKDIR>
<STATUS>pass</STATUS>
</MPITEST>
<MPITEST>
<NAME>winerr</NAME>
<NP>2</NP>
<WORKDIR>./errors/rma</WORKDIR>
<STATUS>pass</STATUS>
</MPITEST>
<MPITEST>
<NAME>winerr2</NAME>
<NP>2</NP>
<WORKDIR>./errors/rma</WORKDIR>
<STATUS>pass</STATUS>
</MPITEST>
<MPITEST>
<NAME>cas_type_check</NAME>
<NP>2</NP>
<WORKDIR>./errors/rma</WORKDIR>
<STATUS>pass</STATUS>
</MPITEST>
<MPITEST>
<NAME>win_sync_unlock</NAME>
<NP>2</NP>
<WORKDIR>./errors/rma</WORKDIR>
<STATUS>pass</STATUS>
</MPITEST>
<MPITEST>
<NAME>win_sync_free_pt</NAME>
<NP>2</NP>
<WORKDIR>./errors/rma</WORKDIR>
<STATUS>pass</STATUS>
</MPITEST>
<MPITEST>
<NAME>win_sync_free_at</NAME>
<NP>2</NP>
<WORKDIR>./errors/rma</WORKDIR>
<STATUS>pass</STATUS>
</MPITEST>
<MPITEST>
<NAME>win_sync_complete</NAME>
<NP>2</NP>
<WORKDIR>./errors/rma</WORKDIR>
<STATUS>pass</STATUS>
</MPITEST>
<MPITEST>
<NAME>win_sync_lock_at</NAME>
<NP>2</NP>
<WORKDIR>./errors/rma</WORKDIR>
<STATUS>pass</STATUS>
</MPITEST>
<MPITEST>
<NAME>win_sync_lock_pt</NAME>
<NP>2</NP>
<WORKDIR>./errors/rma</WORKDIR>
<STATUS>pass</STATUS>
</MPITEST>
<MPITEST>
<NAME>win_sync_lock_fence</NAME>
<NP>2</NP>
<WORKDIR>./errors/rma</WORKDIR>
<STATUS>pass</STATUS>
</MPITEST>
<MPITEST>
<NAME>win_sync_nested</NAME>
<NP>2</NP>
<WORKDIR>./errors/rma</WORKDIR>
<STATUS>pass</STATUS>
</MPITEST>
<MPITEST>
<NAME>win_sync_op</NAME>
<NP>2</NP>
<WORKDIR>./errors/rma</WORKDIR>
<STATUS>pass</STATUS>
</MPITEST>
<MPITEST>
<NAME>badport</NAME>
<NP>2</NP>
<WORKDIR>./errors/spawn</WORKDIR>
<STATUS>pass</STATUS>
</MPITEST>
<MPITEST>
<NAME>unpub</NAME>
<NP>1</NP>
<WORKDIR>./errors/spawn</WORKDIR>
<STATUS>fail</STATUS>
<TESTDIFF>
 No Errors
[cli_0]: getval cmd failed
readFromPMIClient: lost connection to the PMI client
do_send(r0): got error 9 on PMI socket: Bad file descriptor
do_send(r0): got error 9 on PMI socket: Bad file descriptor
do_send(r0): got error 9 on PMI socket: Bad file descriptor
do_send(r0): got error 9 on PMI socket: Bad file descriptor
do_send(r0): got error 9 on PMI socket: Bad file descriptor
__PMI_send(r0): failed sending cmd=finalize_ack
 from pmi_finalize:1357
</TESTDIFF>
</MPITEST>
<MPITEST>
<NAME>lookup_name</NAME>
<NP>1</NP>
<WORKDIR>./errors/spawn</WORKDIR>
<STATUS>fail</STATUS>
<TESTDIFF>
[cli_0]: getval cmd failed
[cli_0]: getval cmd failed
[cli_0]: getval cmd failed
[cli_0]: getval cmd failed
[cli_0]: getval cmd failed
[cli_0]: getval cmd failed
[cli_0]: getval cmd failed
[cli_0]: getval cmd failed
[cli_0]: getval cmd failed
[cli_0]: getval cmd failed
 No Errors
[cli_0]: expecting cmd=finalize_ack, got lookup_result
readFromPMIClient: lost connection to the PMI client
do_send(r0): got error 9 on PMI socket: Bad file descriptor
do_send(r0): got error 9 on PMI socket: Bad file descriptor
do_send(r0): got error 9 on PMI socket: Bad file descriptor
do_send(r0): got error 9 on PMI socket: Bad file descriptor
do_send(r0): got error 9 on PMI socket: Bad file descriptor
__PMI_send(r0): failed sending cmd=finalize_ack
 from pmi_finalize:1357
</TESTDIFF>
</MPITEST>
<MPITEST>
<NAME>fileerrret</NAME>
<NP>1</NP>
<WORKDIR>./errors/io</WORKDIR>
<STATUS>pass</STATUS>
</MPITEST>
<MPITEST>
<NAME>openerr</NAME>
<NP>1</NP>
<WORKDIR>./errors/io</WORKDIR>
<STATUS>pass</STATUS>
</MPITEST>
<MPITEST>
<NAME>file_errhdl</NAME>
<NP>1</NP>
<WORKDIR>./errors/io</WORKDIR>
<STATUS>pass</STATUS>
</MPITEST>
<MPITEST>
<NAME>uerrhandf</NAME>
<NP>1</NP>
<WORKDIR>./errors/f77/io</WORKDIR>
<STATUS>pass</STATUS>
</MPITEST>
<MPITEST>
<NAME>errgetx</NAME>
<NP>1</NP>
<WORKDIR>./errors/cxx/errhan</WORKDIR>
<STATUS>pass</STATUS>
</MPITEST>
<MPITEST>
<NAME>errsetx</NAME>
<NP>1</NP>
<WORKDIR>./errors/cxx/errhan</WORKDIR>
<STATUS>pass</STATUS>
</MPITEST>
<MPITEST>
<NAME>throwtest</NAME>
<NP>1</NP>
<WORKDIR>./errors/cxx/errhan</WORKDIR>
<STATUS>pass</STATUS>
</MPITEST>
<MPITEST>
<NAME>commerrx</NAME>
<NP>2</NP>
<WORKDIR>./errors/cxx/errhan</WORKDIR>
<STATUS>pass</STATUS>
</MPITEST>
<MPITEST>
<NAME>fileerrretx</NAME>
<NP>1</NP>
<WORKDIR>./errors/cxx/io</WORKDIR>
<STATUS>pass</STATUS>
</MPITEST>
<MPITEST>
<NAME>errgetfilex</NAME>
<NP>1</NP>
<WORKDIR>./errors/cxx/io</WORKDIR>
<STATUS>pass</STATUS>
</MPITEST>
<MPITEST>
<NAME>throwtestfilex</NAME>
<NP>1</NP>
<WORKDIR>./errors/cxx/io</WORKDIR>
<STATUS>pass</STATUS>
</MPITEST>
<MPITEST>
<NAME>uerrhandf90</NAME>
<NP>1</NP>
<WORKDIR>./errors/f90/io</WORKDIR>
<STATUS>pass</STATUS>
</MPITEST>
