<?xml version='1.0' ?>
<?xml-stylesheet href="TestResults.xsl" type="text/xsl" ?>
<MPITESTRESULTS>
<DATE>2011-08-17-11-41</DATE>
<MPISOURCE></MPISOURCE>
<MPITEST>
<NAME>attrt</NAME>
<NP>2</NP>
<WORKDIR>./attr</WORKDIR>
<STATUS>pass</STATUS>
</MPITEST>
<MPITEST>
<NAME>attric</NAME>
<NP>4</NP>
<WORKDIR>./attr</WORKDIR>
<STATUS>pass</STATUS>
</MPITEST>
<MPITEST>
<NAME>attrerr</NAME>
<NP>1</NP>
<WORKDIR>./attr</WORKDIR>
<STATUS>pass</STATUS>
</MPITEST>
<MPITEST>
<NAME>attrend</NAME>
<NP>1</NP>
<WORKDIR>./attr</WORKDIR>
<STATUS>pass</STATUS>
</MPITEST>
<MPITEST>
<NAME>attrend</NAME>
<NP>4</NP>
<WORKDIR>./attr</WORKDIR>
<STATUS>pass</STATUS>
</MPITEST>
<MPITEST>
<NAME>attrend2</NAME>
<NP>1</NP>
<WORKDIR>./attr</WORKDIR>
<STATUS>pass</STATUS>
</MPITEST>
<MPITEST>
<NAME>attrend2</NAME>
<NP>5</NP>
<WORKDIR>./attr</WORKDIR>
<STATUS>pass</STATUS>
</MPITEST>
<MPITEST>
<NAME>attrerrcomm</NAME>
<NP>1</NP>
<WORKDIR>./attr</WORKDIR>
<STATUS>pass</STATUS>
</MPITEST>
<MPITEST>
<NAME>attrerrtype</NAME>
<NP>1</NP>
<WORKDIR>./attr</WORKDIR>
<STATUS>pass</STATUS>
</MPITEST>
<MPITEST>
<NAME>attr2type</NAME>
<NP>1</NP>
<WORKDIR>./attr</WORKDIR>
<STATUS>pass</STATUS>
</MPITEST>
<MPITEST>
<NAME>attrorder</NAME>
<NP>1</NP>
<WORKDIR>./attr</WORKDIR>
<STATUS>pass</STATUS>
</MPITEST>
<MPITEST>
<NAME>attrordercomm</NAME>
<NP>1</NP>
<WORKDIR>./attr</WORKDIR>
<STATUS>pass</STATUS>
</MPITEST>
<MPITEST>
<NAME>attrordertype</NAME>
<NP>1</NP>
<WORKDIR>./attr</WORKDIR>
<STATUS>pass</STATUS>
</MPITEST>
<MPITEST>
<NAME>baseattr2</NAME>
<NP>1</NP>
<WORKDIR>./attr</WORKDIR>
<STATUS>pass</STATUS>
</MPITEST>
<MPITEST>
<NAME>baseattrcomm</NAME>
<NP>1</NP>
<WORKDIR>./attr</WORKDIR>
<STATUS>pass</STATUS>
</MPITEST>
<MPITEST>
<NAME>fkeyval</NAME>
<NP>1</NP>
<WORKDIR>./attr</WORKDIR>
<STATUS>pass</STATUS>
</MPITEST>
<MPITEST>
<NAME>fkeyvalcomm</NAME>
<NP>1</NP>
<WORKDIR>./attr</WORKDIR>
<STATUS>pass</STATUS>
</MPITEST>
<MPITEST>
<NAME>fkeyvaltype</NAME>
<NP>1</NP>
<WORKDIR>./attr</WORKDIR>
<STATUS>pass</STATUS>
</MPITEST>
<MPITEST>
<NAME>keyval_double_free</NAME>
<NP>1</NP>
<WORKDIR>./attr</WORKDIR>
<STATUS>pass</STATUS>
</MPITEST>
<MPITEST>
<NAME>allred</NAME>
<NP>4</NP>
<WORKDIR>./coll</WORKDIR>
<STATUS>pass</STATUS>
</MPITEST>
<MPITEST>
<NAME>allred</NAME>
<NP>7</NP>
<WORKDIR>./coll</WORKDIR>
<STATUS>pass</STATUS>
</MPITEST>
<MPITEST>
<NAME>allred</NAME>
<NP>4</NP>
<WORKDIR>./coll</WORKDIR>
<STATUS>pass</STATUS>
</MPITEST>
<MPITEST>
<NAME>allredmany</NAME>
<NP>4</NP>
<WORKDIR>./coll</WORKDIR>
<STATUS>pass</STATUS>
</MPITEST>
<MPITEST>
<NAME>allred2</NAME>
<NP>4</NP>
<WORKDIR>./coll</WORKDIR>
<STATUS>pass</STATUS>
</MPITEST>
<MPITEST>
<NAME>allred3</NAME>
<NP>10</NP>
<WORKDIR>./coll</WORKDIR>
<STATUS>pass</STATUS>
</MPITEST>
<MPITEST>
<NAME>allred4</NAME>
<NP>4</NP>
<WORKDIR>./coll</WORKDIR>
<STATUS>pass</STATUS>
</MPITEST>
<MPITEST>
<NAME>allred5</NAME>
<NP>5</NP>
<WORKDIR>./coll</WORKDIR>
<STATUS>pass</STATUS>
</MPITEST>
<MPITEST>
<NAME>allred5</NAME>
<NP>10</NP>
<WORKDIR>./coll</WORKDIR>
<STATUS>pass</STATUS>
</MPITEST>
<MPITEST>
<NAME>reduce</NAME>
<NP>5</NP>
<WORKDIR>./coll</WORKDIR>
<STATUS>pass</STATUS>
</MPITEST>
<MPITEST>
<NAME>reduce</NAME>
<NP>10</NP>
<WORKDIR>./coll</WORKDIR>
<STATUS>pass</STATUS>
</MPITEST>
<MPITEST>
<NAME>reduce_local</NAME>
<NP>2</NP>
<WORKDIR>./coll</WORKDIR>
<STATUS>pass</STATUS>
</MPITEST>
<MPITEST>
<NAME>op_commutative</NAME>
<NP>2</NP>
<WORKDIR>./coll</WORKDIR>
<STATUS>pass</STATUS>
</MPITEST>
<MPITEST>
<NAME>red3</NAME>
<NP>10</NP>
<WORKDIR>./coll</WORKDIR>
<STATUS>pass</STATUS>
</MPITEST>
<MPITEST>
<NAME>red4</NAME>
<NP>10</NP>
<WORKDIR>./coll</WORKDIR>
<STATUS>pass</STATUS>
</MPITEST>
<MPITEST>
<NAME>alltoall1</NAME>
<NP>8</NP>
<WORKDIR>./coll</WORKDIR>
<STATUS>pass</STATUS>
</MPITEST>
<MPITEST>
<NAME>alltoallv</NAME>
<NP>10</NP>
<WORKDIR>./coll</WORKDIR>
<STATUS>pass</STATUS>
</MPITEST>
<MPITEST>
<NAME>alltoallv0</NAME>
<NP>10</NP>
<WORKDIR>./coll</WORKDIR>
<STATUS>pass</STATUS>
</MPITEST>
<MPITEST>
<NAME>alltoallw1</NAME>
<NP>10</NP>
<WORKDIR>./coll</WORKDIR>
<STATUS>pass</STATUS>
</MPITEST>
<MPITEST>
<NAME>alltoallw2</NAME>
<NP>10</NP>
<WORKDIR>./coll</WORKDIR>
<STATUS>pass</STATUS>
</MPITEST>
<MPITEST>
<NAME>alltoallw_zeros</NAME>
<NP>1</NP>
<WORKDIR>./coll</WORKDIR>
<STATUS>pass</STATUS>
</MPITEST>
<MPITEST>
<NAME>alltoallw_zeros</NAME>
<NP>2</NP>
<WORKDIR>./coll</WORKDIR>
<STATUS>pass</STATUS>
</MPITEST>
<MPITEST>
<NAME>alltoallw_zeros</NAME>
<NP>5</NP>
<WORKDIR>./coll</WORKDIR>
<STATUS>pass</STATUS>
</MPITEST>
<MPITEST>
<NAME>alltoallw_zeros</NAME>
<NP>8</NP>
<WORKDIR>./coll</WORKDIR>
<STATUS>pass</STATUS>
</MPITEST>
<MPITEST>
<NAME>allgather2</NAME>
<NP>10</NP>
<WORKDIR>./coll</WORKDIR>
<STATUS>pass</STATUS>
</MPITEST>
<MPITEST>
<NAME>allgather3</NAME>
<NP>10</NP>
<WORKDIR>./coll</WORKDIR>
<STATUS>pass</STATUS>
</MPITEST>
<MPITEST>
<NAME>allgatherv2</NAME>
<NP>10</NP>
<WORKDIR>./coll</WORKDIR>
<STATUS>pass</STATUS>
</MPITEST>
<MPITEST>
<NAME>allgatherv3</NAME>
<NP>10</NP>
<WORKDIR>./coll</WORKDIR>
<STATUS>pass</STATUS>
</MPITEST>
<MPITEST>
<NAME>allgatherv4</NAME>
<NP>4</NP>
<WORKDIR>./coll</WORKDIR>
<STATUS>pass</STATUS>
</MPITEST>
<MPITEST>
<NAME>bcasttest</NAME>
<NP>4</NP>
<WORKDIR>./coll</WORKDIR>
<STATUS>pass</STATUS>
</MPITEST>
<MPITEST>
<NAME>bcasttest</NAME>
<NP>8</NP>
<WORKDIR>./coll</WORKDIR>
<STATUS>pass</STATUS>
</MPITEST>
<MPITEST>
<NAME>bcasttest</NAME>
<NP>10</NP>
<WORKDIR>./coll</WORKDIR>
<STATUS>pass</STATUS>
</MPITEST>
<MPITEST>
<NAME>bcast2</NAME>
<NP>4</NP>
<WORKDIR>./coll</WORKDIR>
<STATUS>pass</STATUS>
</MPITEST>
<MPITEST>
<NAME>bcast2</NAME>
<NP>10</NP>
<WORKDIR>./coll</WORKDIR>
<STATUS>pass</STATUS>
</MPITEST>
<MPITEST>
<NAME>bcast3</NAME>
<NP>10</NP>
<WORKDIR>./coll</WORKDIR>
<STATUS>pass</STATUS>
</MPITEST>
<MPITEST>
<NAME>coll2</NAME>
<NP>5</NP>
<WORKDIR>./coll</WORKDIR>
<STATUS>pass</STATUS>
</MPITEST>
<MPITEST>
<NAME>coll3</NAME>
<NP>5</NP>
<WORKDIR>./coll</WORKDIR>
<STATUS>pass</STATUS>
</MPITEST>
<MPITEST>
<NAME>coll4</NAME>
<NP>4</NP>
<WORKDIR>./coll</WORKDIR>
<STATUS>pass</STATUS>
</MPITEST>
<MPITEST>
<NAME>coll5</NAME>
<NP>4</NP>
<WORKDIR>./coll</WORKDIR>
<STATUS>pass</STATUS>
</MPITEST>
<MPITEST>
<NAME>coll6</NAME>
<NP>5</NP>
<WORKDIR>./coll</WORKDIR>
<STATUS>pass</STATUS>
</MPITEST>
<MPITEST>
<NAME>coll7</NAME>
<NP>1</NP>
<WORKDIR>./coll</WORKDIR>
<STATUS>pass</STATUS>
</MPITEST>
<MPITEST>
<NAME>coll7</NAME>
<NP>2</NP>
<WORKDIR>./coll</WORKDIR>
<STATUS>pass</STATUS>
</MPITEST>
<MPITEST>
<NAME>coll7</NAME>
<NP>5</NP>
<WORKDIR>./coll</WORKDIR>
<STATUS>pass</STATUS>
</MPITEST>
<MPITEST>
<NAME>coll8</NAME>
<NP>4</NP>
<WORKDIR>./coll</WORKDIR>
<STATUS>pass</STATUS>
</MPITEST>
<MPITEST>
<NAME>coll9</NAME>
<NP>4</NP>
<WORKDIR>./coll</WORKDIR>
<STATUS>pass</STATUS>
</MPITEST>
<MPITEST>
<NAME>coll10</NAME>
<NP>4</NP>
<WORKDIR>./coll</WORKDIR>
<STATUS>pass</STATUS>
</MPITEST>
<MPITEST>
<NAME>coll11</NAME>
<NP>4</NP>
<WORKDIR>./coll</WORKDIR>
<STATUS>pass</STATUS>
</MPITEST>
<MPITEST>
<NAME>coll12</NAME>
<NP>4</NP>
<WORKDIR>./coll</WORKDIR>
<STATUS>pass</STATUS>
</MPITEST>
<MPITEST>
<NAME>coll13</NAME>
<NP>4</NP>
<WORKDIR>./coll</WORKDIR>
<STATUS>pass</STATUS>
</MPITEST>
<MPITEST>
<NAME>longuser</NAME>
<NP>4</NP>
<WORKDIR>./coll</WORKDIR>
<STATUS>pass</STATUS>
</MPITEST>
<MPITEST>
<NAME>redscat</NAME>
<NP>4</NP>
<WORKDIR>./coll</WORKDIR>
<STATUS>pass</STATUS>
</MPITEST>
<MPITEST>
<NAME>redscat</NAME>
<NP>6</NP>
<WORKDIR>./coll</WORKDIR>
<STATUS>pass</STATUS>
</MPITEST>
<MPITEST>
<NAME>redscat2</NAME>
<NP>4</NP>
<WORKDIR>./coll</WORKDIR>
<STATUS>pass</STATUS>
</MPITEST>
<MPITEST>
<NAME>redscat2</NAME>
<NP>5</NP>
<WORKDIR>./coll</WORKDIR>
<STATUS>pass</STATUS>
</MPITEST>
<MPITEST>
<NAME>redscat2</NAME>
<NP>10</NP>
<WORKDIR>./coll</WORKDIR>
<STATUS>pass</STATUS>
</MPITEST>
<MPITEST>
<NAME>redscat3</NAME>
<NP>8</NP>
<WORKDIR>./coll</WORKDIR>
<STATUS>pass</STATUS>
</MPITEST>
<MPITEST>
<NAME>redscatinter</NAME>
<NP>8</NP>
<WORKDIR>./coll</WORKDIR>
<STATUS>pass</STATUS>
</MPITEST>
<MPITEST>
<NAME>red_scat_block</NAME>
<NP>4</NP>
<WORKDIR>./coll</WORKDIR>
<STATUS>pass</STATUS>
</MPITEST>
<MPITEST>
<NAME>red_scat_block</NAME>
<NP>5</NP>
<WORKDIR>./coll</WORKDIR>
<STATUS>pass</STATUS>
</MPITEST>
<MPITEST>
<NAME>red_scat_block</NAME>
<NP>8</NP>
<WORKDIR>./coll</WORKDIR>
<STATUS>pass</STATUS>
</MPITEST>
<MPITEST>
<NAME>red_scat_block2</NAME>
<NP>4</NP>
<WORKDIR>./coll</WORKDIR>
<STATUS>pass</STATUS>
</MPITEST>
<MPITEST>
<NAME>red_scat_block2</NAME>
<NP>5</NP>
<WORKDIR>./coll</WORKDIR>
<STATUS>pass</STATUS>
</MPITEST>
<MPITEST>
<NAME>red_scat_block2</NAME>
<NP>10</NP>
<WORKDIR>./coll</WORKDIR>
<STATUS>pass</STATUS>
</MPITEST>
<MPITEST>
<NAME>redscatblk3</NAME>
<NP>8</NP>
<WORKDIR>./coll</WORKDIR>
<STATUS>pass</STATUS>
</MPITEST>
<MPITEST>
<NAME>redscatblk3</NAME>
<NP>10</NP>
<WORKDIR>./coll</WORKDIR>
<STATUS>pass</STATUS>
</MPITEST>
<MPITEST>
<NAME>scantst</NAME>
<NP>4</NP>
<WORKDIR>./coll</WORKDIR>
<STATUS>pass</STATUS>
</MPITEST>
<MPITEST>
<NAME>exscan</NAME>
<NP>10</NP>
<WORKDIR>./coll</WORKDIR>
<STATUS>pass</STATUS>
</MPITEST>
<MPITEST>
<NAME>exscan2</NAME>
<NP>5</NP>
<WORKDIR>./coll</WORKDIR>
<STATUS>pass</STATUS>
</MPITEST>
<MPITEST>
<NAME>gather</NAME>
<NP>4</NP>
<WORKDIR>./coll</WORKDIR>
<STATUS>pass</STATUS>
</MPITEST>
<MPITEST>
<NAME>gather2</NAME>
<NP>4</NP>
<WORKDIR>./coll</WORKDIR>
<STATUS>pass</STATUS>
</MPITEST>
<MPITEST>
<NAME>scattern</NAME>
<NP>4</NP>
<WORKDIR>./coll</WORKDIR>
<STATUS>pass</STATUS>
</MPITEST>
<MPITEST>
<NAME>scatter2</NAME>
<NP>4</NP>
<WORKDIR>./coll</WORKDIR>
<STATUS>pass</STATUS>
</MPITEST>
<MPITEST>
<NAME>scatter3</NAME>
<NP>4</NP>
<WORKDIR>./coll</WORKDIR>
<STATUS>pass</STATUS>
</MPITEST>
<MPITEST>
<NAME>scatterv</NAME>
<NP>4</NP>
<WORKDIR>./coll</WORKDIR>
<STATUS>pass</STATUS>
</MPITEST>
<MPITEST>
<NAME>icbcast</NAME>
<NP>4</NP>
<WORKDIR>./coll</WORKDIR>
<STATUS>pass</STATUS>
</MPITEST>
<MPITEST>
<NAME>icbcast</NAME>
<NP>10</NP>
<WORKDIR>./coll</WORKDIR>
<STATUS>pass</STATUS>
</MPITEST>
<MPITEST>
<NAME>icallreduce</NAME>
<NP>5</NP>
<WORKDIR>./coll</WORKDIR>
<STATUS>pass</STATUS>
</MPITEST>
<MPITEST>
<NAME>icallreduce</NAME>
<NP>7</NP>
<WORKDIR>./coll</WORKDIR>
<STATUS>pass</STATUS>
</MPITEST>
<MPITEST>
<NAME>icreduce</NAME>
<NP>5</NP>
<WORKDIR>./coll</WORKDIR>
<STATUS>pass</STATUS>
</MPITEST>
<MPITEST>
<NAME>icreduce</NAME>
<NP>7</NP>
<WORKDIR>./coll</WORKDIR>
<STATUS>pass</STATUS>
</MPITEST>
<MPITEST>
<NAME>icscatter</NAME>
<NP>5</NP>
<WORKDIR>./coll</WORKDIR>
<STATUS>pass</STATUS>
</MPITEST>
<MPITEST>
<NAME>icscatter</NAME>
<NP>7</NP>
<WORKDIR>./coll</WORKDIR>
<STATUS>pass</STATUS>
</MPITEST>
<MPITEST>
<NAME>icgather</NAME>
<NP>5</NP>
<WORKDIR>./coll</WORKDIR>
<STATUS>pass</STATUS>
</MPITEST>
<MPITEST>
<NAME>icgather</NAME>
<NP>7</NP>
<WORKDIR>./coll</WORKDIR>
<STATUS>pass</STATUS>
</MPITEST>
<MPITEST>
<NAME>icallgather</NAME>
<NP>5</NP>
<WORKDIR>./coll</WORKDIR>
<STATUS>pass</STATUS>
</MPITEST>
<MPITEST>
<NAME>icallgather</NAME>
<NP>7</NP>
<WORKDIR>./coll</WORKDIR>
<STATUS>pass</STATUS>
</MPITEST>
<MPITEST>
<NAME>icbarrier</NAME>
<NP>5</NP>
<WORKDIR>./coll</WORKDIR>
<STATUS>pass</STATUS>
</MPITEST>
<MPITEST>
<NAME>icbarrier</NAME>
<NP>7</NP>
<WORKDIR>./coll</WORKDIR>
<STATUS>pass</STATUS>
</MPITEST>
<MPITEST>
<NAME>icallgatherv</NAME>
<NP>5</NP>
<WORKDIR>./coll</WORKDIR>
<STATUS>pass</STATUS>
</MPITEST>
<MPITEST>
<NAME>icallgatherv</NAME>
<NP>7</NP>
<WORKDIR>./coll</WORKDIR>
<STATUS>pass</STATUS>
</MPITEST>
<MPITEST>
<NAME>icgatherv</NAME>
<NP>5</NP>
<WORKDIR>./coll</WORKDIR>
<STATUS>pass</STATUS>
</MPITEST>
<MPITEST>
<NAME>icgatherv</NAME>
<NP>7</NP>
<WORKDIR>./coll</WORKDIR>
<STATUS>pass</STATUS>
</MPITEST>
<MPITEST>
<NAME>icscatterv</NAME>
<NP>5</NP>
<WORKDIR>./coll</WORKDIR>
<STATUS>pass</STATUS>
</MPITEST>
<MPITEST>
<NAME>icscatterv</NAME>
<NP>7</NP>
<WORKDIR>./coll</WORKDIR>
<STATUS>pass</STATUS>
</MPITEST>
<MPITEST>
<NAME>icalltoall</NAME>
<NP>5</NP>
<WORKDIR>./coll</WORKDIR>
<STATUS>pass</STATUS>
</MPITEST>
<MPITEST>
<NAME>icalltoall</NAME>
<NP>7</NP>
<WORKDIR>./coll</WORKDIR>
<STATUS>pass</STATUS>
</MPITEST>
<MPITEST>
<NAME>icalltoallv</NAME>
<NP>5</NP>
<WORKDIR>./coll</WORKDIR>
<STATUS>pass</STATUS>
</MPITEST>
<MPITEST>
<NAME>icalltoallv</NAME>
<NP>7</NP>
<WORKDIR>./coll</WORKDIR>
<STATUS>pass</STATUS>
</MPITEST>
<MPITEST>
<NAME>icalltoallw</NAME>
<NP>5</NP>
<WORKDIR>./coll</WORKDIR>
<STATUS>pass</STATUS>
</MPITEST>
<MPITEST>
<NAME>icalltoallw</NAME>
<NP>7</NP>
<WORKDIR>./coll</WORKDIR>
<STATUS>pass</STATUS>
</MPITEST>
<MPITEST>
<NAME>opland</NAME>
<NP>4</NP>
<WORKDIR>./coll</WORKDIR>
<STATUS>pass</STATUS>
</MPITEST>
<MPITEST>
<NAME>oplor</NAME>
<NP>4</NP>
<WORKDIR>./coll</WORKDIR>
<STATUS>pass</STATUS>
</MPITEST>
<MPITEST>
<NAME>oplxor</NAME>
<NP>4</NP>
<WORKDIR>./coll</WORKDIR>
<STATUS>pass</STATUS>
</MPITEST>
<MPITEST>
<NAME>oplxor</NAME>
<NP>5</NP>
<WORKDIR>./coll</WORKDIR>
<STATUS>pass</STATUS>
</MPITEST>
<MPITEST>
<NAME>opband</NAME>
<NP>4</NP>
<WORKDIR>./coll</WORKDIR>
<STATUS>pass</STATUS>
</MPITEST>
<MPITEST>
<NAME>opbor</NAME>
<NP>4</NP>
<WORKDIR>./coll</WORKDIR>
<STATUS>pass</STATUS>
</MPITEST>
<MPITEST>
<NAME>opbxor</NAME>
<NP>4</NP>
<WORKDIR>./coll</WORKDIR>
<STATUS>pass</STATUS>
</MPITEST>
<MPITEST>
<NAME>opbxor</NAME>
<NP>5</NP>
<WORKDIR>./coll</WORKDIR>
<STATUS>pass</STATUS>
</MPITEST>
<MPITEST>
<NAME>opprod</NAME>
<NP>5</NP>
<WORKDIR>./coll</WORKDIR>
<STATUS>pass</STATUS>
</MPITEST>
<MPITEST>
<NAME>opprod</NAME>
<NP>6</NP>
<WORKDIR>./coll</WORKDIR>
<STATUS>pass</STATUS>
</MPITEST>
<MPITEST>
<NAME>opsum</NAME>
<NP>4</NP>
<WORKDIR>./coll</WORKDIR>
<STATUS>pass</STATUS>
</MPITEST>
<MPITEST>
<NAME>opmin</NAME>
<NP>4</NP>
<WORKDIR>./coll</WORKDIR>
<STATUS>pass</STATUS>
</MPITEST>
<MPITEST>
<NAME>opminloc</NAME>
<NP>4</NP>
<WORKDIR>./coll</WORKDIR>
<STATUS>pass</STATUS>
</MPITEST>
<MPITEST>
<NAME>opmax</NAME>
<NP>5</NP>
<WORKDIR>./coll</WORKDIR>
<STATUS>pass</STATUS>
</MPITEST>
<MPITEST>
<NAME>opmaxloc</NAME>
<NP>5</NP>
<WORKDIR>./coll</WORKDIR>
<STATUS>pass</STATUS>
</MPITEST>
<MPITEST>
<NAME>dup</NAME>
<NP>2</NP>
<WORKDIR>./comm</WORKDIR>
<STATUS>pass</STATUS>
</MPITEST>
<MPITEST>
<NAME>dupic</NAME>
<NP>4</NP>
<WORKDIR>./comm</WORKDIR>
<STATUS>pass</STATUS>
</MPITEST>
<MPITEST>
<NAME>commcreate1</NAME>
<NP>8</NP>
<WORKDIR>./comm</WORKDIR>
<STATUS>pass</STATUS>
</MPITEST>
<MPITEST>
<NAME>commname</NAME>
<NP>4</NP>
<WORKDIR>./comm</WORKDIR>
<STATUS>pass</STATUS>
</MPITEST>
<MPITEST>
<NAME>ic1</NAME>
<NP>4</NP>
<WORKDIR>./comm</WORKDIR>
<STATUS>pass</STATUS>
</MPITEST>
<MPITEST>
<NAME>icgroup</NAME>
<NP>8</NP>
<WORKDIR>./comm</WORKDIR>
<STATUS>pass</STATUS>
</MPITEST>
<MPITEST>
<NAME>icm</NAME>
<NP>8</NP>
<WORKDIR>./comm</WORKDIR>
<STATUS>pass</STATUS>
</MPITEST>
<MPITEST>
<NAME>icsplit</NAME>
<NP>8</NP>
<WORKDIR>./comm</WORKDIR>
<STATUS>pass</STATUS>
</MPITEST>
<MPITEST>
<NAME>iccreate</NAME>
<NP>8</NP>
<WORKDIR>./comm</WORKDIR>
<STATUS>pass</STATUS>
</MPITEST>
<MPITEST>
<NAME>ctxalloc</NAME>
<NP>2</NP>
<WORKDIR>./comm</WORKDIR>
<STATUS>pass</STATUS>
</MPITEST>
<MPITEST>
<NAME>ctxsplit</NAME>
<NP>4</NP>
<WORKDIR>./comm</WORKDIR>
<STATUS>pass</STATUS>
</MPITEST>
<MPITEST>
<NAME>cmfree</NAME>
<NP>4</NP>
<WORKDIR>./comm</WORKDIR>
<STATUS>pass</STATUS>
</MPITEST>
<MPITEST>
<NAME>cmsplit</NAME>
<NP>4</NP>
<WORKDIR>./comm</WORKDIR>
<STATUS>pass</STATUS>
</MPITEST>
<MPITEST>
<NAME>cmsplit2</NAME>
<NP>12</NP>
<WORKDIR>./comm</WORKDIR>
<STATUS>pass</STATUS>
</MPITEST>
<MPITEST>
<NAME>probe-intercomm</NAME>
<NP>2</NP>
<WORKDIR>./comm</WORKDIR>
<STATUS>pass</STATUS>
</MPITEST>
<MPITEST>
<NAME>contents</NAME>
<NP>1</NP>
<WORKDIR>./datatype</WORKDIR>
<STATUS>pass</STATUS>
</MPITEST>
<MPITEST>
<NAME>gaddress</NAME>
<NP>1</NP>
<WORKDIR>./datatype</WORKDIR>
<STATUS>pass</STATUS>
</MPITEST>
<MPITEST>
<NAME>lbub</NAME>
<NP>1</NP>
<WORKDIR>./datatype</WORKDIR>
<STATUS>pass</STATUS>
</MPITEST>
<MPITEST>
<NAME>localpack</NAME>
<NP>1</NP>
<WORKDIR>./datatype</WORKDIR>
<STATUS>pass</STATUS>
</MPITEST>
<MPITEST>
<NAME>simple-pack</NAME>
<NP>1</NP>
<WORKDIR>./datatype</WORKDIR>
<STATUS>pass</STATUS>
</MPITEST>
<MPITEST>
<NAME>transpose-pack</NAME>
<NP>1</NP>
<WORKDIR>./datatype</WORKDIR>
<STATUS>pass</STATUS>
</MPITEST>
<MPITEST>
<NAME>slice-pack</NAME>
<NP>1</NP>
<WORKDIR>./datatype</WORKDIR>
<STATUS>pass</STATUS>
</MPITEST>
<MPITEST>
<NAME>struct-pack</NAME>
<NP>1</NP>
<WORKDIR>./datatype</WORKDIR>
<STATUS>pass</STATUS>
</MPITEST>
<MPITEST>
<NAME>typecommit</NAME>
<NP>1</NP>
<WORKDIR>./datatype</WORKDIR>
<STATUS>pass</STATUS>
</MPITEST>
<MPITEST>
<NAME>typename</NAME>
<NP>1</NP>
<WORKDIR>./datatype</WORKDIR>
<STATUS>pass</STATUS>
</MPITEST>
<MPITEST>
<NAME>typefree</NAME>
<NP>1</NP>
<WORKDIR>./datatype</WORKDIR>
<STATUS>pass</STATUS>
</MPITEST>
<MPITEST>
<NAME>zeroparms</NAME>
<NP>1</NP>
<WORKDIR>./datatype</WORKDIR>
<STATUS>pass</STATUS>
</MPITEST>
<MPITEST>
<NAME>getpartelm</NAME>
<NP>2</NP>
<WORKDIR>./datatype</WORKDIR>
<STATUS>pass</STATUS>
</MPITEST>
<MPITEST>
<NAME>tresized</NAME>
<NP>2</NP>
<WORKDIR>./datatype</WORKDIR>
<STATUS>pass</STATUS>
</MPITEST>
<MPITEST>
<NAME>tresized2</NAME>
<NP>2</NP>
<WORKDIR>./datatype</WORKDIR>
<STATUS>pass</STATUS>
</MPITEST>
<MPITEST>
<NAME>tmatchsize</NAME>
<NP>1</NP>
<WORKDIR>./datatype</WORKDIR>
<STATUS>pass</STATUS>
</MPITEST>
<MPITEST>
<NAME>tfree</NAME>
<NP>2</NP>
<WORKDIR>./datatype</WORKDIR>
<STATUS>pass</STATUS>
</MPITEST>
<MPITEST>
<NAME>typelb</NAME>
<NP>1</NP>
<WORKDIR>./datatype</WORKDIR>
<STATUS>pass</STATUS>
</MPITEST>
<MPITEST>
<NAME>contigstruct</NAME>
<NP>1</NP>
<WORKDIR>./datatype</WORKDIR>
<STATUS>pass</STATUS>
</MPITEST>
<MPITEST>
<NAME>struct-zero-count</NAME>
<NP>1</NP>
<WORKDIR>./datatype</WORKDIR>
<STATUS>pass</STATUS>
</MPITEST>
<MPITEST>
<NAME>blockindexed-zero-count</NAME>
<NP>1</NP>
<WORKDIR>./datatype</WORKDIR>
<STATUS>pass</STATUS>
</MPITEST>
<MPITEST>
<NAME>blockindexed-misc</NAME>
<NP>1</NP>
<WORKDIR>./datatype</WORKDIR>
<STATUS>pass</STATUS>
</MPITEST>
<MPITEST>
<NAME>indexed-misc</NAME>
<NP>1</NP>
<WORKDIR>./datatype</WORKDIR>
<STATUS>pass</STATUS>
</MPITEST>
<MPITEST>
<NAME>subarray-pack</NAME>
<NP>1</NP>
<WORKDIR>./datatype</WORKDIR>
<STATUS>pass</STATUS>
</MPITEST>
<MPITEST>
<NAME>subarray</NAME>
<NP>2</NP>
<WORKDIR>./datatype</WORKDIR>
<STATUS>pass</STATUS>
</MPITEST>
<MPITEST>
<NAME>darray-pack</NAME>
<NP>1</NP>
<WORKDIR>./datatype</WORKDIR>
<STATUS>pass</STATUS>
</MPITEST>
<MPITEST>
<NAME>darray-pack</NAME>
<NP>9</NP>
<WORKDIR>./datatype</WORKDIR>
<STATUS>pass</STATUS>
</MPITEST>
<MPITEST>
<NAME>pairtype-size-extent</NAME>
<NP>1</NP>
<WORKDIR>./datatype</WORKDIR>
<STATUS>pass</STATUS>
</MPITEST>
<MPITEST>
<NAME>simple-commit</NAME>
<NP>1</NP>
<WORKDIR>./datatype</WORKDIR>
<STATUS>pass</STATUS>
</MPITEST>
<MPITEST>
<NAME>simple-size-extent</NAME>
<NP>1</NP>
<WORKDIR>./datatype</WORKDIR>
<STATUS>pass</STATUS>
</MPITEST>
<MPITEST>
<NAME>struct-no-real-types</NAME>
<NP>1</NP>
<WORKDIR>./datatype</WORKDIR>
<STATUS>pass</STATUS>
</MPITEST>
<MPITEST>
<NAME>struct-empty-el</NAME>
<NP>1</NP>
<WORKDIR>./datatype</WORKDIR>
<STATUS>pass</STATUS>
</MPITEST>
<MPITEST>
<NAME>contig-zero-count</NAME>
<NP>1</NP>
<WORKDIR>./datatype</WORKDIR>
<STATUS>pass</STATUS>
</MPITEST>
<MPITEST>
<NAME>simple-resized</NAME>
<NP>1</NP>
<WORKDIR>./datatype</WORKDIR>
<STATUS>pass</STATUS>
</MPITEST>
<MPITEST>
<NAME>unusual-noncontigs</NAME>
<NP>1</NP>
<WORKDIR>./datatype</WORKDIR>
<STATUS>pass</STATUS>
</MPITEST>
<MPITEST>
<NAME>hindexed-zeros</NAME>
<NP>1</NP>
<WORKDIR>./datatype</WORKDIR>
<STATUS>pass</STATUS>
</MPITEST>
<MPITEST>
<NAME>lots-of-types</NAME>
<NP>1</NP>
<WORKDIR>./datatype</WORKDIR>
<STATUS>pass</STATUS>
</MPITEST>
<MPITEST>
<NAME>get-elements-pairtype</NAME>
<NP>1</NP>
<WORKDIR>./datatype</WORKDIR>
<STATUS>pass</STATUS>
</MPITEST>
<MPITEST>
<NAME>unpack</NAME>
<NP>1</NP>
<WORKDIR>./datatype</WORKDIR>
<STATUS>pass</STATUS>
</MPITEST>
<MPITEST>
<NAME>struct-ezhov</NAME>
<NP>1</NP>
<WORKDIR>./datatype</WORKDIR>
<STATUS>pass</STATUS>
</MPITEST>
<MPITEST>
<NAME>zeroblks</NAME>
<NP>1</NP>
<WORKDIR>./datatype</WORKDIR>
<STATUS>pass</STATUS>
</MPITEST>
<MPITEST>
<NAME>struct-derived-zeros</NAME>
<NP>1</NP>
<WORKDIR>./datatype</WORKDIR>
<STATUS>pass</STATUS>
</MPITEST>
<MPITEST>
<NAME>struct-verydeep</NAME>
<NP>1</NP>
<WORKDIR>./datatype</WORKDIR>
<STATUS>pass</STATUS>
</MPITEST>
<MPITEST>
<NAME>get-elements</NAME>
<NP>1</NP>
<WORKDIR>./datatype</WORKDIR>
<STATUS>pass</STATUS>
</MPITEST>
<MPITEST>
<NAME>adderr</NAME>
<NP>1</NP>
<WORKDIR>./errhan</WORKDIR>
<STATUS>pass</STATUS>
</MPITEST>
<MPITEST>
<NAME>commcall</NAME>
<NP>2</NP>
<WORKDIR>./errhan</WORKDIR>
<STATUS>pass</STATUS>
</MPITEST>
<MPITEST>
<NAME>errfatal</NAME>
<NP>1</NP>
<WORKDIR>./errhan</WORKDIR>
<STATUS>pass</STATUS>
</MPITEST>
<MPITEST>
<NAME>groupcreate</NAME>
<NP>4</NP>
<WORKDIR>./group</WORKDIR>
<STATUS>pass</STATUS>
</MPITEST>
<MPITEST>
<NAME>grouptest</NAME>
<NP>8</NP>
<WORKDIR>./group</WORKDIR>
<STATUS>pass</STATUS>
</MPITEST>
<MPITEST>
<NAME>grouptest2</NAME>
<NP>4</NP>
<WORKDIR>./group</WORKDIR>
<STATUS>pass</STATUS>
</MPITEST>
<MPITEST>
<NAME>groupnullincl</NAME>
<NP>4</NP>
<WORKDIR>./group</WORKDIR>
<STATUS>pass</STATUS>
</MPITEST>
<MPITEST>
<NAME>gtranks</NAME>
<NP>8</NP>
<WORKDIR>./group</WORKDIR>
<STATUS>pass</STATUS>
</MPITEST>
<MPITEST>
<NAME>gtranksperf</NAME>
<NP>20</NP>
<WORKDIR>./group</WORKDIR>
<STATUS>pass</STATUS>
</MPITEST>
<MPITEST>
<NAME>infodup</NAME>
<NP>1</NP>
<WORKDIR>./info</WORKDIR>
<STATUS>pass</STATUS>
</MPITEST>
<MPITEST>
<NAME>infodel</NAME>
<NP>1</NP>
<WORKDIR>./info</WORKDIR>
<STATUS>pass</STATUS>
</MPITEST>
<MPITEST>
<NAME>infovallen</NAME>
<NP>1</NP>
<WORKDIR>./info</WORKDIR>
<STATUS>pass</STATUS>
</MPITEST>
<MPITEST>
<NAME>infoorder</NAME>
<NP>1</NP>
<WORKDIR>./info</WORKDIR>
<STATUS>pass</STATUS>
</MPITEST>
<MPITEST>
<NAME>infomany</NAME>
<NP>1</NP>
<WORKDIR>./info</WORKDIR>
<STATUS>pass</STATUS>
</MPITEST>
<MPITEST>
<NAME>infomany2</NAME>
<NP>1</NP>
<WORKDIR>./info</WORKDIR>
<STATUS>pass</STATUS>
</MPITEST>
<MPITEST>
<NAME>infotest</NAME>
<NP>1</NP>
<WORKDIR>./info</WORKDIR>
<STATUS>pass</STATUS>
</MPITEST>
<MPITEST>
<NAME>exitst1</NAME>
<NP>2</NP>
<WORKDIR>./init</WORKDIR>
<STATUS>pass</STATUS>
</MPITEST>
<MPITEST>
<NAME>exitst2</NAME>
<NP>4</NP>
<WORKDIR>./init</WORKDIR>
<STATUS>pass</STATUS>
</MPITEST>
<MPITEST>
<NAME>initstat</NAME>
<NP>1</NP>
<WORKDIR>./init</WORKDIR>
<STATUS>pass</STATUS>
</MPITEST>
<MPITEST>
<NAME>timeout</NAME>
<NP>2</NP>
<WORKDIR>./init</WORKDIR>
<STATUS>fail</STATUS>
<TESTDIFF>
PSIlogger: Maximum runtime of 10 seconds elapsed.
</TESTDIFF>
</MPITEST>
<MPITEST>
<NAME>version</NAME>
<NP>1</NP>
<WORKDIR>./init</WORKDIR>
<STATUS>pass</STATUS>
</MPITEST>
<MPITEST>
<NAME>finalized</NAME>
<NP>1</NP>
<WORKDIR>./init</WORKDIR>
<STATUS>pass</STATUS>
</MPITEST>
<MPITEST>
<NAME>attrself</NAME>
<NP>1</NP>
<WORKDIR>./init</WORKDIR>
<STATUS>pass</STATUS>
</MPITEST>
<MPITEST>
<NAME>sendrecv1</NAME>
<NP>4</NP>
<WORKDIR>./pt2pt</WORKDIR>
<STATUS>pass</STATUS>
</MPITEST>
<MPITEST>
<NAME>sendrecv2</NAME>
<NP>2</NP>
<WORKDIR>./pt2pt</WORKDIR>
<STATUS>pass</STATUS>
</MPITEST>
<MPITEST>
<NAME>sendrecv3</NAME>
<NP>2</NP>
<WORKDIR>./pt2pt</WORKDIR>
<STATUS>pass</STATUS>
</MPITEST>
<MPITEST>
<NAME>sendflood</NAME>
<NP>8</NP>
<WORKDIR>./pt2pt</WORKDIR>
<STATUS>pass</STATUS>
</MPITEST>
<MPITEST>
<NAME>sendself</NAME>
<NP>1</NP>
<WORKDIR>./pt2pt</WORKDIR>
<STATUS>pass</STATUS>
</MPITEST>
<MPITEST>
<NAME>sendall</NAME>
<NP>4</NP>
<WORKDIR>./pt2pt</WORKDIR>
<STATUS>pass</STATUS>
</MPITEST>
<MPITEST>
<NAME>anyall</NAME>
<NP>2</NP>
<WORKDIR>./pt2pt</WORKDIR>
<STATUS>pass</STATUS>
</MPITEST>
<MPITEST>
<NAME>eagerdt</NAME>
<NP>2</NP>
<WORKDIR>./pt2pt</WORKDIR>
<STATUS>pass</STATUS>
</MPITEST>
<MPITEST>
<NAME>pingping</NAME>
<NP>2</NP>
<WORKDIR>./pt2pt</WORKDIR>
<STATUS>pass</STATUS>
</MPITEST>
<MPITEST>
<NAME>bottom</NAME>
<NP>2</NP>
<WORKDIR>./pt2pt</WORKDIR>
<STATUS>pass</STATUS>
</MPITEST>
<MPITEST>
<NAME>bsend1</NAME>
<NP>1</NP>
<WORKDIR>./pt2pt</WORKDIR>
<STATUS>pass</STATUS>
</MPITEST>
<MPITEST>
<NAME>bsend2</NAME>
<NP>1</NP>
<WORKDIR>./pt2pt</WORKDIR>
<STATUS>pass</STATUS>
</MPITEST>
<MPITEST>
<NAME>bsend3</NAME>
<NP>1</NP>
<WORKDIR>./pt2pt</WORKDIR>
<STATUS>pass</STATUS>
</MPITEST>
<MPITEST>
<NAME>bsend4</NAME>
<NP>1</NP>
<WORKDIR>./pt2pt</WORKDIR>
<STATUS>pass</STATUS>
</MPITEST>
<MPITEST>
<NAME>bsend5</NAME>
<NP>4</NP>
<WORKDIR>./pt2pt</WORKDIR>
<STATUS>pass</STATUS>
</MPITEST>
<MPITEST>
<NAME>bsendalign</NAME>
<NP>2</NP>
<WORKDIR>./pt2pt</WORKDIR>
<STATUS>pass</STATUS>
</MPITEST>
<MPITEST>
<NAME>bsendpending</NAME>
<NP>2</NP>
<WORKDIR>./pt2pt</WORKDIR>
<STATUS>pass</STATUS>
</MPITEST>
<MPITEST>
<NAME>isendself</NAME>
<NP>1</NP>
<WORKDIR>./pt2pt</WORKDIR>
<STATUS>pass</STATUS>
</MPITEST>
<MPITEST>
<NAME>bsendfrag</NAME>
<NP>2</NP>
<WORKDIR>./pt2pt</WORKDIR>
<STATUS>pass</STATUS>
</MPITEST>
<MPITEST>
<NAME>icsend</NAME>
<NP>4</NP>
<WORKDIR>./pt2pt</WORKDIR>
<STATUS>pass</STATUS>
</MPITEST>
<MPITEST>
<NAME>rqstatus</NAME>
<NP>2</NP>
<WORKDIR>./pt2pt</WORKDIR>
<STATUS>pass</STATUS>
</MPITEST>
<MPITEST>
<NAME>rqfreeb</NAME>
<NP>4</NP>
<WORKDIR>./pt2pt</WORKDIR>
<STATUS>pass</STATUS>
</MPITEST>
<MPITEST>
<NAME>greq1</NAME>
<NP>1</NP>
<WORKDIR>./pt2pt</WORKDIR>
<STATUS>pass</STATUS>
</MPITEST>
<MPITEST>
<NAME>probe-unexp</NAME>
<NP>4</NP>
<WORKDIR>./pt2pt</WORKDIR>
<STATUS>pass</STATUS>
</MPITEST>
<MPITEST>
<NAME>probenull</NAME>
<NP>1</NP>
<WORKDIR>./pt2pt</WORKDIR>
<STATUS>pass</STATUS>
</MPITEST>
<MPITEST>
<NAME>scancel</NAME>
<NP>2</NP>
<WORKDIR>./pt2pt</WORKDIR>
<STATUS>fail</STATUS>
<TESTDIFF>
Failed to cancel an Isend request
Failed to cancel an Ibsend request
Failed to cancel an Isend request
Failed to cancel an Ibsend request
Failed to cancel an Isend request
Failed to cancel an Ibsend request
Failed to cancel an Isend request
Failed to cancel an Ibsend request
 Found 8 errors
</TESTDIFF>
</MPITEST>
<MPITEST>
<NAME>scancel2</NAME>
<NP>2</NP>
<WORKDIR>./pt2pt</WORKDIR>
<STATUS>pass</STATUS>
</MPITEST>
<MPITEST>
<NAME>pscancel</NAME>
<NP>2</NP>
<WORKDIR>./pt2pt</WORKDIR>
<STATUS>fail</STATUS>
<TESTDIFF>
Failed to cancel a persistent send request
Failed to cancel a persistent bsend request
Failed to cancel a persistent send request
Failed to cancel a persistent bsend request
Failed to cancel a persistent send request
Failed to cancel a persistent bsend request
Failed to cancel a persistent send request
Failed to cancel a persistent bsend request
 Found 8 errors
</TESTDIFF>
</MPITEST>
<MPITEST>
<NAME>rcancel</NAME>
<NP>2</NP>
<WORKDIR>./pt2pt</WORKDIR>
<STATUS>pass</STATUS>
</MPITEST>
<MPITEST>
<NAME>cancelrecv</NAME>
<NP>2</NP>
<WORKDIR>./pt2pt</WORKDIR>
<STATUS>pass</STATUS>
</MPITEST>
<MPITEST>
<NAME>isendselfprobe</NAME>
<NP>1</NP>
<WORKDIR>./pt2pt</WORKDIR>
<STATUS>pass</STATUS>
</MPITEST>
<MPITEST>
<NAME>inactivereq</NAME>
<NP>1</NP>
<WORKDIR>./pt2pt</WORKDIR>
<STATUS>pass</STATUS>
</MPITEST>
<MPITEST>
<NAME>waittestnull</NAME>
<NP>1</NP>
<WORKDIR>./pt2pt</WORKDIR>
<STATUS>pass</STATUS>
</MPITEST>
<MPITEST>
<NAME>waitany-null</NAME>
<NP>1</NP>
<WORKDIR>./pt2pt</WORKDIR>
<STATUS>pass</STATUS>
</MPITEST>
<MPITEST>
<NAME>large_message</NAME>
<NP>3</NP>
<WORKDIR>./pt2pt</WORKDIR>
<STATUS>fail</STATUS>
<TESTDIFF>
PSIlogger: Maximum runtime of 180 seconds elapsed.
</TESTDIFF>
</MPITEST>
<MPITEST>
<NAME>winname</NAME>
<NP>2</NP>
<WORKDIR>./rma</WORKDIR>
<STATUS>pass</STATUS>
</MPITEST>
<MPITEST>
<NAME>allocmem</NAME>
<NP>2</NP>
<WORKDIR>./rma</WORKDIR>
<STATUS>pass</STATUS>
</MPITEST>
<MPITEST>
<NAME>putfence1</NAME>
<NP>4</NP>
<WORKDIR>./rma</WORKDIR>
<STATUS>fail</STATUS>
<TESTDIFF>
Deadlock detected! Process 5334 will wait forever.
('wait' called without outstanding send or recv requests).
(For single sided communications set PSP_UNEXPECTED_RECEIVES=1)
Requests:
Sockets:
  sock#0x2080040 listen:    -1 demand:   0(   0)  src:(192.168.254.21,5334,(nil),r0000003)
  Connections:
    con#0x207e700 type:  loop state:    open dest:(192.168.254.21,5334,0x207e700,r0000003) recvcnt:    0
    con#0x207ea20 type:   shm state:    open dest:(192.168.254.21,5331,0xde5a20,r0000000) recvcnt:    0
    con#0x207ebd0 type:   shm state:    open dest:(192.168.254.21,5333,0x97cbd0,r0000002) recvcnt:    0
    con#0x207ed60 type:   shm state:    open dest:(192.168.254.21,5332,0x1b70d60,r0000001) recvcnt:    0
Fds:

Reqs:7 GenReqs: (cnt:0  used:0)
PSIlogger: Child with rank 3 exited with status 112.
</TESTDIFF>
</MPITEST>
<MPITEST>
<NAME>putfidx</NAME>
<NP>4</NP>
<WORKDIR>./rma</WORKDIR>
<STATUS>fail</STATUS>
<TESTDIFF>
Deadlock detected! Process 5370 will wait forever.
('wait' called without outstanding send or recv requests).
(For single sided communications set PSP_UNEXPECTED_RECEIVES=1)
Requests:
Sockets:
  sock#0xcd8040 listen:    -1 demand:   0(   0)  src:(192.168.254.21,5370,(nil),r0000003)
  Connections:
    con#0xcd6700 type:  loop state:    open dest:(192.168.254.21,5370,0xcd6700,r0000003) recvcnt:    0
    con#0xcd6a20 type:   shm state:    open dest:(192.168.254.21,5368,0x1231a20,r0000000) recvcnt:    0
    con#0xcd6bd0 type:   shm state:    open dest:(192.168.254.21,5371,0x9f4bd0,r0000002) recvcnt:    0
    con#0xcd6d60 type:   shm state:    open dest:(192.168.254.21,5369,0x2037d60,r0000001) recvcnt:    0
Fds:

Reqs:7 GenReqs: (cnt:0  used:0)
PSIlogger: Child with rank 3 exited with status 112.
</TESTDIFF>
</MPITEST>
<MPITEST>
<NAME>getfence1</NAME>
<NP>4</NP>
<WORKDIR>./rma</WORKDIR>
<STATUS>pass</STATUS>
</MPITEST>
<MPITEST>
<NAME>accfence1</NAME>
<NP>4</NP>
<WORKDIR>./rma</WORKDIR>
<STATUS>fail</STATUS>
<TESTDIFF>
Deadlock detected! Process 5441 will wait forever.
('wait' called without outstanding send or recv requests).
(For single sided communications set PSP_UNEXPECTED_RECEIVES=1)
Requests:
Sockets:
  sock#0x2098040 listen:    -1 demand:   0(   0)  src:(192.168.254.21,5441,(nil),r0000003)
  Connections:
    con#0x2096700 type:  loop state:    open dest:(192.168.254.21,5441,0x2096700,r0000003) recvcnt:    0
    con#0x2096a20 type:   shm state:    open dest:(192.168.254.21,5438,0xeaca20,r0000000) recvcnt:    0
    con#0x2096bd0 type:   shm state:    open dest:(192.168.254.21,5440,0x1069bd0,r0000002) recvcnt:    0
    con#0x2096d60 type:   shm state:    open dest:(192.168.254.21,5439,0x1f8fd60,r0000001) recvcnt:    0
Fds:

Reqs:7 GenReqs: (cnt:0  used:0)
PSIlogger: Child with rank 3 exited with status 112.
</TESTDIFF>
</MPITEST>
<MPITEST>
<NAME>adlb_mimic1</NAME>
<NP>3</NP>
<WORKDIR>./rma</WORKDIR>
<STATUS>fail</STATUS>
<TESTDIFF>
PSIlogger: Maximum runtime of 180 seconds elapsed.
</TESTDIFF>
</MPITEST>
<MPITEST>
<NAME>accfence2</NAME>
<NP>4</NP>
<WORKDIR>./rma</WORKDIR>
<STATUS>fail</STATUS>
<TESTDIFF>
Deadlock detected! Process 5561 will wait forever.
('wait' called without outstanding send or recv requests).
(For single sided communications set PSP_UNEXPECTED_RECEIVES=1)
Requests:
Sockets:
  sock#0xc7d040 listen:    -1 demand:   0(   0)  src:(192.168.254.21,5561,(nil),r0000000)
  Connections:
    con#0xc7b700 type:  loop state:    open dest:(192.168.254.21,5561,0xc7b700,r0000000) recvcnt:    0
    con#0xc7ba20 type:   shm state:    open dest:(192.168.254.21,5564,0x2109a20,r0000003) recvcnt:    0
    con#0xc7bbd0 type:   shm state:    open dest:(192.168.254.21,5562,0x1004bd0,r0000001) recvcnt:    0
    con#0xc7bd60 type:   shm state:    open dest:(192.168.254.21,5563,0x9eed60,r0000002) recvcnt:    0
Fds:

Reqs:11 GenReqs: (cnt:0  used:0)
PSIlogger: Child with rank 0 exited with status 112.
</TESTDIFF>
</MPITEST>
<MPITEST>
<NAME>putpscw1</NAME>
<NP>4</NP>
<WORKDIR>./rma</WORKDIR>
<STATUS>pass</STATUS>
</MPITEST>
<MPITEST>
<NAME>getgroup</NAME>
<NP>4</NP>
<WORKDIR>./rma</WORKDIR>
<STATUS>pass</STATUS>
</MPITEST>
<MPITEST>
<NAME>transpose1</NAME>
<NP>2</NP>
<WORKDIR>./rma</WORKDIR>
<STATUS>pass</STATUS>
</MPITEST>
<MPITEST>
<NAME>transpose2</NAME>
<NP>2</NP>
<WORKDIR>./rma</WORKDIR>
<STATUS>pass</STATUS>
</MPITEST>
<MPITEST>
<NAME>transpose3</NAME>
<NP>2</NP>
<WORKDIR>./rma</WORKDIR>
<STATUS>pass</STATUS>
</MPITEST>
<MPITEST>
<NAME>transpose5</NAME>
<NP>2</NP>
<WORKDIR>./rma</WORKDIR>
<STATUS>pass</STATUS>
</MPITEST>
<MPITEST>
<NAME>transpose6</NAME>
<NP>1</NP>
<WORKDIR>./rma</WORKDIR>
<STATUS>pass</STATUS>
</MPITEST>
<MPITEST>
<NAME>transpose7</NAME>
<NP>2</NP>
<WORKDIR>./rma</WORKDIR>
<STATUS>pass</STATUS>
</MPITEST>
<MPITEST>
<NAME>test1</NAME>
<NP>2</NP>
<WORKDIR>./rma</WORKDIR>
<STATUS>pass</STATUS>
</MPITEST>
<MPITEST>
<NAME>test2</NAME>
<NP>2</NP>
<WORKDIR>./rma</WORKDIR>
<STATUS>pass</STATUS>
</MPITEST>
<MPITEST>
<NAME>test3</NAME>
<NP>2</NP>
<WORKDIR>./rma</WORKDIR>
<STATUS>pass</STATUS>
</MPITEST>
<MPITEST>
<NAME>test4</NAME>
<NP>2</NP>
<WORKDIR>./rma</WORKDIR>
<STATUS>pass</STATUS>
</MPITEST>
<MPITEST>
<NAME>test5</NAME>
<NP>2</NP>
<WORKDIR>./rma</WORKDIR>
<STATUS>pass</STATUS>
</MPITEST>
<MPITEST>
<NAME>lockcontention</NAME>
<NP>3</NP>
<WORKDIR>./rma</WORKDIR>
<STATUS>pass</STATUS>
</MPITEST>
<MPITEST>
<NAME>lockcontention2</NAME>
<NP>4</NP>
<WORKDIR>./rma</WORKDIR>
<STATUS>fail</STATUS>
<TESTDIFF>
PSIlogger: Maximum runtime of 180 seconds elapsed.
</TESTDIFF>
</MPITEST>
<MPITEST>
<NAME>lockcontention2</NAME>
<NP>8</NP>
<WORKDIR>./rma</WORKDIR>
<STATUS>fail</STATUS>
<TESTDIFF>
PSIlogger: Maximum runtime of 180 seconds elapsed.
</TESTDIFF>
</MPITEST>
<MPITEST>
<NAME>transpose4</NAME>
<NP>2</NP>
<WORKDIR>./rma</WORKDIR>
<STATUS>pass</STATUS>
</MPITEST>
<MPITEST>
<NAME>fetchandadd</NAME>
<NP>7</NP>
<WORKDIR>./rma</WORKDIR>
<STATUS>fail</STATUS>
<TESTDIFF>
PSIlogger: Maximum runtime of 180 seconds elapsed.
</TESTDIFF>
</MPITEST>
<MPITEST>
<NAME>fetchandadd_tree</NAME>
<NP>7</NP>
<WORKDIR>./rma</WORKDIR>
<STATUS>fail</STATUS>
<TESTDIFF>
PSIlogger: Maximum runtime of 180 seconds elapsed.
</TESTDIFF>
</MPITEST>
<MPITEST>
<NAME>wintest</NAME>
<NP>2</NP>
<WORKDIR>./rma</WORKDIR>
<STATUS>pass</STATUS>
</MPITEST>
<MPITEST>
<NAME>contig_displ</NAME>
<NP>1</NP>
<WORKDIR>./rma</WORKDIR>
<STATUS>pass</STATUS>
</MPITEST>
<MPITEST>
<NAME>test1_am</NAME>
<NP>2</NP>
<WORKDIR>./rma</WORKDIR>
<STATUS>pass</STATUS>
</MPITEST>
<MPITEST>
<NAME>test2_am</NAME>
<NP>2</NP>
<WORKDIR>./rma</WORKDIR>
<STATUS>pass</STATUS>
</MPITEST>
<MPITEST>
<NAME>test3_am</NAME>
<NP>2</NP>
<WORKDIR>./rma</WORKDIR>
<STATUS>pass</STATUS>
</MPITEST>
<MPITEST>
<NAME>test4_am</NAME>
<NP>2</NP>
<WORKDIR>./rma</WORKDIR>
<STATUS>pass</STATUS>
</MPITEST>
<MPITEST>
<NAME>test5_am</NAME>
<NP>2</NP>
<WORKDIR>./rma</WORKDIR>
<STATUS>pass</STATUS>
</MPITEST>
<MPITEST>
<NAME>fetchandadd_am</NAME>
<NP>7</NP>
<WORKDIR>./rma</WORKDIR>
<STATUS>fail</STATUS>
<TESTDIFF>
PSIlogger: Maximum runtime of 180 seconds elapsed.
</TESTDIFF>
</MPITEST>
<MPITEST>
<NAME>fetchandadd_tree_am</NAME>
<NP>7</NP>
<WORKDIR>./rma</WORKDIR>
<STATUS>fail</STATUS>
<TESTDIFF>
PSIlogger: Maximum runtime of 180 seconds elapsed.
</TESTDIFF>
</MPITEST>
<MPITEST>
<NAME>accfence2_am</NAME>
<NP>4</NP>
<WORKDIR>./rma</WORKDIR>
<STATUS>pass</STATUS>
</MPITEST>
<MPITEST>
<NAME>test1_dt</NAME>
<NP>2</NP>
<WORKDIR>./rma</WORKDIR>
<STATUS>pass</STATUS>
</MPITEST>
<MPITEST>
<NAME>nullpscw</NAME>
<NP>7</NP>
<WORKDIR>./rma</WORKDIR>
<STATUS>pass</STATUS>
</MPITEST>
<MPITEST>
<NAME>attrorderwin</NAME>
<NP>1</NP>
<WORKDIR>./rma</WORKDIR>
<STATUS>pass</STATUS>
</MPITEST>
<MPITEST>
<NAME>wincall</NAME>
<NP>2</NP>
<WORKDIR>./rma</WORKDIR>
<STATUS>pass</STATUS>
</MPITEST>
<MPITEST>
<NAME>baseattrwin</NAME>
<NP>1</NP>
<WORKDIR>./rma</WORKDIR>
<STATUS>pass</STATUS>
</MPITEST>
<MPITEST>
<NAME>fkeyvalwin</NAME>
<NP>1</NP>
<WORKDIR>./rma</WORKDIR>
<STATUS>pass</STATUS>
</MPITEST>
<MPITEST>
<NAME>selfrma</NAME>
<NP>1</NP>
<WORKDIR>./rma</WORKDIR>
<STATUS>pass</STATUS>
</MPITEST>
<MPITEST>
<NAME>mixedsync</NAME>
<NP>4</NP>
<WORKDIR>./rma</WORKDIR>
<STATUS>fail</STATUS>
<TESTDIFF>
PSIlogger: Maximum runtime of 180 seconds elapsed.
</TESTDIFF>
</MPITEST>
<MPITEST>
<NAME>epochtest</NAME>
<NP>4</NP>
<WORKDIR>./rma</WORKDIR>
<STATUS>fail</STATUS>
<TESTDIFF>
Deadlock detected! Process 7214 will wait forever.
('wait' called without outstanding send or recv requests).
(For single sided communications set PSP_UNEXPECTED_RECEIVES=1)
Requests:
Sockets:
  sock#0xa6f040 listen:    -1 demand:   0(   0)  src:(192.168.254.21,7214,(nil),r0000003)
  Connections:
    con#0xa6d700 type:  loop state:    open dest:(192.168.254.21,7214,0xa6d700,r0000003) recvcnt:    0
    con#0xa6da20 type:   shm state:    open dest:(192.168.254.21,7213,0x2522a20,r0000000) recvcnt:    0
    con#0xa6dbd0 type:   shm state:    open dest:(192.168.254.21,7216,0x8bdbd0,r0000002) recvcnt:    0
    con#0xa6dd60 type:   shm state:    open dest:(192.168.254.21,7215,0xcd0d60,r0000001) recvcnt:    0
Fds:

Reqs:7 GenReqs: (cnt:0  used:0)
PSIlogger: Child with rank 3 exited with status 112.
</TESTDIFF>
</MPITEST>
<MPITEST>
<NAME>locknull</NAME>
<NP>2</NP>
<WORKDIR>./rma</WORKDIR>
<STATUS>pass</STATUS>
</MPITEST>
<MPITEST>
<NAME>rmanull</NAME>
<NP>2</NP>
<WORKDIR>./rma</WORKDIR>
<STATUS>pass</STATUS>
</MPITEST>
<MPITEST>
<NAME>strided_acc_indexed</NAME>
<NP>2</NP>
<WORKDIR>./rma</WORKDIR>
<STATUS>pass</STATUS>
</MPITEST>
<MPITEST>
<NAME>strided_acc_onelock</NAME>
<NP>2</NP>
<WORKDIR>./rma</WORKDIR>
<STATUS>pass</STATUS>
</MPITEST>
<MPITEST>
<NAME>strided_acc_subarray</NAME>
<NP>2</NP>
<WORKDIR>./rma</WORKDIR>
<STATUS>pass</STATUS>
</MPITEST>
<MPITEST>
<NAME>strided_get_indexed</NAME>
<NP>2</NP>
<WORKDIR>./rma</WORKDIR>
<STATUS>pass</STATUS>
</MPITEST>
<MPITEST>
<NAME>strided_putget_indexed</NAME>
<NP>2</NP>
<WORKDIR>./rma</WORKDIR>
<STATUS>pass</STATUS>
</MPITEST>
<MPITEST>
<NAME>window_creation</NAME>
<NP>2</NP>
<WORKDIR>./rma</WORKDIR>
<STATUS>pass</STATUS>
</MPITEST>
<MPITEST>
<NAME>contention_put</NAME>
<NP>4</NP>
<WORKDIR>./rma</WORKDIR>
<STATUS>pass</STATUS>
</MPITEST>
<MPITEST>
<NAME>contention_putget</NAME>
<NP>4</NP>
<WORKDIR>./rma</WORKDIR>
<STATUS>pass</STATUS>
</MPITEST>
<MPITEST>
<NAME>put_base</NAME>
<NP>2</NP>
<WORKDIR>./rma</WORKDIR>
<STATUS>pass</STATUS>
</MPITEST>
<MPITEST>
<NAME>put_bottom</NAME>
<NP>2</NP>
<WORKDIR>./rma</WORKDIR>
<STATUS>pass</STATUS>
</MPITEST>
<MPITEST>
<NAME>namepub</NAME>
<NP>2</NP>
<WORKDIR>./spawn</WORKDIR>
<STATUS>pass</STATUS>
</MPITEST>
<MPITEST>
<NAME>spawn1</NAME>
<NP>1</NP>
<WORKDIR>./spawn</WORKDIR>
<STATUS>fail</STATUS>
<TESTDIFF>
Warning: MPID_Comm_spawn_multiple() not implemented
Fatal error in MPI_Comm_spawn: Unsupported file operation , error stack:
MPI_Comm_spawn(144): MPI_Comm_spawn(cmd="./spawn1", argv=(nil), maxprocs=2, MPI_INFO_NULL, root=0, MPI_COMM_WORLD, intercomm=0x7fffa7406240, errors=0x7fffa74061f0) failed
(unknown)(): Unsupported file operation PSIlogger: Child with rank 0 exited with status 1.
</TESTDIFF>
</MPITEST>
<MPITEST>
<NAME>spawn2</NAME>
<NP>1</NP>
<WORKDIR>./spawn</WORKDIR>
<STATUS>fail</STATUS>
<TESTDIFF>
Warning: MPID_Comm_spawn_multiple() not implemented
Fatal error in MPI_Comm_spawn: Unsupported file operation , error stack:
MPI_Comm_spawn(144): MPI_Comm_spawn(cmd="./spawn2", argv=(nil), maxprocs=2, MPI_INFO_NULL, root=0, MPI_COMM_WORLD, intercomm=0x7fff830013e0, errors=0x7fff83001380) failed
(unknown)(): Unsupported file operation PSIlogger: Child with rank 0 exited with status 1.
</TESTDIFF>
</MPITEST>
<MPITEST>
<NAME>spawninfo1</NAME>
<NP>1</NP>
<WORKDIR>./spawn</WORKDIR>
<STATUS>fail</STATUS>
<TESTDIFF>
Warning: MPID_Comm_spawn_multiple() not implemented
Fatal error in MPI_Comm_spawn: Unsupported file operation , error stack:
MPI_Comm_spawn(144): MPI_Comm_spawn(cmd="spawninfo1", argv=(nil), maxprocs=2, info=0x9c000000, root=0, MPI_COMM_WORLD, intercomm=0x7ffff54b2e20, errors=0x7ffff54b2dd0) failed
(unknown)(): Unsupported file operation PSIlogger: Child with rank 0 exited with status 1.
</TESTDIFF>
</MPITEST>
<MPITEST>
<NAME>spawnminfo1</NAME>
<NP>1</NP>
<WORKDIR>./spawn</WORKDIR>
<STATUS>fail</STATUS>
<TESTDIFF>
Warning: MPID_Comm_spawn_multiple() not implemented
Fatal error in MPI_Comm_spawn_multiple: Unsupported file operation , error stack:
MPI_Comm_spawn_multiple(160): MPI_Comm_spawn_multiple(count=2, cmds=0x7fffc01f45d0, argvs=(nil), maxprocs=0x7fffc01f45e0, infos=0x7fffc01f4600, root=0, MPI_COMM_WORLD, intercomm=0x7fffc01f4650, errors=0x7fffc01f45f0) failed
(unknown)(): Unsupported file operation PSIlogger: Child with rank 0 exited with status 1.
</TESTDIFF>
</MPITEST>
<MPITEST>
<NAME>spawnintra</NAME>
<NP>1</NP>
<WORKDIR>./spawn</WORKDIR>
<STATUS>fail</STATUS>
<TESTDIFF>
Warning: MPID_Comm_spawn_multiple() not implemented
Fatal error in MPI_Comm_spawn: Unsupported file operation , error stack:
MPI_Comm_spawn(144): MPI_Comm_spawn(cmd="./spawnintra", argv=(nil), maxprocs=2, MPI_INFO_NULL, root=0, MPI_COMM_WORLD, intercomm=0x7ffff33ad1e0, errors=0x7ffff33ad190) failed
(unknown)(): Unsupported file operation PSIlogger: Child with rank 0 exited with status 1.
</TESTDIFF>
</MPITEST>
<MPITEST>
<NAME>spawnintra</NAME>
<NP>2</NP>
<WORKDIR>./spawn</WORKDIR>
<STATUS>fail</STATUS>
<TESTDIFF>
Warning: MPID_Comm_spawn_multiple() not implemented
Fatal error in MPI_Comm_spawn: Unsupported file operation , error stack:
MPI_Comm_spawn(144): MPI_Comm_spawn(cmd="./spawnintra", argv=(nil), maxprocs=2, MPI_INFO_NULL, root=0, MPI_COMM_WORLD, intercomm=0x7fffbedcfbe0, errors=0x7fffbedcfb90) failed
(unknown)(): Unsupported file operation PSIlogger: Child with rank 0 exited with status 1.
Warning: MPID_Comm_spawn_multiple() not implemented
Fatal error in MPI_Comm_spawn: Unsupported file operation , error stack:
MPI_Comm_spawn(144): MPI_Comm_spawn(cmd="./spawnintra", argv=(nil), maxprocs=2, MPI_INFO_NULL, root=0, MPI_COMM_WORLD, intercomm=0x7fffcab29730, errors=0x7fffcab296e0) failed
(unknown)(): Unsupported file operation PSIlogger: Child with rank 1 exited with status 1.
</TESTDIFF>
</MPITEST>
<MPITEST>
<NAME>spawnargv</NAME>
<NP>1</NP>
<WORKDIR>./spawn</WORKDIR>
<STATUS>fail</STATUS>
<TESTDIFF>
Warning: MPID_Comm_spawn_multiple() not implemented
Fatal error in MPI_Comm_spawn: Unsupported file operation , error stack:
MPI_Comm_spawn(144): MPI_Comm_spawn(cmd="./spawnargv", argv=0x7fff63cfb480, maxprocs=2, MPI_INFO_NULL, root=0, MPI_COMM_WORLD, intercomm=0x7fff63cfb540, errors=0x7fff63cfb500) failed
(unknown)(): Unsupported file operation PSIlogger: Child with rank 0 exited with status 1.
</TESTDIFF>
</MPITEST>
<MPITEST>
<NAME>spawnmanyarg</NAME>
<NP>1</NP>
<WORKDIR>./spawn</WORKDIR>
<STATUS>fail</STATUS>
<TESTDIFF>
Warning: MPID_Comm_spawn_multiple() not implemented
Fatal error in MPI_Comm_spawn: Unsupported file operation , error stack:
MPI_Comm_spawn(144): MPI_Comm_spawn(cmd="./spawnmanyarg", argv=0x7fff6cadf110, maxprocs=2, MPI_INFO_NULL, root=0, MPI_COMM_WORLD, intercomm=0x7fff6cae315c, errors=0x7fff6cae3110) failed
(unknown)(): Unsupported file operation PSIlogger: Child with rank 0 exited with status 1.
</TESTDIFF>
</MPITEST>
<MPITEST>
<NAME>spawnmult2</NAME>
<NP>2</NP>
<WORKDIR>./spawn</WORKDIR>
<STATUS>fail</STATUS>
<TESTDIFF>
Warning: MPID_Comm_spawn_multiple() not implemented
Fatal error in MPI_Comm_spawn_multiple: Unsupported file operation , error stack:
MPI_Comm_spawn_multiple(160): MPI_Comm_spawn_multiple(count=2, cmds=0x6063f0, argvs=(nil), maxprocs=0x606400, infos=0x606408, root=0, MPI_COMM_WORLD, intercomm=0x7fff098365e0, errors=0x7fff098365d0) failed
(unknown)(): Unsupported file operation PSIlogger: Child with rank 0 exited with status 1.
Warning: MPID_Comm_spawn_multiple() not implemented
Fatal error in MPI_Comm_spawn_multiple: Unsupported file operation , error stack:
MPI_Comm_spawn_multiple(160): MPI_Comm_spawn_multiple(count=2, cmds=0x6063f0, argvs=(nil), maxprocs=0x606400, infos=0x606408, root=0, MPI_COMM_WORLD, intercomm=0x7fffeceadd00, errors=0x7fffeceadcf0) failed
(unknown)(): Unsupported file operation PSIlogger: Child with rank 1 exited with status 1.
</TESTDIFF>
</MPITEST>
<MPITEST>
<NAME>spaconacc</NAME>
<NP>1</NP>
<WORKDIR>./spawn</WORKDIR>
<STATUS>fail</STATUS>
<TESTDIFF>
Warning: MPID_Comm_spawn_multiple() not implemented
MPI_Comm_spawn failed: Unsupported file operation , error stack:
MPI_Comm_spawn(144): MPI_Comm_spawn(cmd="spaconacc", argv=0x7fff70540e40, maxprocs=1, info=0x9c000000, root=0, MPI_COMM_SELF, intercomm=0x7fff70540e6c, errors=(nil)) failed
(unknown)(): Unsupported file operation 
application called MPI_Abort(MPI_COMM_WORLD, 335628332) - process 0PSIlogger: Child with rank 0 exited with status 44.
</TESTDIFF>
</MPITEST>
<MPITEST>
<NAME>spaconacc2</NAME>
<NP>1</NP>
<WORKDIR>./spawn</WORKDIR>
<STATUS>fail</STATUS>
<TESTDIFF>
Warning: MPID_Comm_spawn_multiple() not implemented
Fatal error in MPI_Comm_spawn: Unsupported file operation , error stack:
MPI_Comm_spawn(144): MPI_Comm_spawn(cmd="spaconacc2", argv=0x7fff6c6afe90, maxprocs=1, info=0x9c000000, root=0, MPI_COMM_SELF, intercomm=0x7fff6c6afebc, errors=(nil)) failed
(unknown)(): Unsupported file operation PSIlogger: Child with rank 0 exited with status 1.
</TESTDIFF>
</MPITEST>
<MPITEST>
<NAME>selfconacc</NAME>
<NP>2</NP>
<WORKDIR>./spawn</WORKDIR>
<STATUS>fail</STATUS>
<TESTDIFF>
MPI_Open_port failed: Unsupported file operation , error stack:
PMPI_Open_port(123): MPI_Open_port(MPI_INFO_NULL, port=0x7fff39bce120) failed
(unknown)(): Unsupported file operation 
Fatal error in MPI_Recv: Other MPI error, error stack:
MPI_Recv(186)......: MPI_Recv(buf=0x7fffe9ee9030, count=256, MPI_CHAR, src=0, tag=0, MPI_COMM_WORLD, status=0x7fffe9ee9130) failed
mpid_irecv_done(98): read from socket failed - request state:recv(pde)donePSIlogger: Child with rank 1 exited with status 1.
Warning: MPID_Open_port() not implemented
application called MPI_Abort(MPI_COMM_WORLD, 268539180) - process 0PSIlogger: Child with rank 0 exited with status 44.
</TESTDIFF>
</MPITEST>
<MPITEST>
<NAME>spaiccreate</NAME>
<NP>2</NP>
<WORKDIR>./spawn</WORKDIR>
<STATUS>fail</STATUS>
<TESTDIFF>
Warning: MPID_Comm_spawn_multiple() not implemented
Fatal error in MPI_Comm_spawn: Unsupported file operation , error stack:
MPI_Comm_spawn(144): MPI_Comm_spawn(cmd="./spaiccreate", argv=(nil), maxprocs=2, MPI_INFO_NULL, root=0, MPI_COMM_SELF, intercomm=0x7fff9e55d870, errors=0x7fff9e55d850) failed
(unknown)(): Unsupported file operation PSIlogger: Child with rank 0 exited with status 1.
Fatal error in PMPI_Intercomm_create: Other MPI error, error stack:
PMPI_Intercomm_create(577)....: MPI_Intercomm_create(MPI_COMM_WORLD, local_leader=0, MPI_COMM_NULL, remote_leader=0, tag=123, newintercomm=0x7ffffa38f928) failed
PMPI_Intercomm_create(439)....: 
MPIR_Get_contextid(521).......: 
MPIR_Get_contextid_sparse(563): 
MPIR_Allreduce_impl(712)......: 
MPIR_Allreduce_intra(357).....: 
mpid_irecv_done(98)...........: read from socket failed - request state:recv(pde)donePSIlogger: Child with rank 1 exited with status 1.
</TESTDIFF>
</MPITEST>
<MPITEST>
<NAME>taskmaster</NAME>
<NP>1</NP>
<WORKDIR>./spawn</WORKDIR>
<STATUS>fail</STATUS>
<TESTDIFF>
Warning: MPID_Comm_spawn_multiple() not implemented
Fatal error in MPI_Comm_spawn: Unsupported file operation , error stack:
MPI_Comm_spawn(144): MPI_Comm_spawn(cmd="./taskmaster", argv=(nil), maxprocs=1, MPI_INFO_NULL, root=0, MPI_COMM_WORLD, intercomm=0xf7c8b0, errors=(nil)) failed
(unknown)(): Unsupported file operation PSIlogger: Child with rank 0 exited with status 1.
</TESTDIFF>
</MPITEST>
<MPITEST>
<NAME>taskmaster</NAME>
<NP>2</NP>
<WORKDIR>./spawn</WORKDIR>
<STATUS>fail</STATUS>
<TESTDIFF>
Warning: MPID_Comm_spawn_multiple() not implemented
Fatal error in MPI_Comm_spawn: Unsupported file operation , error stack:
MPI_Comm_spawn(144): MPI_Comm_spawn(cmd="./taskmaster", argv=(nil), maxprocs=1, MPI_INFO_NULL, root=0, MPI_COMM_WORLD, intercomm=0xWarning: MPID_Comm_spawn_multiple() not implemented
Fatal error in MPI_Comm_spawn: Unsupported file operation , error stack:
MPI_Comm_spawn(144): MPI_Comm_spawn(cmd="./taskmaster", argv=(nil), maxprocs=1, MPI_INFO_NULL, root=0, MPI_COMM_WORLD, intercomm=0x9f7a80, errors=(nil)) failed
(unknown)(): Unsupported file operation 670a80, errors=(nil)) failed
(unknown)(): Unsupported file operation PSIlogger: Child with rank 0 exited with status 1.
PSIlogger: Child with rank 1 exited with status 1.
</TESTDIFF>
</MPITEST>
<MPITEST>
<NAME>join</NAME>
<NP>2</NP>
<WORKDIR>./spawn</WORKDIR>
<STATUS>fail</STATUS>
<TESTDIFF>
Warning: MPID_Open_port() not implemented
Error in MPI_Comm_join 940130348
Error in MPI_Sendrecv on new communicator
Error in MPI_Comm_disconnect
 Found 2054 errors
Warning: MPID_Open_port() not implemented
Error in MPI_Comm_join 537477164
Error in MPI_Sendrecv on new communicator
Error in MPI_Comm_disconnect
</TESTDIFF>
</MPITEST>
<MPITEST>
<NAME>disconnect_reconnect</NAME>
<NP>3</NP>
<WORKDIR>./spawn</WORKDIR>
<STATUS>fail</STATUS>
<TESTDIFF>
Warning: MPID_Comm_spawn_multiple() not implemented
Fatal error in MPI_Comm_spawn: Unsupported file operation , error stack:
MPI_Comm_spawn(144): MPI_Comm_spawn(cmd="./disconnect_reconnect", argv=0x7fffa585e790, maxprocs=3, MPI_INFO_NULL, root=0, MPI_COMM_Warning: MPID_Comm_spawn_multiple() not implemented
WORLD, intercomm=0x7fffa585e660, errors=(nil)) failed
(unknown)(): Unsupported file operation PSIlogger: Child with rank 1 exited with status 1.
Warning: MPID_Comm_spawn_multiple() not implemented
Fatal error in MPI_Comm_spawn: Unsupported file operation , error stack:
MPI_Comm_spawn(144): MPI_Comm_spawn(cmd="./disconnect_reconnect", argv=0x7fffdd58f2d0, maxprocs=3, MPI_INFO_NULL, root=0, MPI_COMM_WORLD, intercomm=0x7fffdd58f1a0, errors=(nil)) failed
(unknown)(): Unsupported file operation PSIlogger: Child with rank 0 exited with status 1.
Fatal error in MPI_Comm_spawn: Unsupported file operation , error stack:
MPI_Comm_spawn(144): MPI_Comm_spawn(cmd="./disconnect_reconnect", argv=0x7fff3b86e420, maxprocs=3, MPI_INFO_NULL, root=0, MPI_COMM_WORLD, intercomm=0x7fff3b86e2f0, errors=(nil)) failed
(unknown)(): Unsupported file operation PSIlogger: Child with rank 2 exited with status 1.
</TESTDIFF>
</MPITEST>
<MPITEST>
<NAME>disconnect_reconnect2</NAME>
<NP>3</NP>
<WORKDIR>./spawn</WORKDIR>
<STATUS>fail</STATUS>
<TESTDIFF>
Warning: MPID_Comm_spawn_multiple() not implemented
Fatal error in MPI_Comm_spawn: Unsupported file operation , error stack:
MPI_Comm_spawn(144): MPI_Comm_spawn(cmd="disconnect_reconnect2", argv=0x7fff5ea444a0, maxprocs=3, info=0x9c000000, root=0, MPI_COMM_WORLD, intercomm=0x7fff5ea444d8, errors=(nil)) failed
(unknown)(): Unsupported file operation Warning: MPID_Comm_spawn_multiple() not implemented
Fatal error in MPI_Comm_spawn: Unsupported file operation , error stack:
MPI_Comm_spawn(144): MPI_Comm_spawn(cmd="disconnect_reconnect2", argv=0x7fff3c3315a0, maxprocs=3, info=0x9c000000, root=0, MPI_COMM_WORLD, intercomm=0x7fff3c3315d8, errors=(nil)) failed
(unknown)(): Unsupported file operation PSIlogger: Child with rank 0 exited with status 1.
PSIlogger: Child with rank 1 exited with status 1.
Warning: MPID_Comm_spawn_multiple() not implemented
Fatal error in MPI_Comm_spawn: Unsupported file operation , error stack:
MPI_Comm_spawn(144): MPI_Comm_spawn(cmd="disconnect_reconnect2", argv=0x7fff2a30e540, maxprocs=3, info=0x9c000000, root=0, MPI_COMM_WORLD, intercomm=0x7fff2a30e578, errors=(nil)) failed
(unknown)(): Unsupported file operation PSIlogger: Child with rank 2 exited with status 1.
</TESTDIFF>
</MPITEST>
<MPITEST>
<NAME>disconnect_reconnect3</NAME>
<NP>3</NP>
<WORKDIR>./spawn</WORKDIR>
<STATUS>fail</STATUS>
<TESTDIFF>
Warning: MPID_Comm_spawn_multiple() not implemented
Fatal error in MPI_Comm_spawn: Unsupported file operation , error stack:
MPI_Comm_spawn(144): MPI_Comm_spawn(cmd="./disconnect_reconnect3", argv=0x7fff03815320, maxprocs=4, MPI_INFO_NULL, root=0, MPI_COMMWarning: MPID_Comm_spawn_multiple() not implemented
_WORLD, intercomm=0x7fff038151f4, errors=(nil)) failed
(unknown)(): Unsupported file operation PSIlogger: Child with rank 1 exited with status 1.
Warning: MPID_Comm_spawn_multiple() not implemented
Fatal error in MPI_Comm_spawn: Unsupported file operation , error stack:
MPI_Comm_spawn(144): MPI_Comm_spawn(cmd="./disconnect_reconnect3", argv=0x7fffdafe3fb0, maxprocs=4, MPI_INFO_NULL, root=0, MPI_COMM_WORLD, intercomm=0x7fffdafe3e84, errors=(nil)) failed
(unknown)(): Unsupported file operation PSIlogger: Child with rank 0 exited with status 1.
Fatal error in MPI_Comm_spawn: Unsupported file operation , error stack:
MPI_Comm_spawn(144): MPI_Comm_spawn(cmd="./disconnect_reconnect3", argv=0x7fffa78401c0, maxprocs=4, MPI_INFO_NULL, root=0, MPI_COMM_WORLD, intercomm=0x7fffa7840094, errors=(nil)) failed
(unknown)(): Unsupported file operation PSIlogger: Child with rank 2 exited with status 1.
</TESTDIFF>
</MPITEST>
<MPITEST>
<NAME>multiple_ports</NAME>
<NP>3</NP>
<WORKDIR>./spawn</WORKDIR>
<STATUS>fail</STATUS>
<TESTDIFF>
Warning: MPID_Open_port() not implemented
Fatal error in MPI_Recv: Other MPI error, error stack:
MPI_Recv(186)......: MPI_Recv(buf=0x7fff4b1af160, count=256, MPI_CHAR, src=0, tag=0, MPI_COMM_WORLD, status=0x7fff4b1af360) failed
mpid_irecv_done(98): read from socket failed - request state:recv(pde)donePSIlogger: Child with rank 1 exited with status 1.
Fatal error in PMPI_Open_port: Unsupported file operation , error stack:
PMPI_Open_port(123): MPI_Open_port(MPI_INFO_NULL, port=0x7fffb3234a40) failed
(unknown)(): Unsupported file operation PSIlogger: Child with rank 0 exited with status 1.
Fatal error in MPI_Recv: Other MPI error, error stack:
MPI_Recv(186)......: MPI_Recv(buf=0x7fff19f52d80, count=256, MPI_CHAR, src=0, tag=0, MPI_COMM_WORLD, status=0x7fff19f52e80) failed
mpid_irecv_done(98): read from socket failed - request state:recv(pde)donePSIlogger: Child with rank 2 exited with status 1.
</TESTDIFF>
</MPITEST>
<MPITEST>
<NAME>multiple_ports2</NAME>
<NP>4</NP>
<WORKDIR>./spawn</WORKDIR>
<STATUS>fail</STATUS>
<TESTDIFF>
Fatal error in MPI_Recv: Other MPI error, error stack:
MPI_Recv(186)......: MPI_Recv(buf=0x7fffdc95f220, count=256, MPI_CHAR, src=0, tag=0, MPI_COMM_WORLD, status=0x7fffdc95f320) failed
mpid_irecv_done(98): read from socket failed - request state:recv(pde)donePSIlogger: Child with rank 3 exited with status 1.
Warning: MPID_Open_port() not implemented
Fatal error in PMPI_Open_port: Unsupported file operation , error stack:
PMPI_Open_port(123): MPI_Open_port(MPI_INFO_NULL, port=0x7ffff0a6b440) failed
(unknown)(): Unsupported file operation Fatal error in MPI_Recv: Other MPI error, error stack:
MPI_Recv(186)......: MPI_Recv(buf=0x7fff4338e040, count=256, MPI_CHAR, src=0, tag=0, MPI_COMM_WORLD, status=0x7fff4338e340) failed
mpid_irecv_done(98): read from socket failed - request state:recv(pde)Fatal error in MPI_Recv: Other MPI error, error stack:
MPI_Recv(186)......: MPI_Recv(buf=0x7fff301d3250, count=256, MPI_CHAR, src=0, tag=0, MPI_COMM_WORLD, status=0x7fff301d3450) failed
mpid_irecv_done(98): read from socket failed - request state:recv(pde)donedonePSIlogger: Child with rank 0 exited with status 1.
PSIlogger: Child with rank 2 exited with status 1.
PSIlogger: Child with rank 1 exited with status 1.
</TESTDIFF>
</MPITEST>
<MPITEST>
<NAME>disconnect</NAME>
<NP>3</NP>
<WORKDIR>./spawn</WORKDIR>
<STATUS>fail</STATUS>
<TESTDIFF>
Warning: MPID_Comm_spawn_multiple() not implemented
Fatal error in MPI_Comm_spawn: Unsupported file operation , error stack:
MPI_Comm_spawn(144): MPI_Comm_spawn(cmd="./disconnect", argv=(nil), maxprocs=3, MPI_INFO_NULL, root=0, MPI_COMM_WORLD, intercomm=0x7fff772d9030, errors=(nil)) failed
(unknown)(): Unsupported file operation PSIlogger: Child with rank 0 exited with status 1.
Warning: MPID_Comm_spawn_multiple() not implemented
Fatal error in MPI_Comm_spawn: Unsupported file operation , error stack:
MPI_Comm_spawn(144): MPI_Comm_spawn(cmd="./disconnect", argv=(nil), maxprocs=3, MPI_INFO_NULL, root=0, MPI_COMM_WORLD, intercomm=0x7fff2136fbd0, errors=(nil)) failed
(unknown)(): Unsupported file operation PSIlogger: Child with rank 1 exited with status 1.
Warning: MPID_Comm_spawn_multiple() not implemented
Fatal error in MPI_Comm_spawn: Unsupported file operation , error stack:
MPI_Comm_spawn(144): MPI_Comm_spawn(cmd="./disconnect", argv=(nil), maxprocs=3, MPI_INFO_NULL, root=0, MPI_COMM_WORLD, intercomm=0x7fffe3c37260, errors=(nil)) failed
(unknown)(): Unsupported file operation PSIlogger: Child with rank 2 exited with status 1.
</TESTDIFF>
</MPITEST>
<MPITEST>
<NAME>disconnect2</NAME>
<NP>3</NP>
<WORKDIR>./spawn</WORKDIR>
<STATUS>fail</STATUS>
<TESTDIFF>
Warning: MPID_Comm_spawn_multiple() not implemented
Fatal error in MPI_Comm_spawn: Unsupported file operation , error stack:
MPI_Comm_spawn(144): MPI_Comm_spawn(cmd="./disconnect2", argv=(nil), maxprocs=3, MPI_INFO_NULL, root=0, MPI_COMM_WORLD, intercomm=0x7fff894dad20, errors=(nil)) failed
(unknown)(): Unsupported file operation PSIlogger: Child with rank 0 exited with status 1.
Warning: MPID_Comm_spawn_multiple() not implemented
Fatal error in MPI_Comm_spawn: Unsupported file operation , error stack:
MPI_Comm_spawn(144): MPI_Comm_spawn(cmd="./disconnect2", argv=(nil), maxprocs=3, MPI_INFO_NULL, root=0, MPI_COMM_WORLD, intercomm=0x7ffffcab4b20, errors=(nil)) failed
(unknown)(): Unsupported file operation PSIlogger: Child with rank 2 exited with status 1.
Warning: MPID_Comm_spawn_multiple() not implemented
Fatal error in MPI_Comm_spawn: Unsupported file operation , error stack:
MPI_Comm_spawn(144): MPI_Comm_spawn(cmd="./disconnect2", argv=(nil), maxprocs=3, MPI_INFO_NULL, root=0, MPI_COMM_WORLD, intercomm=0x7fff7f1ebb60, errors=(nil)) failed
(unknown)(): Unsupported file operation PSIlogger: Child with rank 1 exited with status 1.
</TESTDIFF>
</MPITEST>
<MPITEST>
<NAME>disconnect3</NAME>
<NP>3</NP>
<WORKDIR>./spawn</WORKDIR>
<STATUS>fail</STATUS>
<TESTDIFF>
Warning: MPID_Comm_spawn_multiple() not implemented
Fatal error in MPI_Comm_spawn: Unsupported file operation , error stack:
MPI_Comm_spawn(144): MPI_Comm_spawn(cmd="./disconnect3", argv=(nil), maxprocs=3, MPI_INFO_NULL, root=0, MPI_COMM_WORLD, intercomm=0x7fffbb08cf50, errors=(nil)) failed
(unknown)(): Unsupported file operation PSIlogger: Child with rank 0 exited with status 1.
Warning: MPID_Comm_spawn_multiple() not implemented
Fatal error in MPI_Comm_spawn: Unsupported file operation , error stack:
MPI_Comm_spawn(144): MPI_Comm_spawn(cmd="./disconnect3", argv=(nil), maxprocs=3, MPI_INFO_NULL, root=0, MPI_COMM_WORLD, intercomm=0x7fff5187fc80, errors=(nil)) failed
(unknown)(): Unsupported file operation PSIlogger: Child with rank 1 exited with status 1.
</TESTDIFF>
</MPITEST>
<MPITEST>
<NAME>concurrent_spawns</NAME>
<NP>1</NP>
<WORKDIR>./spawn</WORKDIR>
<STATUS>fail</STATUS>
<TESTDIFF>
Warning: MPID_Comm_spawn_multiple() not implemented
Fatal error in MPI_Comm_spawn: Unsupported file operation , error stack:
MPI_Comm_spawn(144): MPI_Comm_spawn(cmd="./concurrent_spawns", argv=0x7fffe2f29000, maxprocs=1, MPI_INFO_NULL, root=0, MPI_COMM_WORLD, intercomm=0x7fffe2f29040, errors=(nil)) failed
(unknown)(): Unsupported file operation PSIlogger: Child with rank 0 exited with status 1.
</TESTDIFF>
</MPITEST>
<MPITEST>
<NAME>pgroup_connect_test</NAME>
<NP>4</NP>
<WORKDIR>./spawn</WORKDIR>
<STATUS>fail</STATUS>
<TESTDIFF>
Fatal error in MPI_Recv: Other MPI error, error stack:
MPI_Recv(186)......: MPI_Recv(buf=0x12cdda0, count=256, MPI_CHAR, src=0, tag=0, MPI_COMM_WORLD, status=0x1) failed
mpid_irecv_done(98): read from socket failed - request state:recv(pde)donePSIlogger: Child with rank 2 exited with status 1.
Warning: MPID_Open_port() not implemented
Fatal error in PMPI_Open_port: Unsupported file operation , error stack:
PMPI_Open_port(123): MPI_Open_port(MPI_INFO_NULL, port=0x110fda0) failed
(unknown)(): Unsupported file operation PSIlogger: Child with rank 0 exited with status 1.
</TESTDIFF>
</MPITEST>
<MPITEST>
<NAME>pgroup_intercomm_test</NAME>
<NP>4</NP>
<WORKDIR>./spawn</WORKDIR>
<STATUS>pass</STATUS>
</MPITEST>
<MPITEST>
<NAME>cartmap1</NAME>
<NP>4</NP>
<WORKDIR>./topo</WORKDIR>
<STATUS>pass</STATUS>
</MPITEST>
<MPITEST>
<NAME>cartzero</NAME>
<NP>4</NP>
<WORKDIR>./topo</WORKDIR>
<STATUS>pass</STATUS>
</MPITEST>
<MPITEST>
<NAME>cartshift1</NAME>
<NP>4</NP>
<WORKDIR>./topo</WORKDIR>
<STATUS>pass</STATUS>
</MPITEST>
<MPITEST>
<NAME>cartsuball</NAME>
<NP>4</NP>
<WORKDIR>./topo</WORKDIR>
<STATUS>pass</STATUS>
</MPITEST>
<MPITEST>
<NAME>cartcreates</NAME>
<NP>4</NP>
<WORKDIR>./topo</WORKDIR>
<STATUS>pass</STATUS>
</MPITEST>
<MPITEST>
<NAME>dims1</NAME>
<NP>4</NP>
<WORKDIR>./topo</WORKDIR>
<STATUS>pass</STATUS>
</MPITEST>
<MPITEST>
<NAME>dims2</NAME>
<NP>1</NP>
<WORKDIR>./topo</WORKDIR>
<STATUS>pass</STATUS>
</MPITEST>
<MPITEST>
<NAME>graphmap1</NAME>
<NP>4</NP>
<WORKDIR>./topo</WORKDIR>
<STATUS>pass</STATUS>
</MPITEST>
<MPITEST>
<NAME>topotest</NAME>
<NP>4</NP>
<WORKDIR>./topo</WORKDIR>
<STATUS>pass</STATUS>
</MPITEST>
<MPITEST>
<NAME>topodup</NAME>
<NP>4</NP>
<WORKDIR>./topo</WORKDIR>
<STATUS>pass</STATUS>
</MPITEST>
<MPITEST>
<NAME>graphcr</NAME>
<NP>4</NP>
<WORKDIR>./topo</WORKDIR>
<STATUS>pass</STATUS>
</MPITEST>
<MPITEST>
<NAME>graphcr2</NAME>
<NP>4</NP>
<WORKDIR>./topo</WORKDIR>
<STATUS>pass</STATUS>
</MPITEST>
<MPITEST>
<NAME>distgraph1</NAME>
<NP>4</NP>
<WORKDIR>./topo</WORKDIR>
<STATUS>pass</STATUS>
</MPITEST>
<MPITEST>
<NAME>dgraph_unwgt</NAME>
<NP>4</NP>
<WORKDIR>./topo</WORKDIR>
<STATUS>pass</STATUS>
</MPITEST>
<MPITEST>
<NAME>rdwrord</NAME>
<NP>4</NP>
<WORKDIR>./io</WORKDIR>
<STATUS>pass</STATUS>
</MPITEST>
<MPITEST>
<NAME>rdwrzero</NAME>
<NP>4</NP>
<WORKDIR>./io</WORKDIR>
<STATUS>pass</STATUS>
</MPITEST>
<MPITEST>
<NAME>getextent</NAME>
<NP>2</NP>
<WORKDIR>./io</WORKDIR>
<STATUS>pass</STATUS>
</MPITEST>
<MPITEST>
<NAME>setinfo</NAME>
<NP>4</NP>
<WORKDIR>./io</WORKDIR>
<STATUS>pass</STATUS>
</MPITEST>
<MPITEST>
<NAME>setviewcur</NAME>
<NP>4</NP>
<WORKDIR>./io</WORKDIR>
<STATUS>pass</STATUS>
</MPITEST>
<MPITEST>
<NAME>i_noncontig</NAME>
<NP>2</NP>
<WORKDIR>./io</WORKDIR>
<STATUS>pass</STATUS>
</MPITEST>
<MPITEST>
<NAME>async</NAME>
<NP>4</NP>
<WORKDIR>./io</WORKDIR>
<STATUS>pass</STATUS>
</MPITEST>
<MPITEST>
<NAME>async_any</NAME>
<NP>4</NP>
<WORKDIR>./io</WORKDIR>
<STATUS>pass</STATUS>
</MPITEST>
<MPITEST>
<NAME>userioerr</NAME>
<NP>1</NP>
<WORKDIR>./io</WORKDIR>
<STATUS>pass</STATUS>
</MPITEST>
<MPITEST>
<NAME>resized</NAME>
<NP>1</NP>
<WORKDIR>./io</WORKDIR>
<STATUS>pass</STATUS>
</MPITEST>
<MPITEST>
<NAME>baseattrf</NAME>
<NP>1</NP>
<WORKDIR>./f77/attr</WORKDIR>
<STATUS>pass</STATUS>
</MPITEST>
<MPITEST>
<NAME>baseattr2f</NAME>
<NP>1</NP>
<WORKDIR>./f77/attr</WORKDIR>
<STATUS>pass</STATUS>
</MPITEST>
<MPITEST>
<NAME>commattrf</NAME>
<NP>1</NP>
<WORKDIR>./f77/attr</WORKDIR>
<STATUS>pass</STATUS>
</MPITEST>
<MPITEST>
<NAME>commattr2f</NAME>
<NP>1</NP>
<WORKDIR>./f77/attr</WORKDIR>
<STATUS>pass</STATUS>
</MPITEST>
<MPITEST>
<NAME>commattr3f</NAME>
<NP>1</NP>
<WORKDIR>./f77/attr</WORKDIR>
<STATUS>pass</STATUS>
</MPITEST>
<MPITEST>
<NAME>typeattrf</NAME>
<NP>1</NP>
<WORKDIR>./f77/attr</WORKDIR>
<STATUS>pass</STATUS>
</MPITEST>
<MPITEST>
<NAME>typeattr2f</NAME>
<NP>1</NP>
<WORKDIR>./f77/attr</WORKDIR>
<STATUS>pass</STATUS>
</MPITEST>
<MPITEST>
<NAME>typeattr3f</NAME>
<NP>1</NP>
<WORKDIR>./f77/attr</WORKDIR>
<STATUS>pass</STATUS>
</MPITEST>
<MPITEST>
<NAME>uallreducef</NAME>
<NP>4</NP>
<WORKDIR>./f77/coll</WORKDIR>
<STATUS>pass</STATUS>
</MPITEST>
<MPITEST>
<NAME>exscanf</NAME>
<NP>5</NP>
<WORKDIR>./f77/coll</WORKDIR>
<STATUS>pass</STATUS>
</MPITEST>
<MPITEST>
<NAME>alltoallwf</NAME>
<NP>7</NP>
<WORKDIR>./f77/coll</WORKDIR>
<STATUS>pass</STATUS>
</MPITEST>
<MPITEST>
<NAME>inplacef</NAME>
<NP>4</NP>
<WORKDIR>./f77/coll</WORKDIR>
<STATUS>pass</STATUS>
</MPITEST>
<MPITEST>
<NAME>reducelocalf</NAME>
<NP>2</NP>
<WORKDIR>./f77/coll</WORKDIR>
<STATUS>pass</STATUS>
</MPITEST>
<MPITEST>
<NAME>typenamef</NAME>
<NP>1</NP>
<WORKDIR>./f77/datatype</WORKDIR>
<STATUS>pass</STATUS>
</MPITEST>
<MPITEST>
<NAME>typesnamef</NAME>
<NP>1</NP>
<WORKDIR>./f77/datatype</WORKDIR>
<STATUS>pass</STATUS>
</MPITEST>
<MPITEST>
<NAME>typecntsf</NAME>
<NP>1</NP>
<WORKDIR>./f77/datatype</WORKDIR>
<STATUS>pass</STATUS>
</MPITEST>
<MPITEST>
<NAME>typem2f</NAME>
<NP>1</NP>
<WORKDIR>./f77/datatype</WORKDIR>
<STATUS>pass</STATUS>
</MPITEST>
<MPITEST>
<NAME>typesubf</NAME>
<NP>1</NP>
<WORKDIR>./f77/datatype</WORKDIR>
<STATUS>pass</STATUS>
</MPITEST>
<MPITEST>
<NAME>packef</NAME>
<NP>1</NP>
<WORKDIR>./f77/datatype</WORKDIR>
<STATUS>pass</STATUS>
</MPITEST>
<MPITEST>
<NAME>gaddressf</NAME>
<NP>1</NP>
<WORKDIR>./f77/datatype</WORKDIR>
<STATUS>pass</STATUS>
</MPITEST>
<MPITEST>
<NAME>allctypesf</NAME>
<NP>1</NP>
<WORKDIR>./f77/datatype</WORKDIR>
<STATUS>pass</STATUS>
</MPITEST>
<MPITEST>
<NAME>statusesf</NAME>
<NP>1</NP>
<WORKDIR>./f77/pt2pt</WORKDIR>
<STATUS>pass</STATUS>
</MPITEST>
<MPITEST>
<NAME>greqf</NAME>
<NP>1</NP>
<WORKDIR>./f77/pt2pt</WORKDIR>
<STATUS>pass</STATUS>
</MPITEST>
<MPITEST>
<NAME>infotestf</NAME>
<NP>1</NP>
<WORKDIR>./f77/info</WORKDIR>
<STATUS>pass</STATUS>
</MPITEST>
<MPITEST>
<NAME>infotest2f</NAME>
<NP>1</NP>
<WORKDIR>./f77/info</WORKDIR>
<STATUS>pass</STATUS>
</MPITEST>
<MPITEST>
<NAME>namepubf</NAME>
<NP>2</NP>
<WORKDIR>./f77/spawn</WORKDIR>
<STATUS>pass</STATUS>
</MPITEST>
<MPITEST>
<NAME>spawnf</NAME>
<NP>1</NP>
<WORKDIR>./f77/spawn</WORKDIR>
<STATUS>fail</STATUS>
<TESTDIFF>
Warning: MPID_Comm_spawn_multiple() not implemented
Fatal error in MPI_Comm_spawn: Unsupported file operation , error stack:
MPI_Comm_spawn(144): MPI_Comm_spawn(cmd="./spawnf", argv=0x942850, maxprocs=2, MPI_INFO_NULL, root=0, MPI_COMM_WORLD, intercomm=0x7fffc88fd530, errors=0x7fffc88fd540) failed
(unknown)(): Unsupported file operation PSIlogger: Child with rank 0 exited with status 1.
</TESTDIFF>
</MPITEST>
<MPITEST>
<NAME>spawnargvf</NAME>
<NP>1</NP>
<WORKDIR>./f77/spawn</WORKDIR>
<STATUS>fail</STATUS>
<TESTDIFF>
Warning: MPID_Comm_spawn_multiple() not implemented
Fatal error in MPI_Comm_spawn: Unsupported file operation , error stack:
MPI_Comm_spawn(144): MPI_Comm_spawn(cmd="./spawnargvf", argv=0x1ee5e80, maxprocs=2, MPI_INFO_NULL, root=0, MPI_COMM_WORLD, intercomm=0x7fff7d417320, errors=0x7fff7d417330) failed
(unknown)(): Unsupported file operation PSIlogger: Child with rank 0 exited with status 1.
</TESTDIFF>
</MPITEST>
<MPITEST>
<NAME>connaccf</NAME>
<NP>2</NP>
<WORKDIR>./f77/spawn</WORKDIR>
<STATUS>fail</STATUS>
<TESTDIFF>
Warning: MPID_Open_port() not implemented
Fatal error in PMPI_Open_port: Unsupported file operation , error stack:
PMPI_Open_port(123): MPI_Open_port(MPI_INFO_NULL, port=0x10d3cf0) failed
(unknown)(): Unsupported file operation PSIlogger: Child with rank 0 exited with status 1.
Fatal error in PMPI_Barrier: Other MPI error, error stack:
PMPI_Barrier(425).....: MPI_Barrier(MPI_COMM_WORLD) failed
MPIR_Barrier_impl(331): Failure during collective
MPIR_Barrier_impl(313): 
MPIR_Barrier_intra(83): 
mpid_irecv_done(98)...: read from socket failed - request state:recv(pde)donePSIlogger: Child with rank 1 exited with status 1.
</TESTDIFF>
</MPITEST>
<MPITEST>
<NAME>spawnmultf</NAME>
<NP>1</NP>
<WORKDIR>./f77/spawn</WORKDIR>
<STATUS>fail</STATUS>
<TESTDIFF>
Warning: MPID_Comm_spawn_multiple() not implemented
Fatal error in MPI_Comm_spawn_multiple: Unsupported file operation , error stack:
MPI_Comm_spawn_multiple(160): MPI_Comm_spawn_multiple(count=2, cmds=0x1978730, argvs=0x1978850, maxprocs=0x7fffa73c8d90, infos=0x7fffa73c8da0, root=0, MPI_COMM_WORLD, intercomm=0x7fffa73c8d9c, errors=0x7fffa73c8dc0) failed
(unknown)(): Unsupported file operation PSIlogger: Child with rank 0 exited with status 1.
</TESTDIFF>
</MPITEST>
<MPITEST>
<NAME>spawnmult2f</NAME>
<NP>2</NP>
<WORKDIR>./f77/spawn</WORKDIR>
<STATUS>fail</STATUS>
<TESTDIFF>
Warning: MPID_Comm_spawn_multiple() not implemented
Warning: MPID_Comm_spawn_multiple() not implemented
Fatal error in MPI_Comm_spawn_multiple: Unsupported file operation , error stack:
MPI_Comm_spawn_multiple(160): MPI_Comm_spawn_multiple(count=2, cmds=0x234e750, argvs=(nil), maxprocs=0x7fffcf556160, infos=0x7fffcf556170, root=0, MPI_COMM_WORLD, intercomm=0x7fffcf55616c, errors=0x7fffcf556190) failed
(unknown)(): Unsupported file operation PSIlogger: Child with rank 1 exited with status 1.
Fatal error in MPI_Comm_spawn_multiple: Unsupported file operation , error stack:
MPI_Comm_spawn_multiple(160): MPI_Comm_spawn_multiple(count=2, cmds=0xa5f750, argvs=(nil), maxprocs=0x7fff790d86f0, infos=0x7fff790d8700, root=0, MPI_COMM_WORLD, intercomm=0x7fff790d86fc, errors=0x7fff790d8720) failed
(unknown)(): Unsupported file operation PSIlogger: Child with rank 0 exited with status 1.
</TESTDIFF>
</MPITEST>
<MPITEST>
<NAME>iwriteatf</NAME>
<NP>4</NP>
<WORKDIR>./f77/io</WORKDIR>
<STATUS>pass</STATUS>
</MPITEST>
<MPITEST>
<NAME>iwritef</NAME>
<NP>4</NP>
<WORKDIR>./f77/io</WORKDIR>
<STATUS>pass</STATUS>
</MPITEST>
<MPITEST>
<NAME>iwriteshf</NAME>
<NP>4</NP>
<WORKDIR>./f77/io</WORKDIR>
<STATUS>pass</STATUS>
</MPITEST>
<MPITEST>
<NAME>writef</NAME>
<NP>4</NP>
<WORKDIR>./f77/io</WORKDIR>
<STATUS>pass</STATUS>
</MPITEST>
<MPITEST>
<NAME>writeatf</NAME>
<NP>4</NP>
<WORKDIR>./f77/io</WORKDIR>
<STATUS>pass</STATUS>
</MPITEST>
<MPITEST>
<NAME>writeallf</NAME>
<NP>4</NP>
<WORKDIR>./f77/io</WORKDIR>
<STATUS>pass</STATUS>
</MPITEST>
<MPITEST>
<NAME>writeshf</NAME>
<NP>4</NP>
<WORKDIR>./f77/io</WORKDIR>
<STATUS>pass</STATUS>
</MPITEST>
<MPITEST>
<NAME>writeordf</NAME>
<NP>4</NP>
<WORKDIR>./f77/io</WORKDIR>
<STATUS>pass</STATUS>
</MPITEST>
<MPITEST>
<NAME>writeatallf</NAME>
<NP>4</NP>
<WORKDIR>./f77/io</WORKDIR>
<STATUS>pass</STATUS>
</MPITEST>
<MPITEST>
<NAME>writeatallbef</NAME>
<NP>4</NP>
<WORKDIR>./f77/io</WORKDIR>
<STATUS>pass</STATUS>
</MPITEST>
<MPITEST>
<NAME>writeallbef</NAME>
<NP>4</NP>
<WORKDIR>./f77/io</WORKDIR>
<STATUS>pass</STATUS>
</MPITEST>
<MPITEST>
<NAME>writeordbef</NAME>
<NP>4</NP>
<WORKDIR>./f77/io</WORKDIR>
<STATUS>pass</STATUS>
</MPITEST>
<MPITEST>
<NAME>fileerrf</NAME>
<NP>1</NP>
<WORKDIR>./f77/io</WORKDIR>
<STATUS>pass</STATUS>
</MPITEST>
<MPITEST>
<NAME>fileinfof</NAME>
<NP>3</NP>
<WORKDIR>./f77/io</WORKDIR>
<STATUS>pass</STATUS>
</MPITEST>
<MPITEST>
<NAME>shpositionf</NAME>
<NP>4</NP>
<WORKDIR>./f77/io</WORKDIR>
<STATUS>pass</STATUS>
</MPITEST>
<MPITEST>
<NAME>atomicityf</NAME>
<NP>8</NP>
<WORKDIR>./f77/io</WORKDIR>
<STATUS>pass</STATUS>
</MPITEST>
<MPITEST>
<NAME>miscfilef</NAME>
<NP>4</NP>
<WORKDIR>./f77/io</WORKDIR>
<STATUS>pass</STATUS>
</MPITEST>
<MPITEST>
<NAME>setviewcurf</NAME>
<NP>4</NP>
<WORKDIR>./f77/io</WORKDIR>
<STATUS>pass</STATUS>
</MPITEST>
<MPITEST>
<NAME>c2f2ciof</NAME>
<NP>1</NP>
<WORKDIR>./f77/io</WORKDIR>
<STATUS>pass</STATUS>
</MPITEST>
<MPITEST>
<NAME>c2fmultio</NAME>
<NP>1</NP>
<WORKDIR>./f77/io</WORKDIR>
<STATUS>pass</STATUS>
</MPITEST>
<MPITEST>
<NAME>winscale1f</NAME>
<NP>4</NP>
<WORKDIR>./f77/rma</WORKDIR>
<STATUS>pass</STATUS>
</MPITEST>
<MPITEST>
<NAME>winfencef</NAME>
<NP>4</NP>
<WORKDIR>./f77/rma</WORKDIR>
<STATUS>fail</STATUS>
<TESTDIFF>
Deadlock detected! Process 10841 will wait forever.
Deadlock detected! Process 10842 will wait forever.
('wait' called without outstanding send or recv requests).
(For single sided communications set PSP_UNEXPECTED_RECEIVES=1)
Requests:
Sockets:
  sock#0xf08f40 listen:    -1 demand:   0(   0)  src:(192.168.254.21,10842,(nil),r0000001)
  Connections:
    con#0xf06710 type:  loop state:    open dest:(192.168.254.21,10842,0xf06710,r0000001) recvcnt:    0
    con#0xf06a30 type:   shm state:    open dest:(192.168.254.21,10841,0x1dd2a30,r0000002) recvcnt:    0
    con#0xf06be0 type:   shm state:    open dest:(192.168.254.21,10839,0x1321be0,r0000000) recvcnt:    0
    con#0xf06d70 type:   shm state:    open dest:(192.168.254.21,10840,0x19aad70,r0000003) recvcnt:    0
Fds:

Reqs:10 GenReqs: (cnt:0  used:0)
('wait' called without outstanding send or recv requests).
(For single sided communications set PSP_UNEXPECTED_RECEIVES=1)
Requests:
Sockets:
  sock#0x1dd4f40 listen:    -1 demand:   0(   0)  src:(192.168.254.21,10841,(nil),r0000002)
  Connections:
    con#0x1dd2710 type:  loop state:    open dest:(192.168.254.21,10841,0x1dd2710,r0000002) recvcnt:    0
    con#0x1dd2a30 type:   shm state:    open dest:(192.168.254.21,10842,0xf06a30,r0000001) recvcnt:    0
    con#0x1dd2be0 type:   shm state:    open dest:(192.168.254.21,10840,0x19aabe0,r0000003) recvcnt:    0
    con#0x1dd2d70 type:   shm state:    open dest:(192.168.254.21,10839,0x1321d70,r0000000) recvcnt:    0
Fds:

Reqs:10 GenReqs: (cnt:0  used:0)
PSIlogger: Child with rank 1 exited with status 112.
</TESTDIFF>
</MPITEST>
<MPITEST>
<NAME>wingetf</NAME>
<NP>5</NP>
<WORKDIR>./f77/rma</WORKDIR>
<STATUS>pass</STATUS>
</MPITEST>
<MPITEST>
<NAME>winscale2f</NAME>
<NP>4</NP>
<WORKDIR>./f77/rma</WORKDIR>
<STATUS>pass</STATUS>
</MPITEST>
<MPITEST>
<NAME>winerrf</NAME>
<NP>1</NP>
<WORKDIR>./f77/rma</WORKDIR>
<STATUS>pass</STATUS>
</MPITEST>
<MPITEST>
<NAME>winnamef</NAME>
<NP>1</NP>
<WORKDIR>./f77/rma</WORKDIR>
<STATUS>pass</STATUS>
</MPITEST>
<MPITEST>
<NAME>wingroupf</NAME>
<NP>4</NP>
<WORKDIR>./f77/rma</WORKDIR>
<STATUS>pass</STATUS>
</MPITEST>
<MPITEST>
<NAME>winaccf</NAME>
<NP>4</NP>
<WORKDIR>./f77/rma</WORKDIR>
<STATUS>fail</STATUS>
<TESTDIFF>
Deadlock detected! Process 11038 will wait forever.
('wait' called without outstanding send or recv requests).
(For single sided communications set PSP_UNEXPECTED_RECEIVES=1)
Requests:
Sockets:
  sock#0x17bff40 listen:    -1 demand:   0(   0)  src:(192.168.254.21,11038,(nil),r0000001)
  Connections:
    con#0x17bd710 type:  loop state:    open dest:(192.168.254.21,11038,0x17bd710,r0000001) recvcnt:    0
    con#0x17bda30 type:   shm state:    open dest:(192.168.254.21,11039,0x14c3a30,r0000002) recvcnt:    0
    con#0x17bdbe0 type:   shm state:    open dest:(192.168.254.21,11037,0x676be0,r0000000) recvcnt:    0
    con#0x17bdd70 type:   shm state:    open dest:(192.168.254.21,11040,0x141bd70,r0000003) recvcnt:    0
Fds:

Reqs:10 GenReqs: (cnt:0  used:0)
Deadlock detected! Process 11039 will wait forever.
('wait' called without outstanding send or recv requests).
(For single sided communications set PSP_UNEXPECTED_RECEIVES=1)
Requests:
Sockets:
  sock#0x14c5f40 listen:    -1 demand:   0(   0)  src:(192.168.254.21,11039,(nil),r0000002)
  Connections:
    con#0x14c3710 type:  loop state:    open dest:(192.168.254.21,11039,0x14c3710,r0000002) recvcnt:    0
    con#0x14c3a30 type:   shm state:    open dest:(192.168.254.21,11038,0x17bda30,r0000001) recvcnt:    0
    con#0x14c3be0 type:   shm state:    open dest:(192.168.254.21,11040,0x141bbe0,r0000003) recvcnt:    0
    con#0x14c3d70 type:   shm state:    open dest:(192.168.254.21,11037,0x676d70,r0000000) recvcnt:    0
Fds:

Reqs:10 GenReqs: (cnt:0  used:0)
PSIlogger: Child with rank 1 exited with status 112.
PSIlogger: Child with rank 2 exited with status 112.
</TESTDIFF>
</MPITEST>
<MPITEST>
<NAME>c2f2cwinf</NAME>
<NP>1</NP>
<WORKDIR>./f77/rma</WORKDIR>
<STATUS>pass</STATUS>
</MPITEST>
<MPITEST>
<NAME>baseattrwinf</NAME>
<NP>1</NP>
<WORKDIR>./f77/rma</WORKDIR>
<STATUS>pass</STATUS>
</MPITEST>
<MPITEST>
<NAME>winattrf</NAME>
<NP>1</NP>
<WORKDIR>./f77/rma</WORKDIR>
<STATUS>pass</STATUS>
</MPITEST>
<MPITEST>
<NAME>winattr2f</NAME>
<NP>1</NP>
<WORKDIR>./f77/rma</WORKDIR>
<STATUS>pass</STATUS>
</MPITEST>
<MPITEST>
<NAME>baseenvf</NAME>
<NP>1</NP>
<WORKDIR>./f77/init</WORKDIR>
<STATUS>pass</STATUS>
</MPITEST>
<MPITEST>
<NAME>commnamef</NAME>
<NP>2</NP>
<WORKDIR>./f77/comm</WORKDIR>
<STATUS>pass</STATUS>
</MPITEST>
<MPITEST>
<NAME>commerrf</NAME>
<NP>2</NP>
<WORKDIR>./f77/comm</WORKDIR>
<STATUS>pass</STATUS>
</MPITEST>
<MPITEST>
<NAME>c2f2cf</NAME>
<NP>1</NP>
<WORKDIR>./f77/ext</WORKDIR>
<STATUS>fail</STATUS>
<TESTDIFF>
PSIlogger: Child with rank 0 exited on signal 11: Segmentation fault
</TESTDIFF>
</MPITEST>
<MPITEST>
<NAME>c2fmult</NAME>
<NP>1</NP>
<WORKDIR>./f77/ext</WORKDIR>
<STATUS>pass</STATUS>
</MPITEST>
<MPITEST>
<NAME>ctypesinf</NAME>
<NP>1</NP>
<WORKDIR>./f77/ext</WORKDIR>
<STATUS>pass</STATUS>
</MPITEST>
<MPITEST>
<NAME>allocmemf</NAME>
<NP>1</NP>
<WORKDIR>./f77/ext</WORKDIR>
<STATUS>pass</STATUS>
</MPITEST>
<MPITEST>
<NAME>cartcrf</NAME>
<NP>4</NP>
<WORKDIR>./f77/topo</WORKDIR>
<STATUS>pass</STATUS>
</MPITEST>
<MPITEST>
<NAME>dgraph_wgtf</NAME>
<NP>4</NP>
<WORKDIR>./f77/topo</WORKDIR>
<STATUS>pass</STATUS>
</MPITEST>
<MPITEST>
<NAME>dgraph_unwgtf</NAME>
<NP>4</NP>
<WORKDIR>./f77/topo</WORKDIR>
<STATUS>pass</STATUS>
</MPITEST>
<MPITEST>
<NAME>attrtx</NAME>
<NP>2</NP>
<WORKDIR>./cxx/attr</WORKDIR>
<STATUS>pass</STATUS>
</MPITEST>
<MPITEST>
<NAME>attricx</NAME>
<NP>4</NP>
<WORKDIR>./cxx/attr</WORKDIR>
<STATUS>pass</STATUS>
</MPITEST>
<MPITEST>
<NAME>baseattrcommx</NAME>
<NP>1</NP>
<WORKDIR>./cxx/attr</WORKDIR>
<STATUS>pass</STATUS>
</MPITEST>
<MPITEST>
<NAME>fkeyvalcommx</NAME>
<NP>1</NP>
<WORKDIR>./cxx/attr</WORKDIR>
<STATUS>pass</STATUS>
</MPITEST>
<MPITEST>
<NAME>fkeyvaltypex</NAME>
<NP>1</NP>
<WORKDIR>./cxx/attr</WORKDIR>
<STATUS>pass</STATUS>
</MPITEST>
<MPITEST>
<NAME>bsend1cxx</NAME>
<NP>2</NP>
<WORKDIR>./cxx/pt2pt</WORKDIR>
<STATUS>pass</STATUS>
</MPITEST>
<MPITEST>
<NAME>sendrecvx</NAME>
<NP>2</NP>
<WORKDIR>./cxx/pt2pt</WORKDIR>
<STATUS>pass</STATUS>
</MPITEST>
<MPITEST>
<NAME>commname2</NAME>
<NP>4</NP>
<WORKDIR>./cxx/comm</WORKDIR>
<STATUS>pass</STATUS>
</MPITEST>
<MPITEST>
<NAME>arcomplex</NAME>
<NP>4</NP>
<WORKDIR>./cxx/coll</WORKDIR>
<STATUS>pass</STATUS>
</MPITEST>
<MPITEST>
<NAME>uallredx</NAME>
<NP>5</NP>
<WORKDIR>./cxx/coll</WORKDIR>
<STATUS>pass</STATUS>
</MPITEST>
<MPITEST>
<NAME>uallreduce</NAME>
<NP>5</NP>
<WORKDIR>./cxx/coll</WORKDIR>
<STATUS>pass</STATUS>
</MPITEST>
<MPITEST>
<NAME>ureduce</NAME>
<NP>5</NP>
<WORKDIR>./cxx/coll</WORKDIR>
<STATUS>pass</STATUS>
</MPITEST>
<MPITEST>
<NAME>uscan</NAME>
<NP>5</NP>
<WORKDIR>./cxx/coll</WORKDIR>
<STATUS>pass</STATUS>
</MPITEST>
<MPITEST>
<NAME>uexscan</NAME>
<NP>5</NP>
<WORKDIR>./cxx/coll</WORKDIR>
<STATUS>pass</STATUS>
</MPITEST>
<MPITEST>
<NAME>alltoallw2x</NAME>
<NP>10</NP>
<WORKDIR>./cxx/coll</WORKDIR>
<STATUS>pass</STATUS>
</MPITEST>
<MPITEST>
<NAME>icbcastx</NAME>
<NP>4</NP>
<WORKDIR>./cxx/coll</WORKDIR>
<STATUS>pass</STATUS>
</MPITEST>
<MPITEST>
<NAME>icbcastx</NAME>
<NP>10</NP>
<WORKDIR>./cxx/coll</WORKDIR>
<STATUS>pass</STATUS>
</MPITEST>
<MPITEST>
<NAME>icallreducex</NAME>
<NP>5</NP>
<WORKDIR>./cxx/coll</WORKDIR>
<STATUS>pass</STATUS>
</MPITEST>
<MPITEST>
<NAME>icreducex</NAME>
<NP>5</NP>
<WORKDIR>./cxx/coll</WORKDIR>
<STATUS>pass</STATUS>
</MPITEST>
<MPITEST>
<NAME>icscatterx</NAME>
<NP>5</NP>
<WORKDIR>./cxx/coll</WORKDIR>
<STATUS>pass</STATUS>
</MPITEST>
<MPITEST>
<NAME>icgatherx</NAME>
<NP>5</NP>
<WORKDIR>./cxx/coll</WORKDIR>
<STATUS>pass</STATUS>
</MPITEST>
<MPITEST>
<NAME>icallgatherx</NAME>
<NP>5</NP>
<WORKDIR>./cxx/coll</WORKDIR>
<STATUS>pass</STATUS>
</MPITEST>
<MPITEST>
<NAME>icbarrierx</NAME>
<NP>5</NP>
<WORKDIR>./cxx/coll</WORKDIR>
<STATUS>pass</STATUS>
</MPITEST>
<MPITEST>
<NAME>icallgathervx</NAME>
<NP>5</NP>
<WORKDIR>./cxx/coll</WORKDIR>
<STATUS>pass</STATUS>
</MPITEST>
<MPITEST>
<NAME>icgathervx</NAME>
<NP>5</NP>
<WORKDIR>./cxx/coll</WORKDIR>
<STATUS>pass</STATUS>
</MPITEST>
<MPITEST>
<NAME>icscattervx</NAME>
<NP>5</NP>
<WORKDIR>./cxx/coll</WORKDIR>
<STATUS>pass</STATUS>
</MPITEST>
<MPITEST>
<NAME>icalltoallx</NAME>
<NP>5</NP>
<WORKDIR>./cxx/coll</WORKDIR>
<STATUS>pass</STATUS>
</MPITEST>
<MPITEST>
<NAME>reduceboolx</NAME>
<NP>5</NP>
<WORKDIR>./cxx/coll</WORKDIR>
<STATUS>pass</STATUS>
</MPITEST>
<MPITEST>
<NAME>commcallx</NAME>
<NP>2</NP>
<WORKDIR>./cxx/errhan</WORKDIR>
<STATUS>pass</STATUS>
</MPITEST>
<MPITEST>
<NAME>baseenv</NAME>
<NP>1</NP>
<WORKDIR>./cxx/init</WORKDIR>
<STATUS>pass</STATUS>
</MPITEST>
<MPITEST>
<NAME>initstatx</NAME>
<NP>1</NP>
<WORKDIR>./cxx/init</WORKDIR>
<STATUS>pass</STATUS>
</MPITEST>
<MPITEST>
<NAME>initstat2x</NAME>
<NP>1</NP>
<WORKDIR>./cxx/init</WORKDIR>
<STATUS>pass</STATUS>
</MPITEST>
<MPITEST>
<NAME>infodupx</NAME>
<NP>1</NP>
<WORKDIR>./cxx/info</WORKDIR>
<STATUS>pass</STATUS>
</MPITEST>
<MPITEST>
<NAME>infodelx</NAME>
<NP>1</NP>
<WORKDIR>./cxx/info</WORKDIR>
<STATUS>pass</STATUS>
</MPITEST>
<MPITEST>
<NAME>infovallenx</NAME>
<NP>1</NP>
<WORKDIR>./cxx/info</WORKDIR>
<STATUS>pass</STATUS>
</MPITEST>
<MPITEST>
<NAME>infoorderx</NAME>
<NP>1</NP>
<WORKDIR>./cxx/info</WORKDIR>
<STATUS>pass</STATUS>
</MPITEST>
<MPITEST>
<NAME>packsizex</NAME>
<NP>1</NP>
<WORKDIR>./cxx/datatype</WORKDIR>
<STATUS>pass</STATUS>
</MPITEST>
<MPITEST>
<NAME>typecntsx</NAME>
<NP>1</NP>
<WORKDIR>./cxx/datatype</WORKDIR>
<STATUS>pass</STATUS>
</MPITEST>
<MPITEST>
<NAME>typenamex</NAME>
<NP>1</NP>
<WORKDIR>./cxx/datatype</WORKDIR>
<STATUS>pass</STATUS>
</MPITEST>
<MPITEST>
<NAME>typemiscx</NAME>
<NP>1</NP>
<WORKDIR>./cxx/datatype</WORKDIR>
<STATUS>pass</STATUS>
</MPITEST>
<MPITEST>
<NAME>iwriteatx</NAME>
<NP>4</NP>
<WORKDIR>./cxx/io</WORKDIR>
<STATUS>pass</STATUS>
</MPITEST>
<MPITEST>
<NAME>iwritex</NAME>
<NP>4</NP>
<WORKDIR>./cxx/io</WORKDIR>
<STATUS>pass</STATUS>
</MPITEST>
<MPITEST>
<NAME>iwriteshx</NAME>
<NP>4</NP>
<WORKDIR>./cxx/io</WORKDIR>
<STATUS>pass</STATUS>
</MPITEST>
<MPITEST>
<NAME>writex</NAME>
<NP>4</NP>
<WORKDIR>./cxx/io</WORKDIR>
<STATUS>pass</STATUS>
</MPITEST>
<MPITEST>
<NAME>writeatx</NAME>
<NP>4</NP>
<WORKDIR>./cxx/io</WORKDIR>
<STATUS>pass</STATUS>
</MPITEST>
<MPITEST>
<NAME>writeallx</NAME>
<NP>4</NP>
<WORKDIR>./cxx/io</WORKDIR>
<STATUS>pass</STATUS>
</MPITEST>
<MPITEST>
<NAME>writeshx</NAME>
<NP>4</NP>
<WORKDIR>./cxx/io</WORKDIR>
<STATUS>pass</STATUS>
</MPITEST>
<MPITEST>
<NAME>writeordx</NAME>
<NP>4</NP>
<WORKDIR>./cxx/io</WORKDIR>
<STATUS>pass</STATUS>
</MPITEST>
<MPITEST>
<NAME>writeatallx</NAME>
<NP>4</NP>
<WORKDIR>./cxx/io</WORKDIR>
<STATUS>pass</STATUS>
</MPITEST>
<MPITEST>
<NAME>writeatallbex</NAME>
<NP>4</NP>
<WORKDIR>./cxx/io</WORKDIR>
<STATUS>pass</STATUS>
</MPITEST>
<MPITEST>
<NAME>writeallbex</NAME>
<NP>4</NP>
<WORKDIR>./cxx/io</WORKDIR>
<STATUS>pass</STATUS>
</MPITEST>
<MPITEST>
<NAME>writeordbex</NAME>
<NP>4</NP>
<WORKDIR>./cxx/io</WORKDIR>
<STATUS>pass</STATUS>
</MPITEST>
<MPITEST>
<NAME>iwriteatnosx</NAME>
<NP>4</NP>
<WORKDIR>./cxx/io</WORKDIR>
<STATUS>pass</STATUS>
</MPITEST>
<MPITEST>
<NAME>iwritenosx</NAME>
<NP>4</NP>
<WORKDIR>./cxx/io</WORKDIR>
<STATUS>pass</STATUS>
</MPITEST>
<MPITEST>
<NAME>iwriteshnosx</NAME>
<NP>4</NP>
<WORKDIR>./cxx/io</WORKDIR>
<STATUS>pass</STATUS>
</MPITEST>
<MPITEST>
<NAME>writenosx</NAME>
<NP>4</NP>
<WORKDIR>./cxx/io</WORKDIR>
<STATUS>pass</STATUS>
</MPITEST>
<MPITEST>
<NAME>writeatnosx</NAME>
<NP>4</NP>
<WORKDIR>./cxx/io</WORKDIR>
<STATUS>pass</STATUS>
</MPITEST>
<MPITEST>
<NAME>writeallnosx</NAME>
<NP>4</NP>
<WORKDIR>./cxx/io</WORKDIR>
<STATUS>pass</STATUS>
</MPITEST>
<MPITEST>
<NAME>writeshnosx</NAME>
<NP>4</NP>
<WORKDIR>./cxx/io</WORKDIR>
<STATUS>pass</STATUS>
</MPITEST>
<MPITEST>
<NAME>writeordnosx</NAME>
<NP>4</NP>
<WORKDIR>./cxx/io</WORKDIR>
<STATUS>pass</STATUS>
</MPITEST>
<MPITEST>
<NAME>writeatallnosx</NAME>
<NP>4</NP>
<WORKDIR>./cxx/io</WORKDIR>
<STATUS>pass</STATUS>
</MPITEST>
<MPITEST>
<NAME>writeatallbenosx</NAME>
<NP>4</NP>
<WORKDIR>./cxx/io</WORKDIR>
<STATUS>pass</STATUS>
</MPITEST>
<MPITEST>
<NAME>writeallbenosx</NAME>
<NP>4</NP>
<WORKDIR>./cxx/io</WORKDIR>
<STATUS>pass</STATUS>
</MPITEST>
<MPITEST>
<NAME>writeordbenosx</NAME>
<NP>4</NP>
<WORKDIR>./cxx/io</WORKDIR>
<STATUS>pass</STATUS>
</MPITEST>
<MPITEST>
<NAME>fileerrx</NAME>
<NP>1</NP>
<WORKDIR>./cxx/io</WORKDIR>
<STATUS>pass</STATUS>
</MPITEST>
<MPITEST>
<NAME>fileinfox</NAME>
<NP>3</NP>
<WORKDIR>./cxx/io</WORKDIR>
<STATUS>pass</STATUS>
</MPITEST>
<MPITEST>
<NAME>filemiscx</NAME>
<NP>4</NP>
<WORKDIR>./cxx/io</WORKDIR>
<STATUS>pass</STATUS>
</MPITEST>
<MPITEST>
<NAME>shpositionx</NAME>
<NP>4</NP>
<WORKDIR>./cxx/io</WORKDIR>
<STATUS>pass</STATUS>
</MPITEST>
<MPITEST>
<NAME>seekavail</NAME>
<NP>1</NP>
<WORKDIR>./cxx/io</WORKDIR>
<STATUS>pass</STATUS>
</MPITEST>
<MPITEST>
<NAME>namepubx</NAME>
<NP>2</NP>
<WORKDIR>./cxx/spawn</WORKDIR>
<STATUS>pass</STATUS>
</MPITEST>
<MPITEST>
<NAME>spawnintrax</NAME>
<NP>1</NP>
<WORKDIR>./cxx/spawn</WORKDIR>
<STATUS>fail</STATUS>
<TESTDIFF>
Warning: MPID_Comm_spawn_multiple() not implemented
Fatal error in MPI_Comm_spawn: Unsupported file operation , error stack:
MPI_Comm_spawn(144): MPI_Comm_spawn(cmd="./spawnintrax", argv=(nil), maxprocs=2, MPI_INFO_NULL, root=0, MPI_COMM_WORLD, intercomm=0x7fffad99cec8, errors=0x7fffad99ce90) failed
(unknown)(): Unsupported file operation PSIlogger: Child with rank 0 exited with status 1.
</TESTDIFF>
</MPITEST>
<MPITEST>
<NAME>spawnintrax</NAME>
<NP>2</NP>
<WORKDIR>./cxx/spawn</WORKDIR>
<STATUS>fail</STATUS>
<TESTDIFF>
Warning: MPID_Comm_spawn_multiple() not implemented
Fatal error in MPI_Comm_spawn: Unsupported file operation , error stack:
MPI_Comm_spawn(144): MPI_Comm_spawn(cmd="./spawnintrax", argv=(nil), maxprocs=2, MPI_INFO_NULL, root=0, MPI_COMM_WORLD, intercomm=0x7fff55bd0088, errors=0x7fff55bd0050) failed
(unknown)(): Unsupported file operation PSIlogger: Child with rank 0 exited with status 1.
Warning: MPID_Comm_spawn_multiple() not implemented
Fatal error in MPI_Comm_spawn: Unsupported file operation , error stack:
MPI_Comm_spawn(144): MPI_Comm_spawn(cmd="./spawnintrax", argv=(nil), maxprocs=2, MPI_INFO_NULL, root=0, MPI_COMM_WORLD, intercomm=0x7fff455754d8, errors=0x7fff455754a0) failed
(unknown)(): Unsupported file operation PSIlogger: Child with rank 1 exited with status 1.
</TESTDIFF>
</MPITEST>
<MPITEST>
<NAME>spawnargvx</NAME>
<NP>1</NP>
<WORKDIR>./cxx/spawn</WORKDIR>
<STATUS>fail</STATUS>
<TESTDIFF>
Warning: MPID_Comm_spawn_multiple() not implemented
Fatal error in MPI_Comm_spawn: Unsupported file operation , error stack:
MPI_Comm_spawn(144): MPI_Comm_spawn(cmd="./spawnargvx", argv=0x7fff298fb590, maxprocs=2, MPI_INFO_NULL, root=0, MPI_COMM_WORLD, intercomm=0x7fff298fb668, errors=0x7fff298fb630) failed
(unknown)(): Unsupported file operation PSIlogger: Child with rank 0 exited with status 1.
</TESTDIFF>
</MPITEST>
<MPITEST>
<NAME>selfconaccx</NAME>
<NP>2</NP>
<WORKDIR>./cxx/spawn</WORKDIR>
<STATUS>fail</STATUS>
<TESTDIFF>
Warning: MPID_Open_port() not implemented
Fatal error in PMPI_Open_port: Unsupported file operation , error stack:
PMPI_Open_port(123): MPI_Open_port(MPI_INFO_NULL, port=0x7fff2427b3c0) failed
(unknown)(): Unsupported file operation PSIlogger: Child with rank 0 exited with status 1.
Fatal error in MPI_Recv: Other MPI error, error stack:
MPI_Recv(186)......: MPI_Recv(buf=0x7fffaaf9c960, count=256, MPI_CHAR, src=0, tag=0, MPI_COMM_WORLD, status=0x1) failed
mpid_irecv_done(98): read from socket failed - request state:recv(pde)donePSIlogger: Child with rank 1 exited with status 1.
</TESTDIFF>
</MPITEST>
<MPITEST>
<NAME>winnamex</NAME>
<NP>1</NP>
<WORKDIR>./cxx/rma</WORKDIR>
<STATUS>pass</STATUS>
</MPITEST>
<MPITEST>
<NAME>wincallx</NAME>
<NP>1</NP>
<WORKDIR>./cxx/rma</WORKDIR>
<STATUS>pass</STATUS>
</MPITEST>
<MPITEST>
<NAME>getgroupx</NAME>
<NP>4</NP>
<WORKDIR>./cxx/rma</WORKDIR>
<STATUS>pass</STATUS>
</MPITEST>
<MPITEST>
<NAME>winfencex</NAME>
<NP>4</NP>
<WORKDIR>./cxx/rma</WORKDIR>
<STATUS>fail</STATUS>
<TESTDIFF>
Deadlock detected! Process 14076 will wait forever.
Deadlock detected! Process 14075 will wait forever.
('wait' called without outstanding send or recv requests).
(For single sided communications set PSP_UNEXPECTED_RECEIVES=1)
Requests:
Sockets:
  sock#0x1472780 listen:    -1 demand:   0(   0)  src:(192.168.254.21,14075,(nil),r0000001)
  Connections:
    con#0x146ff50 type:  loop state:    open dest:(192.168.254.21,14075,0x146ff50,r0000001) recvcnt:    0
    con#0x1470270 type:   shm state:    open dest:(192.168.254.21,14076,0x1037270,r0000002) recvcnt:    0
    con#0x1470420 type:   shm state:    open dest:(192.168.254.21,14074,0x151f420,r0000000) recvcnt:    0
    con#0x14705b0 type:   shm state:    open dest:(192.168.254.21,14077,0x7925b0,r0000003) recvcnt:    0
Fds:

Reqs:10 GenReqs: (cnt:0  used:0)
('wait' called without outstanding send or recv requests).
(For single sided communications set PSP_UNEXPECTED_RECEIVES=1)
Requests:
Sockets:
  sock#0x1039780 listen:    -1 demand:   0(   0)  src:(192.168.254.21,14076,(nil),r0000002)
  Connections:
    con#0x1036f50 type:  loop state:    open dest:(192.168.254.21,14076,0x1036f50,r0000002) recvcnt:    0
    con#0x1037270 type:   shm state:    open dest:(192.168.254.21,14075,0x1470270,r0000001) recvcnt:    0
    con#0x1037420 type:   shm state:    open dest:(192.168.254.21,14077,0x792420,r0000003) recvcnt:    0
    con#0x10375b0 type:   shm state:    open dest:(192.168.254.21,14074,0x151f5b0,r0000000) recvcnt:    0
Fds:

Reqs:10 GenReqs: (cnt:0  used:0)
PSIlogger: Child with rank 1 exited with status 112.
PSIlogger: Child with rank 2 exited with status 112.
</TESTDIFF>
</MPITEST>
<MPITEST>
<NAME>winscale1x</NAME>
<NP>4</NP>
<WORKDIR>./cxx/rma</WORKDIR>
<STATUS>pass</STATUS>
</MPITEST>
<MPITEST>
<NAME>winscale2x</NAME>
<NP>4</NP>
<WORKDIR>./cxx/rma</WORKDIR>
<STATUS>pass</STATUS>
</MPITEST>
<MPITEST>
<NAME>fkeyvalwinx</NAME>
<NP>1</NP>
<WORKDIR>./cxx/rma</WORKDIR>
<STATUS>pass</STATUS>
</MPITEST>
<MPITEST>
<NAME>baseattrf90</NAME>
<NP>1</NP>
<WORKDIR>./f90/attr</WORKDIR>
<STATUS>pass</STATUS>
</MPITEST>
<MPITEST>
<NAME>baseattr2f90</NAME>
<NP>1</NP>
<WORKDIR>./f90/attr</WORKDIR>
<STATUS>pass</STATUS>
</MPITEST>
<MPITEST>
<NAME>commattrf90</NAME>
<NP>1</NP>
<WORKDIR>./f90/attr</WORKDIR>
<STATUS>pass</STATUS>
</MPITEST>
<MPITEST>
<NAME>commattr2f90</NAME>
<NP>1</NP>
<WORKDIR>./f90/attr</WORKDIR>
<STATUS>pass</STATUS>
</MPITEST>
<MPITEST>
<NAME>commattr3f90</NAME>
<NP>1</NP>
<WORKDIR>./f90/attr</WORKDIR>
<STATUS>pass</STATUS>
</MPITEST>
<MPITEST>
<NAME>typeattrf90</NAME>
<NP>1</NP>
<WORKDIR>./f90/attr</WORKDIR>
<STATUS>pass</STATUS>
</MPITEST>
<MPITEST>
<NAME>typeattr2f90</NAME>
<NP>1</NP>
<WORKDIR>./f90/attr</WORKDIR>
<STATUS>pass</STATUS>
</MPITEST>
<MPITEST>
<NAME>typeattr3f90</NAME>
<NP>1</NP>
<WORKDIR>./f90/attr</WORKDIR>
<STATUS>pass</STATUS>
</MPITEST>
<MPITEST>
<NAME>fandcattrf90</NAME>
<NP>1</NP>
<WORKDIR>./f90/attr</WORKDIR>
<STATUS>pass</STATUS>
</MPITEST>
<MPITEST>
<NAME>uallreducef90</NAME>
<NP>4</NP>
<WORKDIR>./f90/coll</WORKDIR>
<STATUS>pass</STATUS>
</MPITEST>
<MPITEST>
<NAME>exscanf90</NAME>
<NP>5</NP>
<WORKDIR>./f90/coll</WORKDIR>
<STATUS>pass</STATUS>
</MPITEST>
<MPITEST>
<NAME>alltoallwf90</NAME>
<NP>7</NP>
<WORKDIR>./f90/coll</WORKDIR>
<STATUS>pass</STATUS>
</MPITEST>
<MPITEST>
<NAME>inplacef90</NAME>
<NP>4</NP>
<WORKDIR>./f90/coll</WORKDIR>
<STATUS>pass</STATUS>
</MPITEST>
<MPITEST>
<NAME>reducelocalf90</NAME>
<NP>2</NP>
<WORKDIR>./f90/coll</WORKDIR>
<STATUS>pass</STATUS>
</MPITEST>
<MPITEST>
<NAME>commnamef90</NAME>
<NP>2</NP>
<WORKDIR>./f90/comm</WORKDIR>
<STATUS>pass</STATUS>
</MPITEST>
<MPITEST>
<NAME>commerrf90</NAME>
<NP>2</NP>
<WORKDIR>./f90/comm</WORKDIR>
<STATUS>pass</STATUS>
</MPITEST>
<MPITEST>
<NAME>c2f2cf90</NAME>
<NP>1</NP>
<WORKDIR>./f90/ext</WORKDIR>
<STATUS>fail</STATUS>
<TESTDIFF>
PSIlogger: Child with rank 0 exited on signal 11: Segmentation fault
</TESTDIFF>
</MPITEST>
<MPITEST>
<NAME>c2f90mult</NAME>
<NP>1</NP>
<WORKDIR>./f90/ext</WORKDIR>
<STATUS>pass</STATUS>
</MPITEST>
<MPITEST>
<NAME>ctypesinf90</NAME>
<NP>1</NP>
<WORKDIR>./f90/ext</WORKDIR>
<STATUS>pass</STATUS>
</MPITEST>
<MPITEST>
<NAME>allocmemf90</NAME>
<NP>1</NP>
<WORKDIR>./f90/ext</WORKDIR>
<STATUS>pass</STATUS>
</MPITEST>
<MPITEST>
<NAME>infotestf90</NAME>
<NP>1</NP>
<WORKDIR>./f90/info</WORKDIR>
<STATUS>pass</STATUS>
</MPITEST>
<MPITEST>
<NAME>infotest2f90</NAME>
<NP>1</NP>
<WORKDIR>./f90/info</WORKDIR>
<STATUS>pass</STATUS>
</MPITEST>
<MPITEST>
<NAME>baseenvf90</NAME>
<NP>1</NP>
<WORKDIR>./f90/init</WORKDIR>
<STATUS>pass</STATUS>
</MPITEST>
<MPITEST>
<NAME>fileerrf90</NAME>
<NP>1</NP>
<WORKDIR>./f90/io</WORKDIR>
<STATUS>pass</STATUS>
</MPITEST>
<MPITEST>
<NAME>fileinfof90</NAME>
<NP>3</NP>
<WORKDIR>./f90/io</WORKDIR>
<STATUS>pass</STATUS>
</MPITEST>
<MPITEST>
<NAME>shpositionf90</NAME>
<NP>4</NP>
<WORKDIR>./f90/io</WORKDIR>
<STATUS>pass</STATUS>
</MPITEST>
<MPITEST>
<NAME>atomicityf90</NAME>
<NP>8</NP>
<WORKDIR>./f90/io</WORKDIR>
<STATUS>pass</STATUS>
</MPITEST>
<MPITEST>
<NAME>miscfilef90</NAME>
<NP>4</NP>
<WORKDIR>./f90/io</WORKDIR>
<STATUS>pass</STATUS>
</MPITEST>
<MPITEST>
<NAME>setviewcurf90</NAME>
<NP>4</NP>
<WORKDIR>./f90/io</WORKDIR>
<STATUS>pass</STATUS>
</MPITEST>
<MPITEST>
<NAME>c2f2ciof90</NAME>
<NP>1</NP>
<WORKDIR>./f90/io</WORKDIR>
<STATUS>pass</STATUS>
</MPITEST>
<MPITEST>
<NAME>c2f90multio</NAME>
<NP>1</NP>
<WORKDIR>./f90/io</WORKDIR>
<STATUS>pass</STATUS>
</MPITEST>
<MPITEST>
<NAME>sizeof2</NAME>
<NP>1</NP>
<WORKDIR>./f90/misc</WORKDIR>
<STATUS>pass</STATUS>
</MPITEST>
<MPITEST>
<NAME>statusesf90</NAME>
<NP>1</NP>
<WORKDIR>./f90/pt2pt</WORKDIR>
<STATUS>pass</STATUS>
</MPITEST>
<MPITEST>
<NAME>greqf90</NAME>
<NP>1</NP>
<WORKDIR>./f90/pt2pt</WORKDIR>
<STATUS>pass</STATUS>
</MPITEST>
<MPITEST>
<NAME>typenamef90</NAME>
<NP>1</NP>
<WORKDIR>./f90/datatype</WORKDIR>
<STATUS>pass</STATUS>
</MPITEST>
<MPITEST>
<NAME>typesnamef90</NAME>
<NP>1</NP>
<WORKDIR>./f90/datatype</WORKDIR>
<STATUS>pass</STATUS>
</MPITEST>
<MPITEST>
<NAME>typecntsf90</NAME>
<NP>1</NP>
<WORKDIR>./f90/datatype</WORKDIR>
<STATUS>pass</STATUS>
</MPITEST>
<MPITEST>
<NAME>typem2f90</NAME>
<NP>1</NP>
<WORKDIR>./f90/datatype</WORKDIR>
<STATUS>pass</STATUS>
</MPITEST>
<MPITEST>
<NAME>typesubf90</NAME>
<NP>1</NP>
<WORKDIR>./f90/datatype</WORKDIR>
<STATUS>pass</STATUS>
</MPITEST>
<MPITEST>
<NAME>packef90</NAME>
<NP>1</NP>
<WORKDIR>./f90/datatype</WORKDIR>
<STATUS>pass</STATUS>
</MPITEST>
<MPITEST>
<NAME>gaddressf90</NAME>
<NP>1</NP>
<WORKDIR>./f90/datatype</WORKDIR>
<STATUS>pass</STATUS>
</MPITEST>
<MPITEST>
<NAME>allctypesf90</NAME>
<NP>1</NP>
<WORKDIR>./f90/datatype</WORKDIR>
<STATUS>pass</STATUS>
</MPITEST>
<MPITEST>
<NAME>structf</NAME>
<NP>2</NP>
<WORKDIR>./f90/datatype</WORKDIR>
<STATUS>pass</STATUS>
</MPITEST>
<MPITEST>
<NAME>indtype</NAME>
<NP>2</NP>
<WORKDIR>./f90/datatype</WORKDIR>
<STATUS>pass</STATUS>
</MPITEST>
<MPITEST>
<NAME>createf90</NAME>
<NP>1</NP>
<WORKDIR>./f90/datatype</WORKDIR>
<STATUS>pass</STATUS>
</MPITEST>
<MPITEST>
<NAME>sizeof</NAME>
<NP>1</NP>
<WORKDIR>./f90/datatype</WORKDIR>
<STATUS>pass</STATUS>
</MPITEST>
<MPITEST>
<NAME>createf90types</NAME>
<NP>1</NP>
<WORKDIR>./f90/f90types</WORKDIR>
<STATUS>pass</STATUS>
</MPITEST>
<MPITEST>
<NAME>createf90types</NAME>
<NP>1</NP>
<WORKDIR>./f90/f90types</WORKDIR>
<STATUS>pass</STATUS>
</MPITEST>
<MPITEST>
<NAME>winscale1f90</NAME>
<NP>4</NP>
<WORKDIR>./f90/rma</WORKDIR>
<STATUS>pass</STATUS>
</MPITEST>
<MPITEST>
<NAME>winfencef90</NAME>
<NP>4</NP>
<WORKDIR>./f90/rma</WORKDIR>
<STATUS>fail</STATUS>
<TESTDIFF>
Deadlock detected! Process 15618 will wait forever.
('wait' called without outstanding send or recv requests).
(For single sided communications set PSP_UNEXPECTED_RECEIVES=1)
Requests:
Sockets:
  sock#0xa0af50 listen:    -1 demand:   0(   0)  src:(192.168.254.21,15618,(nil),r0000002)
  Connections:
    con#0xa08720 type:  loop state:    open dest:(192.168.254.21,15618,0xa08720,r0000002) recvcnt:    0
    con#0xa08a40 type:   shm state:    open dest:(192.168.254.21,15620,0xe9aa40,r0000001) recvcnt:    0
    con#0xa08bf0 type:   shm state:    open dest:(192.168.254.21,15619,0x15e9bf0,r0000003) recvcnt:    0
    con#0xa08d80 type:   shm state:    open dest:(192.168.254.21,15617,0x1754d80,r0000000) recvcnt:    0
Fds:

Reqs:10 GenReqs: (cnt:0  used:0)
Deadlock detected! Process 15620 will wait forever.
('wait' called without outstanding send or recv requests).
(For single sided communications set PSP_UNEXPECTED_RECEIVES=1)
Requests:
Sockets:
  sock#0xe9cf50 listen:    -1 demand:   0(   0)  src:(192.168.254.21,15620,(nil),r0000001)
  Connections:
    con#0xe9a720 type:  loop state:    open dest:(192.168.254.21,15620,0xe9a720,r0000001) recvcnt:    0
    con#0xe9aa40 type:   shm state:    open dest:(192.168.254.21,15618,0xa08a40,r0000002) recvcnt:    0
    con#0xe9abf0 type:   shm state:    open dest:(192.168.254.21,15617,0x1754bf0,r0000000) recvcnt:    0
    con#0xe9ad80 type:   shm state:    open dest:(192.168.254.21,15619,0x15e9d80,r0000003) recvcnt:    0
Fds:

Reqs:10 GenReqs: (cnt:0  used:0)
PSIlogger: Child with rank 1 exited with status 112.
PSIlogger: Child with rank 2 exited with status 112.
</TESTDIFF>
</MPITEST>
<MPITEST>
<NAME>wingetf90</NAME>
<NP>5</NP>
<WORKDIR>./f90/rma</WORKDIR>
<STATUS>pass</STATUS>
</MPITEST>
<MPITEST>
<NAME>winscale2f90</NAME>
<NP>4</NP>
<WORKDIR>./f90/rma</WORKDIR>
<STATUS>pass</STATUS>
</MPITEST>
<MPITEST>
<NAME>winerrf90</NAME>
<NP>1</NP>
<WORKDIR>./f90/rma</WORKDIR>
<STATUS>pass</STATUS>
</MPITEST>
<MPITEST>
<NAME>winnamef90</NAME>
<NP>1</NP>
<WORKDIR>./f90/rma</WORKDIR>
<STATUS>pass</STATUS>
</MPITEST>
<MPITEST>
<NAME>wingroupf90</NAME>
<NP>4</NP>
<WORKDIR>./f90/rma</WORKDIR>
<STATUS>pass</STATUS>
</MPITEST>
<MPITEST>
<NAME>winaccf90</NAME>
<NP>4</NP>
<WORKDIR>./f90/rma</WORKDIR>
<STATUS>fail</STATUS>
<TESTDIFF>
Deadlock detected! Process 15817 will wait forever.
('wait' called without outstanding send or recv requests).
(For single sided communications set PSP_UNEXPECTED_RECEIVES=1)
Requests:
Sockets:
  sock#0x1579f50 listen:    -1 demand:   0(   0)  src:(192.168.254.21,15817,(nil),r0000002)
  Connections:
    con#0x1577720 type:  loop state:    open dest:(192.168.254.21,15817,0x1577720,r0000002) recvcnt:    0
    con#0x1577a40 type:   shm state:    open dest:(192.168.254.21,15816,0x1066a40,r0000001) recvcnt:    0
    con#0x1577bf0 type:   shm state:    open dest:(192.168.254.21,15818,0x24c5bf0,r0000003) recvcnt:    0
    con#0x1577d80 type:   shm state:    open dest:(192.168.254.21,15815,0xbb4d80,r0000000) recvcnt:    0
Fds:

Reqs:10 GenReqs: (cnt:0  used:0)
Deadlock detected! Process 15816 will wait forever.
('wait' called without outstanding send or recv requests).
(For single sided communications set PSP_UNEXPECTED_RECEIVES=1)
Requests:
Sockets:
  sock#0x1068f50 listen:    -1 demand:   0(   0)  src:(192.168.254.21,15816,(nil),r0000001)
  Connections:
    con#0x1066720 type:  loop state:    open dest:(192.168.254.21,15816,0x1066720,r0000001) recvcnt:    0
    con#0x1066a40 type:   shm state:    open dest:(192.168.254.21,15817,0x1577a40,r0000002) recvcnt:    0
    con#0x1066bf0 type:   shm state:    open dest:(192.168.254.21,15815,0xbb4bf0,r0000000) recvcnt:    0
    con#0x1066d80 type:   shm state:    open dest:(192.168.254.21,15818,0x24c5d80,r0000003) recvcnt:    0
Fds:

Reqs:10 GenReqs: (cnt:0  used:0)
PSIlogger: Child with rank 1 exited with status 112.
PSIlogger: Child with rank 2 exited with status 112.
</TESTDIFF>
</MPITEST>
<MPITEST>
<NAME>c2f2cwinf90</NAME>
<NP>1</NP>
<WORKDIR>./f90/rma</WORKDIR>
<STATUS>pass</STATUS>
</MPITEST>
<MPITEST>
<NAME>baseattrwinf90</NAME>
<NP>1</NP>
<WORKDIR>./f90/rma</WORKDIR>
<STATUS>pass</STATUS>
</MPITEST>
<MPITEST>
<NAME>winattrf90</NAME>
<NP>1</NP>
<WORKDIR>./f90/rma</WORKDIR>
<STATUS>pass</STATUS>
</MPITEST>
<MPITEST>
<NAME>winattr2f90</NAME>
<NP>1</NP>
<WORKDIR>./f90/rma</WORKDIR>
<STATUS>pass</STATUS>
</MPITEST>
<MPITEST>
<NAME>namepubf90</NAME>
<NP>2</NP>
<WORKDIR>./f90/spawn</WORKDIR>
<STATUS>pass</STATUS>
</MPITEST>
<MPITEST>
<NAME>spawnf90</NAME>
<NP>1</NP>
<WORKDIR>./f90/spawn</WORKDIR>
<STATUS>fail</STATUS>
<TESTDIFF>
Warning: MPID_Comm_spawn_multiple() not implemented
Fatal error in MPI_Comm_spawn: Unsupported file operation , error stack:
MPI_Comm_spawn(144): MPI_Comm_spawn(cmd="./spawnf90", argv=0xe42860, maxprocs=2, MPI_INFO_NULL, root=0, MPI_COMM_WORLD, intercomm=0x7fffe33edb90, errors=0x7fffe33edba0) failed
(unknown)(): Unsupported file operation PSIlogger: Child with rank 0 exited with status 1.
</TESTDIFF>
</MPITEST>
<MPITEST>
<NAME>spawnargvf90</NAME>
<NP>1</NP>
<WORKDIR>./f90/spawn</WORKDIR>
<STATUS>fail</STATUS>
<TESTDIFF>
Warning: MPID_Comm_spawn_multiple() not implemented
Fatal error in MPI_Comm_spawn: Unsupported file operation , error stack:
MPI_Comm_spawn(144): MPI_Comm_spawn(cmd="./spawnargvf90", argv=0x2146e90, maxprocs=2, MPI_INFO_NULL, root=0, MPI_COMM_WORLD, intercomm=0x7fff9c9e7d30, errors=0x7fff9c9e7d40) failed
(unknown)(): Unsupported file operation PSIlogger: Child with rank 0 exited with status 1.
</TESTDIFF>
</MPITEST>
<MPITEST>
<NAME>connaccf90</NAME>
<NP>2</NP>
<WORKDIR>./f90/spawn</WORKDIR>
<STATUS>fail</STATUS>
<TESTDIFF>
Warning: MPID_Open_port() not implemented
Fatal error in PMPI_Open_port: Unsupported file operation , error stack:
PMPI_Open_port(123): MPI_Open_port(MPI_INFO_NULL, port=0x1653d00) failed
(unknown)(): Unsupported file operation PSIlogger: Child with rank 0 exited with status 1.
Fatal error in PMPI_Barrier: Other MPI error, error stack:
PMPI_Barrier(425).....: MPI_Barrier(MPI_COMM_WORLD) failed
MPIR_Barrier_impl(331): Failure during collective
MPIR_Barrier_impl(313): 
MPIR_Barrier_intra(83): 
mpid_irecv_done(98)...: read from socket failed - request state:recv(pde)donePSIlogger: Child with rank 1 exited with status 1.
</TESTDIFF>
</MPITEST>
<MPITEST>
<NAME>spawnmultf90</NAME>
<NP>1</NP>
<WORKDIR>./f90/spawn</WORKDIR>
<STATUS>fail</STATUS>
<TESTDIFF>
Warning: MPID_Comm_spawn_multiple() not implemented
Fatal error in MPI_Comm_spawn_multiple: Unsupported file operation , error stack:
MPI_Comm_spawn_multiple(160): MPI_Comm_spawn_multiple(count=2, cmds=0x2258740, argvs=0x2258860, maxprocs=0x7fff5b7931e0, infos=0x7fff5b7931f0, root=0, MPI_COMM_WORLD, intercomm=0x7fff5b7931ec, errors=0x7fff5b793210) failed
(unknown)(): Unsupported file operation PSIlogger: Child with rank 0 exited with status 1.
</TESTDIFF>
</MPITEST>
<MPITEST>
<NAME>spawnmult2f90</NAME>
<NP>2</NP>
<WORKDIR>./f90/spawn</WORKDIR>
<STATUS>fail</STATUS>
<TESTDIFF>
Warning: MPID_Comm_spawn_multiple() not implemented
Warning: MPID_Comm_spawn_multiple() not implemented
Fatal error in MPI_Comm_spawn_multiple: Unsupported file operation , error stack:
MPI_Comm_spawn_multiple(160): MPI_Comm_spawn_multiple(count=2, cmds=0x1a17760, argvs=(nil), maxprocs=0x7fffeab5cef0, infos=0x7fffeab5cf00, root=0, MPI_COMM_WORLD, intercomm=0x7fffeab5cefc, errors=0x7fffeab5cf20) failed
(unknown)(): Unsupported file operation Fatal error in MPI_Comm_spawn_multiple: Unsupported file operation , error stack:
MPI_Comm_spawn_multiple(160): MPI_Comm_spawn_multiple(count=2, cmds=0x203d760, argvs=(nil), maxprocs=0x7fff32b49780, infos=0x7fff32b49790, root=0, MPI_COMM_WORLD, intercomm=0x7fff32b4978c, errors=0x7fff32b497b0) failed
(unknown)(): Unsupported file operation PSIlogger: Child with rank 1 exited with status 1.
PSIlogger: Child with rank 0 exited with status 1.
</TESTDIFF>
</MPITEST>
<MPITEST>
<NAME>wtimef90</NAME>
<NP>1</NP>
<WORKDIR>./f90/timer</WORKDIR>
<STATUS>pass</STATUS>
</MPITEST>
<MPITEST>
<NAME>cartcrf90</NAME>
<NP>4</NP>
<WORKDIR>./f90/topo</WORKDIR>
<STATUS>pass</STATUS>
</MPITEST>
<MPITEST>
<NAME>dgraph_wgtf90</NAME>
<NP>4</NP>
<WORKDIR>./f90/topo</WORKDIR>
<STATUS>pass</STATUS>
</MPITEST>
<MPITEST>
<NAME>dgraph_unwgtf90</NAME>
<NP>4</NP>
<WORKDIR>./f90/topo</WORKDIR>
<STATUS>pass</STATUS>
</MPITEST>
