<?xml version='1.0' ?>
<?xml-stylesheet href="TestResults.xsl" type="text/xsl" ?>
<MPITESTRESULTS>
<DATE>2014-01-13-09-51</DATE>
<MPISOURCE></MPISOURCE>
<MPITEST>
<NAME>attrt</NAME>
<NP>2</NP>
<WORKDIR>./attr</WORKDIR>
<STATUS>pass</STATUS>
</MPITEST>
<MPITEST>
<NAME>attric</NAME>
<NP>4</NP>
<WORKDIR>./attr</WORKDIR>
<STATUS>pass</STATUS>
</MPITEST>
<MPITEST>
<NAME>attrerr</NAME>
<NP>1</NP>
<WORKDIR>./attr</WORKDIR>
<STATUS>pass</STATUS>
</MPITEST>
<MPITEST>
<NAME>attrend</NAME>
<NP>1</NP>
<WORKDIR>./attr</WORKDIR>
<STATUS>pass</STATUS>
</MPITEST>
<MPITEST>
<NAME>attrend</NAME>
<NP>4</NP>
<WORKDIR>./attr</WORKDIR>
<STATUS>pass</STATUS>
</MPITEST>
<MPITEST>
<NAME>attrend2</NAME>
<NP>1</NP>
<WORKDIR>./attr</WORKDIR>
<STATUS>pass</STATUS>
</MPITEST>
<MPITEST>
<NAME>attrend2</NAME>
<NP>5</NP>
<WORKDIR>./attr</WORKDIR>
<STATUS>pass</STATUS>
</MPITEST>
<MPITEST>
<NAME>attrerrcomm</NAME>
<NP>1</NP>
<WORKDIR>./attr</WORKDIR>
<STATUS>pass</STATUS>
</MPITEST>
<MPITEST>
<NAME>attrerrtype</NAME>
<NP>1</NP>
<WORKDIR>./attr</WORKDIR>
<STATUS>pass</STATUS>
</MPITEST>
<MPITEST>
<NAME>attr2type</NAME>
<NP>1</NP>
<WORKDIR>./attr</WORKDIR>
<STATUS>pass</STATUS>
</MPITEST>
<MPITEST>
<NAME>attrorder</NAME>
<NP>1</NP>
<WORKDIR>./attr</WORKDIR>
<STATUS>pass</STATUS>
</MPITEST>
<MPITEST>
<NAME>attrordercomm</NAME>
<NP>1</NP>
<WORKDIR>./attr</WORKDIR>
<STATUS>pass</STATUS>
</MPITEST>
<MPITEST>
<NAME>attrordertype</NAME>
<NP>1</NP>
<WORKDIR>./attr</WORKDIR>
<STATUS>pass</STATUS>
</MPITEST>
<MPITEST>
<NAME>baseattr2</NAME>
<NP>1</NP>
<WORKDIR>./attr</WORKDIR>
<STATUS>pass</STATUS>
</MPITEST>
<MPITEST>
<NAME>baseattrcomm</NAME>
<NP>1</NP>
<WORKDIR>./attr</WORKDIR>
<STATUS>pass</STATUS>
</MPITEST>
<MPITEST>
<NAME>fkeyval</NAME>
<NP>1</NP>
<WORKDIR>./attr</WORKDIR>
<STATUS>pass</STATUS>
</MPITEST>
<MPITEST>
<NAME>fkeyvalcomm</NAME>
<NP>1</NP>
<WORKDIR>./attr</WORKDIR>
<STATUS>pass</STATUS>
</MPITEST>
<MPITEST>
<NAME>fkeyvaltype</NAME>
<NP>1</NP>
<WORKDIR>./attr</WORKDIR>
<STATUS>pass</STATUS>
</MPITEST>
<MPITEST>
<NAME>keyval_double_free</NAME>
<NP>1</NP>
<WORKDIR>./attr</WORKDIR>
<STATUS>pass</STATUS>
</MPITEST>
<MPITEST>
<NAME>allred</NAME>
<NP>4</NP>
<WORKDIR>./coll</WORKDIR>
<STATUS>pass</STATUS>
</MPITEST>
<MPITEST>
<NAME>allred</NAME>
<NP>7</NP>
<WORKDIR>./coll</WORKDIR>
<STATUS>pass</STATUS>
</MPITEST>
<MPITEST>
<NAME>allred</NAME>
<NP>4</NP>
<WORKDIR>./coll</WORKDIR>
<STATUS>pass</STATUS>
</MPITEST>
<MPITEST>
<NAME>allredmany</NAME>
<NP>4</NP>
<WORKDIR>./coll</WORKDIR>
<STATUS>pass</STATUS>
</MPITEST>
<MPITEST>
<NAME>allred2</NAME>
<NP>4</NP>
<WORKDIR>./coll</WORKDIR>
<STATUS>pass</STATUS>
</MPITEST>
<MPITEST>
<NAME>allred3</NAME>
<NP>10</NP>
<WORKDIR>./coll</WORKDIR>
<STATUS>pass</STATUS>
</MPITEST>
<MPITEST>
<NAME>allred4</NAME>
<NP>4</NP>
<WORKDIR>./coll</WORKDIR>
<STATUS>pass</STATUS>
</MPITEST>
<MPITEST>
<NAME>allred5</NAME>
<NP>5</NP>
<WORKDIR>./coll</WORKDIR>
<STATUS>pass</STATUS>
</MPITEST>
<MPITEST>
<NAME>allred5</NAME>
<NP>10</NP>
<WORKDIR>./coll</WORKDIR>
<STATUS>pass</STATUS>
</MPITEST>
<MPITEST>
<NAME>allred6</NAME>
<NP>4</NP>
<WORKDIR>./coll</WORKDIR>
<STATUS>pass</STATUS>
</MPITEST>
<MPITEST>
<NAME>allred6</NAME>
<NP>7</NP>
<WORKDIR>./coll</WORKDIR>
<STATUS>pass</STATUS>
</MPITEST>
<MPITEST>
<NAME>reduce</NAME>
<NP>5</NP>
<WORKDIR>./coll</WORKDIR>
<STATUS>pass</STATUS>
</MPITEST>
<MPITEST>
<NAME>reduce</NAME>
<NP>10</NP>
<WORKDIR>./coll</WORKDIR>
<STATUS>pass</STATUS>
</MPITEST>
<MPITEST>
<NAME>reduce_local</NAME>
<NP>2</NP>
<WORKDIR>./coll</WORKDIR>
<STATUS>pass</STATUS>
</MPITEST>
<MPITEST>
<NAME>op_commutative</NAME>
<NP>2</NP>
<WORKDIR>./coll</WORKDIR>
<STATUS>pass</STATUS>
</MPITEST>
<MPITEST>
<NAME>red3</NAME>
<NP>10</NP>
<WORKDIR>./coll</WORKDIR>
<STATUS>pass</STATUS>
</MPITEST>
<MPITEST>
<NAME>red4</NAME>
<NP>10</NP>
<WORKDIR>./coll</WORKDIR>
<STATUS>pass</STATUS>
</MPITEST>
<MPITEST>
<NAME>alltoall1</NAME>
<NP>8</NP>
<WORKDIR>./coll</WORKDIR>
<STATUS>pass</STATUS>
</MPITEST>
<MPITEST>
<NAME>alltoallv</NAME>
<NP>10</NP>
<WORKDIR>./coll</WORKDIR>
<STATUS>pass</STATUS>
</MPITEST>
<MPITEST>
<NAME>alltoallv0</NAME>
<NP>10</NP>
<WORKDIR>./coll</WORKDIR>
<STATUS>pass</STATUS>
</MPITEST>
<MPITEST>
<NAME>alltoallw1</NAME>
<NP>10</NP>
<WORKDIR>./coll</WORKDIR>
<STATUS>pass</STATUS>
</MPITEST>
<MPITEST>
<NAME>alltoallw2</NAME>
<NP>10</NP>
<WORKDIR>./coll</WORKDIR>
<STATUS>pass</STATUS>
</MPITEST>
<MPITEST>
<NAME>alltoallw_zeros</NAME>
<NP>1</NP>
<WORKDIR>./coll</WORKDIR>
<STATUS>pass</STATUS>
</MPITEST>
<MPITEST>
<NAME>alltoallw_zeros</NAME>
<NP>2</NP>
<WORKDIR>./coll</WORKDIR>
<STATUS>pass</STATUS>
</MPITEST>
<MPITEST>
<NAME>alltoallw_zeros</NAME>
<NP>5</NP>
<WORKDIR>./coll</WORKDIR>
<STATUS>pass</STATUS>
</MPITEST>
<MPITEST>
<NAME>alltoallw_zeros</NAME>
<NP>8</NP>
<WORKDIR>./coll</WORKDIR>
<STATUS>pass</STATUS>
</MPITEST>
<MPITEST>
<NAME>allgather2</NAME>
<NP>10</NP>
<WORKDIR>./coll</WORKDIR>
<STATUS>pass</STATUS>
</MPITEST>
<MPITEST>
<NAME>allgather3</NAME>
<NP>10</NP>
<WORKDIR>./coll</WORKDIR>
<STATUS>pass</STATUS>
</MPITEST>
<MPITEST>
<NAME>allgatherv2</NAME>
<NP>10</NP>
<WORKDIR>./coll</WORKDIR>
<STATUS>pass</STATUS>
</MPITEST>
<MPITEST>
<NAME>allgatherv3</NAME>
<NP>10</NP>
<WORKDIR>./coll</WORKDIR>
<STATUS>pass</STATUS>
</MPITEST>
<MPITEST>
<NAME>allgatherv4</NAME>
<NP>4</NP>
<WORKDIR>./coll</WORKDIR>
<STATUS>pass</STATUS>
</MPITEST>
<MPITEST>
<NAME>bcasttest</NAME>
<NP>4</NP>
<WORKDIR>./coll</WORKDIR>
<STATUS>pass</STATUS>
</MPITEST>
<MPITEST>
<NAME>bcasttest</NAME>
<NP>8</NP>
<WORKDIR>./coll</WORKDIR>
<STATUS>pass</STATUS>
</MPITEST>
<MPITEST>
<NAME>bcasttest</NAME>
<NP>10</NP>
<WORKDIR>./coll</WORKDIR>
<STATUS>pass</STATUS>
</MPITEST>
<MPITEST>
<NAME>bcast2</NAME>
<NP>4</NP>
<WORKDIR>./coll</WORKDIR>
<STATUS>pass</STATUS>
</MPITEST>
<MPITEST>
<NAME>bcast2</NAME>
<NP>10</NP>
<WORKDIR>./coll</WORKDIR>
<STATUS>pass</STATUS>
</MPITEST>
<MPITEST>
<NAME>bcast3</NAME>
<NP>10</NP>
<WORKDIR>./coll</WORKDIR>
<STATUS>pass</STATUS>
</MPITEST>
<MPITEST>
<NAME>bcastzerotype</NAME>
<NP>1</NP>
<WORKDIR>./coll</WORKDIR>
<STATUS>pass</STATUS>
</MPITEST>
<MPITEST>
<NAME>bcastzerotype</NAME>
<NP>4</NP>
<WORKDIR>./coll</WORKDIR>
<STATUS>pass</STATUS>
</MPITEST>
<MPITEST>
<NAME>bcastzerotype</NAME>
<NP>5</NP>
<WORKDIR>./coll</WORKDIR>
<STATUS>pass</STATUS>
</MPITEST>
<MPITEST>
<NAME>bcastzerotype</NAME>
<NP>10</NP>
<WORKDIR>./coll</WORKDIR>
<STATUS>pass</STATUS>
</MPITEST>
<MPITEST>
<NAME>coll2</NAME>
<NP>5</NP>
<WORKDIR>./coll</WORKDIR>
<STATUS>pass</STATUS>
</MPITEST>
<MPITEST>
<NAME>coll3</NAME>
<NP>5</NP>
<WORKDIR>./coll</WORKDIR>
<STATUS>pass</STATUS>
</MPITEST>
<MPITEST>
<NAME>coll4</NAME>
<NP>4</NP>
<WORKDIR>./coll</WORKDIR>
<STATUS>pass</STATUS>
</MPITEST>
<MPITEST>
<NAME>coll5</NAME>
<NP>4</NP>
<WORKDIR>./coll</WORKDIR>
<STATUS>pass</STATUS>
</MPITEST>
<MPITEST>
<NAME>coll6</NAME>
<NP>5</NP>
<WORKDIR>./coll</WORKDIR>
<STATUS>pass</STATUS>
</MPITEST>
<MPITEST>
<NAME>coll7</NAME>
<NP>1</NP>
<WORKDIR>./coll</WORKDIR>
<STATUS>pass</STATUS>
</MPITEST>
<MPITEST>
<NAME>coll7</NAME>
<NP>2</NP>
<WORKDIR>./coll</WORKDIR>
<STATUS>pass</STATUS>
</MPITEST>
<MPITEST>
<NAME>coll7</NAME>
<NP>5</NP>
<WORKDIR>./coll</WORKDIR>
<STATUS>pass</STATUS>
</MPITEST>
<MPITEST>
<NAME>coll8</NAME>
<NP>4</NP>
<WORKDIR>./coll</WORKDIR>
<STATUS>pass</STATUS>
</MPITEST>
<MPITEST>
<NAME>coll9</NAME>
<NP>4</NP>
<WORKDIR>./coll</WORKDIR>
<STATUS>pass</STATUS>
</MPITEST>
<MPITEST>
<NAME>coll10</NAME>
<NP>4</NP>
<WORKDIR>./coll</WORKDIR>
<STATUS>pass</STATUS>
</MPITEST>
<MPITEST>
<NAME>coll11</NAME>
<NP>4</NP>
<WORKDIR>./coll</WORKDIR>
<STATUS>pass</STATUS>
</MPITEST>
<MPITEST>
<NAME>coll12</NAME>
<NP>4</NP>
<WORKDIR>./coll</WORKDIR>
<STATUS>pass</STATUS>
</MPITEST>
<MPITEST>
<NAME>coll13</NAME>
<NP>4</NP>
<WORKDIR>./coll</WORKDIR>
<STATUS>pass</STATUS>
</MPITEST>
<MPITEST>
<NAME>longuser</NAME>
<NP>4</NP>
<WORKDIR>./coll</WORKDIR>
<STATUS>pass</STATUS>
</MPITEST>
<MPITEST>
<NAME>redscat</NAME>
<NP>4</NP>
<WORKDIR>./coll</WORKDIR>
<STATUS>pass</STATUS>
</MPITEST>
<MPITEST>
<NAME>redscat</NAME>
<NP>6</NP>
<WORKDIR>./coll</WORKDIR>
<STATUS>pass</STATUS>
</MPITEST>
<MPITEST>
<NAME>redscat2</NAME>
<NP>4</NP>
<WORKDIR>./coll</WORKDIR>
<STATUS>pass</STATUS>
</MPITEST>
<MPITEST>
<NAME>redscat2</NAME>
<NP>5</NP>
<WORKDIR>./coll</WORKDIR>
<STATUS>pass</STATUS>
</MPITEST>
<MPITEST>
<NAME>redscat2</NAME>
<NP>10</NP>
<WORKDIR>./coll</WORKDIR>
<STATUS>pass</STATUS>
</MPITEST>
<MPITEST>
<NAME>redscat3</NAME>
<NP>8</NP>
<WORKDIR>./coll</WORKDIR>
<STATUS>pass</STATUS>
</MPITEST>
<MPITEST>
<NAME>redscatinter</NAME>
<NP>8</NP>
<WORKDIR>./coll</WORKDIR>
<STATUS>pass</STATUS>
</MPITEST>
<MPITEST>
<NAME>red_scat_block</NAME>
<NP>4</NP>
<WORKDIR>./coll</WORKDIR>
<STATUS>pass</STATUS>
</MPITEST>
<MPITEST>
<NAME>red_scat_block</NAME>
<NP>5</NP>
<WORKDIR>./coll</WORKDIR>
<STATUS>pass</STATUS>
</MPITEST>
<MPITEST>
<NAME>red_scat_block</NAME>
<NP>8</NP>
<WORKDIR>./coll</WORKDIR>
<STATUS>pass</STATUS>
</MPITEST>
<MPITEST>
<NAME>red_scat_block2</NAME>
<NP>4</NP>
<WORKDIR>./coll</WORKDIR>
<STATUS>pass</STATUS>
</MPITEST>
<MPITEST>
<NAME>red_scat_block2</NAME>
<NP>5</NP>
<WORKDIR>./coll</WORKDIR>
<STATUS>pass</STATUS>
</MPITEST>
<MPITEST>
<NAME>red_scat_block2</NAME>
<NP>10</NP>
<WORKDIR>./coll</WORKDIR>
<STATUS>pass</STATUS>
</MPITEST>
<MPITEST>
<NAME>redscatblk3</NAME>
<NP>8</NP>
<WORKDIR>./coll</WORKDIR>
<STATUS>pass</STATUS>
</MPITEST>
<MPITEST>
<NAME>redscatblk3</NAME>
<NP>10</NP>
<WORKDIR>./coll</WORKDIR>
<STATUS>pass</STATUS>
</MPITEST>
<MPITEST>
<NAME>redscatbkinter</NAME>
<NP>8</NP>
<WORKDIR>./coll</WORKDIR>
<STATUS>pass</STATUS>
</MPITEST>
<MPITEST>
<NAME>redscatbkinter</NAME>
<NP>10</NP>
<WORKDIR>./coll</WORKDIR>
<STATUS>pass</STATUS>
</MPITEST>
<MPITEST>
<NAME>scantst</NAME>
<NP>4</NP>
<WORKDIR>./coll</WORKDIR>
<STATUS>pass</STATUS>
</MPITEST>
<MPITEST>
<NAME>exscan</NAME>
<NP>10</NP>
<WORKDIR>./coll</WORKDIR>
<STATUS>pass</STATUS>
</MPITEST>
<MPITEST>
<NAME>exscan2</NAME>
<NP>5</NP>
<WORKDIR>./coll</WORKDIR>
<STATUS>pass</STATUS>
</MPITEST>
<MPITEST>
<NAME>gather</NAME>
<NP>4</NP>
<WORKDIR>./coll</WORKDIR>
<STATUS>pass</STATUS>
</MPITEST>
<MPITEST>
<NAME>gather2</NAME>
<NP>4</NP>
<WORKDIR>./coll</WORKDIR>
<STATUS>pass</STATUS>
</MPITEST>
<MPITEST>
<NAME>scattern</NAME>
<NP>4</NP>
<WORKDIR>./coll</WORKDIR>
<STATUS>pass</STATUS>
</MPITEST>
<MPITEST>
<NAME>scatter2</NAME>
<NP>4</NP>
<WORKDIR>./coll</WORKDIR>
<STATUS>pass</STATUS>
</MPITEST>
<MPITEST>
<NAME>scatter3</NAME>
<NP>4</NP>
<WORKDIR>./coll</WORKDIR>
<STATUS>pass</STATUS>
</MPITEST>
<MPITEST>
<NAME>scatterv</NAME>
<NP>4</NP>
<WORKDIR>./coll</WORKDIR>
<STATUS>pass</STATUS>
</MPITEST>
<MPITEST>
<NAME>icbcast</NAME>
<NP>4</NP>
<WORKDIR>./coll</WORKDIR>
<STATUS>pass</STATUS>
</MPITEST>
<MPITEST>
<NAME>icbcast</NAME>
<NP>10</NP>
<WORKDIR>./coll</WORKDIR>
<STATUS>pass</STATUS>
</MPITEST>
<MPITEST>
<NAME>icallreduce</NAME>
<NP>5</NP>
<WORKDIR>./coll</WORKDIR>
<STATUS>pass</STATUS>
</MPITEST>
<MPITEST>
<NAME>icallreduce</NAME>
<NP>7</NP>
<WORKDIR>./coll</WORKDIR>
<STATUS>pass</STATUS>
</MPITEST>
<MPITEST>
<NAME>icreduce</NAME>
<NP>5</NP>
<WORKDIR>./coll</WORKDIR>
<STATUS>pass</STATUS>
</MPITEST>
<MPITEST>
<NAME>icreduce</NAME>
<NP>7</NP>
<WORKDIR>./coll</WORKDIR>
<STATUS>pass</STATUS>
</MPITEST>
<MPITEST>
<NAME>icscatter</NAME>
<NP>5</NP>
<WORKDIR>./coll</WORKDIR>
<STATUS>pass</STATUS>
</MPITEST>
<MPITEST>
<NAME>icscatter</NAME>
<NP>7</NP>
<WORKDIR>./coll</WORKDIR>
<STATUS>pass</STATUS>
</MPITEST>
<MPITEST>
<NAME>icgather</NAME>
<NP>5</NP>
<WORKDIR>./coll</WORKDIR>
<STATUS>pass</STATUS>
</MPITEST>
<MPITEST>
<NAME>icgather</NAME>
<NP>7</NP>
<WORKDIR>./coll</WORKDIR>
<STATUS>pass</STATUS>
</MPITEST>
<MPITEST>
<NAME>icallgather</NAME>
<NP>5</NP>
<WORKDIR>./coll</WORKDIR>
<STATUS>pass</STATUS>
</MPITEST>
<MPITEST>
<NAME>icallgather</NAME>
<NP>7</NP>
<WORKDIR>./coll</WORKDIR>
<STATUS>pass</STATUS>
</MPITEST>
<MPITEST>
<NAME>icbarrier</NAME>
<NP>5</NP>
<WORKDIR>./coll</WORKDIR>
<STATUS>pass</STATUS>
</MPITEST>
<MPITEST>
<NAME>icbarrier</NAME>
<NP>7</NP>
<WORKDIR>./coll</WORKDIR>
<STATUS>pass</STATUS>
</MPITEST>
<MPITEST>
<NAME>icallgatherv</NAME>
<NP>5</NP>
<WORKDIR>./coll</WORKDIR>
<STATUS>pass</STATUS>
</MPITEST>
<MPITEST>
<NAME>icallgatherv</NAME>
<NP>7</NP>
<WORKDIR>./coll</WORKDIR>
<STATUS>pass</STATUS>
</MPITEST>
<MPITEST>
<NAME>icgatherv</NAME>
<NP>5</NP>
<WORKDIR>./coll</WORKDIR>
<STATUS>pass</STATUS>
</MPITEST>
<MPITEST>
<NAME>icgatherv</NAME>
<NP>7</NP>
<WORKDIR>./coll</WORKDIR>
<STATUS>pass</STATUS>
</MPITEST>
<MPITEST>
<NAME>icscatterv</NAME>
<NP>5</NP>
<WORKDIR>./coll</WORKDIR>
<STATUS>pass</STATUS>
</MPITEST>
<MPITEST>
<NAME>icscatterv</NAME>
<NP>7</NP>
<WORKDIR>./coll</WORKDIR>
<STATUS>pass</STATUS>
</MPITEST>
<MPITEST>
<NAME>icalltoall</NAME>
<NP>5</NP>
<WORKDIR>./coll</WORKDIR>
<STATUS>pass</STATUS>
</MPITEST>
<MPITEST>
<NAME>icalltoall</NAME>
<NP>7</NP>
<WORKDIR>./coll</WORKDIR>
<STATUS>pass</STATUS>
</MPITEST>
<MPITEST>
<NAME>icalltoallv</NAME>
<NP>5</NP>
<WORKDIR>./coll</WORKDIR>
<STATUS>pass</STATUS>
</MPITEST>
<MPITEST>
<NAME>icalltoallv</NAME>
<NP>7</NP>
<WORKDIR>./coll</WORKDIR>
<STATUS>pass</STATUS>
</MPITEST>
<MPITEST>
<NAME>icalltoallw</NAME>
<NP>5</NP>
<WORKDIR>./coll</WORKDIR>
<STATUS>pass</STATUS>
</MPITEST>
<MPITEST>
<NAME>icalltoallw</NAME>
<NP>7</NP>
<WORKDIR>./coll</WORKDIR>
<STATUS>pass</STATUS>
</MPITEST>
<MPITEST>
<NAME>opland</NAME>
<NP>4</NP>
<WORKDIR>./coll</WORKDIR>
<STATUS>pass</STATUS>
</MPITEST>
<MPITEST>
<NAME>oplor</NAME>
<NP>4</NP>
<WORKDIR>./coll</WORKDIR>
<STATUS>pass</STATUS>
</MPITEST>
<MPITEST>
<NAME>oplxor</NAME>
<NP>4</NP>
<WORKDIR>./coll</WORKDIR>
<STATUS>pass</STATUS>
</MPITEST>
<MPITEST>
<NAME>oplxor</NAME>
<NP>5</NP>
<WORKDIR>./coll</WORKDIR>
<STATUS>pass</STATUS>
</MPITEST>
<MPITEST>
<NAME>opband</NAME>
<NP>4</NP>
<WORKDIR>./coll</WORKDIR>
<STATUS>pass</STATUS>
</MPITEST>
<MPITEST>
<NAME>opbor</NAME>
<NP>4</NP>
<WORKDIR>./coll</WORKDIR>
<STATUS>pass</STATUS>
</MPITEST>
<MPITEST>
<NAME>opbxor</NAME>
<NP>4</NP>
<WORKDIR>./coll</WORKDIR>
<STATUS>pass</STATUS>
</MPITEST>
<MPITEST>
<NAME>opbxor</NAME>
<NP>5</NP>
<WORKDIR>./coll</WORKDIR>
<STATUS>pass</STATUS>
</MPITEST>
<MPITEST>
<NAME>opprod</NAME>
<NP>5</NP>
<WORKDIR>./coll</WORKDIR>
<STATUS>pass</STATUS>
</MPITEST>
<MPITEST>
<NAME>opprod</NAME>
<NP>6</NP>
<WORKDIR>./coll</WORKDIR>
<STATUS>pass</STATUS>
</MPITEST>
<MPITEST>
<NAME>opsum</NAME>
<NP>4</NP>
<WORKDIR>./coll</WORKDIR>
<STATUS>pass</STATUS>
</MPITEST>
<MPITEST>
<NAME>opmin</NAME>
<NP>4</NP>
<WORKDIR>./coll</WORKDIR>
<STATUS>pass</STATUS>
</MPITEST>
<MPITEST>
<NAME>opminloc</NAME>
<NP>4</NP>
<WORKDIR>./coll</WORKDIR>
<STATUS>pass</STATUS>
</MPITEST>
<MPITEST>
<NAME>opmax</NAME>
<NP>5</NP>
<WORKDIR>./coll</WORKDIR>
<STATUS>pass</STATUS>
</MPITEST>
<MPITEST>
<NAME>opmaxloc</NAME>
<NP>5</NP>
<WORKDIR>./coll</WORKDIR>
<STATUS>pass</STATUS>
</MPITEST>
<MPITEST>
<NAME>uoplong</NAME>
<NP>4</NP>
<WORKDIR>./coll</WORKDIR>
<STATUS>pass</STATUS>
</MPITEST>
<MPITEST>
<NAME>uoplong</NAME>
<NP>11</NP>
<WORKDIR>./coll</WORKDIR>
<STATUS>pass</STATUS>
</MPITEST>
<MPITEST>
<NAME>uoplong</NAME>
<NP>16</NP>
<WORKDIR>./coll</WORKDIR>
<STATUS>pass</STATUS>
</MPITEST>
<MPITEST>
<NAME>nonblocking</NAME>
<NP>4</NP>
<WORKDIR>./coll</WORKDIR>
<STATUS>pass</STATUS>
</MPITEST>
<MPITEST>
<NAME>nonblocking</NAME>
<NP>5</NP>
<WORKDIR>./coll</WORKDIR>
<STATUS>pass</STATUS>
</MPITEST>
<MPITEST>
<NAME>nonblocking</NAME>
<NP>10</NP>
<WORKDIR>./coll</WORKDIR>
<STATUS>pass</STATUS>
</MPITEST>
<MPITEST>
<NAME>nonblocking2</NAME>
<NP>1</NP>
<WORKDIR>./coll</WORKDIR>
<STATUS>pass</STATUS>
</MPITEST>
<MPITEST>
<NAME>nonblocking2</NAME>
<NP>4</NP>
<WORKDIR>./coll</WORKDIR>
<STATUS>pass</STATUS>
</MPITEST>
<MPITEST>
<NAME>nonblocking2</NAME>
<NP>5</NP>
<WORKDIR>./coll</WORKDIR>
<STATUS>pass</STATUS>
</MPITEST>
<MPITEST>
<NAME>nonblocking2</NAME>
<NP>10</NP>
<WORKDIR>./coll</WORKDIR>
<STATUS>pass</STATUS>
</MPITEST>
<MPITEST>
<NAME>nonblocking3</NAME>
<NP>1</NP>
<WORKDIR>./coll</WORKDIR>
<STATUS>pass</STATUS>
</MPITEST>
<MPITEST>
<NAME>nonblocking3</NAME>
<NP>4</NP>
<WORKDIR>./coll</WORKDIR>
<STATUS>pass</STATUS>
</MPITEST>
<MPITEST>
<NAME>nonblocking3</NAME>
<NP>5</NP>
<WORKDIR>./coll</WORKDIR>
<STATUS>pass</STATUS>
</MPITEST>
<MPITEST>
<NAME>nonblocking3</NAME>
<NP>10</NP>
<WORKDIR>./coll</WORKDIR>
<STATUS>pass</STATUS>
</MPITEST>
<MPITEST>
<NAME>iallred</NAME>
<NP>2</NP>
<WORKDIR>./coll</WORKDIR>
<STATUS>pass</STATUS>
</MPITEST>
<MPITEST>
<NAME>ibarrier</NAME>
<NP>2</NP>
<WORKDIR>./coll</WORKDIR>
<STATUS>pass</STATUS>
</MPITEST>
<MPITEST>
<NAME>nballtoall1</NAME>
<NP>8</NP>
<WORKDIR>./coll</WORKDIR>
<STATUS>pass</STATUS>
</MPITEST>
<MPITEST>
<NAME>nbcoll2</NAME>
<NP>5</NP>
<WORKDIR>./coll</WORKDIR>
<STATUS>pass</STATUS>
</MPITEST>
<MPITEST>
<NAME>nbredscat</NAME>
<NP>4</NP>
<WORKDIR>./coll</WORKDIR>
<STATUS>pass</STATUS>
</MPITEST>
<MPITEST>
<NAME>nbredscat</NAME>
<NP>8</NP>
<WORKDIR>./coll</WORKDIR>
<STATUS>pass</STATUS>
</MPITEST>
<MPITEST>
<NAME>nbredscat3</NAME>
<NP>8</NP>
<WORKDIR>./coll</WORKDIR>
<STATUS>pass</STATUS>
</MPITEST>
<MPITEST>
<NAME>nbredscatinter</NAME>
<NP>8</NP>
<WORKDIR>./coll</WORKDIR>
<STATUS>pass</STATUS>
</MPITEST>
<MPITEST>
<NAME>dup</NAME>
<NP>2</NP>
<WORKDIR>./comm</WORKDIR>
<STATUS>pass</STATUS>
</MPITEST>
<MPITEST>
<NAME>dupic</NAME>
<NP>4</NP>
<WORKDIR>./comm</WORKDIR>
<STATUS>pass</STATUS>
</MPITEST>
<MPITEST>
<NAME>commcreate1</NAME>
<NP>8</NP>
<WORKDIR>./comm</WORKDIR>
<STATUS>pass</STATUS>
</MPITEST>
<MPITEST>
<NAME>commname</NAME>
<NP>4</NP>
<WORKDIR>./comm</WORKDIR>
<STATUS>pass</STATUS>
</MPITEST>
<MPITEST>
<NAME>ic1</NAME>
<NP>4</NP>
<WORKDIR>./comm</WORKDIR>
<STATUS>pass</STATUS>
</MPITEST>
<MPITEST>
<NAME>ic2</NAME>
<NP>33</NP>
<WORKDIR>./comm</WORKDIR>
<STATUS>pass</STATUS>
</MPITEST>
<MPITEST>
<NAME>icgroup</NAME>
<NP>8</NP>
<WORKDIR>./comm</WORKDIR>
<STATUS>pass</STATUS>
</MPITEST>
<MPITEST>
<NAME>icm</NAME>
<NP>8</NP>
<WORKDIR>./comm</WORKDIR>
<STATUS>pass</STATUS>
</MPITEST>
<MPITEST>
<NAME>icsplit</NAME>
<NP>8</NP>
<WORKDIR>./comm</WORKDIR>
<STATUS>pass</STATUS>
</MPITEST>
<MPITEST>
<NAME>iccreate</NAME>
<NP>8</NP>
<WORKDIR>./comm</WORKDIR>
<STATUS>pass</STATUS>
</MPITEST>
<MPITEST>
<NAME>ctxalloc</NAME>
<NP>2</NP>
<WORKDIR>./comm</WORKDIR>
<STATUS>pass</STATUS>
</MPITEST>
<MPITEST>
<NAME>ctxsplit</NAME>
<NP>4</NP>
<WORKDIR>./comm</WORKDIR>
<STATUS>pass</STATUS>
</MPITEST>
<MPITEST>
<NAME>cmfree</NAME>
<NP>4</NP>
<WORKDIR>./comm</WORKDIR>
<STATUS>pass</STATUS>
</MPITEST>
<MPITEST>
<NAME>cmsplit</NAME>
<NP>4</NP>
<WORKDIR>./comm</WORKDIR>
<STATUS>pass</STATUS>
</MPITEST>
<MPITEST>
<NAME>cmsplit2</NAME>
<NP>12</NP>
<WORKDIR>./comm</WORKDIR>
<STATUS>pass</STATUS>
</MPITEST>
<MPITEST>
<NAME>probe-intercomm</NAME>
<NP>2</NP>
<WORKDIR>./comm</WORKDIR>
<STATUS>pass</STATUS>
</MPITEST>
<MPITEST>
<NAME>cmsplit_type</NAME>
<NP>4</NP>
<WORKDIR>./comm</WORKDIR>
<STATUS>pass</STATUS>
</MPITEST>
<MPITEST>
<NAME>comm_create_group</NAME>
<NP>4</NP>
<WORKDIR>./comm</WORKDIR>
<STATUS>pass</STATUS>
</MPITEST>
<MPITEST>
<NAME>comm_create_group</NAME>
<NP>8</NP>
<WORKDIR>./comm</WORKDIR>
<STATUS>pass</STATUS>
</MPITEST>
<MPITEST>
<NAME>comm_group_half</NAME>
<NP>2</NP>
<WORKDIR>./comm</WORKDIR>
<STATUS>pass</STATUS>
</MPITEST>
<MPITEST>
<NAME>comm_group_half</NAME>
<NP>4</NP>
<WORKDIR>./comm</WORKDIR>
<STATUS>pass</STATUS>
</MPITEST>
<MPITEST>
<NAME>comm_group_half</NAME>
<NP>8</NP>
<WORKDIR>./comm</WORKDIR>
<STATUS>pass</STATUS>
</MPITEST>
<MPITEST>
<NAME>comm_group_rand</NAME>
<NP>2</NP>
<WORKDIR>./comm</WORKDIR>
<STATUS>pass</STATUS>
</MPITEST>
<MPITEST>
<NAME>comm_group_rand</NAME>
<NP>4</NP>
<WORKDIR>./comm</WORKDIR>
<STATUS>pass</STATUS>
</MPITEST>
<MPITEST>
<NAME>comm_group_rand</NAME>
<NP>8</NP>
<WORKDIR>./comm</WORKDIR>
<STATUS>pass</STATUS>
</MPITEST>
<MPITEST>
<NAME>comm_idup</NAME>
<NP>2</NP>
<WORKDIR>./comm</WORKDIR>
<STATUS>pass</STATUS>
</MPITEST>
<MPITEST>
<NAME>comm_idup</NAME>
<NP>4</NP>
<WORKDIR>./comm</WORKDIR>
<STATUS>pass</STATUS>
</MPITEST>
<MPITEST>
<NAME>comm_idup</NAME>
<NP>9</NP>
<WORKDIR>./comm</WORKDIR>
<STATUS>pass</STATUS>
</MPITEST>
<MPITEST>
<NAME>dup_with_info</NAME>
<NP>2</NP>
<WORKDIR>./comm</WORKDIR>
<STATUS>pass</STATUS>
</MPITEST>
<MPITEST>
<NAME>dup_with_info</NAME>
<NP>4</NP>
<WORKDIR>./comm</WORKDIR>
<STATUS>pass</STATUS>
</MPITEST>
<MPITEST>
<NAME>dup_with_info</NAME>
<NP>9</NP>
<WORKDIR>./comm</WORKDIR>
<STATUS>pass</STATUS>
</MPITEST>
<MPITEST>
<NAME>comm_info</NAME>
<NP>6</NP>
<WORKDIR>./comm</WORKDIR>
<STATUS>pass</STATUS>
</MPITEST>
<MPITEST>
<NAME>contents</NAME>
<NP>1</NP>
<WORKDIR>./datatype</WORKDIR>
<STATUS>pass</STATUS>
</MPITEST>
<MPITEST>
<NAME>gaddress</NAME>
<NP>1</NP>
<WORKDIR>./datatype</WORKDIR>
<STATUS>pass</STATUS>
</MPITEST>
<MPITEST>
<NAME>lbub</NAME>
<NP>1</NP>
<WORKDIR>./datatype</WORKDIR>
<STATUS>pass</STATUS>
</MPITEST>
<MPITEST>
<NAME>localpack</NAME>
<NP>1</NP>
<WORKDIR>./datatype</WORKDIR>
<STATUS>pass</STATUS>
</MPITEST>
<MPITEST>
<NAME>simple-pack</NAME>
<NP>1</NP>
<WORKDIR>./datatype</WORKDIR>
<STATUS>pass</STATUS>
</MPITEST>
<MPITEST>
<NAME>simple-pack-external</NAME>
<NP>1</NP>
<WORKDIR>./datatype</WORKDIR>
<STATUS>pass</STATUS>
</MPITEST>
<MPITEST>
<NAME>transpose-pack</NAME>
<NP>1</NP>
<WORKDIR>./datatype</WORKDIR>
<STATUS>pass</STATUS>
</MPITEST>
<MPITEST>
<NAME>slice-pack</NAME>
<NP>1</NP>
<WORKDIR>./datatype</WORKDIR>
<STATUS>pass</STATUS>
</MPITEST>
<MPITEST>
<NAME>struct-pack</NAME>
<NP>1</NP>
<WORKDIR>./datatype</WORKDIR>
<STATUS>pass</STATUS>
</MPITEST>
<MPITEST>
<NAME>typecommit</NAME>
<NP>1</NP>
<WORKDIR>./datatype</WORKDIR>
<STATUS>pass</STATUS>
</MPITEST>
<MPITEST>
<NAME>typename</NAME>
<NP>1</NP>
<WORKDIR>./datatype</WORKDIR>
<STATUS>pass</STATUS>
</MPITEST>
<MPITEST>
<NAME>typefree</NAME>
<NP>1</NP>
<WORKDIR>./datatype</WORKDIR>
<STATUS>pass</STATUS>
</MPITEST>
<MPITEST>
<NAME>zeroparms</NAME>
<NP>1</NP>
<WORKDIR>./datatype</WORKDIR>
<STATUS>pass</STATUS>
</MPITEST>
<MPITEST>
<NAME>getpartelm</NAME>
<NP>2</NP>
<WORKDIR>./datatype</WORKDIR>
<STATUS>pass</STATUS>
</MPITEST>
<MPITEST>
<NAME>tresized</NAME>
<NP>2</NP>
<WORKDIR>./datatype</WORKDIR>
<STATUS>pass</STATUS>
</MPITEST>
<MPITEST>
<NAME>tresized2</NAME>
<NP>2</NP>
<WORKDIR>./datatype</WORKDIR>
<STATUS>pass</STATUS>
</MPITEST>
<MPITEST>
<NAME>tmatchsize</NAME>
<NP>1</NP>
<WORKDIR>./datatype</WORKDIR>
<STATUS>pass</STATUS>
</MPITEST>
<MPITEST>
<NAME>tfree</NAME>
<NP>2</NP>
<WORKDIR>./datatype</WORKDIR>
<STATUS>pass</STATUS>
</MPITEST>
<MPITEST>
<NAME>typelb</NAME>
<NP>1</NP>
<WORKDIR>./datatype</WORKDIR>
<STATUS>pass</STATUS>
</MPITEST>
<MPITEST>
<NAME>contigstruct</NAME>
<NP>1</NP>
<WORKDIR>./datatype</WORKDIR>
<STATUS>pass</STATUS>
</MPITEST>
<MPITEST>
<NAME>struct-zero-count</NAME>
<NP>1</NP>
<WORKDIR>./datatype</WORKDIR>
<STATUS>pass</STATUS>
</MPITEST>
<MPITEST>
<NAME>blockindexed-zero-count</NAME>
<NP>1</NP>
<WORKDIR>./datatype</WORKDIR>
<STATUS>pass</STATUS>
</MPITEST>
<MPITEST>
<NAME>blockindexed-misc</NAME>
<NP>1</NP>
<WORKDIR>./datatype</WORKDIR>
<STATUS>pass</STATUS>
</MPITEST>
<MPITEST>
<NAME>indexed-misc</NAME>
<NP>1</NP>
<WORKDIR>./datatype</WORKDIR>
<STATUS>pass</STATUS>
</MPITEST>
<MPITEST>
<NAME>subarray-pack</NAME>
<NP>1</NP>
<WORKDIR>./datatype</WORKDIR>
<STATUS>pass</STATUS>
</MPITEST>
<MPITEST>
<NAME>subarray</NAME>
<NP>2</NP>
<WORKDIR>./datatype</WORKDIR>
<STATUS>pass</STATUS>
</MPITEST>
<MPITEST>
<NAME>darray-pack</NAME>
<NP>1</NP>
<WORKDIR>./datatype</WORKDIR>
<STATUS>pass</STATUS>
</MPITEST>
<MPITEST>
<NAME>darray-pack</NAME>
<NP>9</NP>
<WORKDIR>./datatype</WORKDIR>
<STATUS>pass</STATUS>
</MPITEST>
<MPITEST>
<NAME>darray-cyclic</NAME>
<NP>12</NP>
<WORKDIR>./datatype</WORKDIR>
<STATUS>pass</STATUS>
</MPITEST>
<MPITEST>
<NAME>pairtype-size-extent</NAME>
<NP>1</NP>
<WORKDIR>./datatype</WORKDIR>
<STATUS>pass</STATUS>
</MPITEST>
<MPITEST>
<NAME>simple-commit</NAME>
<NP>1</NP>
<WORKDIR>./datatype</WORKDIR>
<STATUS>pass</STATUS>
</MPITEST>
<MPITEST>
<NAME>simple-size-extent</NAME>
<NP>1</NP>
<WORKDIR>./datatype</WORKDIR>
<STATUS>pass</STATUS>
</MPITEST>
<MPITEST>
<NAME>struct-no-real-types</NAME>
<NP>1</NP>
<WORKDIR>./datatype</WORKDIR>
<STATUS>pass</STATUS>
</MPITEST>
<MPITEST>
<NAME>struct-empty-el</NAME>
<NP>1</NP>
<WORKDIR>./datatype</WORKDIR>
<STATUS>pass</STATUS>
</MPITEST>
<MPITEST>
<NAME>contig-zero-count</NAME>
<NP>1</NP>
<WORKDIR>./datatype</WORKDIR>
<STATUS>pass</STATUS>
</MPITEST>
<MPITEST>
<NAME>simple-resized</NAME>
<NP>1</NP>
<WORKDIR>./datatype</WORKDIR>
<STATUS>pass</STATUS>
</MPITEST>
<MPITEST>
<NAME>unusual-noncontigs</NAME>
<NP>1</NP>
<WORKDIR>./datatype</WORKDIR>
<STATUS>pass</STATUS>
</MPITEST>
<MPITEST>
<NAME>hindexed-zeros</NAME>
<NP>1</NP>
<WORKDIR>./datatype</WORKDIR>
<STATUS>pass</STATUS>
</MPITEST>
<MPITEST>
<NAME>lots-of-types</NAME>
<NP>1</NP>
<WORKDIR>./datatype</WORKDIR>
<STATUS>pass</STATUS>
</MPITEST>
<MPITEST>
<NAME>get-elements-pairtype</NAME>
<NP>1</NP>
<WORKDIR>./datatype</WORKDIR>
<STATUS>pass</STATUS>
</MPITEST>
<MPITEST>
<NAME>unpack</NAME>
<NP>1</NP>
<WORKDIR>./datatype</WORKDIR>
<STATUS>pass</STATUS>
</MPITEST>
<MPITEST>
<NAME>struct-ezhov</NAME>
<NP>1</NP>
<WORKDIR>./datatype</WORKDIR>
<STATUS>pass</STATUS>
</MPITEST>
<MPITEST>
<NAME>zeroblks</NAME>
<NP>1</NP>
<WORKDIR>./datatype</WORKDIR>
<STATUS>pass</STATUS>
</MPITEST>
<MPITEST>
<NAME>struct-derived-zeros</NAME>
<NP>1</NP>
<WORKDIR>./datatype</WORKDIR>
<STATUS>pass</STATUS>
</MPITEST>
<MPITEST>
<NAME>struct-verydeep</NAME>
<NP>1</NP>
<WORKDIR>./datatype</WORKDIR>
<STATUS>pass</STATUS>
</MPITEST>
<MPITEST>
<NAME>get-elements</NAME>
<NP>1</NP>
<WORKDIR>./datatype</WORKDIR>
<STATUS>pass</STATUS>
</MPITEST>
<MPITEST>
<NAME>hindexed_block</NAME>
<NP>1</NP>
<WORKDIR>./datatype</WORKDIR>
<STATUS>pass</STATUS>
</MPITEST>
<MPITEST>
<NAME>hindexed_block_contents</NAME>
<NP>1</NP>
<WORKDIR>./datatype</WORKDIR>
<STATUS>pass</STATUS>
</MPITEST>
<MPITEST>
<NAME>longdouble</NAME>
<NP>1</NP>
<WORKDIR>./datatype</WORKDIR>
<STATUS>pass</STATUS>
</MPITEST>
<MPITEST>
<NAME>cxx-types</NAME>
<NP>1</NP>
<WORKDIR>./datatype</WORKDIR>
<STATUS>pass</STATUS>
</MPITEST>
<MPITEST>
<NAME>adderr</NAME>
<NP>1</NP>
<WORKDIR>./errhan</WORKDIR>
<STATUS>pass</STATUS>
</MPITEST>
<MPITEST>
<NAME>commcall</NAME>
<NP>2</NP>
<WORKDIR>./errhan</WORKDIR>
<STATUS>pass</STATUS>
</MPITEST>
<MPITEST>
<NAME>errfatal</NAME>
<NP>1</NP>
<WORKDIR>./errhan</WORKDIR>
<STATUS>pass</STATUS>
</MPITEST>
<MPITEST>
<NAME>predef_eh</NAME>
<NP>1</NP>
<WORKDIR>./errhan</WORKDIR>
<STATUS>pass</STATUS>
</MPITEST>
<MPITEST>
<NAME>predef_eh</NAME>
<NP>2</NP>
<WORKDIR>./errhan</WORKDIR>
<STATUS>pass</STATUS>
</MPITEST>
<MPITEST>
<NAME>groupcreate</NAME>
<NP>4</NP>
<WORKDIR>./group</WORKDIR>
<STATUS>pass</STATUS>
</MPITEST>
<MPITEST>
<NAME>grouptest</NAME>
<NP>8</NP>
<WORKDIR>./group</WORKDIR>
<STATUS>pass</STATUS>
</MPITEST>
<MPITEST>
<NAME>grouptest2</NAME>
<NP>4</NP>
<WORKDIR>./group</WORKDIR>
<STATUS>pass</STATUS>
</MPITEST>
<MPITEST>
<NAME>groupnullincl</NAME>
<NP>4</NP>
<WORKDIR>./group</WORKDIR>
<STATUS>pass</STATUS>
</MPITEST>
<MPITEST>
<NAME>gtranks</NAME>
<NP>8</NP>
<WORKDIR>./group</WORKDIR>
<STATUS>pass</STATUS>
</MPITEST>
<MPITEST>
<NAME>gtranksperf</NAME>
<NP>20</NP>
<WORKDIR>./group</WORKDIR>
<STATUS>pass</STATUS>
</MPITEST>
<MPITEST>
<NAME>infodup</NAME>
<NP>1</NP>
<WORKDIR>./info</WORKDIR>
<STATUS>pass</STATUS>
</MPITEST>
<MPITEST>
<NAME>infodel</NAME>
<NP>1</NP>
<WORKDIR>./info</WORKDIR>
<STATUS>pass</STATUS>
</MPITEST>
<MPITEST>
<NAME>infovallen</NAME>
<NP>1</NP>
<WORKDIR>./info</WORKDIR>
<STATUS>pass</STATUS>
</MPITEST>
<MPITEST>
<NAME>infoorder</NAME>
<NP>1</NP>
<WORKDIR>./info</WORKDIR>
<STATUS>pass</STATUS>
</MPITEST>
<MPITEST>
<NAME>infomany</NAME>
<NP>1</NP>
<WORKDIR>./info</WORKDIR>
<STATUS>pass</STATUS>
</MPITEST>
<MPITEST>
<NAME>infomany2</NAME>
<NP>1</NP>
<WORKDIR>./info</WORKDIR>
<STATUS>pass</STATUS>
</MPITEST>
<MPITEST>
<NAME>infotest</NAME>
<NP>1</NP>
<WORKDIR>./info</WORKDIR>
<STATUS>pass</STATUS>
</MPITEST>
<MPITEST>
<NAME>infoenv</NAME>
<NP>1</NP>
<WORKDIR>./info</WORKDIR>
<STATUS>pass</STATUS>
</MPITEST>
<MPITEST>
<NAME>exitst1</NAME>
<NP>2</NP>
<WORKDIR>./init</WORKDIR>
<STATUS>pass</STATUS>
</MPITEST>
<MPITEST>
<NAME>exitst2</NAME>
<NP>4</NP>
<WORKDIR>./init</WORKDIR>
<STATUS>pass</STATUS>
</MPITEST>
<MPITEST>
<NAME>initstat</NAME>
<NP>1</NP>
<WORKDIR>./init</WORKDIR>
<STATUS>pass</STATUS>
</MPITEST>
<MPITEST>
<NAME>timeout</NAME>
<NP>2</NP>
<WORKDIR>./init</WORKDIR>
<STATUS>pass</STATUS>
</MPITEST>
<MPITEST>
<NAME>version</NAME>
<NP>1</NP>
<WORKDIR>./init</WORKDIR>
<STATUS>pass</STATUS>
</MPITEST>
<MPITEST>
<NAME>finalized</NAME>
<NP>1</NP>
<WORKDIR>./init</WORKDIR>
<STATUS>pass</STATUS>
</MPITEST>
<MPITEST>
<NAME>attrself</NAME>
<NP>1</NP>
<WORKDIR>./init</WORKDIR>
<STATUS>pass</STATUS>
</MPITEST>
<MPITEST>
<NAME>library_version</NAME>
<NP>1</NP>
<WORKDIR>./init</WORKDIR>
<STATUS>pass</STATUS>
</MPITEST>
<MPITEST>
<NAME>mpi_t_str</NAME>
<NP>1</NP>
<WORKDIR>./mpi_t</WORKDIR>
<STATUS>pass</STATUS>
</MPITEST>
<MPITEST>
<NAME>sendrecv1</NAME>
<NP>4</NP>
<WORKDIR>./pt2pt</WORKDIR>
<STATUS>pass</STATUS>
</MPITEST>
<MPITEST>
<NAME>sendrecv2</NAME>
<NP>2</NP>
<WORKDIR>./pt2pt</WORKDIR>
<STATUS>pass</STATUS>
</MPITEST>
<MPITEST>
<NAME>sendrecv3</NAME>
<NP>2</NP>
<WORKDIR>./pt2pt</WORKDIR>
<STATUS>pass</STATUS>
</MPITEST>
<MPITEST>
<NAME>sendflood</NAME>
<NP>8</NP>
<WORKDIR>./pt2pt</WORKDIR>
<STATUS>pass</STATUS>
</MPITEST>
<MPITEST>
<NAME>sendself</NAME>
<NP>1</NP>
<WORKDIR>./pt2pt</WORKDIR>
<STATUS>pass</STATUS>
</MPITEST>
<MPITEST>
<NAME>sendall</NAME>
<NP>4</NP>
<WORKDIR>./pt2pt</WORKDIR>
<STATUS>pass</STATUS>
</MPITEST>
<MPITEST>
<NAME>anyall</NAME>
<NP>2</NP>
<WORKDIR>./pt2pt</WORKDIR>
<STATUS>pass</STATUS>
</MPITEST>
<MPITEST>
<NAME>eagerdt</NAME>
<NP>2</NP>
<WORKDIR>./pt2pt</WORKDIR>
<STATUS>pass</STATUS>
</MPITEST>
<MPITEST>
<NAME>pingping</NAME>
<NP>2</NP>
<WORKDIR>./pt2pt</WORKDIR>
<STATUS>pass</STATUS>
</MPITEST>
<MPITEST>
<NAME>bottom</NAME>
<NP>2</NP>
<WORKDIR>./pt2pt</WORKDIR>
<STATUS>pass</STATUS>
</MPITEST>
<MPITEST>
<NAME>bsend1</NAME>
<NP>1</NP>
<WORKDIR>./pt2pt</WORKDIR>
<STATUS>pass</STATUS>
</MPITEST>
<MPITEST>
<NAME>bsend2</NAME>
<NP>1</NP>
<WORKDIR>./pt2pt</WORKDIR>
<STATUS>pass</STATUS>
</MPITEST>
<MPITEST>
<NAME>bsend3</NAME>
<NP>1</NP>
<WORKDIR>./pt2pt</WORKDIR>
<STATUS>pass</STATUS>
</MPITEST>
<MPITEST>
<NAME>bsend4</NAME>
<NP>1</NP>
<WORKDIR>./pt2pt</WORKDIR>
<STATUS>pass</STATUS>
</MPITEST>
<MPITEST>
<NAME>bsend5</NAME>
<NP>4</NP>
<WORKDIR>./pt2pt</WORKDIR>
<STATUS>pass</STATUS>
</MPITEST>
<MPITEST>
<NAME>bsendalign</NAME>
<NP>2</NP>
<WORKDIR>./pt2pt</WORKDIR>
<STATUS>pass</STATUS>
</MPITEST>
<MPITEST>
<NAME>bsendpending</NAME>
<NP>2</NP>
<WORKDIR>./pt2pt</WORKDIR>
<STATUS>pass</STATUS>
</MPITEST>
<MPITEST>
<NAME>isendself</NAME>
<NP>1</NP>
<WORKDIR>./pt2pt</WORKDIR>
<STATUS>pass</STATUS>
</MPITEST>
<MPITEST>
<NAME>bsendfrag</NAME>
<NP>2</NP>
<WORKDIR>./pt2pt</WORKDIR>
<STATUS>pass</STATUS>
</MPITEST>
<MPITEST>
<NAME>icsend</NAME>
<NP>4</NP>
<WORKDIR>./pt2pt</WORKDIR>
<STATUS>pass</STATUS>
</MPITEST>
<MPITEST>
<NAME>rqstatus</NAME>
<NP>2</NP>
<WORKDIR>./pt2pt</WORKDIR>
<STATUS>pass</STATUS>
</MPITEST>
<MPITEST>
<NAME>rqfreeb</NAME>
<NP>4</NP>
<WORKDIR>./pt2pt</WORKDIR>
<STATUS>pass</STATUS>
</MPITEST>
<MPITEST>
<NAME>greq1</NAME>
<NP>1</NP>
<WORKDIR>./pt2pt</WORKDIR>
<STATUS>pass</STATUS>
</MPITEST>
<MPITEST>
<NAME>probe-unexp</NAME>
<NP>4</NP>
<WORKDIR>./pt2pt</WORKDIR>
<STATUS>pass</STATUS>
</MPITEST>
<MPITEST>
<NAME>probenull</NAME>
<NP>1</NP>
<WORKDIR>./pt2pt</WORKDIR>
<STATUS>pass</STATUS>
</MPITEST>
<MPITEST>
<NAME>scancel</NAME>
<NP>2</NP>
<WORKDIR>./pt2pt</WORKDIR>
<STATUS>fail</STATUS>
<TESTDIFF>
Failed to cancel an Isend request
Failed to cancel an Ibsend request
Failed to cancel an Isend request
Failed to cancel an Ibsend request
Failed to cancel an Isend request
Failed to cancel an Ibsend request
Failed to cancel an Isend request
Failed to cancel an Ibsend request
 Found 8 errors
</TESTDIFF>
</MPITEST>
<MPITEST>
<NAME>scancel2</NAME>
<NP>2</NP>
<WORKDIR>./pt2pt</WORKDIR>
<STATUS>pass</STATUS>
</MPITEST>
<MPITEST>
<NAME>pscancel</NAME>
<NP>2</NP>
<WORKDIR>./pt2pt</WORKDIR>
<STATUS>fail</STATUS>
<TESTDIFF>
Failed to cancel a persistent send request
Failed to cancel a persistent bsend request
Failed to cancel a persistent send request
Failed to cancel a persistent bsend request
Failed to cancel a persistent send request
Failed to cancel a persistent bsend request
Failed to cancel a persistent send request
Failed to cancel a persistent bsend request
 Found 8 errors
</TESTDIFF>
</MPITEST>
<MPITEST>
<NAME>rcancel</NAME>
<NP>2</NP>
<WORKDIR>./pt2pt</WORKDIR>
<STATUS>pass</STATUS>
</MPITEST>
<MPITEST>
<NAME>cancelrecv</NAME>
<NP>2</NP>
<WORKDIR>./pt2pt</WORKDIR>
<STATUS>pass</STATUS>
</MPITEST>
<MPITEST>
<NAME>isendselfprobe</NAME>
<NP>1</NP>
<WORKDIR>./pt2pt</WORKDIR>
<STATUS>pass</STATUS>
</MPITEST>
<MPITEST>
<NAME>inactivereq</NAME>
<NP>1</NP>
<WORKDIR>./pt2pt</WORKDIR>
<STATUS>pass</STATUS>
</MPITEST>
<MPITEST>
<NAME>waittestnull</NAME>
<NP>1</NP>
<WORKDIR>./pt2pt</WORKDIR>
<STATUS>pass</STATUS>
</MPITEST>
<MPITEST>
<NAME>waitany-null</NAME>
<NP>1</NP>
<WORKDIR>./pt2pt</WORKDIR>
<STATUS>pass</STATUS>
</MPITEST>
<MPITEST>
<NAME>mprobe</NAME>
<NP>2</NP>
<WORKDIR>./pt2pt</WORKDIR>
<STATUS>pass</STATUS>
</MPITEST>
<MPITEST>
<NAME>winname</NAME>
<NP>2</NP>
<WORKDIR>./rma</WORKDIR>
<STATUS>pass</STATUS>
</MPITEST>
<MPITEST>
<NAME>allocmem</NAME>
<NP>2</NP>
<WORKDIR>./rma</WORKDIR>
<STATUS>pass</STATUS>
</MPITEST>
<MPITEST>
<NAME>putfence1</NAME>
<NP>4</NP>
<WORKDIR>./rma</WORKDIR>
<STATUS>pass</STATUS>
</MPITEST>
<MPITEST>
<NAME>putfidx</NAME>
<NP>4</NP>
<WORKDIR>./rma</WORKDIR>
<STATUS>pass</STATUS>
</MPITEST>
<MPITEST>
<NAME>getfence1</NAME>
<NP>4</NP>
<WORKDIR>./rma</WORKDIR>
<STATUS>pass</STATUS>
</MPITEST>
<MPITEST>
<NAME>accfence1</NAME>
<NP>4</NP>
<WORKDIR>./rma</WORKDIR>
<STATUS>pass</STATUS>
</MPITEST>
<MPITEST>
<NAME>adlb_mimic1</NAME>
<NP>3</NP>
<WORKDIR>./rma</WORKDIR>
<STATUS>fail</STATUS>
<TESTDIFF>
</TESTDIFF>
</MPITEST>
<MPITEST>
<NAME>accfence2</NAME>
<NP>4</NP>
<WORKDIR>./rma</WORKDIR>
<STATUS>pass</STATUS>
</MPITEST>
<MPITEST>
<NAME>putpscw1</NAME>
<NP>4</NP>
<WORKDIR>./rma</WORKDIR>
<STATUS>pass</STATUS>
</MPITEST>
<MPITEST>
<NAME>accpscw1</NAME>
<NP>4</NP>
<WORKDIR>./rma</WORKDIR>
<STATUS>pass</STATUS>
</MPITEST>
<MPITEST>
<NAME>getgroup</NAME>
<NP>4</NP>
<WORKDIR>./rma</WORKDIR>
<STATUS>pass</STATUS>
</MPITEST>
<MPITEST>
<NAME>transpose1</NAME>
<NP>2</NP>
<WORKDIR>./rma</WORKDIR>
<STATUS>pass</STATUS>
</MPITEST>
<MPITEST>
<NAME>transpose2</NAME>
<NP>2</NP>
<WORKDIR>./rma</WORKDIR>
<STATUS>pass</STATUS>
</MPITEST>
<MPITEST>
<NAME>transpose3</NAME>
<NP>2</NP>
<WORKDIR>./rma</WORKDIR>
<STATUS>pass</STATUS>
</MPITEST>
<MPITEST>
<NAME>transpose5</NAME>
<NP>2</NP>
<WORKDIR>./rma</WORKDIR>
<STATUS>pass</STATUS>
</MPITEST>
<MPITEST>
<NAME>transpose6</NAME>
<NP>1</NP>
<WORKDIR>./rma</WORKDIR>
<STATUS>pass</STATUS>
</MPITEST>
<MPITEST>
<NAME>transpose7</NAME>
<NP>2</NP>
<WORKDIR>./rma</WORKDIR>
<STATUS>pass</STATUS>
</MPITEST>
<MPITEST>
<NAME>test1</NAME>
<NP>2</NP>
<WORKDIR>./rma</WORKDIR>
<STATUS>pass</STATUS>
</MPITEST>
<MPITEST>
<NAME>test2</NAME>
<NP>2</NP>
<WORKDIR>./rma</WORKDIR>
<STATUS>pass</STATUS>
</MPITEST>
<MPITEST>
<NAME>test3</NAME>
<NP>2</NP>
<WORKDIR>./rma</WORKDIR>
<STATUS>pass</STATUS>
</MPITEST>
<MPITEST>
<NAME>test4</NAME>
<NP>2</NP>
<WORKDIR>./rma</WORKDIR>
<STATUS>pass</STATUS>
</MPITEST>
<MPITEST>
<NAME>test5</NAME>
<NP>2</NP>
<WORKDIR>./rma</WORKDIR>
<STATUS>pass</STATUS>
</MPITEST>
<MPITEST>
<NAME>lockcontention</NAME>
<NP>3</NP>
<WORKDIR>./rma</WORKDIR>
<STATUS>pass</STATUS>
</MPITEST>
<MPITEST>
<NAME>lockcontention2</NAME>
<NP>4</NP>
<WORKDIR>./rma</WORKDIR>
<STATUS>fail</STATUS>
<TESTDIFF>
</TESTDIFF>
</MPITEST>
<MPITEST>
<NAME>lockcontention2</NAME>
<NP>8</NP>
<WORKDIR>./rma</WORKDIR>
<STATUS>fail</STATUS>
<TESTDIFF>
</TESTDIFF>
</MPITEST>
<MPITEST>
<NAME>lockcontention3</NAME>
<NP>8</NP>
<WORKDIR>./rma</WORKDIR>
<STATUS>pass</STATUS>
</MPITEST>
<MPITEST>
<NAME>lockopts</NAME>
<NP>2</NP>
<WORKDIR>./rma</WORKDIR>
<STATUS>pass</STATUS>
</MPITEST>
<MPITEST>
<NAME>transpose4</NAME>
<NP>2</NP>
<WORKDIR>./rma</WORKDIR>
<STATUS>pass</STATUS>
</MPITEST>
<MPITEST>
<NAME>fetchandadd</NAME>
<NP>7</NP>
<WORKDIR>./rma</WORKDIR>
<STATUS>fail</STATUS>
<TESTDIFF>
</TESTDIFF>
</MPITEST>
<MPITEST>
<NAME>fetchandadd_tree</NAME>
<NP>7</NP>
<WORKDIR>./rma</WORKDIR>
<STATUS>fail</STATUS>
<TESTDIFF>
</TESTDIFF>
</MPITEST>
<MPITEST>
<NAME>wintest</NAME>
<NP>2</NP>
<WORKDIR>./rma</WORKDIR>
<STATUS>pass</STATUS>
</MPITEST>
<MPITEST>
<NAME>contig_displ</NAME>
<NP>1</NP>
<WORKDIR>./rma</WORKDIR>
<STATUS>pass</STATUS>
</MPITEST>
<MPITEST>
<NAME>test1_am</NAME>
<NP>2</NP>
<WORKDIR>./rma</WORKDIR>
<STATUS>pass</STATUS>
</MPITEST>
<MPITEST>
<NAME>test2_am</NAME>
<NP>2</NP>
<WORKDIR>./rma</WORKDIR>
<STATUS>pass</STATUS>
</MPITEST>
<MPITEST>
<NAME>test3_am</NAME>
<NP>2</NP>
<WORKDIR>./rma</WORKDIR>
<STATUS>pass</STATUS>
</MPITEST>
<MPITEST>
<NAME>test4_am</NAME>
<NP>2</NP>
<WORKDIR>./rma</WORKDIR>
<STATUS>pass</STATUS>
</MPITEST>
<MPITEST>
<NAME>test5_am</NAME>
<NP>2</NP>
<WORKDIR>./rma</WORKDIR>
<STATUS>pass</STATUS>
</MPITEST>
<MPITEST>
<NAME>fetchandadd_am</NAME>
<NP>7</NP>
<WORKDIR>./rma</WORKDIR>
<STATUS>fail</STATUS>
<TESTDIFF>
</TESTDIFF>
</MPITEST>
<MPITEST>
<NAME>fetchandadd_tree_am</NAME>
<NP>7</NP>
<WORKDIR>./rma</WORKDIR>
<STATUS>fail</STATUS>
<TESTDIFF>
</TESTDIFF>
</MPITEST>
<MPITEST>
<NAME>accfence2_am</NAME>
<NP>4</NP>
<WORKDIR>./rma</WORKDIR>
<STATUS>pass</STATUS>
</MPITEST>
<MPITEST>
<NAME>test1_dt</NAME>
<NP>2</NP>
<WORKDIR>./rma</WORKDIR>
<STATUS>pass</STATUS>
</MPITEST>
<MPITEST>
<NAME>nullpscw</NAME>
<NP>7</NP>
<WORKDIR>./rma</WORKDIR>
<STATUS>pass</STATUS>
</MPITEST>
<MPITEST>
<NAME>attrorderwin</NAME>
<NP>1</NP>
<WORKDIR>./rma</WORKDIR>
<STATUS>pass</STATUS>
</MPITEST>
<MPITEST>
<NAME>wincall</NAME>
<NP>2</NP>
<WORKDIR>./rma</WORKDIR>
<STATUS>pass</STATUS>
</MPITEST>
<MPITEST>
<NAME>baseattrwin</NAME>
<NP>1</NP>
<WORKDIR>./rma</WORKDIR>
<STATUS>pass</STATUS>
</MPITEST>
<MPITEST>
<NAME>fkeyvalwin</NAME>
<NP>1</NP>
<WORKDIR>./rma</WORKDIR>
<STATUS>pass</STATUS>
</MPITEST>
<MPITEST>
<NAME>selfrma</NAME>
<NP>1</NP>
<WORKDIR>./rma</WORKDIR>
<STATUS>pass</STATUS>
</MPITEST>
<MPITEST>
<NAME>mixedsync</NAME>
<NP>4</NP>
<WORKDIR>./rma</WORKDIR>
<STATUS>fail</STATUS>
<TESTDIFF>
</TESTDIFF>
</MPITEST>
<MPITEST>
<NAME>epochtest</NAME>
<NP>4</NP>
<WORKDIR>./rma</WORKDIR>
<STATUS>pass</STATUS>
</MPITEST>
<MPITEST>
<NAME>locknull</NAME>
<NP>2</NP>
<WORKDIR>./rma</WORKDIR>
<STATUS>pass</STATUS>
</MPITEST>
<MPITEST>
<NAME>rmanull</NAME>
<NP>2</NP>
<WORKDIR>./rma</WORKDIR>
<STATUS>fail</STATUS>
<TESTDIFF>
</TESTDIFF>
</MPITEST>
<MPITEST>
<NAME>rmazero</NAME>
<NP>2</NP>
<WORKDIR>./rma</WORKDIR>
<STATUS>fail</STATUS>
<TESTDIFF>
Warning: MPID_Get_accumulate() not implemented
Zero-byte op Get accumulate: Error class 44 (Unsupported file operation , error stack:
MPI_Get_accumulate(210): MPI_Get_accumulate(origin_addr=0x179cce0, origin_count=0, MPI_INT, result_addr=0x179c8d0, result_count=0, MPI_INT, target_rank=0, target_disp=0, target_count=0, MPI_INT, MPI_SUM, win=0xa0000000) failed
(unknown)(): Unsupported file operation )
Warning: MPID_Get_accumulate() not implemented
Zero-byte op Get accumulate: Error class 44 (Unsupported file operation , error stack:
MPI_Get_accumulate(210): MPI_Get_accumulate(origin_addr=0xebbce0, origin_count=0, MPI_INT, result_addr=0xebb8d0, result_count=0, MPI_INT, target_rank=0, target_disp=0, target_count=0, MPI_INT, MPI_SUM, win=0xa0000000) failed
(unknown)(): Unsupported file operation )
Zero-byte op Get accumulate: Error class 44 (Unsupported file operation , error stack:
MPI_Get_accumulate(210): MPI_Get_accumulate(origin_addr=0x179cce0, origin_count=0, MPI_INT, result_addr=0x179c8d0, result_count=0, MPI_INT, target_rank=0, target_disp=0, target_count=0, MPI_INT, MPI_SUM, win=0xa0000000) failed
(unknown)(): Unsupported file operation )
Zero-byte op Rput: Error class 44 (Unsupported file operation , error stack:
MPI_Rput(172): MPI_Rput(origin_addr=0x179cce0, origin_count=0, MPI_INT, target_rank=0, target_disp=0, target_count=0, MPI_INT, win=0xa0000000, request=0x7fff6278606c) failed
(unknown)(): Unsupported file operation )
Zero-byte op Get accumulate: Error class 44 (Unsupported file operation , error stack:
MPI_Get_accumulate(210): MPI_Get_accumulate(origin_addr=0xebbce0, origin_count=0, MPI_INT, result_addr=0xebb8d0, result_count=0, MPI_INT, target_rank=0, target_disp=0, target_count=0, MPI_INT, MPI_SUM, win=0xa0000000) failed
(unknown)(): Unsupported file operation )
Zero-byte op Rput: Error class 44 (Unsupported file operation , error stack:
MPI_Rput(172): MPI_Rput(origin_addr=0xebbce0, origin_count=0, MPI_INT, target_rank=0, target_disp=0, target_count=0, MPI_INT, win=0xa0000000, request=0x7fffaf52f33c) failed
(unknown)(): Unsupported file operation )
Warning: MPID_Rput() not implemented
Fatal error in PMPI_Wait: Invalid MPI_Request, error stack:
PMPI_Wait(180): MPI_Wait(request=0x7fff6278606c, status=0x1) failed

PMPI_Wait(133): Invalid MPI_RequestWarning: MPID_Rput() not implemented
Fatal error in PMPI_Wait: Invalid MPI_Request, error stack:
PMPI_Wait(180): MPI_Wait(request=0x7fffaf52f33c, status=0x1) failed
PMPI_Wait(133): Invalid MPI_Request
</TESTDIFF>
</MPITEST>
<MPITEST>
<NAME>strided_acc_indexed</NAME>
<NP>2</NP>
<WORKDIR>./rma</WORKDIR>
<STATUS>pass</STATUS>
</MPITEST>
<MPITEST>
<NAME>strided_acc_onelock</NAME>
<NP>2</NP>
<WORKDIR>./rma</WORKDIR>
<STATUS>pass</STATUS>
</MPITEST>
<MPITEST>
<NAME>strided_acc_subarray</NAME>
<NP>2</NP>
<WORKDIR>./rma</WORKDIR>
<STATUS>pass</STATUS>
</MPITEST>
<MPITEST>
<NAME>strided_get_indexed</NAME>
<NP>2</NP>
<WORKDIR>./rma</WORKDIR>
<STATUS>pass</STATUS>
</MPITEST>
<MPITEST>
<NAME>strided_putget_indexed</NAME>
<NP>4</NP>
<WORKDIR>./rma</WORKDIR>
<STATUS>fail</STATUS>
<TESTDIFF>
</TESTDIFF>
</MPITEST>
<MPITEST>
<NAME>strided_putget_indexed_shared</NAME>
<NP>4</NP>
<WORKDIR>./rma</WORKDIR>
<STATUS>fail</STATUS>
<TESTDIFF>
Warning: MPID_Win_allocate_shared() not implemented
Fatal error in PMPI_Win_allocate_shared: Unsupported file operation , error stack:
PMPI_Win_allocate_shared(159): MPI_Win_allocate_shared(size=65536, MPI_INFO_NULL, comm=0x84000000, baseptr=0x7fff460b49d0, win=0x7fff460b49c0) failed

(unknown)(): Unsupported file operation Warning: MPID_Win_allocate_shared() not implemented
Fatal error in PMPI_Win_allocate_shared: Unsupported file operation , error stack:
PMPI_Win_allocate_shared(159): MPI_Win_allocate_shared(size=65536, MPI_INFO_NULL, comm=0x84000000, baseptr=0x7fff645b53b0, win=0x7fff645b53a0) failed

(unknown)(): Unsupported file operation Warning: MPID_Win_allocate_shared() not implemented
Fatal error in PMPI_Win_allocate_shared: Unsupported file operation , error stack:
PMPI_Win_allocate_shared(159): MPI_Win_allocate_shared(size=65536, MPI_INFO_NULL, comm=0x84000000, baseptr=0x7fff69b12fd0, win=0x7fff69b12fc0) failed

(unknown)(): Unsupported file operation Warning: MPID_Win_allocate_shared() not implemented
Fatal error in PMPI_Win_allocate_shared: Unsupported file operation , error stack:
PMPI_Win_allocate_shared(159): MPI_Win_allocate_shared(size=65536, MPI_INFO_NULL, comm=0x84000000, baseptr=0x7fff83136060, win=0x7fff83136050) failed
(unknown)(): Unsupported file operation 
</TESTDIFF>
</MPITEST>
<MPITEST>
<NAME>strided_getacc_indexed</NAME>
<NP>4</NP>
<WORKDIR>./rma</WORKDIR>
<STATUS>fail</STATUS>
<TESTDIFF>
</TESTDIFF>
</MPITEST>
<MPITEST>
<NAME>strided_getacc_indexed_shared</NAME>
<NP>4</NP>
<WORKDIR>./rma</WORKDIR>
<STATUS>fail</STATUS>
<TESTDIFF>
Warning: MPID_Win_allocate_shared() not implemented
Fatal error in PMPI_Win_allocate_shared: Unsupported file operation , error stack:
PMPI_Win_allocate_shared(159): MPI_Win_allocate_shared(size=65536, MPI_INFO_NULL, comm=0x84000000, baseptr=0x7fff35b8e660, win=0x7fff35b8e650) failed

(unknown)(): Unsupported file operation Warning: MPID_Win_allocate_shared() not implemented
Fatal error in PMPI_Win_allocate_shared: Unsupported file operation , error stack:
PMPI_Win_allocate_shared(159): MPI_Win_allocate_shared(size=65536, MPI_INFO_NULL, comm=0x84000000, baseptr=0x7fffda194990, win=0x7fffda194980) failed

(unknown)(): Unsupported file operation Warning: MPID_Win_allocate_shared() not implemented
Fatal error in PMPI_Win_allocate_shared: Unsupported file operation , error stack:
PMPI_Win_allocate_shared(159): MPI_Win_allocate_shared(size=65536, MPI_INFO_NULL, comm=0x84000000, baseptr=0x7fff94b63320, win=0x7fff94b63310) failed

(unknown)(): Unsupported file operation Warning: MPID_Win_allocate_shared() not implemented
Fatal error in PMPI_Win_allocate_shared: Unsupported file operation , error stack:
PMPI_Win_allocate_shared(159): MPI_Win_allocate_shared(size=65536, MPI_INFO_NULL, comm=0x84000000, baseptr=0x7ffffee5eab0, win=0x7ffffee5eaa0) failed
(unknown)(): Unsupported file operation 
</TESTDIFF>
</MPITEST>
<MPITEST>
<NAME>window_creation</NAME>
<NP>2</NP>
<WORKDIR>./rma</WORKDIR>
<STATUS>pass</STATUS>
</MPITEST>
<MPITEST>
<NAME>contention_put</NAME>
<NP>4</NP>
<WORKDIR>./rma</WORKDIR>
<STATUS>pass</STATUS>
</MPITEST>
<MPITEST>
<NAME>contention_putget</NAME>
<NP>4</NP>
<WORKDIR>./rma</WORKDIR>
<STATUS>pass</STATUS>
</MPITEST>
<MPITEST>
<NAME>put_base</NAME>
<NP>2</NP>
<WORKDIR>./rma</WORKDIR>
<STATUS>pass</STATUS>
</MPITEST>
<MPITEST>
<NAME>put_bottom</NAME>
<NP>2</NP>
<WORKDIR>./rma</WORKDIR>
<STATUS>pass</STATUS>
</MPITEST>
<MPITEST>
<NAME>win_flavors</NAME>
<NP>4</NP>
<WORKDIR>./rma</WORKDIR>
<STATUS>fail</STATUS>
<TESTDIFF>
2: MPI_Win_create - Error, bad flavor (0)
2: MPI_Win_create - Error, bad model (0)
3: MPI_Win_create - Error, bad flavor (0)
3: MPI_Win_create - Error, bad model (0)
1: MPI_Win_create - Error, bad flavor (0)
1: MPI_Win_create - Error, bad model (0)
0: MPI_Win_create - Error, bad flavor (0)
0: MPI_Win_create - Error, bad model (0)
Warning: MPID_Win_allocate() not implemented
Fatal error in MPI_Win_allocate: Unsupported file operation , error stack:
MPI_Win_allocate(161): MPI_Win_allocate(size=24, disp_unit=1, MPI_INFO_NULL, MPI_COMM_WORLD, base=0x7fffb951ce70, win=0x7fffb951ce4c) failed

(unknown)(): Unsupported file operation Warning: MPID_Win_allocate() not implemented
Fatal error in MPI_Win_allocate: Unsupported file operation , error stack:
MPI_Win_allocate(161): MPI_Win_allocate(size=0, disp_unit=1, MPI_INFO_NULL, MPI_COMM_WORLD, base=0x7fff06a06bb0, win=0x7fff06a06b8c) failed

(unknown)(): Unsupported file operation Warning: MPID_Win_allocate() not implemented
Fatal error in MPI_Win_allocate: Unsupported file operation , error stack:
MPI_Win_allocate(161): MPI_Win_allocate(size=16, disp_unit=1, MPI_INFO_NULL, MPI_COMM_WORLD, base=0x7fff16bc53c0, win=0x7fff16bc539c) failed

(unknown)(): Unsupported file operation Warning: MPID_Win_allocate() not implemented
Fatal error in MPI_Win_allocate: Unsupported file operation , error stack:
MPI_Win_allocate(161): MPI_Win_allocate(size=8, disp_unit=1, MPI_INFO_NULL, MPI_COMM_WORLD, base=0x7fffb4c7ac10, win=0x7fffb4c7abec) failed
(unknown)(): Unsupported file operation 
</TESTDIFF>
</MPITEST>
<MPITEST>
<NAME>manyrma2</NAME>
<NP>2</NP>
<WORKDIR>./rma</WORKDIR>
<STATUS>pass</STATUS>
</MPITEST>
<MPITEST>
<NAME>win_shared</NAME>
<NP>4</NP>
<WORKDIR>./rma</WORKDIR>
<STATUS>fail</STATUS>
<TESTDIFF>
Warning: MPID_Win_allocate_shared() not implemented
Fatal error in PMPI_Win_allocate_shared: Unsupported file operation , error stack:
PMPI_Win_allocate_shared(159): MPI_Win_allocate_shared(size=40000, MPI_INFO_NULL, comm=0x84000000, baseptr=0x7fffe42a1540, win=0x7fffe42a1528) failed

(unknown)(): Unsupported file operation Warning: MPID_Win_allocate_shared() not implemented
Fatal error in PMPI_Win_allocate_shared: Unsupported file operation , error stack:
PMPI_Win_allocate_shared(159): MPI_Win_allocate_shared(size=40000, MPI_INFO_NULL, comm=0x84000000, baseptr=0x7fff463f48d0, win=0x7fff463f48b8) failed

(unknown)(): Unsupported file operation Warning: MPID_Win_allocate_shared() not implemented
Fatal error in PMPI_Win_allocate_shared: Unsupported file operation , error stack:
PMPI_Win_allocate_shared(159): MPI_Win_allocate_shared(size=40000, MPI_INFO_NULL, comm=0x84000000, baseptr=0x7fff95fb2b50, win=0x7fff95fb2b38) failed

(unknown)(): Unsupported file operation Warning: MPID_Win_allocate_shared() not implemented
Fatal error in PMPI_Win_allocate_shared: Unsupported file operation , error stack:
PMPI_Win_allocate_shared(159): MPI_Win_allocate_shared(size=40000, MPI_INFO_NULL, comm=0x84000000, baseptr=0x7fffa71a4c10, win=0x7fffa71a4bf8) failed
(unknown)(): Unsupported file operation 
</TESTDIFF>
</MPITEST>
<MPITEST>
<NAME>win_shared_noncontig</NAME>
<NP>4</NP>
<WORKDIR>./rma</WORKDIR>
<STATUS>fail</STATUS>
<TESTDIFF>
Warning: MPID_Win_allocate_shared() not implemented
Warning: MPID_Win_allocate_shared() not implemented
Fatal error in PMPI_Win_allocate_shared: Unsupported file operation , error stack:
PMPI_Win_allocate_shared(159): MPI_Win_allocate_shared(size=40000, info=0x9c000000, comm=0x84000000, baseptr=0x7ffff31911d8, win=0x7ffff31911b8) failed

(unknown)(): Unsupported file operation Warning: MPID_Win_allocate_shared() not implemented
Fatal error in PMPI_Win_allocate_shared: Unsupported file operation , error stack:
PMPI_Win_allocate_shared(159): MPI_Win_allocate_shared(size=40000, info=0x9c000000, comm=0x84000000, baseptr=0x7fff95aa1988, win=0x7fff95aa1968) failed

(unknown)(): Unsupported file operation Fatal error in PMPI_Win_allocate_shared: Unsupported file operation , error stack:
PMPI_Win_allocate_shared(159): MPI_Win_allocate_shared(size=40000, info=0x9c000000, comm=0x84000000, baseptr=0x7fffdb9bac68, win=0x7fffdb9bac48) failed

(unknown)(): Unsupported file operation Warning: MPID_Win_allocate_shared() not implemented
Fatal error in PMPI_Win_allocate_shared: Unsupported file operation , error stack:
PMPI_Win_allocate_shared(159): MPI_Win_allocate_shared(size=40000, info=0x9c000000, comm=0x84000000, baseptr=0x7ffff9137968, win=0x7ffff9137948) failed
(unknown)(): Unsupported file operation 
</TESTDIFF>
</MPITEST>
<MPITEST>
<NAME>win_shared_noncontig_put</NAME>
<NP>4</NP>
<WORKDIR>./rma</WORKDIR>
<STATUS>fail</STATUS>
<TESTDIFF>
Warning: MPID_Win_allocate_shared() not implemented
Fatal error in PMPI_Win_allocate_shared: Unsupported file operation , error stack:
PMPI_Win_allocate_shared(159): MPI_Win_allocate_shared(size=40000, info=0x9c000000, comm=0x84000000, baseptr=0x7fffcffc03c8, win=0x7fffcffc0390) failed

(unknown)(): Unsupported file operation Warning: MPID_Win_allocate_shared() not implemented
Fatal error in PMPI_Win_allocate_shared: Unsupported file operation , error stack:
PMPI_Win_allocate_shared(159): MPI_Win_allocate_shared(size=40000, info=0x9c000000, comm=0x84000000, baseptr=0x7fffc42cd738, win=0x7fffc42cd700) failed

(unknown)(): Unsupported file operation Warning: MPID_Win_allocate_shared() not implemented
Fatal error in PMPI_Win_allocate_shared: Unsupported file operation , error stack:
PMPI_Win_allocate_shared(159): MPI_Win_allocate_shared(size=40000, info=0x9c000000, comm=0x84000000, baseptr=0x7fff7865b3b8, win=0x7fff7865b380) failed

(unknown)(): Unsupported file operation Warning: MPID_Win_allocate_shared() not implemented
Fatal error in PMPI_Win_allocate_shared: Unsupported file operation , error stack:
PMPI_Win_allocate_shared(159): MPI_Win_allocate_shared(size=40000, info=0x9c000000, comm=0x84000000, baseptr=0x7fff27cb4fd8, win=0x7fff27cb4fa0) failed
(unknown)(): Unsupported file operation 
</TESTDIFF>
</MPITEST>
<MPITEST>
<NAME>win_dynamic_acc</NAME>
<NP>4</NP>
<WORKDIR>./rma</WORKDIR>
<STATUS>fail</STATUS>
<TESTDIFF>
Warning: MPID_Win_create_dynamic() not implemented
Fatal error in MPI_Win_create_dynamic: Unsupported file operation , error stack:
MPI_Win_create_dynamic(154): MPI_Win_create_dynamic(MPI_INFO_NULL, MPI_COMM_WORLD, win=0x7fffec49d80c) failed

(unknown)(): Unsupported file operation Warning: MPID_Win_create_dynamic() not implemented
Fatal error in MPI_Win_create_dynamic: Unsupported file operation , error stack:
MPI_Win_create_dynamic(154): MPI_Win_create_dynamic(MPI_INFO_NULL, MPI_COMM_WORLD, win=0x7fff0950457c) failed

(unknown)(): Unsupported file operation Warning: MPID_Win_create_dynamic() not implemented
Fatal error in MPI_Win_create_dynamic: Unsupported file operation , error stack:
MPI_Win_create_dynamic(154): MPI_Win_create_dynamic(MPI_INFO_NULL, MPI_COMM_WORLD, win=0x7fffb9d4611c) failed

(unknown)(): Unsupported file operation Warning: MPID_Win_create_dynamic() not implemented
Fatal error in MPI_Win_create_dynamic: Unsupported file operation , error stack:
MPI_Win_create_dynamic(154): MPI_Win_create_dynamic(MPI_INFO_NULL, MPI_COMM_WORLD, win=0x7fffe904433c) failed
(unknown)(): Unsupported file operation 
</TESTDIFF>
</MPITEST>
<MPITEST>
<NAME>get_acc_local</NAME>
<NP>1</NP>
<WORKDIR>./rma</WORKDIR>
<STATUS>fail</STATUS>
<TESTDIFF>
Warning: MPID_Get_accumulate() not implemented
Fatal error in MPI_Get_accumulate: Unsupported file operation , error stack:
MPI_Get_accumulate(210): MPI_Get_accumulate(origin_addr=0x404e24, origin_count=1, MPI_INT, result_addr=0x7fff191f40a4, result_count=1, MPI_INT, target_rank=0, target_disp=0, target_count=1, MPI_INT, MPI_SUM, win=0xa0000000) failed
(unknown)(): Unsupported file operation 
</TESTDIFF>
</MPITEST>
<MPITEST>
<NAME>linked_list</NAME>
<NP>4</NP>
<WORKDIR>./rma</WORKDIR>
<STATUS>fail</STATUS>
<TESTDIFF>
Warning: MPID_Win_create_dynamic() not implemented
Fatal error in MPI_Win_create_dynamic: Unsupported file operation , error stack:
MPI_Win_create_dynamic(154): MPI_Win_create_dynamic(MPI_INFO_NULL, MPI_COMM_WORLD, win=0x7fff054dc7ac) failed

(unknown)(): Unsupported file operation Warning: MPID_Win_create_dynamic() not implemented
Fatal error in MPI_Win_create_dynamic: Unsupported file operation , error stack:
MPI_Win_create_dynamic(154): MPI_Win_create_dynamic(MPI_INFO_NULL, MPI_COMM_WORLD, win=0x7fffcde7b97c) failed

(unknown)(): Unsupported file operation Warning: MPID_Win_create_dynamic() not implemented
Fatal error in MPI_Win_create_dynamic: Unsupported file operation , error stack:
MPI_Win_create_dynamic(154): MPI_Win_create_dynamic(MPI_INFO_NULL, MPI_COMM_WORLD, win=0x7fffa86ea6dc) failed

(unknown)(): Unsupported file operation Warning: MPID_Win_create_dynamic() not implemented
Fatal error in MPI_Win_create_dynamic: Unsupported file operation , error stack:
MPI_Win_create_dynamic(154): MPI_Win_create_dynamic(MPI_INFO_NULL, MPI_COMM_WORLD, win=0x7fff2fcde56c) failed
(unknown)(): Unsupported file operation 
</TESTDIFF>
</MPITEST>
<MPITEST>
<NAME>linked_list_fop</NAME>
<NP>4</NP>
<WORKDIR>./rma</WORKDIR>
<STATUS>fail</STATUS>
<TESTDIFF>
Warning: MPID_Win_create_dynamic() not implemented
Fatal error in MPI_Win_create_dynamic: Unsupported file operation , error stack:
MPI_Win_create_dynamic(154): MPI_Win_create_dynamic(MPI_INFO_NULL, MPI_COMM_WORLD, win=0x7fffe13eb94c) failed

(unknown)(): Unsupported file operation Warning: MPID_Win_create_dynamic() not implemented
Fatal error in MPI_Win_create_dynamic: Unsupported file operation , error stack:
MPI_Win_create_dynamic(154): MPI_Win_create_dynamic(MPI_INFO_NULL, MPI_COMM_WORLD, win=0x7ffff8d593cc) failed

(unknown)(): Unsupported file operation Warning: MPID_Win_create_dynamic() not implemented
Fatal error in MPI_Win_create_dynamic: Unsupported file operation , error stack:
MPI_Win_create_dynamic(154): MPI_Win_create_dynamic(MPI_INFO_NULL, MPI_COMM_WORLD, win=0x7fff3dedbbdc) failed

(unknown)(): Unsupported file operation Warning: MPID_Win_create_dynamic() not implemented
Fatal error in MPI_Win_create_dynamic: Unsupported file operation , error stack:
MPI_Win_create_dynamic(154): MPI_Win_create_dynamic(MPI_INFO_NULL, MPI_COMM_WORLD, win=0x7fff3313a11c) failed
(unknown)(): Unsupported file operation 
</TESTDIFF>
</MPITEST>
<MPITEST>
<NAME>compare_and_swap</NAME>
<NP>4</NP>
<WORKDIR>./rma</WORKDIR>
<STATUS>fail</STATUS>
<TESTDIFF>
Warning: MPID_Compare_and_swap() not implemented
Fatal error in MPI_Compare_and_swap: Unsupported file operation , error stack:
MPI_Compare_and_swap(149): MPI_Compare_and_swap(origin_addr=0x7fff8f8861d0, compare_addr=0x7fff8f886190, result_addr=0x7fff8f8861e0, MPI_INT, target_rank=0, target_disp=0, win=0xa0000000) failed

(unknown)(): Unsupported file operation Warning: MPID_Compare_and_swap() not implemented
Fatal error in MPI_Compare_and_swap: Unsupported file operation , error stack:
MPI_Compare_and_swap(149): MPI_Compare_and_swap(origin_addr=0x7ffff845f150, compare_addr=0x7ffff845f110, result_addr=0x7ffff845f160, MPI_INT, target_rank=1, target_disp=0, win=0xa0000000) failed

(unknown)(): Unsupported file operation Warning: MPID_Compare_and_swap() not implemented
Fatal error in MPI_Compare_and_swap: Unsupported file operation , error stack:
MPI_Compare_and_swap(149): MPI_Compare_and_swap(origin_addr=0x7fff5b1989e0, compare_addr=0x7fff5b1989a0, result_addr=0x7fff5b1989f0, MPI_INT, target_rank=3, target_disp=0, win=0xa0000000) failed

(unknown)(): Unsupported file operation Warning: MPID_Compare_and_swap() not implemented
Fatal error in MPI_Compare_and_swap: Unsupported file operation , error stack:
MPI_Compare_and_swap(149): MPI_Compare_and_swap(origin_addr=0x7fffc9ca60b0, compare_addr=0x7fffc9ca6070, result_addr=0x7fffc9ca60c0, MPI_INT, target_rank=2, target_disp=0, win=0xa0000000) failed
(unknown)(): Unsupported file operation 
</TESTDIFF>
</MPITEST>
<MPITEST>
<NAME>fetch_and_op_char</NAME>
<NP>4</NP>
<WORKDIR>./rma</WORKDIR>
<STATUS>fail</STATUS>
<TESTDIFF>
Warning: MPID_Fetch_and_op() not implemented
Fatal error in MPI_Fetch_and_op: Unsupported file operation , error stack:
MPI_Fetch_and_op(163): MPI_Fetch_and_op(origin_addr=0x7fff68ee82c0, result_addr=0x7fff68ee82d0, MPI_CHAR, target_rank=3, target_disp=0, MPI_SUM, win=0xa0000000) failed

(unknown)(): Unsupported file operation Warning: MPID_Fetch_and_op() not implemented
Fatal error in MPI_Fetch_and_op: Unsupported file operation , error stack:
MPI_Fetch_and_op(163): MPI_Fetch_and_op(origin_addr=0x7fffba6bf9b0, result_addr=0x7fffba6bf9c0, MPI_CHAR, target_rank=1, target_disp=0, MPI_SUM, win=0xa0000000) failed

(unknown)(): Unsupported file operation Warning: MPID_Fetch_and_op() not implemented
Fatal error in MPI_Fetch_and_op: Unsupported file operation , error stack:
MPI_Fetch_and_op(163): MPI_Fetch_and_op(origin_addr=0x7fffa5db2490, result_addr=0x7fffa5db24a0, MPI_CHAR, target_rank=2, target_disp=0, MPI_SUM, win=0xa0000000) failed

(unknown)(): Unsupported file operation Warning: MPID_Fetch_and_op() not implemented
Fatal error in MPI_Fetch_and_op: Unsupported file operation , error stack:
MPI_Fetch_and_op(163): MPI_Fetch_and_op(origin_addr=0x7fff84870880, result_addr=0x7fff84870890, MPI_CHAR, target_rank=0, target_disp=0, MPI_SUM, win=0xa0000000) failed
(unknown)(): Unsupported file operation 
</TESTDIFF>
</MPITEST>
<MPITEST>
<NAME>fetch_and_op_short</NAME>
<NP>4</NP>
<WORKDIR>./rma</WORKDIR>
<STATUS>fail</STATUS>
<TESTDIFF>
Warning: MPID_Fetch_and_op() not implemented
Warning: MPID_Fetch_and_op() not implemented
Fatal error in MPI_Fetch_and_op: Unsupported file operation , error stack:
MPI_Fetch_and_op(163): MPI_Fetch_and_op(origin_addr=0x7fff7e0d88e0, result_addr=0x7fff7e0d88f0, MPI_SHORT, target_rank=3, target_disp=0, MPI_SUM, win=0xa0000000) failed

(unknown)(): Unsupported file operation Warning: MPID_Fetch_and_op() not implemented
Fatal error in MPI_Fetch_and_op: Unsupported file operation , error stack:
MPI_Fetch_and_op(163): MPI_Fetch_and_op(origin_addr=0x7fff7bda1e10, result_addr=0x7fff7bda1e20, MPI_SHORT, target_rank=1, target_disp=0, MPI_SUM, win=0xa0000000) failed
(unknown)(): Unsupported file operation 
</TESTDIFF>
</MPITEST>
<MPITEST>
<NAME>fetch_and_op_int</NAME>
<NP>4</NP>
<WORKDIR>./rma</WORKDIR>
<STATUS>fail</STATUS>
<TESTDIFF>
Warning: MPID_Fetch_and_op() not implemented
Warning: MPID_Fetch_and_op() not implemented
Fatal error in MPI_Fetch_and_op: Unsupported file operation , error stack:
MPI_Fetch_and_op(163): MPI_Fetch_and_op(origin_addr=0x7fff25646260, result_addr=0x7fff25646270, MPI_INT, target_rank=0, target_disp=0, MPI_SUM, win=0xa0000000) failed

(unknown)(): Unsupported file operation Warning: MPID_Fetch_and_op() not implemented
Fatal error in MPI_Fetch_and_op: Unsupported file operation , error stack:
MPI_Fetch_and_op(163): MPI_Fetch_and_op(origin_addr=0x7fffd1018ce0, result_addr=0x7fffd1018cf0, MPI_INT, target_rank=3, target_disp=0, MPI_SUM, win=0xa0000000) failed

(unknown)(): Unsupported file operation Warning: MPID_Fetch_and_op() not implemented
Fatal error in MPI_Fetch_and_op: Unsupported file operation , error stack:
MPI_Fetch_and_op(163): MPI_Fetch_and_op(origin_addr=0x7fff2f15df50, result_addr=0x7fff2f15df60, MPI_INT, target_rank=1, target_disp=0, MPI_SUM, win=0xa0000000) failed
(unknown)(): Unsupported file operation 
</TESTDIFF>
</MPITEST>
<MPITEST>
<NAME>fetch_and_op_long</NAME>
<NP>4</NP>
<WORKDIR>./rma</WORKDIR>
<STATUS>fail</STATUS>
<TESTDIFF>
Warning: MPID_Fetch_and_op() not implemented
Fatal error in MPI_Fetch_and_op: Unsupported file operation , error stack:
MPI_Fetch_and_op(163): MPI_Fetch_and_op(origin_addr=0x7fff328cf370, result_addr=0x7fff328cf380, MPI_LONG, target_rank=1, target_disp=0, MPI_SUM, win=0xa0000000) failed

(unknown)(): Unsupported file operation Warning: MPID_Fetch_and_op() not implemented
Fatal error in MPI_Fetch_and_op: Unsupported file operation , error stack:
MPI_Fetch_and_op(163): MPI_Fetch_and_op(origin_addr=0x7fff8e65b560, result_addr=0x7fff8e65b570, MPI_LONG, target_rank=0, target_disp=0, MPI_SUM, win=0xa0000000) failed

(unknown)(): Unsupported file operation Warning: MPID_Fetch_and_op() not implemented
Fatal error in MPI_Fetch_and_op: Unsupported file operation , error stack:
MPI_Fetch_and_op(163): MPI_Fetch_and_op(origin_addr=0x7fff41f394b0, result_addr=0x7fff41f394c0, MPI_LONG, target_rank=2, target_disp=0, MPI_SUM, win=0xa0000000) failed
(unknown)(): Unsupported file operation 
</TESTDIFF>
</MPITEST>
<MPITEST>
<NAME>fetch_and_op_double</NAME>
<NP>4</NP>
<WORKDIR>./rma</WORKDIR>
<STATUS>fail</STATUS>
<TESTDIFF>
Warning: MPID_Fetch_and_op() not implemented
Warning: MPID_Fetch_and_op() not implemented
Fatal error in MPI_Fetch_and_op: Unsupported file operation , error stack:
MPI_Fetch_and_op(163): MPI_Fetch_and_op(origin_addr=0x7fff1267c6a0, result_addr=0x7fff1267c6b0, MPI_DOUBLE, target_rank=0, target_disp=0, MPI_SUM, win=0xa0000000) failed

(unknown)(): Unsupported file operation Warning: MPID_Fetch_and_op() not implemented
Fatal error in MPI_Fetch_and_op: Unsupported file operation , error stack:
MPI_Fetch_and_op(163): MPI_Fetch_and_op(origin_addr=0x7fff744fd580, result_addr=0x7fff744fd590, MPI_DOUBLE, target_rank=2, target_disp=0, MPI_SUM, win=0xa0000000) failed

(unknown)(): Unsupported file operation Fatal error in MPI_Fetch_and_op: Unsupported file operation , error stack:
MPI_Fetch_and_op(163): MPI_Fetch_and_op(origin_addr=0x7fff39a1bf00, result_addr=0x7fff39a1bf10, MPI_DOUBLE, target_rank=3, target_disp=0, MPI_SUM, win=0xa0000000) failed

(unknown)(): Unsupported file operation Warning: MPID_Fetch_and_op() not implemented
Fatal error in MPI_Fetch_and_op: Unsupported file operation , error stack:
MPI_Fetch_and_op(163): MPI_Fetch_and_op(origin_addr=0x7fffb4143370, result_addr=0x7fffb4143380, MPI_DOUBLE, target_rank=1, target_disp=0, MPI_SUM, win=0xa0000000) failed
(unknown)(): Unsupported file operation 
</TESTDIFF>
</MPITEST>
<MPITEST>
<NAME>fetch_and_op_long_double</NAME>
<NP>4</NP>
<WORKDIR>./rma</WORKDIR>
<STATUS>fail</STATUS>
<TESTDIFF>
Warning: MPID_Fetch_and_op() not implemented
Warning: MPID_Fetch_and_op() not implemented
Fatal error in MPI_Fetch_and_op: Unsupported file operation , error stack:
MPI_Fetch_and_op(163): MPI_Fetch_and_op(origin_addr=0x7fff800f1500, result_addr=0x7fff800f1510, MPI_LONG_DOUBLE, target_rank=1, target_disp=0, MPI_SUM, win=0xa0000000) failed

(unknown)(): Unsupported file operation Warning: MPID_Fetch_and_op() not implemented
Fatal error in MPI_Fetch_and_op: Unsupported file operation , error stack:
MPI_Fetch_and_op(163): MPI_Fetch_and_op(origin_addr=0x7fffcdb54120, result_addr=0x7fffcdb54130, MPI_LONG_DOUBLE, target_rank=2, target_disp=0, MPI_SUM, win=0xa0000000) failed

(unknown)(): Unsupported file operation Warning: MPID_Fetch_and_op() not implemented
Fatal error in MPI_Fetch_and_op: Unsupported file operation , error stack:
MPI_Fetch_and_op(163): MPI_Fetch_and_op(origin_addr=0x7fff6850cec0, result_addr=0x7fff6850ced0, MPI_LONG_DOUBLE, target_rank=3, target_disp=0, MPI_SUM, win=0xa0000000) failed
(unknown)(): Unsupported file operation 
</TESTDIFF>
</MPITEST>
<MPITEST>
<NAME>get_accumulate_double</NAME>
<NP>4</NP>
<WORKDIR>./rma</WORKDIR>
<STATUS>fail</STATUS>
<TESTDIFF>
Warning: MPID_Get_accumulate() not implemented
Fatal error in MPI_Get_accumulate: Unsupported file operation , error stack:
MPI_Get_accumulate(210): MPI_Get_accumulate(origin_addr=0x1c086c0, origin_count=5, MPI_DOUBLE, result_addr=0x1c098f0, result_count=5, MPI_DOUBLE, target_rank=1, target_disp=0, target_count=5, MPI_DOUBLE, MPI_SUM, win=0xa0000000) failed

(unknown)(): Unsupported file operation Warning: MPID_Get_accumulate() not implemented
Fatal error in MPI_Get_accumulate: Unsupported file operation , error stack:
MPI_Get_accumulate(210): MPI_Get_accumulate(origin_addr=0x24926c0, origin_count=5, MPI_DOUBLE, result_addr=0x24938f0, result_count=5, MPI_DOUBLE, target_rank=0, target_disp=0, target_count=5, MPI_DOUBLE, MPI_SUM, win=0xa0000000) failed

(unknown)(): Unsupported file operation Warning: MPID_Get_accumulate() not implemented
Fatal error in MPI_Get_accumulate: Unsupported file operation , error stack:
MPI_Get_accumulate(210): MPI_Get_accumulate(origin_addr=0x258c6c0, origin_count=5, MPI_DOUBLE, result_addr=0x258d8f0, result_count=5, MPI_DOUBLE, target_rank=2, target_disp=0, target_count=5, MPI_DOUBLE, MPI_SUM, win=0xa0000000) failed

(unknown)(): Unsupported file operation Warning: MPID_Get_accumulate() not implemented
Fatal error in MPI_Get_accumulate: Unsupported file operation , error stack:
MPI_Get_accumulate(210): MPI_Get_accumulate(origin_addr=0x9166c0, origin_count=5, MPI_DOUBLE, result_addr=0x9178f0, result_count=5, MPI_DOUBLE, target_rank=3, target_disp=0, target_count=5, MPI_DOUBLE, MPI_SUM, win=0xa0000000) failed
(unknown)(): Unsupported file operation 
</TESTDIFF>
</MPITEST>
<MPITEST>
<NAME>get_accumulate_double_derived</NAME>
<NP>4</NP>
<WORKDIR>./rma</WORKDIR>
<STATUS>fail</STATUS>
<TESTDIFF>
Warning: MPID_Get_accumulate() not implemented
Fatal error in MPI_Get_accumulate: Unsupported file operation , error stack:
MPI_Get_accumulate(210): MPI_Get_accumulate(origin_addr=0x24d56c0, origin_count=5, dtype=USER&lt;contig&gt;, result_addr=0x24d68f0, result_count=5, dtype=USER&lt;contig&gt;, target_rank=2, target_disp=0, target_count=5, dtype=USER&lt;contig&gt;, MPI_SUM, win=0xa0000000) failed

(unknown)(): Unsupported file operation Warning: MPID_Get_accumulate() not implemented
Fatal error in MPI_Get_accumulate: Unsupported file operation , error stack:
MPI_Get_accumulate(210): MPI_Get_accumulate(origin_addr=0x23436c0, origin_count=5, dtype=USER&lt;contig&gt;, result_addr=0x2344940, result_count=5, dtype=USER&lt;contig&gt;, target_rank=1, target_disp=0, target_count=5, dtype=USER&lt;contig&gt;, MPI_SUM, win=0xa0000000) failed

(unknown)(): Unsupported file operation Warning: MPID_Get_accumulate() not implemented
Fatal error in MPI_Get_accumulate: Unsupported file operation , error stack:
MPI_Get_accumulate(210): MPI_Get_accumulate(origin_addr=0x22116c0, origin_count=5, dtype=USER&lt;contig&gt;, result_addr=0x22128f0, result_count=5, dtype=USER&lt;contig&gt;, target_rank=3, target_disp=0, target_count=5, dtype=USER&lt;contig&gt;, MPI_SUM, win=0xa0000000) failed
(unknown)(): Unsupported file operation 
</TESTDIFF>
</MPITEST>
<MPITEST>
<NAME>get_accumulate_int</NAME>
<NP>4</NP>
<WORKDIR>./rma</WORKDIR>
<STATUS>fail</STATUS>
<TESTDIFF>
Warning: MPID_Get_accumulate() not implemented
Fatal error in MPI_Get_accumulate: Unsupported file operation , error stack:
MPI_Get_accumulate(210): MPI_Get_accumulate(origin_addr=0xd926c0, origin_count=5, MPI_INT, result_addr=0xd938a0, result_count=5, MPI_INT, target_rank=1, target_disp=0, target_count=5, MPI_INT, MPI_SUM, win=0xa0000000) failed

(unknown)(): Unsupported file operation Warning: MPID_Get_accumulate() not implemented
Fatal error in MPI_Get_accumulate: Unsupported file operation , error stack:
MPI_Get_accumulate(210): MPI_Get_accumulate(origin_addr=0x1c026c0, origin_count=5, MPI_INT, result_addr=0x1c038a0, result_count=5, MPI_INT, target_rank=0, target_disp=0, target_count=5, MPI_INT, MPI_SUM, win=0xa0000000) failed

(unknown)(): Unsupported file operation Warning: MPID_Get_accumulate() not implemented
Fatal error in MPI_Get_accumulate: Unsupported file operation , error stack:
MPI_Get_accumulate(210): MPI_Get_accumulate(origin_addr=0x85e6c0, origin_count=5, MPI_INT, result_addr=0x85f8a0, result_count=5, MPI_INT, target_rank=2, target_disp=0, target_count=5, MPI_INT, MPI_SUM, win=0xa0000000) failed

(unknown)(): Unsupported file operation Warning: MPID_Get_accumulate() not implemented
Fatal error in MPI_Get_accumulate: Unsupported file operation , error stack:
MPI_Get_accumulate(210): MPI_Get_accumulate(origin_addr=0x1bcf6c0, origin_count=5, MPI_INT, result_addr=0x1bd08a0, result_count=5, MPI_INT, target_rank=3, target_disp=0, target_count=5, MPI_INT, MPI_SUM, win=0xa0000000) failed
(unknown)(): Unsupported file operation 
</TESTDIFF>
</MPITEST>
<MPITEST>
<NAME>get_accumulate_int_derived</NAME>
<NP>4</NP>
<WORKDIR>./rma</WORKDIR>
<STATUS>fail</STATUS>
<TESTDIFF>
Warning: MPID_Get_accumulate() not implemented
Fatal error in MPI_Get_accumulate: Unsupported file operation , error stack:
MPI_Get_accumulate(210): MPI_Get_accumulate(origin_addr=0x25296c0, origin_count=5, dtype=USER&lt;contig&gt;, result_addr=0x252a8a0, result_count=5, dtype=USER&lt;contig&gt;, target_rank=0, target_disp=0, target_count=5, dtype=USER&lt;contig&gt;, MPI_SUM, win=0xa0000000) failed

(unknown)(): Unsupported file operation Warning: MPID_Get_accumulate() not implemented
Fatal error in MPI_Get_accumulate: Unsupported file operation , error stack:
MPI_Get_accumulate(210): MPI_Get_accumulate(origin_addr=0x1d4e6c0, origin_count=5, dtype=USER&lt;contig&gt;, result_addr=0x1d4ef90, result_count=5, dtype=USER&lt;contig&gt;, target_rank=1, target_disp=0, target_count=5, dtype=USER&lt;contig&gt;, MPI_SUM, win=0xa0000000) failed

(unknown)(): Unsupported file operation Warning: MPID_Get_accumulate() not implemented
Fatal error in MPI_Get_accumulate: Unsupported file operation , error stack:
MPI_Get_accumulate(210): MPI_Get_accumulate(origin_addr=0x6726c0, origin_count=5, dtype=USER&lt;contig&gt;, result_addr=0x6738a0, result_count=5, dtype=USER&lt;contig&gt;, target_rank=3, target_disp=0, target_count=5, dtype=USER&lt;contig&gt;, MPI_SUM, win=0xa0000000) failed
(unknown)(): Unsupported file operation 
</TESTDIFF>
</MPITEST>
<MPITEST>
<NAME>get_accumulate_long</NAME>
<NP>4</NP>
<WORKDIR>./rma</WORKDIR>
<STATUS>fail</STATUS>
<TESTDIFF>
Warning: MPID_Get_accumulate() not implemented
Fatal error in MPI_Get_accumulate: Unsupported file operation , error stack:
MPI_Get_accumulate(210): MPI_Get_accumulate(origin_addr=0x95c6c0, origin_count=5, MPI_LONG, result_addr=0x95d8f0, result_count=5, MPI_LONG, target_rank=0, target_disp=0, target_count=5, MPI_LONG, MPI_SUM, win=0xa0000000) failed

(unknown)(): Unsupported file operation Warning: MPID_Get_accumulate() not implemented
Fatal error in MPI_Get_accumulate: Unsupported file operation , error stack:
MPI_Get_accumulate(210): MPI_Get_accumulate(origin_addr=0x7656c0, origin_count=5, MPI_LONG, result_addr=0x7668f0, result_count=5, MPI_LONG, target_rank=1, target_disp=0, target_count=5, MPI_LONG, MPI_SUM, win=0xa0000000) failed

(unknown)(): Unsupported file operation Warning: MPID_Get_accumulate() not implemented
Fatal error in MPI_Get_accumulate: Unsupported file operation , error stack:
MPI_Get_accumulate(210): MPI_Get_accumulate(origin_addr=0x12b26c0, origin_count=5, MPI_LONG, result_addr=0x12b38f0, result_count=5, MPI_LONG, target_rank=2, target_disp=0, target_count=5, MPI_LONG, MPI_SUM, win=0xa0000000) failed

(unknown)(): Unsupported file operation Warning: MPID_Get_accumulate() not implemented
Fatal error in MPI_Get_accumulate: Unsupported file operation , error stack:
MPI_Get_accumulate(210): MPI_Get_accumulate(origin_addr=0x15ff6c0, origin_count=5, MPI_LONG, result_addr=0x16008f0, result_count=5, MPI_LONG, target_rank=3, target_disp=0, target_count=5, MPI_LONG, MPI_SUM, win=0xa0000000) failed
(unknown)(): Unsupported file operation 
</TESTDIFF>
</MPITEST>
<MPITEST>
<NAME>get_accumulate_long_derived</NAME>
<NP>4</NP>
<WORKDIR>./rma</WORKDIR>
<STATUS>fail</STATUS>
<TESTDIFF>
Warning: MPID_Get_accumulate() not implemented
Warning: MPID_Get_accumulate() not implemented
Fatal error in MPI_Get_accumulate: Unsupported file operation , error stack:
MPI_Get_accumulate(210): MPI_Get_accumulate(origin_addr=0x83d6c0, origin_count=5, dtype=USER&lt;contig&gt;, result_addr=0x83e8f0, result_count=5, dtype=USER&lt;contig&gt;, target_rank=0, target_disp=0, target_count=5, dtype=USER&lt;contig&gt;, MPI_SUM, win=0xa0000000) failed

(unknown)(): Unsupported file operation Warning: MPID_Get_accumulate() not implemented
Fatal error in MPI_Get_accumulate: Unsupported file operation , error stack:
MPI_Get_accumulate(210): MPI_Get_accumulate(origin_addr=0x12276c0, origin_count=5, dtype=USER&lt;contig&gt;, result_addr=0x12288f0, result_count=5, dtype=USER&lt;contig&gt;, target_rank=2, target_disp=0, target_count=5, dtype=USER&lt;contig&gt;, MPI_SUM, win=0xa0000000) failed

(unknown)(): Unsupported file operation Warning: MPID_Get_accumulate() not implemented
Fatal error in MPI_Get_accumulate: Unsupported file operation , error stack:
MPI_Get_accumulate(210): MPI_Get_accumulate(origin_addr=0xda86c0, origin_count=5, dtype=USER&lt;contig&gt;, result_addr=0xda98f0, result_count=5, dtype=USER&lt;contig&gt;, target_rank=1, target_disp=0, target_count=5, dtype=USER&lt;contig&gt;, MPI_SUM, win=0xa0000000) failed

(unknown)(): Unsupported file operation Fatal error in MPI_Get_accumulate: Unsupported file operation , error stack:
MPI_Get_accumulate(210): MPI_Get_accumulate(origin_addr=0x7ee6c0, origin_count=5, dtype=USER&lt;contig&gt;, result_addr=0x7ef8f0, result_count=5, dtype=USER&lt;contig&gt;, target_rank=3, target_disp=0, target_count=5, dtype=USER&lt;contig&gt;, MPI_SUM, win=0xa0000000) failed
(unknown)(): Unsupported file operation 
</TESTDIFF>
</MPITEST>
<MPITEST>
<NAME>get_accumulate_short</NAME>
<NP>4</NP>
<WORKDIR>./rma</WORKDIR>
<STATUS>fail</STATUS>
<TESTDIFF>
Warning: MPID_Get_accumulate() not implemented
Fatal error in MPI_Get_accumulate: Unsupported file operation , error stack:
MPI_Get_accumulate(210): MPI_Get_accumulate(origin_addr=0x2524870, origin_count=5, MPI_SHORT, result_addr=0x2524840, result_count=5, MPI_SHORT, target_rank=1, target_disp=0, target_count=5, MPI_SHORT, MPI_SUM, win=0xa0000000) failed

(unknown)(): Unsupported file operation Warning: MPID_Get_accumulate() not implemented
Fatal error in MPI_Get_accumulate: Unsupported file operation , error stack:
MPI_Get_accumulate(210): MPI_Get_accumulate(origin_addr=0x1903870, origin_count=5, MPI_SHORT, result_addr=0x1903840, result_count=5, MPI_SHORT, target_rank=0, target_disp=0, target_count=5, MPI_SHORT, MPI_SUM, win=0xa0000000) failed

(unknown)(): Unsupported file operation Warning: MPID_Get_accumulate() not implemented
Fatal error in MPI_Get_accumulate: Unsupported file operation , error stack:
MPI_Get_accumulate(210): MPI_Get_accumulate(origin_addr=0x1aa2870, origin_count=5, MPI_SHORT, result_addr=0x1aa2840, result_count=5, MPI_SHORT, target_rank=2, target_disp=0, target_count=5, MPI_SHORT, MPI_SUM, win=0xa0000000) failed

(unknown)(): Unsupported file operation Warning: MPID_Get_accumulate() not implemented
Fatal error in MPI_Get_accumulate: Unsupported file operation , error stack:
MPI_Get_accumulate(210): MPI_Get_accumulate(origin_addr=0x157f870, origin_count=5, MPI_SHORT, result_addr=0x157f840, result_count=5, MPI_SHORT, target_rank=3, target_disp=0, target_count=5, MPI_SHORT, MPI_SUM, win=0xa0000000) failed
(unknown)(): Unsupported file operation 
</TESTDIFF>
</MPITEST>
<MPITEST>
<NAME>get_accumulate_short_derived</NAME>
<NP>4</NP>
<WORKDIR>./rma</WORKDIR>
<STATUS>fail</STATUS>
<TESTDIFF>
Warning: MPID_Get_accumulate() not implemented
Fatal error in MPI_Get_accumulate: Unsupported file operation , error stack:
MPI_Get_accumulate(210): MPI_Get_accumulate(origin_addr=0x250b870, origin_count=5, dtype=USER&lt;contig&gt;, result_addr=0x250b840, result_count=5, dtype=USER&lt;contig&gt;, target_rank=2, target_disp=0, target_count=5, dtype=USER&lt;contig&gt;, MPI_SUM, win=0xa0000000) failed

(unknown)(): Unsupported file operation Warning: MPID_Get_accumulate() not implemented
Fatal error in MPI_Get_accumulate: Unsupported file operation , error stack:
MPI_Get_accumulate(210): MPI_Get_accumulate(origin_addr=0x17d5f60, origin_count=5, dtype=USER&lt;contig&gt;, result_addr=0x17d5f30, result_count=5, dtype=USER&lt;contig&gt;, target_rank=1, target_disp=0, target_count=5, dtype=USER&lt;contig&gt;, MPI_SUM, win=0xa0000000) failed

(unknown)(): Unsupported file operation Warning: MPID_Get_accumulate() not implemented
Fatal error in MPI_Get_accumulate: Unsupported file operation , error stack:
MPI_Get_accumulate(210): MPI_Get_accumulate(origin_addr=0x1fdb870, origin_count=5, dtype=USER&lt;contig&gt;, result_addr=0x1fdb840, result_count=5, dtype=USER&lt;contig&gt;, target_rank=3, target_disp=0, target_count=5, dtype=USER&lt;contig&gt;, MPI_SUM, win=0xa0000000) failed

(unknown)(): Unsupported file operation Warning: MPID_Get_accumulate() not implemented
Fatal error in MPI_Get_accumulate: Unsupported file operation , error stack:
MPI_Get_accumulate(210): MPI_Get_accumulate(origin_addr=0x16a1870, origin_count=5, dtype=USER&lt;contig&gt;, result_addr=0x16a1840, result_count=5, dtype=USER&lt;contig&gt;, target_rank=0, target_disp=0, target_count=5, dtype=USER&lt;contig&gt;, MPI_SUM, win=0xa0000000) failed
(unknown)(): Unsupported file operation 
</TESTDIFF>
</MPITEST>
<MPITEST>
<NAME>flush</NAME>
<NP>4</NP>
<WORKDIR>./rma</WORKDIR>
<STATUS>fail</STATUS>
<TESTDIFF>
Warning: MPID_Win_flush_all() not implemented
Fatal error in MPI_Win_flush_all: Unsupported file operation , error stack:
MPI_Win_flush_all(113): MPI_Win_flush_all(win=0xa0000000) failed

(unknown)(): Unsupported file operation Warning: MPID_Win_flush_all() not implemented
Fatal error in MPI_Win_flush_all: Unsupported file operation , error stack:
MPI_Win_flush_all(113): MPI_Win_flush_all(win=0xa0000000) failed

(unknown)(): Unsupported file operation Warning: MPID_Win_flush_all() not implemented
Fatal error in MPI_Win_flush_all: Unsupported file operation , error stack:
MPI_Win_flush_all(113): MPI_Win_flush_all(win=0xa0000000) failed

(unknown)(): Unsupported file operation Warning: MPID_Win_flush_all() not implemented
Fatal error in MPI_Win_flush_all: Unsupported file operation , error stack:
MPI_Win_flush_all(113): MPI_Win_flush_all(win=0xa0000000) failed
(unknown)(): Unsupported file operation 
</TESTDIFF>
</MPITEST>
<MPITEST>
<NAME>reqops</NAME>
<NP>4</NP>
<WORKDIR>./rma</WORKDIR>
<STATUS>fail</STATUS>
<TESTDIFF>
Warning: MPID_Win_lock_all() not implemented
Fatal error in MPI_Win_lock_all: Unsupported file operation , error stack:
MPI_Win_lock_all(147): MPI_Win_lock_all(assert=0, win=0xa0000000) failed

(unknown)(): Unsupported file operation Warning: MPID_Win_lock_all() not implemented
Fatal error in MPI_Win_lock_all: Unsupported file operation , error stack:
MPI_Win_lock_all(147): MPI_Win_lock_all(assert=0, win=0xa0000000) failed

(unknown)(): Unsupported file operation Warning: MPID_Win_lock_all() not implemented
Fatal error in MPI_Win_lock_all: Unsupported file operation , error stack:
MPI_Win_lock_all(147): MPI_Win_lock_all(assert=0, win=0xa0000000) failed

(unknown)(): Unsupported file operation Warning: MPID_Win_lock_all() not implemented
Fatal error in MPI_Win_lock_all: Unsupported file operation , error stack:
MPI_Win_lock_all(147): MPI_Win_lock_all(assert=0, win=0xa0000000) failed
(unknown)(): Unsupported file operation 
</TESTDIFF>
</MPITEST>
<MPITEST>
<NAME>req_example</NAME>
<NP>4</NP>
<WORKDIR>./rma</WORKDIR>
<STATUS>fail</STATUS>
<TESTDIFF>
Warning: MPID_Win_allocate() not implemented
Fatal error in MPI_Win_allocate: Unsupported file operation , error stack:
MPI_Win_allocate(161): MPI_Win_allocate(size=800000, disp_unit=8, MPI_INFO_NULL, MPI_COMM_WORLD, base=0x7fff5ed3fff8, win=0x7fff5ed3fff0) failed

(unknown)(): Unsupported file operation Warning: MPID_Win_allocate() not implemented
Fatal error in MPI_Win_allocate: Unsupported file operation , error stack:
MPI_Win_allocate(161): MPI_Win_allocate(size=800000, disp_unit=8, MPI_INFO_NULL, MPI_COMM_WORLD, base=0x7fffe668fdd8, win=0x7fffe668fdd0) failed

(unknown)(): Unsupported file operation Warning: MPID_Win_allocate() not implemented
Fatal error in MPI_Win_allocate: Unsupported file operation , error stack:
MPI_Win_allocate(161): MPI_Win_allocate(size=800000, disp_unit=8, MPI_INFO_NULL, MPI_COMM_WORLD, base=0x7fff73c20d98, win=0x7fff73c20d90) failed

(unknown)(): Unsupported file operation Warning: MPID_Win_allocate() not implemented
Fatal error in MPI_Win_allocate: Unsupported file operation , error stack:
MPI_Win_allocate(161): MPI_Win_allocate(size=800000, disp_unit=8, MPI_INFO_NULL, MPI_COMM_WORLD, base=0x7fff10f10908, win=0x7fff10f10900) failed
(unknown)(): Unsupported file operation 
</TESTDIFF>
</MPITEST>
<MPITEST>
<NAME>win_info</NAME>
<NP>4</NP>
<WORKDIR>./rma</WORKDIR>
<STATUS>fail</STATUS>
<TESTDIFF>
Warning: MPID_Win_allocate() not implemented
Fatal error in MPI_Win_allocate: Unsupported file operation , error stack:
MPI_Win_allocate(161): MPI_Win_allocate(size=4, disp_unit=4, MPI_INFO_NULL, MPI_COMM_WORLD, base=0x7fff74d00e28, win=0x7fff74d00e20) failed

(unknown)(): Unsupported file operation Warning: MPID_Win_allocate() not implemented
Fatal error in MPI_Win_allocate: Unsupported file operation , error stack:
MPI_Win_allocate(161): MPI_Win_allocate(size=4, disp_unit=4, MPI_INFO_NULL, MPI_COMM_WORLD, base=0x7fff01400d08, win=0x7fff01400d00) failed

(unknown)(): Unsupported file operation Warning: MPID_Win_allocate() not implemented
Fatal error in MPI_Win_allocate: Unsupported file operation , error stack:
MPI_Win_allocate(161): MPI_Win_allocate(size=4, disp_unit=4, MPI_INFO_NULL, MPI_COMM_WORLD, base=0x7fffb0cbf418, win=0x7fffb0cbf410) failed

(unknown)(): Unsupported file operation Warning: MPID_Win_allocate() not implemented
Fatal error in MPI_Win_allocate: Unsupported file operation , error stack:
MPI_Win_allocate(161): MPI_Win_allocate(size=4, disp_unit=4, MPI_INFO_NULL, MPI_COMM_WORLD, base=0x7fff0eb9b778, win=0x7fff0eb9b770) failed
(unknown)(): Unsupported file operation 
</TESTDIFF>
</MPITEST>
<MPITEST>
<NAME>linked_list_lockall</NAME>
<NP>4</NP>
<WORKDIR>./rma</WORKDIR>
<STATUS>fail</STATUS>
<TESTDIFF>
Warning: MPID_Win_create_dynamic() not implemented
Fatal error in MPI_Win_create_dynamic: Unsupported file operation , error stack:
MPI_Win_create_dynamic(154): MPI_Win_create_dynamic(MPI_INFO_NULL, MPI_COMM_WORLD, win=0x7fff4c647ecc) failed

(unknown)(): Unsupported file operation Warning: MPID_Win_create_dynamic() not implemented
Fatal error in MPI_Win_create_dynamic: Unsupported file operation , error stack:
MPI_Win_create_dynamic(154): MPI_Win_create_dynamic(MPI_INFO_NULL, MPI_COMM_WORLD, win=0x7fff310e93cc) failed
(unknown)(): Unsupported file operation 
</TESTDIFF>
</MPITEST>
<MPITEST>
<NAME>pscw_ordering</NAME>
<NP>4</NP>
<WORKDIR>./rma</WORKDIR>
<STATUS>pass</STATUS>
</MPITEST>
<MPITEST>
<NAME>linked_list_bench_lock_all</NAME>
<NP>4</NP>
<WORKDIR>./rma</WORKDIR>
<STATUS>fail</STATUS>
<TESTDIFF>
Warning: MPID_Win_create_dynamic() not implemented
Fatal error in MPI_Win_create_dynamic: Unsupported file operation , error stack:
MPI_Win_create_dynamic(154): MPI_Win_create_dynamic(MPI_INFO_NULL, MPI_COMM_WORLD, win=0x7fffdf6172a8) failed

(unknown)(): Unsupported file operation Warning: MPID_Win_create_dynamic() not implemented
Fatal error in MPI_Win_create_dynamic: Unsupported file operation , error stack:
MPI_Win_create_dynamic(154): MPI_Win_create_dynamic(MPI_INFO_NULL, MPI_COMM_WORLD, win=0x7ffff5b12478) failed

(unknown)(): Unsupported file operation Warning: MPID_Win_create_dynamic() not implemented
Fatal error in MPI_Win_create_dynamic: Unsupported file operation , error stack:
MPI_Win_create_dynamic(154): MPI_Win_create_dynamic(MPI_INFO_NULL, MPI_COMM_WORLD, win=0x7fff60d8f3c8) failed

(unknown)(): Unsupported file operation Warning: MPID_Win_create_dynamic() not implemented
Fatal error in MPI_Win_create_dynamic: Unsupported file operation , error stack:
MPI_Win_create_dynamic(154): MPI_Win_create_dynamic(MPI_INFO_NULL, MPI_COMM_WORLD, win=0x7fff5e137ac8) failed
(unknown)(): Unsupported file operation 
</TESTDIFF>
</MPITEST>
<MPITEST>
<NAME>linked_list_bench_lock_excl</NAME>
<NP>4</NP>
<WORKDIR>./rma</WORKDIR>
<STATUS>fail</STATUS>
<TESTDIFF>
Warning: MPID_Win_create_dynamic() not implemented
Fatal error in MPI_Win_create_dynamic: Unsupported file operation , error stack:
MPI_Win_create_dynamic(154): MPI_Win_create_dynamic(MPI_INFO_NULL, MPI_COMM_WORLD, win=0x7fff0c632bf8) failed

(unknown)(): Unsupported file operation Warning: MPID_Win_create_dynamic() not implemented
Fatal error in MPI_Win_create_dynamic: Unsupported file operation , error stack:
MPI_Win_create_dynamic(154): MPI_Win_create_dynamic(MPI_INFO_NULL, MPI_COMM_WORLD, win=0x7fff33f9dfd8) failed

(unknown)(): Unsupported file operation Warning: MPID_Win_create_dynamic() not implemented
Fatal error in MPI_Win_create_dynamic: Unsupported file operation , error stack:
MPI_Win_create_dynamic(154): MPI_Win_create_dynamic(MPI_INFO_NULL, MPI_COMM_WORLD, win=0x7fff9b9fc598) failed

(unknown)(): Unsupported file operation Warning: MPID_Win_create_dynamic() not implemented
Fatal error in MPI_Win_create_dynamic: Unsupported file operation , error stack:
MPI_Win_create_dynamic(154): MPI_Win_create_dynamic(MPI_INFO_NULL, MPI_COMM_WORLD, win=0x7fffe6fd7d48) failed
(unknown)(): Unsupported file operation 
</TESTDIFF>
</MPITEST>
<MPITEST>
<NAME>linked_list_bench_lock_shr</NAME>
<NP>4</NP>
<WORKDIR>./rma</WORKDIR>
<STATUS>fail</STATUS>
<TESTDIFF>
Warning: MPID_Win_create_dynamic() not implemented
Fatal error in MPI_Win_create_dynamic: Unsupported file operation , error stack:
MPI_Win_create_dynamic(154): MPI_Win_create_dynamic(MPI_INFO_NULL, MPI_COMM_WORLD, win=0x7fff9ca8b518) failed

(unknown)(): Unsupported file operation Warning: MPID_Win_create_dynamic() not implemented
Fatal error in MPI_Win_create_dynamic: Unsupported file operation , error stack:
MPI_Win_create_dynamic(154): MPI_Win_create_dynamic(MPI_INFO_NULL, MPI_COMM_WORLD, win=0x7fff453d1a58) failed

(unknown)(): Unsupported file operation Warning: MPID_Win_create_dynamic() not implemented
Fatal error in MPI_Win_create_dynamic: Unsupported file operation , error stack:
MPI_Win_create_dynamic(154): MPI_Win_create_dynamic(MPI_INFO_NULL, MPI_COMM_WORLD, win=0x7ffff541fbd8) failed

(unknown)(): Unsupported file operation Warning: MPID_Win_create_dynamic() not implemented
Fatal error in MPI_Win_create_dynamic: Unsupported file operation , error stack:
MPI_Win_create_dynamic(154): MPI_Win_create_dynamic(MPI_INFO_NULL, MPI_COMM_WORLD, win=0x7fff89c9d138) failed
(unknown)(): Unsupported file operation 
</TESTDIFF>
</MPITEST>
<MPITEST>
<NAME>linked_list_bench_lock_shr_nocheck</NAME>
<NP>4</NP>
<WORKDIR>./rma</WORKDIR>
<STATUS>fail</STATUS>
<TESTDIFF>
Warning: MPID_Win_create_dynamic() not implemented
Fatal error in MPI_Win_create_dynamic: Unsupported file operation , error stack:
MPI_Win_create_dynamic(154): MPI_Win_create_dynamic(MPI_INFO_NULL, MPI_COMM_WORLD, win=0x7fff5ac4fe38) failed

(unknown)(): Unsupported file operation Warning: MPID_Win_create_dynamic() not implemented
Fatal error in MPI_Win_create_dynamic: Unsupported file operation , error stack:
MPI_Win_create_dynamic(154): MPI_Win_create_dynamic(MPI_INFO_NULL, MPI_COMM_WORLD, win=0x7fff647e9a28) failed

(unknown)(): Unsupported file operation Warning: MPID_Win_create_dynamic() not implemented
Fatal error in MPI_Win_create_dynamic: Unsupported file operation , error stack:
MPI_Win_create_dynamic(154): MPI_Win_create_dynamic(MPI_INFO_NULL, MPI_COMM_WORLD, win=0x7fffaeed54a8) failed

(unknown)(): Unsupported file operation Warning: MPID_Win_create_dynamic() not implemented
Fatal error in MPI_Win_create_dynamic: Unsupported file operation , error stack:
MPI_Win_create_dynamic(154): MPI_Win_create_dynamic(MPI_INFO_NULL, MPI_COMM_WORLD, win=0x7fffe92634f8) failed
(unknown)(): Unsupported file operation 
</TESTDIFF>
</MPITEST>
<MPITEST>
<NAME>mutex_bench</NAME>
<NP>4</NP>
<WORKDIR>./rma</WORKDIR>
<STATUS>fail</STATUS>
<TESTDIFF>
Warning: MPID_Win_allocate() not implemented
Fatal error in MPI_Win_allocate: Unsupported file operation , error stack:
MPI_Win_allocate(161): MPI_Win_allocate(size=8, disp_unit=4, MPI_INFO_NULL, comm=0x84000000, base=0x15896d0, win=0x15896c8) failed

(unknown)(): Unsupported file operation Warning: MPID_Win_allocate() not implemented
Fatal error in MPI_Win_allocate: Unsupported file operation , error stack:
MPI_Win_allocate(161): MPI_Win_allocate(size=8, disp_unit=4, MPI_INFO_NULL, comm=0x84000000, base=0x18a66d0, win=0x18a66c8) failed

(unknown)(): Unsupported file operation Warning: MPID_Win_allocate() not implemented
Fatal error in MPI_Win_allocate: Unsupported file operation , error stack:
MPI_Win_allocate(161): MPI_Win_allocate(size=8, disp_unit=4, MPI_INFO_NULL, comm=0x84000000, base=0x10166d0, win=0x10166c8) failed

(unknown)(): Unsupported file operation Warning: MPID_Win_allocate() not implemented
Fatal error in MPI_Win_allocate: Unsupported file operation , error stack:
MPI_Win_allocate(161): MPI_Win_allocate(size=8, disp_unit=4, MPI_INFO_NULL, comm=0x84000000, base=0x7be6d0, win=0x7be6c8) failed
(unknown)(): Unsupported file operation 
</TESTDIFF>
</MPITEST>
<MPITEST>
<NAME>mutex_bench_shared</NAME>
<NP>4</NP>
<WORKDIR>./rma</WORKDIR>
<STATUS>fail</STATUS>
<TESTDIFF>
Warning: MPID_Win_allocate_shared() not implemented
Fatal error in PMPI_Win_allocate_shared: Unsupported file operation , error stack:
PMPI_Win_allocate_shared(159): MPI_Win_allocate_shared(size=8, MPI_INFO_NULL, comm=0x84000001, baseptr=0x15f2ab0, win=0x15f2aa8) failed

(unknown)(): Unsupported file operation Warning: MPID_Win_allocate_shared() not implemented
Fatal error in PMPI_Win_allocate_shared: Unsupported file operation , error stack:
PMPI_Win_allocate_shared(159): MPI_Win_allocate_shared(size=8, MPI_INFO_NULL, comm=0x84000001, baseptr=0x1644ab0, win=0x1644aa8) failed

(unknown)(): Unsupported file operation Warning: MPID_Win_allocate_shared() not implemented
Fatal error in PMPI_Win_allocate_shared: Unsupported file operation , error stack:
PMPI_Win_allocate_shared(159): MPI_Win_allocate_shared(size=8, MPI_INFO_NULL, comm=0x84000001, baseptr=0x233ff40, win=0x233ff38) failed

(unknown)(): Unsupported file operation Warning: MPID_Win_allocate_shared() not implemented
Fatal error in PMPI_Win_allocate_shared: Unsupported file operation , error stack:
PMPI_Win_allocate_shared(159): MPI_Win_allocate_shared(size=8, MPI_INFO_NULL, comm=0x84000001, baseptr=0x167dab0, win=0x167daa8) failed
(unknown)(): Unsupported file operation 
</TESTDIFF>
</MPITEST>
<MPITEST>
<NAME>namepub</NAME>
<NP>2</NP>
<WORKDIR>./spawn</WORKDIR>
<STATUS>pass</STATUS>
</MPITEST>
<MPITEST>
<NAME>spawn1</NAME>
<NP>1</NP>
<WORKDIR>./spawn</WORKDIR>
<STATUS>fail</STATUS>
<TESTDIFF>
getHostbyNodeID: getting node info for nodeID '27387' failed, errno:0 ret:0
</TESTDIFF>
</MPITEST>
<MPITEST>
<NAME>spawn2</NAME>
<NP>1</NP>
<WORKDIR>./spawn</WORKDIR>
<STATUS>fail</STATUS>
<TESTDIFF>
getHostbyNodeID: getting node info for nodeID '27387' failed, errno:0 ret:0
</TESTDIFF>
</MPITEST>
<MPITEST>
<NAME>spawninfo1</NAME>
<NP>1</NP>
<WORKDIR>./spawn</WORKDIR>
<STATUS>fail</STATUS>
<TESTDIFF>
getHostbyNodeID: getting node info for nodeID '27387' failed, errno:0 ret:0
</TESTDIFF>
</MPITEST>
<MPITEST>
<NAME>spawnminfo1</NAME>
<NP>1</NP>
<WORKDIR>./spawn</WORKDIR>
<STATUS>fail</STATUS>
<TESTDIFF>
checkSpawnCompatibility(r0): unsupported spawn multiple request
checkSpawnCompatibility(r0): invalid totspawns argument
</TESTDIFF>
</MPITEST>
<MPITEST>
<NAME>spawnintra</NAME>
<NP>1</NP>
<WORKDIR>./spawn</WORKDIR>
<STATUS>fail</STATUS>
<TESTDIFF>
getHostbyNodeID: getting node info for nodeID '27387' failed, errno:0 ret:0
</TESTDIFF>
</MPITEST>
<MPITEST>
<NAME>spawnintra</NAME>
<NP>2</NP>
<WORKDIR>./spawn</WORKDIR>
<STATUS>fail</STATUS>
<TESTDIFF>
PSI: PSI_getNodes: Cannot get 2 nodes
Could not spawn './spawnintra' process 0: No such device or address
startProcs: PSI_spawn() failed.
Unable to start all processes. Aborting.
</TESTDIFF>
</MPITEST>
<MPITEST>
<NAME>spawnargv</NAME>
<NP>1</NP>
<WORKDIR>./spawn</WORKDIR>
<STATUS>fail</STATUS>
<TESTDIFF>
handlePMIclientMsg(r0): invalid pmi cmd received, msg was 'argcnt=5
preput_num=1
preput_key_0=PARENT_ROOT_PORT_NAME
preput_val_0=192.168.254.21:60118
info_num=0
endcmd
'
do_send(r0): got error 9 on pmi socket: Bad file descriptor
do_send(r0): got error 9 on pmi socket: Bad file descriptor
do_send(r0): got error 9 on pmi socket: Bad file descriptor
do_send(r0): got error 9 on pmi socket: Bad file descriptor
do_send(r0): got error 9 on pmi socket: Bad file descriptor
__PMI_send(r0): failed sending cmd=spawn_result rc=-1
 from tryPMISpawn:1160
</TESTDIFF>
</MPITEST>
<MPITEST>
<NAME>spawnmanyarg</NAME>
<NP>1</NP>
<WORKDIR>./spawn</WORKDIR>
<STATUS>fail</STATUS>
<TESTDIFF>
handlePMIclientMsg(r0): invalid pmi cmd received, msg was 'arg4=01234567
arg5=01234567
arg6=01234567
arg7=01234567
arg8=01234567
arg9=01234567
arg10=01234567
arg11=01234567
arg12=01234567
arg13=01234567
arg14=01234567
arg15=01234567
arg16=01234567
argcnt=16
preput_num=1
preput_key_0=PARENT_ROOT_PORT_NAME
preput_val_0=192.168.254.21:39146
info_num=0
endcmd
'
do_send(r0): got error 9 on pmi socket: Bad file descriptor
do_send(r0): got error 9 on pmi socket: Bad file descriptor
do_send(r0): got error 9 on pmi socket: Bad file descriptor
do_send(r0): got error 9 on pmi socket: Bad file descriptor
do_send(r0): got error 9 on pmi socket: Bad file descriptor
__PMI_send(r0): failed sending cmd=spawn_result rc=-1
 from tryPMISpawn:1160
</TESTDIFF>
</MPITEST>
<MPITEST>
<NAME>spawnmult2</NAME>
<NP>2</NP>
<WORKDIR>./spawn</WORKDIR>
<STATUS>fail</STATUS>
<TESTDIFF>
checkSpawnCompatibility(r0): unsupported spawn multiple request
spawnmult2: /home/hauke/repo/psmpi2/mpich2/src/mpid/psp/src/mpid_port.c:887: MPID_Comm_spawn_multiple: Assertion `ret == 0' failed.
</TESTDIFF>
</MPITEST>
<MPITEST>
<NAME>spaconacc</NAME>
<NP>1</NP>
<WORKDIR>./spawn</WORKDIR>
<STATUS>fail</STATUS>
<TESTDIFF>
handlePMIclientMsg(r0): invalid pmi cmd received, msg was 'argcnt=1
preput_num=1
preput_key_0=PARENT_ROOT_PORT_NAME
preput_val_0=192.168.254.21:57167
info_num=1
info_key_0=path
info_val_0=.
endcmd
'
do_send(r0): got error 9 on pmi socket: Bad file descriptor
do_send(r0): got error 9 on pmi socket: Bad file descriptor
do_send(r0): got error 9 on pmi socket: Bad file descriptor
do_send(r0): got error 9 on pmi socket: Bad file descriptor
do_send(r0): got error 9 on pmi socket: Bad file descriptor
__PMI_send(r0): failed sending cmd=spawn_result rc=-1
 from tryPMISpawn:1160
[cli_0]: got unexpected response to spawn ::
spaconacc: /home/hauke/repo/psmpi2/mpich2/src/mpid/psp/src/mpid_port.c:887: MPID_Comm_spawn_multiple: Assertion `ret == 0' failed.
</TESTDIFF>
</MPITEST>
<MPITEST>
<NAME>spaconacc2</NAME>
<NP>1</NP>
<WORKDIR>./spawn</WORKDIR>
<STATUS>fail</STATUS>
<TESTDIFF>
handlePMIclientMsg(r0): invalid pmi cmd received, msg was 'argcnt=1
preput_num=1
preput_key_0=PARENT_ROOT_PORT_NAME
preput_val_0=192.168.254.21:34119
info_num=1
info_key_0=path
info_val_0=.
endcmd
'
do_send(r0): got error 9 on pmi socket: Bad file descriptor
do_send(r0): got error 9 on pmi socket: Bad file descriptor
do_send(r0): got error 9 on pmi socket: Bad file descriptor
do_send(r0): got error 9 on pmi socket: Bad file descriptor
do_send(r0): got error 9 on pmi socket: Bad file descriptor
__PMI_send(r0): failed sending cmd=spawn_result rc=-1
 from tryPMISpawn:1160
</TESTDIFF>
</MPITEST>
<MPITEST>
<NAME>selfconacc</NAME>
<NP>2</NP>
<WORKDIR>./spawn</WORKDIR>
<STATUS>fail</STATUS>
<TESTDIFF>
rma2_open(): librma2.so is only a dummy for the buildbot!
 No Errors
</TESTDIFF>
</MPITEST>
<MPITEST>
<NAME>spaiccreate</NAME>
<NP>2</NP>
<WORKDIR>./spawn</WORKDIR>
<STATUS>fail</STATUS>
<TESTDIFF>
PSI: PSI_getNodes: Cannot get 2 nodes
Could not spawn './spaiccreate' process 0: No such device or address
startProcs: PSI_spawn() failed.
Unable to start all processes. Aborting.
</TESTDIFF>
</MPITEST>
<MPITEST>
<NAME>taskmaster</NAME>
<NP>1</NP>
<WORKDIR>./spawn</WORKDIR>
<STATUS>fail</STATUS>
<TESTDIFF>
PSI: PSI_getNodes: Cannot get 1 nodes
Could not spawn './taskmaster' process 0: No such device or address
startProcs: PSI_spawn() failed.
Unable to start all processes. Aborting.
</TESTDIFF>
</MPITEST>
<MPITEST>
<NAME>taskmaster</NAME>
<NP>2</NP>
<WORKDIR>./spawn</WORKDIR>
<STATUS>fail</STATUS>
<TESTDIFF>
PSI: PSI_getNodes: Cannot get 1 nodes
Could not spawn './taskmaster' process 0: No such device or address
startProcs: PSI_spawn() failed.
Unable to start all processes. Aborting.
</TESTDIFF>
</MPITEST>
<MPITEST>
<NAME>join</NAME>
<NP>2</NP>
<WORKDIR>./spawn</WORKDIR>
<STATUS>fail</STATUS>
<TESTDIFF>
rma2_open(): librma2.so is only a dummy for the buildbot!
</TESTDIFF>
</MPITEST>
<MPITEST>
<NAME>disconnect_reconnect</NAME>
<NP>3</NP>
<WORKDIR>./spawn</WORKDIR>
<STATUS>fail</STATUS>
<TESTDIFF>
PSI: PSI_getNodes: Cannot get 3 nodes
Could not spawn './disconnect_reconnect' process 0: No such device or address
Could not spawn './disconnect_reconnect' process 2: Unknown error 808464701
startProcs: PSI_spawn() failed.
Unable to start all processes. Aborting.
</TESTDIFF>
</MPITEST>
<MPITEST>
<NAME>disconnect_reconnect2</NAME>
<NP>3</NP>
<WORKDIR>./spawn</WORKDIR>
<STATUS>fail</STATUS>
<TESTDIFF>
PSI: PSI_getNodes: Cannot get 3 nodes
Could not spawn 'disconnect_reconnect2' process 0: No such device or address
Could not spawn 'disconnect_reconnect2' process 2: Unknown error 808464701
startProcs: PSI_spawn() failed.
Unable to start all processes. Aborting.
</TESTDIFF>
</MPITEST>
<MPITEST>
<NAME>disconnect_reconnect3</NAME>
<NP>3</NP>
<WORKDIR>./spawn</WORKDIR>
<STATUS>fail</STATUS>
<TESTDIFF>
PSI: PSI_getNodes: Cannot get 4 nodes
Could not spawn './disconnect_reconnect3' process 0: No such device or address
Could not spawn './disconnect_reconnect3' process 2: Unknown error 808464701
Could not spawn './disconnect_reconnect3' process 3: Unknown error 1828728880
startProcs: PSI_spawn() failed.
Unable to start all processes. Aborting.
</TESTDIFF>
</MPITEST>
<MPITEST>
<NAME>multiple_ports</NAME>
<NP>3</NP>
<WORKDIR>./spawn</WORKDIR>
<STATUS>fail</STATUS>
<TESTDIFF>
rma2_open(): librma2.so is only a dummy for the buildbot!
rma2_open(): librma2.so is only a dummy for the buildbot!
 No Errors
</TESTDIFF>
</MPITEST>
<MPITEST>
<NAME>multiple_ports2</NAME>
<NP>4</NP>
<WORKDIR>./spawn</WORKDIR>
<STATUS>fail</STATUS>
<TESTDIFF>
rma2_open(): librma2.so is only a dummy for the buildbot!
rma2_open(): librma2.so is only a dummy for the buildbot!
rma2_open(): librma2.so is only a dummy for the buildbot!
 No Errors
</TESTDIFF>
</MPITEST>
<MPITEST>
<NAME>disconnect</NAME>
<NP>3</NP>
<WORKDIR>./spawn</WORKDIR>
<STATUS>fail</STATUS>
<TESTDIFF>
PSI: PSI_getNodes: Cannot get 3 nodes
Could not spawn './disconnect' process 0: No such device or address
Could not spawn './disconnect' process 2: Unknown error 808464701
startProcs: PSI_spawn() failed.
Unable to start all processes. Aborting.
</TESTDIFF>
</MPITEST>
<MPITEST>
<NAME>disconnect2</NAME>
<NP>3</NP>
<WORKDIR>./spawn</WORKDIR>
<STATUS>fail</STATUS>
<TESTDIFF>
PSI: PSI_getNodes: Cannot get 3 nodes
Could not spawn './disconnect2' process 0: No such device or address
Could not spawn './disconnect2' process 2: Unknown error 808464701
startProcs: PSI_spawn() failed.
Unable to start all processes. Aborting.
</TESTDIFF>
</MPITEST>
<MPITEST>
<NAME>disconnect3</NAME>
<NP>3</NP>
<WORKDIR>./spawn</WORKDIR>
<STATUS>fail</STATUS>
<TESTDIFF>
PSI: PSI_getNodes: Cannot get 3 nodes
Could not spawn './disconnect3' process 0: No such device or address
Could not spawn './disconnect3' process 2: Unknown error 808464701
startProcs: PSI_spawn() failed.
Unable to start all processes. Aborting.
</TESTDIFF>
</MPITEST>
<MPITEST>
<NAME>concurrent_spawns</NAME>
<NP>1</NP>
<WORKDIR>./spawn</WORKDIR>
<STATUS>fail</STATUS>
<TESTDIFF>
handlePMIclientMsg(r0): invalid pmi cmd received, msg was 'argcnt=2
preput_num=1
preput_key_0=PARENT_ROOT_PORT_NAME
preput_val_0=192.168.254.21:40034
info_num=0
endcmd
'
[cli_0]: got unexpected response to spawn ::
concurrent_spawns: /home/hauke/repo/psmpi2/mpich2/src/mpid/psp/src/mpid_port.c:887: MPID_Comm_spawn_multiple: Assertion `ret == 0' failed.
</TESTDIFF>
</MPITEST>
<MPITEST>
<NAME>pgroup_connect_test</NAME>
<NP>4</NP>
<WORKDIR>./spawn</WORKDIR>
<STATUS>fail</STATUS>
<TESTDIFF>
rma2_open(): librma2.so is only a dummy for the buildbot!
 No Errors
</TESTDIFF>
</MPITEST>
<MPITEST>
<NAME>pgroup_intercomm_test</NAME>
<NP>4</NP>
<WORKDIR>./spawn</WORKDIR>
<STATUS>pass</STATUS>
</MPITEST>
<MPITEST>
<NAME>cartmap1</NAME>
<NP>4</NP>
<WORKDIR>./topo</WORKDIR>
<STATUS>pass</STATUS>
</MPITEST>
<MPITEST>
<NAME>cartzero</NAME>
<NP>4</NP>
<WORKDIR>./topo</WORKDIR>
<STATUS>pass</STATUS>
</MPITEST>
<MPITEST>
<NAME>cartshift1</NAME>
<NP>4</NP>
<WORKDIR>./topo</WORKDIR>
<STATUS>pass</STATUS>
</MPITEST>
<MPITEST>
<NAME>cartsuball</NAME>
<NP>4</NP>
<WORKDIR>./topo</WORKDIR>
<STATUS>pass</STATUS>
</MPITEST>
<MPITEST>
<NAME>cartcreates</NAME>
<NP>4</NP>
<WORKDIR>./topo</WORKDIR>
<STATUS>pass</STATUS>
</MPITEST>
<MPITEST>
<NAME>dims1</NAME>
<NP>4</NP>
<WORKDIR>./topo</WORKDIR>
<STATUS>pass</STATUS>
</MPITEST>
<MPITEST>
<NAME>dims2</NAME>
<NP>1</NP>
<WORKDIR>./topo</WORKDIR>
<STATUS>pass</STATUS>
</MPITEST>
<MPITEST>
<NAME>graphmap1</NAME>
<NP>4</NP>
<WORKDIR>./topo</WORKDIR>
<STATUS>pass</STATUS>
</MPITEST>
<MPITEST>
<NAME>topotest</NAME>
<NP>4</NP>
<WORKDIR>./topo</WORKDIR>
<STATUS>pass</STATUS>
</MPITEST>
<MPITEST>
<NAME>topodup</NAME>
<NP>4</NP>
<WORKDIR>./topo</WORKDIR>
<STATUS>pass</STATUS>
</MPITEST>
<MPITEST>
<NAME>graphcr</NAME>
<NP>4</NP>
<WORKDIR>./topo</WORKDIR>
<STATUS>pass</STATUS>
</MPITEST>
<MPITEST>
<NAME>graphcr2</NAME>
<NP>4</NP>
<WORKDIR>./topo</WORKDIR>
<STATUS>pass</STATUS>
</MPITEST>
<MPITEST>
<NAME>distgraph1</NAME>
<NP>4</NP>
<WORKDIR>./topo</WORKDIR>
<STATUS>pass</STATUS>
</MPITEST>
<MPITEST>
<NAME>dgraph_unwgt</NAME>
<NP>4</NP>
<WORKDIR>./topo</WORKDIR>
<STATUS>pass</STATUS>
</MPITEST>
<MPITEST>
<NAME>neighb_coll</NAME>
<NP>4</NP>
<WORKDIR>./topo</WORKDIR>
<STATUS>pass</STATUS>
</MPITEST>
<MPITEST>
<NAME>rdwrord</NAME>
<NP>4</NP>
<WORKDIR>./io</WORKDIR>
<STATUS>pass</STATUS>
</MPITEST>
<MPITEST>
<NAME>rdwrzero</NAME>
<NP>4</NP>
<WORKDIR>./io</WORKDIR>
<STATUS>pass</STATUS>
</MPITEST>
<MPITEST>
<NAME>getextent</NAME>
<NP>2</NP>
<WORKDIR>./io</WORKDIR>
<STATUS>pass</STATUS>
</MPITEST>
<MPITEST>
<NAME>setinfo</NAME>
<NP>4</NP>
<WORKDIR>./io</WORKDIR>
<STATUS>pass</STATUS>
</MPITEST>
<MPITEST>
<NAME>setviewcur</NAME>
<NP>4</NP>
<WORKDIR>./io</WORKDIR>
<STATUS>pass</STATUS>
</MPITEST>
<MPITEST>
<NAME>i_noncontig</NAME>
<NP>2</NP>
<WORKDIR>./io</WORKDIR>
<STATUS>pass</STATUS>
</MPITEST>
<MPITEST>
<NAME>async</NAME>
<NP>4</NP>
<WORKDIR>./io</WORKDIR>
<STATUS>pass</STATUS>
</MPITEST>
<MPITEST>
<NAME>async_any</NAME>
<NP>4</NP>
<WORKDIR>./io</WORKDIR>
<STATUS>pass</STATUS>
</MPITEST>
<MPITEST>
<NAME>userioerr</NAME>
<NP>1</NP>
<WORKDIR>./io</WORKDIR>
<STATUS>pass</STATUS>
</MPITEST>
<MPITEST>
<NAME>resized</NAME>
<NP>1</NP>
<WORKDIR>./io</WORKDIR>
<STATUS>pass</STATUS>
</MPITEST>
<MPITEST>
<NAME>attrmpi1f</NAME>
<NP>1</NP>
<WORKDIR>./f77/attr</WORKDIR>
<STATUS>pass</STATUS>
</MPITEST>
<MPITEST>
<NAME>baseattrf</NAME>
<NP>1</NP>
<WORKDIR>./f77/attr</WORKDIR>
<STATUS>pass</STATUS>
</MPITEST>
<MPITEST>
<NAME>baseattr2f</NAME>
<NP>1</NP>
<WORKDIR>./f77/attr</WORKDIR>
<STATUS>pass</STATUS>
</MPITEST>
<MPITEST>
<NAME>commattrf</NAME>
<NP>1</NP>
<WORKDIR>./f77/attr</WORKDIR>
<STATUS>pass</STATUS>
</MPITEST>
<MPITEST>
<NAME>commattr2f</NAME>
<NP>1</NP>
<WORKDIR>./f77/attr</WORKDIR>
<STATUS>pass</STATUS>
</MPITEST>
<MPITEST>
<NAME>commattr3f</NAME>
<NP>1</NP>
<WORKDIR>./f77/attr</WORKDIR>
<STATUS>pass</STATUS>
</MPITEST>
<MPITEST>
<NAME>typeattrf</NAME>
<NP>1</NP>
<WORKDIR>./f77/attr</WORKDIR>
<STATUS>pass</STATUS>
</MPITEST>
<MPITEST>
<NAME>typeattr2f</NAME>
<NP>1</NP>
<WORKDIR>./f77/attr</WORKDIR>
<STATUS>pass</STATUS>
</MPITEST>
<MPITEST>
<NAME>typeattr3f</NAME>
<NP>1</NP>
<WORKDIR>./f77/attr</WORKDIR>
<STATUS>pass</STATUS>
</MPITEST>
<MPITEST>
<NAME>uallreducef</NAME>
<NP>4</NP>
<WORKDIR>./f77/coll</WORKDIR>
<STATUS>pass</STATUS>
</MPITEST>
<MPITEST>
<NAME>exscanf</NAME>
<NP>5</NP>
<WORKDIR>./f77/coll</WORKDIR>
<STATUS>pass</STATUS>
</MPITEST>
<MPITEST>
<NAME>alltoallwf</NAME>
<NP>7</NP>
<WORKDIR>./f77/coll</WORKDIR>
<STATUS>pass</STATUS>
</MPITEST>
<MPITEST>
<NAME>alltoallvf</NAME>
<NP>7</NP>
<WORKDIR>./f77/coll</WORKDIR>
<STATUS>pass</STATUS>
</MPITEST>
<MPITEST>
<NAME>inplacef</NAME>
<NP>4</NP>
<WORKDIR>./f77/coll</WORKDIR>
<STATUS>pass</STATUS>
</MPITEST>
<MPITEST>
<NAME>reducelocalf</NAME>
<NP>2</NP>
<WORKDIR>./f77/coll</WORKDIR>
<STATUS>pass</STATUS>
</MPITEST>
<MPITEST>
<NAME>redscatf</NAME>
<NP>4</NP>
<WORKDIR>./f77/coll</WORKDIR>
<STATUS>pass</STATUS>
</MPITEST>
<MPITEST>
<NAME>split_typef</NAME>
<NP>4</NP>
<WORKDIR>./f77/coll</WORKDIR>
<STATUS>pass</STATUS>
</MPITEST>
<MPITEST>
<NAME>nonblockingf</NAME>
<NP>4</NP>
<WORKDIR>./f77/coll</WORKDIR>
<STATUS>pass</STATUS>
</MPITEST>
<MPITEST>
<NAME>vw_inplacef</NAME>
<NP>4</NP>
<WORKDIR>./f77/coll</WORKDIR>
<STATUS>pass</STATUS>
</MPITEST>
<MPITEST>
<NAME>red_scat_blockf</NAME>
<NP>4</NP>
<WORKDIR>./f77/coll</WORKDIR>
<STATUS>pass</STATUS>
</MPITEST>
<MPITEST>
<NAME>nonblocking_inpf</NAME>
<NP>4</NP>
<WORKDIR>./f77/coll</WORKDIR>
<STATUS>pass</STATUS>
</MPITEST>
<MPITEST>
<NAME>typenamef</NAME>
<NP>1</NP>
<WORKDIR>./f77/datatype</WORKDIR>
<STATUS>pass</STATUS>
</MPITEST>
<MPITEST>
<NAME>typename3f</NAME>
<NP>1</NP>
<WORKDIR>./f77/datatype</WORKDIR>
<STATUS>pass</STATUS>
</MPITEST>
<MPITEST>
<NAME>typesnamef</NAME>
<NP>1</NP>
<WORKDIR>./f77/datatype</WORKDIR>
<STATUS>pass</STATUS>
</MPITEST>
<MPITEST>
<NAME>typecntsf</NAME>
<NP>1</NP>
<WORKDIR>./f77/datatype</WORKDIR>
<STATUS>pass</STATUS>
</MPITEST>
<MPITEST>
<NAME>typem2f</NAME>
<NP>1</NP>
<WORKDIR>./f77/datatype</WORKDIR>
<STATUS>pass</STATUS>
</MPITEST>
<MPITEST>
<NAME>typesubf</NAME>
<NP>1</NP>
<WORKDIR>./f77/datatype</WORKDIR>
<STATUS>pass</STATUS>
</MPITEST>
<MPITEST>
<NAME>packef</NAME>
<NP>1</NP>
<WORKDIR>./f77/datatype</WORKDIR>
<STATUS>pass</STATUS>
</MPITEST>
<MPITEST>
<NAME>gaddressf</NAME>
<NP>1</NP>
<WORKDIR>./f77/datatype</WORKDIR>
<STATUS>pass</STATUS>
</MPITEST>
<MPITEST>
<NAME>allctypesf</NAME>
<NP>1</NP>
<WORKDIR>./f77/datatype</WORKDIR>
<STATUS>pass</STATUS>
</MPITEST>
<MPITEST>
<NAME>hindex1f</NAME>
<NP>1</NP>
<WORKDIR>./f77/datatype</WORKDIR>
<STATUS>pass</STATUS>
</MPITEST>
<MPITEST>
<NAME>hindexed_blockf</NAME>
<NP>1</NP>
<WORKDIR>./f77/datatype</WORKDIR>
<STATUS>pass</STATUS>
</MPITEST>
<MPITEST>
<NAME>statusesf</NAME>
<NP>1</NP>
<WORKDIR>./f77/pt2pt</WORKDIR>
<STATUS>pass</STATUS>
</MPITEST>
<MPITEST>
<NAME>greqf</NAME>
<NP>1</NP>
<WORKDIR>./f77/pt2pt</WORKDIR>
<STATUS>pass</STATUS>
</MPITEST>
<MPITEST>
<NAME>allpairf</NAME>
<NP>2</NP>
<WORKDIR>./f77/pt2pt</WORKDIR>
<STATUS>pass</STATUS>
</MPITEST>
<MPITEST>
<NAME>mprobef</NAME>
<NP>2</NP>
<WORKDIR>./f77/pt2pt</WORKDIR>
<STATUS>pass</STATUS>
</MPITEST>
<MPITEST>
<NAME>infotestf</NAME>
<NP>1</NP>
<WORKDIR>./f77/info</WORKDIR>
<STATUS>pass</STATUS>
</MPITEST>
<MPITEST>
<NAME>infotest2f</NAME>
<NP>1</NP>
<WORKDIR>./f77/info</WORKDIR>
<STATUS>pass</STATUS>
</MPITEST>
<MPITEST>
<NAME>namepubf</NAME>
<NP>2</NP>
<WORKDIR>./f77/spawn</WORKDIR>
<STATUS>pass</STATUS>
</MPITEST>
<MPITEST>
<NAME>spawnf</NAME>
<NP>1</NP>
<WORKDIR>./f77/spawn</WORKDIR>
<STATUS>fail</STATUS>
<TESTDIFF>
getHostbyNodeID: getting node info for nodeID '27387' failed, errno:0 ret:0
</TESTDIFF>
</MPITEST>
<MPITEST>
<NAME>spawnargvf</NAME>
<NP>1</NP>
<WORKDIR>./f77/spawn</WORKDIR>
<STATUS>fail</STATUS>
<TESTDIFF>
handlePMIclientMsg(r0): invalid pmi cmd received, msg was 'argcnt=5
preput_num=1
preput_key_0=PARENT_ROOT_PORT_NAME
preput_val_0=192.168.254.21:37366
info_num=0
endcmd
'
do_send(r0): got error 9 on pmi socket: Bad file descriptor
do_send(r0): got error 9 on pmi socket: Bad file descriptor
do_send(r0): got error 9 on pmi socket: Bad file descriptor
do_send(r0): got error 9 on pmi socket: Bad file descriptor
do_send(r0): got error 9 on pmi socket: Bad file descriptor
__PMI_send(r0): failed sending cmd=spawn_result rc=-1
 from tryPMISpawn:1160
[cli_0]: got unexpected response to spawn ::
spawnargvf: /home/hauke/repo/psmpi2/mpich2/src/mpid/psp/src/mpid_port.c:887: MPID_Comm_spawn_multiple: Assertion `ret == 0' failed.

Program received signal SIGABRT: Process abort signal.

Backtrace for this error:
</TESTDIFF>
</MPITEST>
<MPITEST>
<NAME>connaccf</NAME>
<NP>2</NP>
<WORKDIR>./f77/spawn</WORKDIR>
<STATUS>fail</STATUS>
<TESTDIFF>
rma2_open(): librma2.so is only a dummy for the buildbot!
  No Errors
</TESTDIFF>
</MPITEST>
<MPITEST>
<NAME>spawnmultf</NAME>
<NP>1</NP>
<WORKDIR>./f77/spawn</WORKDIR>
<STATUS>fail</STATUS>
<TESTDIFF>
checkSpawnCompatibility(r0): unsupported spawn multiple request
spawnmultf: /home/hauke/repo/psmpi2/mpich2/src/mpid/psp/src/mpid_port.c:887: MPID_Comm_spawn_multiple: Assertion `ret == 0' failed.

Program received signal SIGABRT: Process abort signal.

Backtrace for this error:
#0  0x7F979DD51037
#1  0x7F979DD51604
#2  0x3E6AC35C1F
#3  0x3E6AC35BA5
#4  0x3E6AC37357
#5  0x3E6AC2E971
#6  0x3E6AC2EA21
#7  0x7F979E73578E
#8  0x7F979E7D36AC
#9  0x7F979E72B350
#10  0x4012C2 in MAIN__ at spawnmultf.f:?
</TESTDIFF>
</MPITEST>
<MPITEST>
<NAME>spawnmult2f</NAME>
<NP>2</NP>
<WORKDIR>./f77/spawn</WORKDIR>
<STATUS>fail</STATUS>
<TESTDIFF>
checkSpawnCompatibility(r0): unsupported spawn multiple request
checkSpawnCompatibility(r0): unsupported spawn multiple request
spawnmult2f: /home/hauke/repo/psmpi2/mpich2/src/mpid/psp/src/mpid_port.c:887: MPID_Comm_spawn_multiple: Assertion `ret == 0' failed.

Program received signal SIGABRT: Process abort signal.

Backtrace for this error:
#0  0x7F862EF8F037
#1  0x7F862EF8F604
#2  0x3E6AC35C1F
#3  0x3E6AC35BA5
#4  0x3E6AC37357
#5  0x3E6AC2E971
#6  0x3E6AC2EA21
#7  0x7F862F97378E
#8  0x7F862FA116AC
#9  0x7F862F969350
#10  0x4011F8 in MAIN__ at spawnmult2f.f:?
</TESTDIFF>
</MPITEST>
<MPITEST>
<NAME>iwriteatf</NAME>
<NP>4</NP>
<WORKDIR>./f77/io</WORKDIR>
<STATUS>pass</STATUS>
</MPITEST>
<MPITEST>
<NAME>iwritef</NAME>
<NP>4</NP>
<WORKDIR>./f77/io</WORKDIR>
<STATUS>pass</STATUS>
</MPITEST>
<MPITEST>
<NAME>iwriteshf</NAME>
<NP>4</NP>
<WORKDIR>./f77/io</WORKDIR>
<STATUS>pass</STATUS>
</MPITEST>
<MPITEST>
<NAME>writef</NAME>
<NP>4</NP>
<WORKDIR>./f77/io</WORKDIR>
<STATUS>pass</STATUS>
</MPITEST>
<MPITEST>
<NAME>writeatf</NAME>
<NP>4</NP>
<WORKDIR>./f77/io</WORKDIR>
<STATUS>pass</STATUS>
</MPITEST>
<MPITEST>
<NAME>writeallf</NAME>
<NP>4</NP>
<WORKDIR>./f77/io</WORKDIR>
<STATUS>pass</STATUS>
</MPITEST>
<MPITEST>
<NAME>writeshf</NAME>
<NP>4</NP>
<WORKDIR>./f77/io</WORKDIR>
<STATUS>pass</STATUS>
</MPITEST>
<MPITEST>
<NAME>writeordf</NAME>
<NP>4</NP>
<WORKDIR>./f77/io</WORKDIR>
<STATUS>pass</STATUS>
</MPITEST>
<MPITEST>
<NAME>writeatallf</NAME>
<NP>4</NP>
<WORKDIR>./f77/io</WORKDIR>
<STATUS>pass</STATUS>
</MPITEST>
<MPITEST>
<NAME>writeatallbef</NAME>
<NP>4</NP>
<WORKDIR>./f77/io</WORKDIR>
<STATUS>pass</STATUS>
</MPITEST>
<MPITEST>
<NAME>writeallbef</NAME>
<NP>4</NP>
<WORKDIR>./f77/io</WORKDIR>
<STATUS>pass</STATUS>
</MPITEST>
<MPITEST>
<NAME>writeordbef</NAME>
<NP>4</NP>
<WORKDIR>./f77/io</WORKDIR>
<STATUS>pass</STATUS>
</MPITEST>
<MPITEST>
<NAME>fileerrf</NAME>
<NP>1</NP>
<WORKDIR>./f77/io</WORKDIR>
<STATUS>pass</STATUS>
</MPITEST>
<MPITEST>
<NAME>fileinfof</NAME>
<NP>3</NP>
<WORKDIR>./f77/io</WORKDIR>
<STATUS>pass</STATUS>
</MPITEST>
<MPITEST>
<NAME>shpositionf</NAME>
<NP>4</NP>
<WORKDIR>./f77/io</WORKDIR>
<STATUS>pass</STATUS>
</MPITEST>
<MPITEST>
<NAME>atomicityf</NAME>
<NP>8</NP>
<WORKDIR>./f77/io</WORKDIR>
<STATUS>pass</STATUS>
</MPITEST>
<MPITEST>
<NAME>miscfilef</NAME>
<NP>4</NP>
<WORKDIR>./f77/io</WORKDIR>
<STATUS>pass</STATUS>
</MPITEST>
<MPITEST>
<NAME>setviewcurf</NAME>
<NP>4</NP>
<WORKDIR>./f77/io</WORKDIR>
<STATUS>pass</STATUS>
</MPITEST>
<MPITEST>
<NAME>c2f2ciof</NAME>
<NP>1</NP>
<WORKDIR>./f77/io</WORKDIR>
<STATUS>pass</STATUS>
</MPITEST>
<MPITEST>
<NAME>c2fmultio</NAME>
<NP>1</NP>
<WORKDIR>./f77/io</WORKDIR>
<STATUS>pass</STATUS>
</MPITEST>
<MPITEST>
<NAME>winscale1f</NAME>
<NP>4</NP>
<WORKDIR>./f77/rma</WORKDIR>
<STATUS>fail</STATUS>
<TESTDIFF>

Program received signal SIGSEGV: Segmentation fault - invalid memory reference.

Backtrace for this error:
#0  0x7F17E07C9037
#1  0x7F17E07C9604
#2  0x3E6AC35C1F
#3  0x7F17E0AD1445
#4  0x7F17E11AFC73
#5  0x7F17E12442CF
#6  0x7F17E11A38E9
#7  0x4015F8 in MAIN__ at winscale1f.f:?

Program received signal SIGSEGV: Segmentation fault - invalid memory reference.

Backtrace for this error:
#0  0x7FBD8195D037
#1  0x7FBD8195D604
#2  0x3E6AC35C1F
#3  0x7FBD81C65445
#4  0x7FBD82343C73
#5  0x7FBD823D82CF
#6  0x7FBD823378E9
#7  0x401659 in MAIN__ at winscale1f.f:?
</TESTDIFF>
</MPITEST>
<MPITEST>
<NAME>winfencef</NAME>
<NP>4</NP>
<WORKDIR>./f77/rma</WORKDIR>
<STATUS>fail</STATUS>
<TESTDIFF>

Program received signal SIGSEGV: Segmentation fault - invalid memory reference.

Backtrace for this error:
#0  0x7F3F7CB92037
#1  0x7F3F7CB92604
#2  0x3E6AC35C1F
#3  0x7F3F7CE9A445

Program received signal SIGSEGV: Segmentation fault - invalid memory reference.

Backtrace for this error:
#0  0x7F725EFA2037
#1  0x7F725EFA2604
#2  0x3E6AC35C1F
#3  0x7F725F2AA445
#4  0x7F725F988C73
#5  0x7F725FA1D2CF
#6  0x7F725F97C8E9
#7  0x401306 in MAIN__ at winfencef.f:?
#4  0x7F3F7D578C73
#5  0x7F3F7D60D2CF
#6  0x7F3F7D56C8E9
#7  0x401367 in MAIN__ at winfencef.f:?
</TESTDIFF>
</MPITEST>
<MPITEST>
<NAME>wingetf</NAME>
<NP>5</NP>
<WORKDIR>./f77/rma</WORKDIR>
<STATUS>fail</STATUS>
<TESTDIFF>

Program received signal SIGSEGV: Segmentation fault - invalid memory reference.

Backtrace for this error:
#0  0x7F61AF248037
#1  0x7F61AF248604
#2  0x3E6AC35C1F
#3  0x7F61AF553E7B
#4  0x7F61AF54FCEC
#5  0x7F61AFC2E7C6
#6  0x7F61AFCC21BF
#7  0x7F61AFC228A9
#8  0x401309 in MAIN__ at wingetf.f:?

Program received signal SIGSEGV: Segmentation fault - invalid memory reference.

Backtrace for this error:
#0  0x7F1E7D885037
#1  0x7F1E7D885604
#2  0x3E6AC35C1F
#3  0x7F1E7DB90E7B
#4  0x7F1E7DB8CCEC
#5  0x7F1E7E26B7C6
#6  0x7F1E7E2FF1BF
#7  0x7F1E7E25F8A9
#8  0x401366 in MAIN__ at wingetf.f:?
</TESTDIFF>
</MPITEST>
<MPITEST>
<NAME>winscale2f</NAME>
<NP>4</NP>
<WORKDIR>./f77/rma</WORKDIR>
<STATUS>fail</STATUS>
<TESTDIFF>

Program received signal SIGSEGV: Segmentation fault - invalid memory reference.

Backtrace for this error:

Program received signal SIGSEGV: Segmentation fault - invalid memory reference.

Backtrace for this error:
#0  0x7F7FA023B037
#1  0x7F7FA023B604
#2  0x3E6AC35C1F
#0  0x7FA4C0D02037
#1  0x7FA4C0D02604
#2  0x3E6AC35C1F
#3  0x7FA4C100A445
#4  0x7FA4C16E8C73
#5  0x7FA4C177D2CF
#6  0x7FA4C16DC8E9
#7  0x401659 in MAIN__ at winscale2f.f:?
#3  0x7F7FA0543445
#4  0x7F7FA0C21C73
#5  0x7F7FA0CB62CF
#6  0x7F7FA0C158E9
#7  0x4015F8 in MAIN__ at winscale2f.f:?
</TESTDIFF>
</MPITEST>
<MPITEST>
<NAME>winerrf</NAME>
<NP>1</NP>
<WORKDIR>./f77/rma</WORKDIR>
<STATUS>pass</STATUS>
</MPITEST>
<MPITEST>
<NAME>winnamef</NAME>
<NP>1</NP>
<WORKDIR>./f77/rma</WORKDIR>
<STATUS>pass</STATUS>
</MPITEST>
<MPITEST>
<NAME>wingroupf</NAME>
<NP>4</NP>
<WORKDIR>./f77/rma</WORKDIR>
<STATUS>pass</STATUS>
</MPITEST>
<MPITEST>
<NAME>winaccf</NAME>
<NP>4</NP>
<WORKDIR>./f77/rma</WORKDIR>
<STATUS>fail</STATUS>
<TESTDIFF>

Program received signal SIGSEGV: Segmentation fault - invalid memory reference.

Backtrace for this error:
#0  0x7FEB7437A037
#1  0x7FEB7437A604
#2  0x3E6AC35C1F
#3  0x7FEB74682445
#4  0x7FEB74D5FC7B
#5  0x7FEB74DF304F
#6  0x7FEB74D54864
#7  0x40131F in MAIN__ at winaccf.f:?

Program received signal SIGSEGV: Segmentation fault - invalid memory reference.

Backtrace for this error:
#0  0x7F4BA4D7A037
#1  0x7F4BA4D7A604
#2  0x3E6AC35C1F
#3  0x7F4BA5082445
#4  0x7F4BA575FC7B
#5  0x7F4BA57F304F
#6  0x7F4BA5754864
#7  0x401389 in MAIN__ at winaccf.f:?
</TESTDIFF>
</MPITEST>
<MPITEST>
<NAME>c2f2cwinf</NAME>
<NP>1</NP>
<WORKDIR>./f77/rma</WORKDIR>
<STATUS>pass</STATUS>
</MPITEST>
<MPITEST>
<NAME>baseattrwinf</NAME>
<NP>1</NP>
<WORKDIR>./f77/rma</WORKDIR>
<STATUS>pass</STATUS>
</MPITEST>
<MPITEST>
<NAME>winattrf</NAME>
<NP>1</NP>
<WORKDIR>./f77/rma</WORKDIR>
<STATUS>pass</STATUS>
</MPITEST>
<MPITEST>
<NAME>winattr2f</NAME>
<NP>1</NP>
<WORKDIR>./f77/rma</WORKDIR>
<STATUS>pass</STATUS>
</MPITEST>
<MPITEST>
<NAME>baseenvf</NAME>
<NP>1</NP>
<WORKDIR>./f77/init</WORKDIR>
<STATUS>pass</STATUS>
</MPITEST>
<MPITEST>
<NAME>commnamef</NAME>
<NP>2</NP>
<WORKDIR>./f77/comm</WORKDIR>
<STATUS>pass</STATUS>
</MPITEST>
<MPITEST>
<NAME>commerrf</NAME>
<NP>2</NP>
<WORKDIR>./f77/comm</WORKDIR>
<STATUS>pass</STATUS>
</MPITEST>
<MPITEST>
<NAME>c2f2cf</NAME>
<NP>1</NP>
<WORKDIR>./f77/ext</WORKDIR>
<STATUS>pass</STATUS>
</MPITEST>
<MPITEST>
<NAME>c2fmult</NAME>
<NP>1</NP>
<WORKDIR>./f77/ext</WORKDIR>
<STATUS>pass</STATUS>
</MPITEST>
<MPITEST>
<NAME>ctypesinf</NAME>
<NP>1</NP>
<WORKDIR>./f77/ext</WORKDIR>
<STATUS>pass</STATUS>
</MPITEST>
<MPITEST>
<NAME>allocmemf</NAME>
<NP>1</NP>
<WORKDIR>./f77/ext</WORKDIR>
<STATUS>pass</STATUS>
</MPITEST>
<MPITEST>
<NAME>cartcrf</NAME>
<NP>4</NP>
<WORKDIR>./f77/topo</WORKDIR>
<STATUS>pass</STATUS>
</MPITEST>
<MPITEST>
<NAME>dgraph_wgtf</NAME>
<NP>4</NP>
<WORKDIR>./f77/topo</WORKDIR>
<STATUS>pass</STATUS>
</MPITEST>
<MPITEST>
<NAME>dgraph_unwgtf</NAME>
<NP>4</NP>
<WORKDIR>./f77/topo</WORKDIR>
<STATUS>pass</STATUS>
</MPITEST>
<MPITEST>
<NAME>attrtx</NAME>
<NP>2</NP>
<WORKDIR>./cxx/attr</WORKDIR>
<STATUS>pass</STATUS>
</MPITEST>
<MPITEST>
<NAME>attricx</NAME>
<NP>4</NP>
<WORKDIR>./cxx/attr</WORKDIR>
<STATUS>pass</STATUS>
</MPITEST>
<MPITEST>
<NAME>baseattrcommx</NAME>
<NP>1</NP>
<WORKDIR>./cxx/attr</WORKDIR>
<STATUS>pass</STATUS>
</MPITEST>
<MPITEST>
<NAME>fkeyvalcommx</NAME>
<NP>1</NP>
<WORKDIR>./cxx/attr</WORKDIR>
<STATUS>pass</STATUS>
</MPITEST>
<MPITEST>
<NAME>fkeyvaltypex</NAME>
<NP>1</NP>
<WORKDIR>./cxx/attr</WORKDIR>
<STATUS>pass</STATUS>
</MPITEST>
<MPITEST>
<NAME>bsend1cxx</NAME>
<NP>2</NP>
<WORKDIR>./cxx/pt2pt</WORKDIR>
<STATUS>pass</STATUS>
</MPITEST>
<MPITEST>
<NAME>sendrecvx</NAME>
<NP>2</NP>
<WORKDIR>./cxx/pt2pt</WORKDIR>
<STATUS>pass</STATUS>
</MPITEST>
<MPITEST>
<NAME>commname2</NAME>
<NP>4</NP>
<WORKDIR>./cxx/comm</WORKDIR>
<STATUS>pass</STATUS>
</MPITEST>
<MPITEST>
<NAME>arcomplex</NAME>
<NP>4</NP>
<WORKDIR>./cxx/coll</WORKDIR>
<STATUS>pass</STATUS>
</MPITEST>
<MPITEST>
<NAME>uallredx</NAME>
<NP>5</NP>
<WORKDIR>./cxx/coll</WORKDIR>
<STATUS>pass</STATUS>
</MPITEST>
<MPITEST>
<NAME>uallreduce</NAME>
<NP>5</NP>
<WORKDIR>./cxx/coll</WORKDIR>
<STATUS>pass</STATUS>
</MPITEST>
<MPITEST>
<NAME>ureduce</NAME>
<NP>5</NP>
<WORKDIR>./cxx/coll</WORKDIR>
<STATUS>pass</STATUS>
</MPITEST>
<MPITEST>
<NAME>uscan</NAME>
<NP>5</NP>
<WORKDIR>./cxx/coll</WORKDIR>
<STATUS>pass</STATUS>
</MPITEST>
<MPITEST>
<NAME>uexscan</NAME>
<NP>5</NP>
<WORKDIR>./cxx/coll</WORKDIR>
<STATUS>pass</STATUS>
</MPITEST>
<MPITEST>
<NAME>alltoallw2x</NAME>
<NP>10</NP>
<WORKDIR>./cxx/coll</WORKDIR>
<STATUS>pass</STATUS>
</MPITEST>
<MPITEST>
<NAME>icbcastx</NAME>
<NP>4</NP>
<WORKDIR>./cxx/coll</WORKDIR>
<STATUS>pass</STATUS>
</MPITEST>
<MPITEST>
<NAME>icbcastx</NAME>
<NP>10</NP>
<WORKDIR>./cxx/coll</WORKDIR>
<STATUS>pass</STATUS>
</MPITEST>
<MPITEST>
<NAME>icallreducex</NAME>
<NP>5</NP>
<WORKDIR>./cxx/coll</WORKDIR>
<STATUS>pass</STATUS>
</MPITEST>
<MPITEST>
<NAME>icreducex</NAME>
<NP>5</NP>
<WORKDIR>./cxx/coll</WORKDIR>
<STATUS>pass</STATUS>
</MPITEST>
<MPITEST>
<NAME>icscatterx</NAME>
<NP>5</NP>
<WORKDIR>./cxx/coll</WORKDIR>
<STATUS>pass</STATUS>
</MPITEST>
<MPITEST>
<NAME>icgatherx</NAME>
<NP>5</NP>
<WORKDIR>./cxx/coll</WORKDIR>
<STATUS>pass</STATUS>
</MPITEST>
<MPITEST>
<NAME>icallgatherx</NAME>
<NP>5</NP>
<WORKDIR>./cxx/coll</WORKDIR>
<STATUS>pass</STATUS>
</MPITEST>
<MPITEST>
<NAME>icbarrierx</NAME>
<NP>5</NP>
<WORKDIR>./cxx/coll</WORKDIR>
<STATUS>pass</STATUS>
</MPITEST>
<MPITEST>
<NAME>icallgathervx</NAME>
<NP>5</NP>
<WORKDIR>./cxx/coll</WORKDIR>
<STATUS>pass</STATUS>
</MPITEST>
<MPITEST>
<NAME>icgathervx</NAME>
<NP>5</NP>
<WORKDIR>./cxx/coll</WORKDIR>
<STATUS>pass</STATUS>
</MPITEST>
<MPITEST>
<NAME>icscattervx</NAME>
<NP>5</NP>
<WORKDIR>./cxx/coll</WORKDIR>
<STATUS>pass</STATUS>
</MPITEST>
<MPITEST>
<NAME>icalltoallx</NAME>
<NP>5</NP>
<WORKDIR>./cxx/coll</WORKDIR>
<STATUS>pass</STATUS>
</MPITEST>
<MPITEST>
<NAME>reduceboolx</NAME>
<NP>5</NP>
<WORKDIR>./cxx/coll</WORKDIR>
<STATUS>pass</STATUS>
</MPITEST>
<MPITEST>
<NAME>commcallx</NAME>
<NP>2</NP>
<WORKDIR>./cxx/errhan</WORKDIR>
<STATUS>pass</STATUS>
</MPITEST>
<MPITEST>
<NAME>baseenv</NAME>
<NP>1</NP>
<WORKDIR>./cxx/init</WORKDIR>
<STATUS>pass</STATUS>
</MPITEST>
<MPITEST>
<NAME>initstatx</NAME>
<NP>1</NP>
<WORKDIR>./cxx/init</WORKDIR>
<STATUS>pass</STATUS>
</MPITEST>
<MPITEST>
<NAME>initstat2x</NAME>
<NP>1</NP>
<WORKDIR>./cxx/init</WORKDIR>
<STATUS>pass</STATUS>
</MPITEST>
<MPITEST>
<NAME>infodupx</NAME>
<NP>1</NP>
<WORKDIR>./cxx/info</WORKDIR>
<STATUS>pass</STATUS>
</MPITEST>
<MPITEST>
<NAME>infodelx</NAME>
<NP>1</NP>
<WORKDIR>./cxx/info</WORKDIR>
<STATUS>pass</STATUS>
</MPITEST>
<MPITEST>
<NAME>infovallenx</NAME>
<NP>1</NP>
<WORKDIR>./cxx/info</WORKDIR>
<STATUS>pass</STATUS>
</MPITEST>
<MPITEST>
<NAME>infoorderx</NAME>
<NP>1</NP>
<WORKDIR>./cxx/info</WORKDIR>
<STATUS>pass</STATUS>
</MPITEST>
<MPITEST>
<NAME>packsizex</NAME>
<NP>1</NP>
<WORKDIR>./cxx/datatype</WORKDIR>
<STATUS>pass</STATUS>
</MPITEST>
<MPITEST>
<NAME>typecntsx</NAME>
<NP>1</NP>
<WORKDIR>./cxx/datatype</WORKDIR>
<STATUS>pass</STATUS>
</MPITEST>
<MPITEST>
<NAME>typenamex</NAME>
<NP>1</NP>
<WORKDIR>./cxx/datatype</WORKDIR>
<STATUS>pass</STATUS>
</MPITEST>
<MPITEST>
<NAME>typemiscx</NAME>
<NP>1</NP>
<WORKDIR>./cxx/datatype</WORKDIR>
<STATUS>pass</STATUS>
</MPITEST>
<MPITEST>
<NAME>iwriteatx</NAME>
<NP>4</NP>
<WORKDIR>./cxx/io</WORKDIR>
<STATUS>pass</STATUS>
</MPITEST>
<MPITEST>
<NAME>iwritex</NAME>
<NP>4</NP>
<WORKDIR>./cxx/io</WORKDIR>
<STATUS>pass</STATUS>
</MPITEST>
<MPITEST>
<NAME>iwriteshx</NAME>
<NP>4</NP>
<WORKDIR>./cxx/io</WORKDIR>
<STATUS>pass</STATUS>
</MPITEST>
<MPITEST>
<NAME>writex</NAME>
<NP>4</NP>
<WORKDIR>./cxx/io</WORKDIR>
<STATUS>pass</STATUS>
</MPITEST>
<MPITEST>
<NAME>writeatx</NAME>
<NP>4</NP>
<WORKDIR>./cxx/io</WORKDIR>
<STATUS>pass</STATUS>
</MPITEST>
<MPITEST>
<NAME>writeallx</NAME>
<NP>4</NP>
<WORKDIR>./cxx/io</WORKDIR>
<STATUS>pass</STATUS>
</MPITEST>
<MPITEST>
<NAME>writeshx</NAME>
<NP>4</NP>
<WORKDIR>./cxx/io</WORKDIR>
<STATUS>pass</STATUS>
</MPITEST>
<MPITEST>
<NAME>writeordx</NAME>
<NP>4</NP>
<WORKDIR>./cxx/io</WORKDIR>
<STATUS>pass</STATUS>
</MPITEST>
<MPITEST>
<NAME>writeatallx</NAME>
<NP>4</NP>
<WORKDIR>./cxx/io</WORKDIR>
<STATUS>pass</STATUS>
</MPITEST>
<MPITEST>
<NAME>writeatallbex</NAME>
<NP>4</NP>
<WORKDIR>./cxx/io</WORKDIR>
<STATUS>pass</STATUS>
</MPITEST>
<MPITEST>
<NAME>writeallbex</NAME>
<NP>4</NP>
<WORKDIR>./cxx/io</WORKDIR>
<STATUS>pass</STATUS>
</MPITEST>
<MPITEST>
<NAME>writeordbex</NAME>
<NP>4</NP>
<WORKDIR>./cxx/io</WORKDIR>
<STATUS>pass</STATUS>
</MPITEST>
<MPITEST>
<NAME>iwriteatnosx</NAME>
<NP>4</NP>
<WORKDIR>./cxx/io</WORKDIR>
<STATUS>pass</STATUS>
</MPITEST>
<MPITEST>
<NAME>iwritenosx</NAME>
<NP>4</NP>
<WORKDIR>./cxx/io</WORKDIR>
<STATUS>pass</STATUS>
</MPITEST>
<MPITEST>
<NAME>iwriteshnosx</NAME>
<NP>4</NP>
<WORKDIR>./cxx/io</WORKDIR>
<STATUS>pass</STATUS>
</MPITEST>
<MPITEST>
<NAME>writenosx</NAME>
<NP>4</NP>
<WORKDIR>./cxx/io</WORKDIR>
<STATUS>pass</STATUS>
</MPITEST>
<MPITEST>
<NAME>writeatnosx</NAME>
<NP>4</NP>
<WORKDIR>./cxx/io</WORKDIR>
<STATUS>pass</STATUS>
</MPITEST>
<MPITEST>
<NAME>writeallnosx</NAME>
<NP>4</NP>
<WORKDIR>./cxx/io</WORKDIR>
<STATUS>pass</STATUS>
</MPITEST>
<MPITEST>
<NAME>writeshnosx</NAME>
<NP>4</NP>
<WORKDIR>./cxx/io</WORKDIR>
<STATUS>pass</STATUS>
</MPITEST>
<MPITEST>
<NAME>writeordnosx</NAME>
<NP>4</NP>
<WORKDIR>./cxx/io</WORKDIR>
<STATUS>pass</STATUS>
</MPITEST>
<MPITEST>
<NAME>writeatallnosx</NAME>
<NP>4</NP>
<WORKDIR>./cxx/io</WORKDIR>
<STATUS>pass</STATUS>
</MPITEST>
<MPITEST>
<NAME>writeatallbenosx</NAME>
<NP>4</NP>
<WORKDIR>./cxx/io</WORKDIR>
<STATUS>pass</STATUS>
</MPITEST>
<MPITEST>
<NAME>writeallbenosx</NAME>
<NP>4</NP>
<WORKDIR>./cxx/io</WORKDIR>
<STATUS>pass</STATUS>
</MPITEST>
<MPITEST>
<NAME>writeordbenosx</NAME>
<NP>4</NP>
<WORKDIR>./cxx/io</WORKDIR>
<STATUS>pass</STATUS>
</MPITEST>
<MPITEST>
<NAME>fileerrx</NAME>
<NP>1</NP>
<WORKDIR>./cxx/io</WORKDIR>
<STATUS>pass</STATUS>
</MPITEST>
<MPITEST>
<NAME>fileinfox</NAME>
<NP>3</NP>
<WORKDIR>./cxx/io</WORKDIR>
<STATUS>pass</STATUS>
</MPITEST>
<MPITEST>
<NAME>filemiscx</NAME>
<NP>4</NP>
<WORKDIR>./cxx/io</WORKDIR>
<STATUS>pass</STATUS>
</MPITEST>
<MPITEST>
<NAME>shpositionx</NAME>
<NP>4</NP>
<WORKDIR>./cxx/io</WORKDIR>
<STATUS>pass</STATUS>
</MPITEST>
<MPITEST>
<NAME>seekavail</NAME>
<NP>1</NP>
<WORKDIR>./cxx/io</WORKDIR>
<STATUS>pass</STATUS>
</MPITEST>
<MPITEST>
<NAME>namepubx</NAME>
<NP>2</NP>
<WORKDIR>./cxx/spawn</WORKDIR>
<STATUS>pass</STATUS>
</MPITEST>
<MPITEST>
<NAME>spawnintrax</NAME>
<NP>1</NP>
<WORKDIR>./cxx/spawn</WORKDIR>
<STATUS>fail</STATUS>
<TESTDIFF>
getHostbyNodeID: getting node info for nodeID '27387' failed, errno:0 ret:0
</TESTDIFF>
</MPITEST>
<MPITEST>
<NAME>spawnintrax</NAME>
<NP>2</NP>
<WORKDIR>./cxx/spawn</WORKDIR>
<STATUS>fail</STATUS>
<TESTDIFF>
PSI: PSI_getNodes: Cannot get 2 nodes
Could not spawn './spawnintrax' process 0: No such device or address
startProcs: PSI_spawn() failed.
Unable to start all processes. Aborting.
</TESTDIFF>
</MPITEST>
<MPITEST>
<NAME>spawnargvx</NAME>
<NP>1</NP>
<WORKDIR>./cxx/spawn</WORKDIR>
<STATUS>fail</STATUS>
<TESTDIFF>
handlePMIclientMsg(r0): invalid pmi cmd received, msg was 'arg5= Ss
argcnt=5
preput_num=1
preput_key_0=PARENT_ROOT_PORT_NAME
preput_val_0=192.168.254.21:56853
info_num=0
endcmd
'
do_send(r0): got error 9 on pmi socket: Bad file descriptor
do_send(r0): got error 9 on pmi socket: Bad file descriptor
do_send(r0): got error 9 on pmi socket: Bad file descriptor
do_send(r0): got error 9 on pmi socket: Bad file descriptor
do_send(r0): got error 9 on pmi socket: Bad file descriptor
__PMI_send(r0): failed sending cmd=spawn_result rc=-1
 from tryPMISpawn:1160
[cli_0]: got unexpected response to spawn ::
spawnargvx: /home/hauke/repo/psmpi2/mpich2/src/mpid/psp/src/mpid_port.c:887: MPID_Comm_spawn_multiple: Assertion `ret == 0' failed.
</TESTDIFF>
</MPITEST>
<MPITEST>
<NAME>selfconaccx</NAME>
<NP>2</NP>
<WORKDIR>./cxx/spawn</WORKDIR>
<STATUS>fail</STATUS>
<TESTDIFF>
rma2_open(): librma2.so is only a dummy for the buildbot!
 No Errors
</TESTDIFF>
</MPITEST>
<MPITEST>
<NAME>winnamex</NAME>
<NP>1</NP>
<WORKDIR>./cxx/rma</WORKDIR>
<STATUS>pass</STATUS>
</MPITEST>
<MPITEST>
<NAME>wincallx</NAME>
<NP>1</NP>
<WORKDIR>./cxx/rma</WORKDIR>
<STATUS>pass</STATUS>
</MPITEST>
<MPITEST>
<NAME>getgroupx</NAME>
<NP>4</NP>
<WORKDIR>./cxx/rma</WORKDIR>
<STATUS>pass</STATUS>
</MPITEST>
<MPITEST>
<NAME>winfencex</NAME>
<NP>4</NP>
<WORKDIR>./cxx/rma</WORKDIR>
<STATUS>fail</STATUS>
<TESTDIFF>
</TESTDIFF>
</MPITEST>
<MPITEST>
<NAME>winscale1x</NAME>
<NP>4</NP>
<WORKDIR>./cxx/rma</WORKDIR>
<STATUS>fail</STATUS>
<TESTDIFF>
</TESTDIFF>
</MPITEST>
<MPITEST>
<NAME>winscale2x</NAME>
<NP>4</NP>
<WORKDIR>./cxx/rma</WORKDIR>
<STATUS>fail</STATUS>
<TESTDIFF>
</TESTDIFF>
</MPITEST>
<MPITEST>
<NAME>fkeyvalwinx</NAME>
<NP>1</NP>
<WORKDIR>./cxx/rma</WORKDIR>
<STATUS>pass</STATUS>
</MPITEST>
<MPITEST>
<NAME>attrmpi1f90</NAME>
<NP>1</NP>
<WORKDIR>./f90/attr</WORKDIR>
<STATUS>pass</STATUS>
</MPITEST>
<MPITEST>
<NAME>baseattrf90</NAME>
<NP>1</NP>
<WORKDIR>./f90/attr</WORKDIR>
<STATUS>pass</STATUS>
</MPITEST>
<MPITEST>
<NAME>baseattr2f90</NAME>
<NP>1</NP>
<WORKDIR>./f90/attr</WORKDIR>
<STATUS>pass</STATUS>
</MPITEST>
<MPITEST>
<NAME>commattrf90</NAME>
<NP>1</NP>
<WORKDIR>./f90/attr</WORKDIR>
<STATUS>pass</STATUS>
</MPITEST>
<MPITEST>
<NAME>commattr2f90</NAME>
<NP>1</NP>
<WORKDIR>./f90/attr</WORKDIR>
<STATUS>pass</STATUS>
</MPITEST>
<MPITEST>
<NAME>commattr3f90</NAME>
<NP>1</NP>
<WORKDIR>./f90/attr</WORKDIR>
<STATUS>pass</STATUS>
</MPITEST>
<MPITEST>
<NAME>typeattrf90</NAME>
<NP>1</NP>
<WORKDIR>./f90/attr</WORKDIR>
<STATUS>pass</STATUS>
</MPITEST>
<MPITEST>
<NAME>typeattr2f90</NAME>
<NP>1</NP>
<WORKDIR>./f90/attr</WORKDIR>
<STATUS>pass</STATUS>
</MPITEST>
<MPITEST>
<NAME>typeattr3f90</NAME>
<NP>1</NP>
<WORKDIR>./f90/attr</WORKDIR>
<STATUS>pass</STATUS>
</MPITEST>
<MPITEST>
<NAME>fandcattrf90</NAME>
<NP>1</NP>
<WORKDIR>./f90/attr</WORKDIR>
<STATUS>pass</STATUS>
</MPITEST>
<MPITEST>
<NAME>baseattr3f90</NAME>
<NP>1</NP>
<WORKDIR>./f90/attr</WORKDIR>
<STATUS>pass</STATUS>
</MPITEST>
<MPITEST>
<NAME>attrlangf90</NAME>
<NP>1</NP>
<WORKDIR>./f90/attr</WORKDIR>
<STATUS>pass</STATUS>
</MPITEST>
<MPITEST>
<NAME>uallreducef90</NAME>
<NP>4</NP>
<WORKDIR>./f90/coll</WORKDIR>
<STATUS>pass</STATUS>
</MPITEST>
<MPITEST>
<NAME>exscanf90</NAME>
<NP>5</NP>
<WORKDIR>./f90/coll</WORKDIR>
<STATUS>pass</STATUS>
</MPITEST>
<MPITEST>
<NAME>alltoallwf90</NAME>
<NP>7</NP>
<WORKDIR>./f90/coll</WORKDIR>
<STATUS>pass</STATUS>
</MPITEST>
<MPITEST>
<NAME>alltoallvf90</NAME>
<NP>7</NP>
<WORKDIR>./f90/coll</WORKDIR>
<STATUS>pass</STATUS>
</MPITEST>
<MPITEST>
<NAME>inplacef90</NAME>
<NP>4</NP>
<WORKDIR>./f90/coll</WORKDIR>
<STATUS>pass</STATUS>
</MPITEST>
<MPITEST>
<NAME>reducelocalf90</NAME>
<NP>2</NP>
<WORKDIR>./f90/coll</WORKDIR>
<STATUS>pass</STATUS>
</MPITEST>
<MPITEST>
<NAME>redscatf90</NAME>
<NP>4</NP>
<WORKDIR>./f90/coll</WORKDIR>
<STATUS>pass</STATUS>
</MPITEST>
<MPITEST>
<NAME>split_typef90</NAME>
<NP>4</NP>
<WORKDIR>./f90/coll</WORKDIR>
<STATUS>pass</STATUS>
</MPITEST>
<MPITEST>
<NAME>nonblockingf90</NAME>
<NP>4</NP>
<WORKDIR>./f90/coll</WORKDIR>
<STATUS>pass</STATUS>
</MPITEST>
<MPITEST>
<NAME>vw_inplacef90</NAME>
<NP>4</NP>
<WORKDIR>./f90/coll</WORKDIR>
<STATUS>pass</STATUS>
</MPITEST>
<MPITEST>
<NAME>red_scat_blockf90</NAME>
<NP>4</NP>
<WORKDIR>./f90/coll</WORKDIR>
<STATUS>pass</STATUS>
</MPITEST>
<MPITEST>
<NAME>nonblocking_inpf90</NAME>
<NP>4</NP>
<WORKDIR>./f90/coll</WORKDIR>
<STATUS>pass</STATUS>
</MPITEST>
<MPITEST>
<NAME>commnamef90</NAME>
<NP>2</NP>
<WORKDIR>./f90/comm</WORKDIR>
<STATUS>pass</STATUS>
</MPITEST>
<MPITEST>
<NAME>commerrf90</NAME>
<NP>2</NP>
<WORKDIR>./f90/comm</WORKDIR>
<STATUS>pass</STATUS>
</MPITEST>
<MPITEST>
<NAME>c2f2cf90</NAME>
<NP>1</NP>
<WORKDIR>./f90/ext</WORKDIR>
<STATUS>pass</STATUS>
</MPITEST>
<MPITEST>
<NAME>c2f90mult</NAME>
<NP>1</NP>
<WORKDIR>./f90/ext</WORKDIR>
<STATUS>pass</STATUS>
</MPITEST>
<MPITEST>
<NAME>ctypesinf90</NAME>
<NP>1</NP>
<WORKDIR>./f90/ext</WORKDIR>
<STATUS>pass</STATUS>
</MPITEST>
<MPITEST>
<NAME>allocmemf90</NAME>
<NP>1</NP>
<WORKDIR>./f90/ext</WORKDIR>
<STATUS>pass</STATUS>
</MPITEST>
<MPITEST>
<NAME>infotestf90</NAME>
<NP>1</NP>
<WORKDIR>./f90/info</WORKDIR>
<STATUS>pass</STATUS>
</MPITEST>
<MPITEST>
<NAME>infotest2f90</NAME>
<NP>1</NP>
<WORKDIR>./f90/info</WORKDIR>
<STATUS>pass</STATUS>
</MPITEST>
<MPITEST>
<NAME>baseenvf90</NAME>
<NP>1</NP>
<WORKDIR>./f90/init</WORKDIR>
<STATUS>pass</STATUS>
</MPITEST>
<MPITEST>
<NAME>iwriteatf90</NAME>
<NP>4</NP>
<WORKDIR>./f90/io</WORKDIR>
<STATUS>pass</STATUS>
</MPITEST>
<MPITEST>
<NAME>iwritef90</NAME>
<NP>4</NP>
<WORKDIR>./f90/io</WORKDIR>
<STATUS>pass</STATUS>
</MPITEST>
<MPITEST>
<NAME>iwriteshf90</NAME>
<NP>4</NP>
<WORKDIR>./f90/io</WORKDIR>
<STATUS>pass</STATUS>
</MPITEST>
<MPITEST>
<NAME>writef90</NAME>
<NP>4</NP>
<WORKDIR>./f90/io</WORKDIR>
<STATUS>pass</STATUS>
</MPITEST>
<MPITEST>
<NAME>writeatf90</NAME>
<NP>4</NP>
<WORKDIR>./f90/io</WORKDIR>
<STATUS>pass</STATUS>
</MPITEST>
<MPITEST>
<NAME>writeallf90</NAME>
<NP>4</NP>
<WORKDIR>./f90/io</WORKDIR>
<STATUS>pass</STATUS>
</MPITEST>
<MPITEST>
<NAME>writeshf90</NAME>
<NP>4</NP>
<WORKDIR>./f90/io</WORKDIR>
<STATUS>pass</STATUS>
</MPITEST>
<MPITEST>
<NAME>writeordf90</NAME>
<NP>4</NP>
<WORKDIR>./f90/io</WORKDIR>
<STATUS>pass</STATUS>
</MPITEST>
<MPITEST>
<NAME>writeatallf90</NAME>
<NP>4</NP>
<WORKDIR>./f90/io</WORKDIR>
<STATUS>pass</STATUS>
</MPITEST>
<MPITEST>
<NAME>writeatallbef90</NAME>
<NP>4</NP>
<WORKDIR>./f90/io</WORKDIR>
<STATUS>pass</STATUS>
</MPITEST>
<MPITEST>
<NAME>writeallbef90</NAME>
<NP>4</NP>
<WORKDIR>./f90/io</WORKDIR>
<STATUS>pass</STATUS>
</MPITEST>
<MPITEST>
<NAME>writeordbef90</NAME>
<NP>4</NP>
<WORKDIR>./f90/io</WORKDIR>
<STATUS>pass</STATUS>
</MPITEST>
<MPITEST>
<NAME>fileerrf90</NAME>
<NP>1</NP>
<WORKDIR>./f90/io</WORKDIR>
<STATUS>pass</STATUS>
</MPITEST>
<MPITEST>
<NAME>fileinfof90</NAME>
<NP>3</NP>
<WORKDIR>./f90/io</WORKDIR>
<STATUS>pass</STATUS>
</MPITEST>
<MPITEST>
<NAME>shpositionf90</NAME>
<NP>4</NP>
<WORKDIR>./f90/io</WORKDIR>
<STATUS>pass</STATUS>
</MPITEST>
<MPITEST>
<NAME>atomicityf90</NAME>
<NP>8</NP>
<WORKDIR>./f90/io</WORKDIR>
<STATUS>pass</STATUS>
</MPITEST>
<MPITEST>
<NAME>miscfilef90</NAME>
<NP>4</NP>
<WORKDIR>./f90/io</WORKDIR>
<STATUS>pass</STATUS>
</MPITEST>
<MPITEST>
<NAME>setviewcurf90</NAME>
<NP>4</NP>
<WORKDIR>./f90/io</WORKDIR>
<STATUS>pass</STATUS>
</MPITEST>
<MPITEST>
<NAME>c2f2ciof90</NAME>
<NP>1</NP>
<WORKDIR>./f90/io</WORKDIR>
<STATUS>pass</STATUS>
</MPITEST>
<MPITEST>
<NAME>c2f90multio</NAME>
<NP>1</NP>
<WORKDIR>./f90/io</WORKDIR>
<STATUS>pass</STATUS>
</MPITEST>
<MPITEST>
<NAME>sizeof2</NAME>
<NP>1</NP>
<WORKDIR>./f90/misc</WORKDIR>
<STATUS>pass</STATUS>
</MPITEST>
<MPITEST>
<NAME>statusesf90</NAME>
<NP>1</NP>
<WORKDIR>./f90/pt2pt</WORKDIR>
<STATUS>pass</STATUS>
</MPITEST>
<MPITEST>
<NAME>greqf90</NAME>
<NP>1</NP>
<WORKDIR>./f90/pt2pt</WORKDIR>
<STATUS>pass</STATUS>
</MPITEST>
<MPITEST>
<NAME>allpairf90</NAME>
<NP>2</NP>
<WORKDIR>./f90/pt2pt</WORKDIR>
<STATUS>pass</STATUS>
</MPITEST>
<MPITEST>
<NAME>mprobef90</NAME>
<NP>2</NP>
<WORKDIR>./f90/pt2pt</WORKDIR>
<STATUS>pass</STATUS>
</MPITEST>
<MPITEST>
<NAME>typenamef90</NAME>
<NP>1</NP>
<WORKDIR>./f90/datatype</WORKDIR>
<STATUS>pass</STATUS>
</MPITEST>
<MPITEST>
<NAME>typename3f90</NAME>
<NP>1</NP>
<WORKDIR>./f90/datatype</WORKDIR>
<STATUS>pass</STATUS>
</MPITEST>
<MPITEST>
<NAME>typesnamef90</NAME>
<NP>1</NP>
<WORKDIR>./f90/datatype</WORKDIR>
<STATUS>pass</STATUS>
</MPITEST>
<MPITEST>
<NAME>typecntsf90</NAME>
<NP>1</NP>
<WORKDIR>./f90/datatype</WORKDIR>
<STATUS>pass</STATUS>
</MPITEST>
<MPITEST>
<NAME>typem2f90</NAME>
<NP>1</NP>
<WORKDIR>./f90/datatype</WORKDIR>
<STATUS>pass</STATUS>
</MPITEST>
<MPITEST>
<NAME>typesubf90</NAME>
<NP>1</NP>
<WORKDIR>./f90/datatype</WORKDIR>
<STATUS>pass</STATUS>
</MPITEST>
<MPITEST>
<NAME>packef90</NAME>
<NP>1</NP>
<WORKDIR>./f90/datatype</WORKDIR>
<STATUS>pass</STATUS>
</MPITEST>
<MPITEST>
<NAME>gaddressf90</NAME>
<NP>1</NP>
<WORKDIR>./f90/datatype</WORKDIR>
<STATUS>pass</STATUS>
</MPITEST>
<MPITEST>
<NAME>allctypesf90</NAME>
<NP>1</NP>
<WORKDIR>./f90/datatype</WORKDIR>
<STATUS>pass</STATUS>
</MPITEST>
<MPITEST>
<NAME>hindex1f90</NAME>
<NP>1</NP>
<WORKDIR>./f90/datatype</WORKDIR>
<STATUS>pass</STATUS>
</MPITEST>
<MPITEST>
<NAME>hindexed_blockf90</NAME>
<NP>1</NP>
<WORKDIR>./f90/datatype</WORKDIR>
<STATUS>pass</STATUS>
</MPITEST>
<MPITEST>
<NAME>structf</NAME>
<NP>2</NP>
<WORKDIR>./f90/datatype</WORKDIR>
<STATUS>pass</STATUS>
</MPITEST>
<MPITEST>
<NAME>indtype</NAME>
<NP>2</NP>
<WORKDIR>./f90/datatype</WORKDIR>
<STATUS>pass</STATUS>
</MPITEST>
<MPITEST>
<NAME>createf90</NAME>
<NP>1</NP>
<WORKDIR>./f90/datatype</WORKDIR>
<STATUS>pass</STATUS>
</MPITEST>
<MPITEST>
<NAME>sizeof</NAME>
<NP>1</NP>
<WORKDIR>./f90/datatype</WORKDIR>
<STATUS>pass</STATUS>
</MPITEST>
<MPITEST>
<NAME>kinds</NAME>
<NP>2</NP>
<WORKDIR>./f90/datatype</WORKDIR>
<STATUS>pass</STATUS>
</MPITEST>
<MPITEST>
<NAME>trf90</NAME>
<NP>1</NP>
<WORKDIR>./f90/datatype</WORKDIR>
<STATUS>pass</STATUS>
</MPITEST>
<MPITEST>
<NAME>get_elem_d</NAME>
<NP>2</NP>
<WORKDIR>./f90/datatype</WORKDIR>
<STATUS>pass</STATUS>
</MPITEST>
<MPITEST>
<NAME>get_elem_u</NAME>
<NP>2</NP>
<WORKDIR>./f90/datatype</WORKDIR>
<STATUS>pass</STATUS>
</MPITEST>
<MPITEST>
<NAME>createf90types</NAME>
<NP>1</NP>
<WORKDIR>./f90/f90types</WORKDIR>
<STATUS>pass</STATUS>
</MPITEST>
<MPITEST>
<NAME>createf90types</NAME>
<NP>1</NP>
<WORKDIR>./f90/f90types</WORKDIR>
<STATUS>pass</STATUS>
</MPITEST>
<MPITEST>
<NAME>winscale1f90</NAME>
<NP>4</NP>
<WORKDIR>./f90/rma</WORKDIR>
<STATUS>fail</STATUS>
<TESTDIFF>

Program received signal SIGSEGV: Segmentation fault - invalid memory reference.

Backtrace for this error:
#0  0x7F950A1D9037
#1  0x7F950A1D9604
#2  0x3E6AC35C1F
#3  0x7F950A4E2445
#4  0x7F950ABBFC73
#5  0x7F950AC542CF
#6  0x7F950ABB38E9
#7  0x4015E0 in MAIN__ at winscale1f90.f90:?

Program received signal SIGSEGV: Segmentation fault - invalid memory reference.

Backtrace for this error:
#0  0x7FF518A4D037
#1  0x7FF518A4D604
#2  0x3E6AC35C1F
#3  0x7FF518D56445
#4  0x7FF519433C73
#5  0x7FF5194C82CF
#6  0x7FF5194278E9
#7  0x401641 in MAIN__ at winscale1f90.f90:?
</TESTDIFF>
</MPITEST>
<MPITEST>
<NAME>winfencef90</NAME>
<NP>4</NP>
<WORKDIR>./f90/rma</WORKDIR>
<STATUS>fail</STATUS>
<TESTDIFF>

Program received signal SIGSEGV: Segmentation fault - invalid memory reference.

Backtrace for this error:

Program received signal SIGSEGV: Segmentation fault - invalid memory reference.

Backtrace for this error:
#0  0x7F8F7FF64037
#1  0x7F8F7FF64604
#2  0x3E6AC35C1F
#3  0x7F8F8026D445
#4  0x7F8F8094AC73
#5  0x7F8F809DF2CF
#6  0x7F8F8093E8E9
#7  0x401302 in MAIN__ at winfencef90.f90:?
</TESTDIFF>
</MPITEST>
<MPITEST>
<NAME>wingetf90</NAME>
<NP>5</NP>
<WORKDIR>./f90/rma</WORKDIR>
<STATUS>fail</STATUS>
<TESTDIFF>

Program received signal SIGSEGV: Segmentation fault - invalid memory reference.

Backtrace for this error:
#0  0x7FF01DE60037
#1  0x7FF01DE60604
#2  0x3E6AC35C1F
#3  0x7FF01E16CE7B
#4  0x7FF01E168CEC
#5  0x7FF01E8467C6
#6  0x7FF01E8DA1BF
#7  0x7FF01E83A8A9
#8  0x401305 in MAIN__ at wingetf90.f90:?

Program received signal SIGSEGV: Segmentation fault - invalid memory reference.

Backtrace for this error:
#0  0x7F19D31F1037
#1  0x7F19D31F1604
#2  0x3E6AC35C1F
#3  0x7F19D34FDE7B
#4  0x7F19D34F9CEC
#5  0x7F19D3BD77C6
#6  0x7F19D3C6B1BF
#7  0x7F19D3BCB8A9
#8  0x401362 in MAIN__ at wingetf90.f90:?
</TESTDIFF>
</MPITEST>
<MPITEST>
<NAME>winscale2f90</NAME>
<NP>4</NP>
<WORKDIR>./f90/rma</WORKDIR>
<STATUS>fail</STATUS>
<TESTDIFF>

Program received signal SIGSEGV: Segmentation fault - invalid memory reference.

Backtrace for this error:
#0  0x7F3790665037
#1  0x7F3790665604
#2  0x3E6AC35C1F
#3  0x7F379096E445
#4  0x7F379104BC73
#5  0x7F37910E02CF
#6  0x7F379103F8E9
#7  0x4015E0 in MAIN__ at winscale2f90.f90:?

Program received signal SIGSEGV: Segmentation fault - invalid memory reference.

Backtrace for this error:
#0  0x7F71E4EAE037
#1  0x7F71E4EAE604
#2  0x3E6AC35C1F
#3  0x7F71E51B7445
#4  0x7F71E5894C73
#5  0x7F71E59292CF
#6  0x7F71E58888E9
#7  0x401641 in MAIN__ at winscale2f90.f90:?
</TESTDIFF>
</MPITEST>
<MPITEST>
<NAME>winerrf90</NAME>
<NP>1</NP>
<WORKDIR>./f90/rma</WORKDIR>
<STATUS>pass</STATUS>
</MPITEST>
<MPITEST>
<NAME>winnamef90</NAME>
<NP>1</NP>
<WORKDIR>./f90/rma</WORKDIR>
<STATUS>pass</STATUS>
</MPITEST>
<MPITEST>
<NAME>wingroupf90</NAME>
<NP>4</NP>
<WORKDIR>./f90/rma</WORKDIR>
<STATUS>pass</STATUS>
</MPITEST>
<MPITEST>
<NAME>winaccf90</NAME>
<NP>4</NP>
<WORKDIR>./f90/rma</WORKDIR>
<STATUS>fail</STATUS>
<TESTDIFF>

Program received signal SIGSEGV: Segmentation fault - invalid memory reference.

Backtrace for this error:
#0  0x7F49CFDCE037
#1  0x7F49CFDCE604
#2  0x3E6AC35C1F
#3  0x7F49D00D7445
#4  0x7F49D07B3C7B
#5  0x7F49D084704F
#6  0x7F49D07A8864
#7  0x40131B in MAIN__ at winaccf90.f90:?

Program received signal SIGSEGV: Segmentation fault - invalid memory reference.

Backtrace for this error:
#0  0x7FAF288D5037
#1  0x7FAF288D5604
#2  0x3E6AC35C1F
#3  0x7FAF28BDE445
#4  0x7FAF292BAC7B
#5  0x7FAF2934E04F
#6  0x7FAF292AF864
#7  0x401385 in MAIN__ at winaccf90.f90:?
</TESTDIFF>
</MPITEST>
<MPITEST>
<NAME>c2f2cwinf90</NAME>
<NP>1</NP>
<WORKDIR>./f90/rma</WORKDIR>
<STATUS>pass</STATUS>
</MPITEST>
<MPITEST>
<NAME>baseattrwinf90</NAME>
<NP>1</NP>
<WORKDIR>./f90/rma</WORKDIR>
<STATUS>pass</STATUS>
</MPITEST>
<MPITEST>
<NAME>winattrf90</NAME>
<NP>1</NP>
<WORKDIR>./f90/rma</WORKDIR>
<STATUS>pass</STATUS>
</MPITEST>
<MPITEST>
<NAME>winattr2f90</NAME>
<NP>1</NP>
<WORKDIR>./f90/rma</WORKDIR>
<STATUS>pass</STATUS>
</MPITEST>
<MPITEST>
<NAME>namepubf90</NAME>
<NP>2</NP>
<WORKDIR>./f90/spawn</WORKDIR>
<STATUS>pass</STATUS>
</MPITEST>
<MPITEST>
<NAME>spawnf90</NAME>
<NP>1</NP>
<WORKDIR>./f90/spawn</WORKDIR>
<STATUS>fail</STATUS>
<TESTDIFF>
getHostbyNodeID: getting node info for nodeID '27387' failed, errno:0 ret:0
</TESTDIFF>
</MPITEST>
<MPITEST>
<NAME>spawnargvf90</NAME>
<NP>1</NP>
<WORKDIR>./f90/spawn</WORKDIR>
<STATUS>fail</STATUS>
<TESTDIFF>
handlePMIclientMsg(r0): invalid pmi cmd received, msg was 'argcnt=5
preput_num=1
preput_key_0=PARENT_ROOT_PORT_NAME
preput_val_0=192.168.254.21:40956
info_num=0
endcmd
'
[cli_0]: got unexpected response to spawn ::
do_send(r0): got error 9 on pmi socket: Bad file descriptor
do_send(r0): got error 9 on pmi socket: Bad file descriptor
do_send(r0): got error 9 on pmi socket: Bad file descriptor
do_send(r0): got error 9 on pmi socket: Bad file descriptor
do_send(r0): got error 9 on pmi socket: Bad file descriptor
__PMI_send(r0): failed sending cmd=spawn_result rc=-1
 from tryPMISpawn:1160
spawnargvf90: /home/hauke/repo/psmpi2/mpich2/src/mpid/psp/src/mpid_port.c:887: MPID_Comm_spawn_multiple: Assertion `ret == 0' failed.

Program received signal SIGABRT: Process abort signal.

Backtrace for this error:
</TESTDIFF>
</MPITEST>
<MPITEST>
<NAME>connaccf90</NAME>
<NP>2</NP>
<WORKDIR>./f90/spawn</WORKDIR>
<STATUS>fail</STATUS>
<TESTDIFF>
rma2_open(): librma2.so is only a dummy for the buildbot!
  No Errors
</TESTDIFF>
</MPITEST>
<MPITEST>
<NAME>spawnmultf90</NAME>
<NP>1</NP>
<WORKDIR>./f90/spawn</WORKDIR>
<STATUS>fail</STATUS>
<TESTDIFF>
checkSpawnCompatibility(r0): unsupported spawn multiple request
spawnmultf90: /home/hauke/repo/psmpi2/mpich2/src/mpid/psp/src/mpid_port.c:887: MPID_Comm_spawn_multiple: Assertion `ret == 0' failed.

Program received signal SIGABRT: Process abort signal.

Backtrace for this error:
#0  0x7F2869C21037
#1  0x7F2869C21604
#2  0x3E6AC35C1F
#3  0x3E6AC35BA5
#4  0x3E6AC37357
#5  0x3E6AC2E971
#6  0x3E6AC2EA21
#7  0x7F286A60578E
#8  0x7F286A6A36AC
#9  0x7F286A5FB350
#10  0x4012C8 in MAIN__ at spawnmultf90.f90:?
</TESTDIFF>
</MPITEST>
<MPITEST>
<NAME>spawnmult2f90</NAME>
<NP>2</NP>
<WORKDIR>./f90/spawn</WORKDIR>
<STATUS>fail</STATUS>
<TESTDIFF>
checkSpawnCompatibility(r0): unsupported spawn multiple request
spawnmult2f90: /home/hauke/repo/psmpi2/mpich2/src/mpid/psp/src/mpid_port.c:887: MPID_Comm_spawn_multiple: Assertion `ret == 0' failed.

Program received signal SIGABRT: Process abort signal.

Backtrace for this error:
#0  0x7F9147E88037
#1  0x7F9147E88604
#2  0x3E6AC35C1F
#3  0x3E6AC35BA5
#4  0x3E6AC37357
#5  0x3E6AC2E971
#6  0x3E6AC2EA21
#7  0x7F914886C78E
#8  0x7F914890A6AC
#9  0x7F9148862350
#10  0x401218 in MAIN__ at spawnmult2f90.f90:?
</TESTDIFF>
</MPITEST>
<MPITEST>
<NAME>spawnargvf03</NAME>
<NP>1</NP>
<WORKDIR>./f90/spawn</WORKDIR>
<STATUS>fail</STATUS>
<TESTDIFF>
getHostbyNodeID: getting node info for nodeID '27387' failed, errno:0 ret:0
</TESTDIFF>
</MPITEST>
<MPITEST>
<NAME>spawnmultf03</NAME>
<NP>1</NP>
<WORKDIR>./f90/spawn</WORKDIR>
<STATUS>fail</STATUS>
<TESTDIFF>
checkSpawnCompatibility(r0): unsupported spawn multiple request
spawnmultf03: /home/hauke/repo/psmpi2/mpich2/src/mpid/psp/src/mpid_port.c:887: MPID_Comm_spawn_multiple: Assertion `ret == 0' failed.

Program received signal SIGABRT: Process abort signal.

Backtrace for this error:
#0  0x7F076BFD2037
#1  0x7F076BFD2604
#2  0x3E6AC35C1F
#3  0x3E6AC35BA5
#4  0x3E6AC37357
#5  0x3E6AC2E971
#6  0x3E6AC2EA21
#7  0x7F076C9B678E
#8  0x7F076CA546AC
#9  0x7F076C9AC350
#10  0x4012D8 in MAIN__ at spawnmultf03.f90:?
</TESTDIFF>
</MPITEST>
<MPITEST>
<NAME>wtimef90</NAME>
<NP>1</NP>
<WORKDIR>./f90/timer</WORKDIR>
<STATUS>pass</STATUS>
</MPITEST>
<MPITEST>
<NAME>cartcrf90</NAME>
<NP>4</NP>
<WORKDIR>./f90/topo</WORKDIR>
<STATUS>pass</STATUS>
</MPITEST>
<MPITEST>
<NAME>dgraph_wgtf90</NAME>
<NP>4</NP>
<WORKDIR>./f90/topo</WORKDIR>
<STATUS>pass</STATUS>
</MPITEST>
<MPITEST>
<NAME>dgraph_unwgtf90</NAME>
<NP>4</NP>
<WORKDIR>./f90/topo</WORKDIR>
<STATUS>pass</STATUS>
</MPITEST>
