<?xml version='1.0' ?>
<?xml-stylesheet href="TestResults.xsl" type="text/xsl" ?>
<MPITESTRESULTS>
<DATE>2012-11-20-10-26</DATE>
<MPISOURCE></MPISOURCE>
<MPITEST>
<NAME>attrt</NAME>
<NP>2</NP>
<WORKDIR>./attr</WORKDIR>
<STATUS>pass</STATUS>
</MPITEST>
<MPITEST>
<NAME>attric</NAME>
<NP>4</NP>
<WORKDIR>./attr</WORKDIR>
<STATUS>pass</STATUS>
</MPITEST>
<MPITEST>
<NAME>attrerr</NAME>
<NP>1</NP>
<WORKDIR>./attr</WORKDIR>
<STATUS>pass</STATUS>
</MPITEST>
<MPITEST>
<NAME>attrend</NAME>
<NP>1</NP>
<WORKDIR>./attr</WORKDIR>
<STATUS>pass</STATUS>
</MPITEST>
<MPITEST>
<NAME>attrend</NAME>
<NP>4</NP>
<WORKDIR>./attr</WORKDIR>
<STATUS>pass</STATUS>
</MPITEST>
<MPITEST>
<NAME>attrend2</NAME>
<NP>1</NP>
<WORKDIR>./attr</WORKDIR>
<STATUS>pass</STATUS>
</MPITEST>
<MPITEST>
<NAME>attrend2</NAME>
<NP>5</NP>
<WORKDIR>./attr</WORKDIR>
<STATUS>pass</STATUS>
</MPITEST>
<MPITEST>
<NAME>attrerrcomm</NAME>
<NP>1</NP>
<WORKDIR>./attr</WORKDIR>
<STATUS>pass</STATUS>
</MPITEST>
<MPITEST>
<NAME>attrerrtype</NAME>
<NP>1</NP>
<WORKDIR>./attr</WORKDIR>
<STATUS>pass</STATUS>
</MPITEST>
<MPITEST>
<NAME>attr2type</NAME>
<NP>1</NP>
<WORKDIR>./attr</WORKDIR>
<STATUS>pass</STATUS>
</MPITEST>
<MPITEST>
<NAME>attrorder</NAME>
<NP>1</NP>
<WORKDIR>./attr</WORKDIR>
<STATUS>pass</STATUS>
</MPITEST>
<MPITEST>
<NAME>attrordercomm</NAME>
<NP>1</NP>
<WORKDIR>./attr</WORKDIR>
<STATUS>pass</STATUS>
</MPITEST>
<MPITEST>
<NAME>attrordertype</NAME>
<NP>1</NP>
<WORKDIR>./attr</WORKDIR>
<STATUS>pass</STATUS>
</MPITEST>
<MPITEST>
<NAME>baseattr2</NAME>
<NP>1</NP>
<WORKDIR>./attr</WORKDIR>
<STATUS>pass</STATUS>
</MPITEST>
<MPITEST>
<NAME>baseattrcomm</NAME>
<NP>1</NP>
<WORKDIR>./attr</WORKDIR>
<STATUS>pass</STATUS>
</MPITEST>
<MPITEST>
<NAME>fkeyval</NAME>
<NP>1</NP>
<WORKDIR>./attr</WORKDIR>
<STATUS>pass</STATUS>
</MPITEST>
<MPITEST>
<NAME>fkeyvalcomm</NAME>
<NP>1</NP>
<WORKDIR>./attr</WORKDIR>
<STATUS>pass</STATUS>
</MPITEST>
<MPITEST>
<NAME>fkeyvaltype</NAME>
<NP>1</NP>
<WORKDIR>./attr</WORKDIR>
<STATUS>pass</STATUS>
</MPITEST>
<MPITEST>
<NAME>keyval_double_free</NAME>
<NP>1</NP>
<WORKDIR>./attr</WORKDIR>
<STATUS>pass</STATUS>
</MPITEST>
<MPITEST>
<NAME>allred</NAME>
<NP>4</NP>
<WORKDIR>./coll</WORKDIR>
<STATUS>pass</STATUS>
</MPITEST>
<MPITEST>
<NAME>allred</NAME>
<NP>7</NP>
<WORKDIR>./coll</WORKDIR>
<STATUS>pass</STATUS>
</MPITEST>
<MPITEST>
<NAME>allred</NAME>
<NP>4</NP>
<WORKDIR>./coll</WORKDIR>
<STATUS>pass</STATUS>
</MPITEST>
<MPITEST>
<NAME>allredmany</NAME>
<NP>4</NP>
<WORKDIR>./coll</WORKDIR>
<STATUS>pass</STATUS>
</MPITEST>
<MPITEST>
<NAME>allred2</NAME>
<NP>4</NP>
<WORKDIR>./coll</WORKDIR>
<STATUS>pass</STATUS>
</MPITEST>
<MPITEST>
<NAME>allred3</NAME>
<NP>10</NP>
<WORKDIR>./coll</WORKDIR>
<STATUS>pass</STATUS>
</MPITEST>
<MPITEST>
<NAME>allred4</NAME>
<NP>4</NP>
<WORKDIR>./coll</WORKDIR>
<STATUS>pass</STATUS>
</MPITEST>
<MPITEST>
<NAME>allred5</NAME>
<NP>5</NP>
<WORKDIR>./coll</WORKDIR>
<STATUS>pass</STATUS>
</MPITEST>
<MPITEST>
<NAME>allred5</NAME>
<NP>10</NP>
<WORKDIR>./coll</WORKDIR>
<STATUS>pass</STATUS>
</MPITEST>
<MPITEST>
<NAME>reduce</NAME>
<NP>5</NP>
<WORKDIR>./coll</WORKDIR>
<STATUS>pass</STATUS>
</MPITEST>
<MPITEST>
<NAME>reduce</NAME>
<NP>10</NP>
<WORKDIR>./coll</WORKDIR>
<STATUS>pass</STATUS>
</MPITEST>
<MPITEST>
<NAME>reduce_local</NAME>
<NP>2</NP>
<WORKDIR>./coll</WORKDIR>
<STATUS>pass</STATUS>
</MPITEST>
<MPITEST>
<NAME>op_commutative</NAME>
<NP>2</NP>
<WORKDIR>./coll</WORKDIR>
<STATUS>pass</STATUS>
</MPITEST>
<MPITEST>
<NAME>red3</NAME>
<NP>10</NP>
<WORKDIR>./coll</WORKDIR>
<STATUS>pass</STATUS>
</MPITEST>
<MPITEST>
<NAME>red4</NAME>
<NP>10</NP>
<WORKDIR>./coll</WORKDIR>
<STATUS>pass</STATUS>
</MPITEST>
<MPITEST>
<NAME>alltoall1</NAME>
<NP>8</NP>
<WORKDIR>./coll</WORKDIR>
<STATUS>pass</STATUS>
</MPITEST>
<MPITEST>
<NAME>alltoallv</NAME>
<NP>10</NP>
<WORKDIR>./coll</WORKDIR>
<STATUS>pass</STATUS>
</MPITEST>
<MPITEST>
<NAME>alltoallv0</NAME>
<NP>10</NP>
<WORKDIR>./coll</WORKDIR>
<STATUS>pass</STATUS>
</MPITEST>
<MPITEST>
<NAME>alltoallw1</NAME>
<NP>10</NP>
<WORKDIR>./coll</WORKDIR>
<STATUS>pass</STATUS>
</MPITEST>
<MPITEST>
<NAME>alltoallw2</NAME>
<NP>10</NP>
<WORKDIR>./coll</WORKDIR>
<STATUS>pass</STATUS>
</MPITEST>
<MPITEST>
<NAME>alltoallw_zeros</NAME>
<NP>1</NP>
<WORKDIR>./coll</WORKDIR>
<STATUS>pass</STATUS>
</MPITEST>
<MPITEST>
<NAME>alltoallw_zeros</NAME>
<NP>2</NP>
<WORKDIR>./coll</WORKDIR>
<STATUS>pass</STATUS>
</MPITEST>
<MPITEST>
<NAME>alltoallw_zeros</NAME>
<NP>5</NP>
<WORKDIR>./coll</WORKDIR>
<STATUS>pass</STATUS>
</MPITEST>
<MPITEST>
<NAME>alltoallw_zeros</NAME>
<NP>8</NP>
<WORKDIR>./coll</WORKDIR>
<STATUS>pass</STATUS>
</MPITEST>
<MPITEST>
<NAME>allgather2</NAME>
<NP>10</NP>
<WORKDIR>./coll</WORKDIR>
<STATUS>pass</STATUS>
</MPITEST>
<MPITEST>
<NAME>allgather3</NAME>
<NP>10</NP>
<WORKDIR>./coll</WORKDIR>
<STATUS>pass</STATUS>
</MPITEST>
<MPITEST>
<NAME>allgatherv2</NAME>
<NP>10</NP>
<WORKDIR>./coll</WORKDIR>
<STATUS>pass</STATUS>
</MPITEST>
<MPITEST>
<NAME>allgatherv3</NAME>
<NP>10</NP>
<WORKDIR>./coll</WORKDIR>
<STATUS>pass</STATUS>
</MPITEST>
<MPITEST>
<NAME>allgatherv4</NAME>
<NP>4</NP>
<WORKDIR>./coll</WORKDIR>
<STATUS>pass</STATUS>
</MPITEST>
<MPITEST>
<NAME>bcasttest</NAME>
<NP>4</NP>
<WORKDIR>./coll</WORKDIR>
<STATUS>pass</STATUS>
</MPITEST>
<MPITEST>
<NAME>bcasttest</NAME>
<NP>8</NP>
<WORKDIR>./coll</WORKDIR>
<STATUS>pass</STATUS>
</MPITEST>
<MPITEST>
<NAME>bcasttest</NAME>
<NP>10</NP>
<WORKDIR>./coll</WORKDIR>
<STATUS>pass</STATUS>
</MPITEST>
<MPITEST>
<NAME>bcast2</NAME>
<NP>4</NP>
<WORKDIR>./coll</WORKDIR>
<STATUS>pass</STATUS>
</MPITEST>
<MPITEST>
<NAME>bcast2</NAME>
<NP>10</NP>
<WORKDIR>./coll</WORKDIR>
<STATUS>pass</STATUS>
</MPITEST>
<MPITEST>
<NAME>bcast3</NAME>
<NP>10</NP>
<WORKDIR>./coll</WORKDIR>
<STATUS>pass</STATUS>
</MPITEST>
<MPITEST>
<NAME>coll2</NAME>
<NP>5</NP>
<WORKDIR>./coll</WORKDIR>
<STATUS>pass</STATUS>
</MPITEST>
<MPITEST>
<NAME>coll3</NAME>
<NP>5</NP>
<WORKDIR>./coll</WORKDIR>
<STATUS>pass</STATUS>
</MPITEST>
<MPITEST>
<NAME>coll4</NAME>
<NP>4</NP>
<WORKDIR>./coll</WORKDIR>
<STATUS>pass</STATUS>
</MPITEST>
<MPITEST>
<NAME>coll5</NAME>
<NP>4</NP>
<WORKDIR>./coll</WORKDIR>
<STATUS>pass</STATUS>
</MPITEST>
<MPITEST>
<NAME>coll6</NAME>
<NP>5</NP>
<WORKDIR>./coll</WORKDIR>
<STATUS>pass</STATUS>
</MPITEST>
<MPITEST>
<NAME>coll7</NAME>
<NP>1</NP>
<WORKDIR>./coll</WORKDIR>
<STATUS>pass</STATUS>
</MPITEST>
<MPITEST>
<NAME>coll7</NAME>
<NP>2</NP>
<WORKDIR>./coll</WORKDIR>
<STATUS>pass</STATUS>
</MPITEST>
<MPITEST>
<NAME>coll7</NAME>
<NP>5</NP>
<WORKDIR>./coll</WORKDIR>
<STATUS>pass</STATUS>
</MPITEST>
<MPITEST>
<NAME>coll8</NAME>
<NP>4</NP>
<WORKDIR>./coll</WORKDIR>
<STATUS>pass</STATUS>
</MPITEST>
<MPITEST>
<NAME>coll9</NAME>
<NP>4</NP>
<WORKDIR>./coll</WORKDIR>
<STATUS>pass</STATUS>
</MPITEST>
<MPITEST>
<NAME>coll10</NAME>
<NP>4</NP>
<WORKDIR>./coll</WORKDIR>
<STATUS>pass</STATUS>
</MPITEST>
<MPITEST>
<NAME>coll11</NAME>
<NP>4</NP>
<WORKDIR>./coll</WORKDIR>
<STATUS>pass</STATUS>
</MPITEST>
<MPITEST>
<NAME>coll12</NAME>
<NP>4</NP>
<WORKDIR>./coll</WORKDIR>
<STATUS>pass</STATUS>
</MPITEST>
<MPITEST>
<NAME>coll13</NAME>
<NP>4</NP>
<WORKDIR>./coll</WORKDIR>
<STATUS>pass</STATUS>
</MPITEST>
<MPITEST>
<NAME>longuser</NAME>
<NP>4</NP>
<WORKDIR>./coll</WORKDIR>
<STATUS>pass</STATUS>
</MPITEST>
<MPITEST>
<NAME>redscat</NAME>
<NP>4</NP>
<WORKDIR>./coll</WORKDIR>
<STATUS>pass</STATUS>
</MPITEST>
<MPITEST>
<NAME>redscat</NAME>
<NP>6</NP>
<WORKDIR>./coll</WORKDIR>
<STATUS>pass</STATUS>
</MPITEST>
<MPITEST>
<NAME>redscat2</NAME>
<NP>4</NP>
<WORKDIR>./coll</WORKDIR>
<STATUS>pass</STATUS>
</MPITEST>
<MPITEST>
<NAME>redscat2</NAME>
<NP>5</NP>
<WORKDIR>./coll</WORKDIR>
<STATUS>pass</STATUS>
</MPITEST>
<MPITEST>
<NAME>redscat2</NAME>
<NP>10</NP>
<WORKDIR>./coll</WORKDIR>
<STATUS>pass</STATUS>
</MPITEST>
<MPITEST>
<NAME>redscat3</NAME>
<NP>8</NP>
<WORKDIR>./coll</WORKDIR>
<STATUS>pass</STATUS>
</MPITEST>
<MPITEST>
<NAME>redscatinter</NAME>
<NP>8</NP>
<WORKDIR>./coll</WORKDIR>
<STATUS>pass</STATUS>
</MPITEST>
<MPITEST>
<NAME>red_scat_block</NAME>
<NP>4</NP>
<WORKDIR>./coll</WORKDIR>
<STATUS>pass</STATUS>
</MPITEST>
<MPITEST>
<NAME>red_scat_block</NAME>
<NP>5</NP>
<WORKDIR>./coll</WORKDIR>
<STATUS>pass</STATUS>
</MPITEST>
<MPITEST>
<NAME>red_scat_block</NAME>
<NP>8</NP>
<WORKDIR>./coll</WORKDIR>
<STATUS>pass</STATUS>
</MPITEST>
<MPITEST>
<NAME>red_scat_block2</NAME>
<NP>4</NP>
<WORKDIR>./coll</WORKDIR>
<STATUS>pass</STATUS>
</MPITEST>
<MPITEST>
<NAME>red_scat_block2</NAME>
<NP>5</NP>
<WORKDIR>./coll</WORKDIR>
<STATUS>pass</STATUS>
</MPITEST>
<MPITEST>
<NAME>red_scat_block2</NAME>
<NP>10</NP>
<WORKDIR>./coll</WORKDIR>
<STATUS>pass</STATUS>
</MPITEST>
<MPITEST>
<NAME>redscatblk3</NAME>
<NP>8</NP>
<WORKDIR>./coll</WORKDIR>
<STATUS>pass</STATUS>
</MPITEST>
<MPITEST>
<NAME>redscatblk3</NAME>
<NP>10</NP>
<WORKDIR>./coll</WORKDIR>
<STATUS>pass</STATUS>
</MPITEST>
<MPITEST>
<NAME>scantst</NAME>
<NP>4</NP>
<WORKDIR>./coll</WORKDIR>
<STATUS>pass</STATUS>
</MPITEST>
<MPITEST>
<NAME>exscan</NAME>
<NP>10</NP>
<WORKDIR>./coll</WORKDIR>
<STATUS>pass</STATUS>
</MPITEST>
<MPITEST>
<NAME>exscan2</NAME>
<NP>5</NP>
<WORKDIR>./coll</WORKDIR>
<STATUS>pass</STATUS>
</MPITEST>
<MPITEST>
<NAME>gather</NAME>
<NP>4</NP>
<WORKDIR>./coll</WORKDIR>
<STATUS>pass</STATUS>
</MPITEST>
<MPITEST>
<NAME>gather2</NAME>
<NP>4</NP>
<WORKDIR>./coll</WORKDIR>
<STATUS>pass</STATUS>
</MPITEST>
<MPITEST>
<NAME>scattern</NAME>
<NP>4</NP>
<WORKDIR>./coll</WORKDIR>
<STATUS>pass</STATUS>
</MPITEST>
<MPITEST>
<NAME>scatter2</NAME>
<NP>4</NP>
<WORKDIR>./coll</WORKDIR>
<STATUS>pass</STATUS>
</MPITEST>
<MPITEST>
<NAME>scatter3</NAME>
<NP>4</NP>
<WORKDIR>./coll</WORKDIR>
<STATUS>pass</STATUS>
</MPITEST>
<MPITEST>
<NAME>scatterv</NAME>
<NP>4</NP>
<WORKDIR>./coll</WORKDIR>
<STATUS>pass</STATUS>
</MPITEST>
<MPITEST>
<NAME>icbcast</NAME>
<NP>4</NP>
<WORKDIR>./coll</WORKDIR>
<STATUS>pass</STATUS>
</MPITEST>
<MPITEST>
<NAME>icbcast</NAME>
<NP>10</NP>
<WORKDIR>./coll</WORKDIR>
<STATUS>pass</STATUS>
</MPITEST>
<MPITEST>
<NAME>icallreduce</NAME>
<NP>5</NP>
<WORKDIR>./coll</WORKDIR>
<STATUS>pass</STATUS>
</MPITEST>
<MPITEST>
<NAME>icallreduce</NAME>
<NP>7</NP>
<WORKDIR>./coll</WORKDIR>
<STATUS>pass</STATUS>
</MPITEST>
<MPITEST>
<NAME>icreduce</NAME>
<NP>5</NP>
<WORKDIR>./coll</WORKDIR>
<STATUS>pass</STATUS>
</MPITEST>
<MPITEST>
<NAME>icreduce</NAME>
<NP>7</NP>
<WORKDIR>./coll</WORKDIR>
<STATUS>pass</STATUS>
</MPITEST>
<MPITEST>
<NAME>icscatter</NAME>
<NP>5</NP>
<WORKDIR>./coll</WORKDIR>
<STATUS>pass</STATUS>
</MPITEST>
<MPITEST>
<NAME>icscatter</NAME>
<NP>7</NP>
<WORKDIR>./coll</WORKDIR>
<STATUS>pass</STATUS>
</MPITEST>
<MPITEST>
<NAME>icgather</NAME>
<NP>5</NP>
<WORKDIR>./coll</WORKDIR>
<STATUS>pass</STATUS>
</MPITEST>
<MPITEST>
<NAME>icgather</NAME>
<NP>7</NP>
<WORKDIR>./coll</WORKDIR>
<STATUS>pass</STATUS>
</MPITEST>
<MPITEST>
<NAME>icallgather</NAME>
<NP>5</NP>
<WORKDIR>./coll</WORKDIR>
<STATUS>pass</STATUS>
</MPITEST>
<MPITEST>
<NAME>icallgather</NAME>
<NP>7</NP>
<WORKDIR>./coll</WORKDIR>
<STATUS>pass</STATUS>
</MPITEST>
<MPITEST>
<NAME>icbarrier</NAME>
<NP>5</NP>
<WORKDIR>./coll</WORKDIR>
<STATUS>pass</STATUS>
</MPITEST>
<MPITEST>
<NAME>icbarrier</NAME>
<NP>7</NP>
<WORKDIR>./coll</WORKDIR>
<STATUS>pass</STATUS>
</MPITEST>
<MPITEST>
<NAME>icallgatherv</NAME>
<NP>5</NP>
<WORKDIR>./coll</WORKDIR>
<STATUS>pass</STATUS>
</MPITEST>
<MPITEST>
<NAME>icallgatherv</NAME>
<NP>7</NP>
<WORKDIR>./coll</WORKDIR>
<STATUS>pass</STATUS>
</MPITEST>
<MPITEST>
<NAME>icgatherv</NAME>
<NP>5</NP>
<WORKDIR>./coll</WORKDIR>
<STATUS>pass</STATUS>
</MPITEST>
<MPITEST>
<NAME>icgatherv</NAME>
<NP>7</NP>
<WORKDIR>./coll</WORKDIR>
<STATUS>pass</STATUS>
</MPITEST>
<MPITEST>
<NAME>icscatterv</NAME>
<NP>5</NP>
<WORKDIR>./coll</WORKDIR>
<STATUS>pass</STATUS>
</MPITEST>
<MPITEST>
<NAME>icscatterv</NAME>
<NP>7</NP>
<WORKDIR>./coll</WORKDIR>
<STATUS>pass</STATUS>
</MPITEST>
<MPITEST>
<NAME>icalltoall</NAME>
<NP>5</NP>
<WORKDIR>./coll</WORKDIR>
<STATUS>pass</STATUS>
</MPITEST>
<MPITEST>
<NAME>icalltoall</NAME>
<NP>7</NP>
<WORKDIR>./coll</WORKDIR>
<STATUS>pass</STATUS>
</MPITEST>
<MPITEST>
<NAME>icalltoallv</NAME>
<NP>5</NP>
<WORKDIR>./coll</WORKDIR>
<STATUS>pass</STATUS>
</MPITEST>
<MPITEST>
<NAME>icalltoallv</NAME>
<NP>7</NP>
<WORKDIR>./coll</WORKDIR>
<STATUS>pass</STATUS>
</MPITEST>
<MPITEST>
<NAME>icalltoallw</NAME>
<NP>5</NP>
<WORKDIR>./coll</WORKDIR>
<STATUS>pass</STATUS>
</MPITEST>
<MPITEST>
<NAME>icalltoallw</NAME>
<NP>7</NP>
<WORKDIR>./coll</WORKDIR>
<STATUS>pass</STATUS>
</MPITEST>
<MPITEST>
<NAME>opland</NAME>
<NP>4</NP>
<WORKDIR>./coll</WORKDIR>
<STATUS>pass</STATUS>
</MPITEST>
<MPITEST>
<NAME>oplor</NAME>
<NP>4</NP>
<WORKDIR>./coll</WORKDIR>
<STATUS>pass</STATUS>
</MPITEST>
<MPITEST>
<NAME>oplxor</NAME>
<NP>4</NP>
<WORKDIR>./coll</WORKDIR>
<STATUS>pass</STATUS>
</MPITEST>
<MPITEST>
<NAME>oplxor</NAME>
<NP>5</NP>
<WORKDIR>./coll</WORKDIR>
<STATUS>pass</STATUS>
</MPITEST>
<MPITEST>
<NAME>opband</NAME>
<NP>4</NP>
<WORKDIR>./coll</WORKDIR>
<STATUS>pass</STATUS>
</MPITEST>
<MPITEST>
<NAME>opbor</NAME>
<NP>4</NP>
<WORKDIR>./coll</WORKDIR>
<STATUS>pass</STATUS>
</MPITEST>
<MPITEST>
<NAME>opbxor</NAME>
<NP>4</NP>
<WORKDIR>./coll</WORKDIR>
<STATUS>pass</STATUS>
</MPITEST>
<MPITEST>
<NAME>opbxor</NAME>
<NP>5</NP>
<WORKDIR>./coll</WORKDIR>
<STATUS>pass</STATUS>
</MPITEST>
<MPITEST>
<NAME>opprod</NAME>
<NP>5</NP>
<WORKDIR>./coll</WORKDIR>
<STATUS>pass</STATUS>
</MPITEST>
<MPITEST>
<NAME>opprod</NAME>
<NP>6</NP>
<WORKDIR>./coll</WORKDIR>
<STATUS>pass</STATUS>
</MPITEST>
<MPITEST>
<NAME>opsum</NAME>
<NP>4</NP>
<WORKDIR>./coll</WORKDIR>
<STATUS>pass</STATUS>
</MPITEST>
<MPITEST>
<NAME>opmin</NAME>
<NP>4</NP>
<WORKDIR>./coll</WORKDIR>
<STATUS>pass</STATUS>
</MPITEST>
<MPITEST>
<NAME>opminloc</NAME>
<NP>4</NP>
<WORKDIR>./coll</WORKDIR>
<STATUS>pass</STATUS>
</MPITEST>
<MPITEST>
<NAME>opmax</NAME>
<NP>5</NP>
<WORKDIR>./coll</WORKDIR>
<STATUS>pass</STATUS>
</MPITEST>
<MPITEST>
<NAME>opmaxloc</NAME>
<NP>5</NP>
<WORKDIR>./coll</WORKDIR>
<STATUS>pass</STATUS>
</MPITEST>
<MPITEST>
<NAME>dup</NAME>
<NP>2</NP>
<WORKDIR>./comm</WORKDIR>
<STATUS>pass</STATUS>
</MPITEST>
<MPITEST>
<NAME>dupic</NAME>
<NP>4</NP>
<WORKDIR>./comm</WORKDIR>
<STATUS>pass</STATUS>
</MPITEST>
<MPITEST>
<NAME>commcreate1</NAME>
<NP>8</NP>
<WORKDIR>./comm</WORKDIR>
<STATUS>pass</STATUS>
</MPITEST>
<MPITEST>
<NAME>commname</NAME>
<NP>4</NP>
<WORKDIR>./comm</WORKDIR>
<STATUS>pass</STATUS>
</MPITEST>
<MPITEST>
<NAME>ic1</NAME>
<NP>4</NP>
<WORKDIR>./comm</WORKDIR>
<STATUS>pass</STATUS>
</MPITEST>
<MPITEST>
<NAME>icgroup</NAME>
<NP>8</NP>
<WORKDIR>./comm</WORKDIR>
<STATUS>pass</STATUS>
</MPITEST>
<MPITEST>
<NAME>icm</NAME>
<NP>8</NP>
<WORKDIR>./comm</WORKDIR>
<STATUS>pass</STATUS>
</MPITEST>
<MPITEST>
<NAME>icsplit</NAME>
<NP>8</NP>
<WORKDIR>./comm</WORKDIR>
<STATUS>pass</STATUS>
</MPITEST>
<MPITEST>
<NAME>iccreate</NAME>
<NP>8</NP>
<WORKDIR>./comm</WORKDIR>
<STATUS>pass</STATUS>
</MPITEST>
<MPITEST>
<NAME>ctxalloc</NAME>
<NP>2</NP>
<WORKDIR>./comm</WORKDIR>
<STATUS>pass</STATUS>
</MPITEST>
<MPITEST>
<NAME>ctxsplit</NAME>
<NP>4</NP>
<WORKDIR>./comm</WORKDIR>
<STATUS>pass</STATUS>
</MPITEST>
<MPITEST>
<NAME>cmfree</NAME>
<NP>4</NP>
<WORKDIR>./comm</WORKDIR>
<STATUS>pass</STATUS>
</MPITEST>
<MPITEST>
<NAME>cmsplit</NAME>
<NP>4</NP>
<WORKDIR>./comm</WORKDIR>
<STATUS>pass</STATUS>
</MPITEST>
<MPITEST>
<NAME>cmsplit2</NAME>
<NP>12</NP>
<WORKDIR>./comm</WORKDIR>
<STATUS>pass</STATUS>
</MPITEST>
<MPITEST>
<NAME>probe-intercomm</NAME>
<NP>2</NP>
<WORKDIR>./comm</WORKDIR>
<STATUS>pass</STATUS>
</MPITEST>
<MPITEST>
<NAME>contents</NAME>
<NP>1</NP>
<WORKDIR>./datatype</WORKDIR>
<STATUS>pass</STATUS>
</MPITEST>
<MPITEST>
<NAME>gaddress</NAME>
<NP>1</NP>
<WORKDIR>./datatype</WORKDIR>
<STATUS>pass</STATUS>
</MPITEST>
<MPITEST>
<NAME>lbub</NAME>
<NP>1</NP>
<WORKDIR>./datatype</WORKDIR>
<STATUS>pass</STATUS>
</MPITEST>
<MPITEST>
<NAME>localpack</NAME>
<NP>1</NP>
<WORKDIR>./datatype</WORKDIR>
<STATUS>pass</STATUS>
</MPITEST>
<MPITEST>
<NAME>simple-pack</NAME>
<NP>1</NP>
<WORKDIR>./datatype</WORKDIR>
<STATUS>pass</STATUS>
</MPITEST>
<MPITEST>
<NAME>transpose-pack</NAME>
<NP>1</NP>
<WORKDIR>./datatype</WORKDIR>
<STATUS>pass</STATUS>
</MPITEST>
<MPITEST>
<NAME>slice-pack</NAME>
<NP>1</NP>
<WORKDIR>./datatype</WORKDIR>
<STATUS>pass</STATUS>
</MPITEST>
<MPITEST>
<NAME>struct-pack</NAME>
<NP>1</NP>
<WORKDIR>./datatype</WORKDIR>
<STATUS>pass</STATUS>
</MPITEST>
<MPITEST>
<NAME>typecommit</NAME>
<NP>1</NP>
<WORKDIR>./datatype</WORKDIR>
<STATUS>pass</STATUS>
</MPITEST>
<MPITEST>
<NAME>typename</NAME>
<NP>1</NP>
<WORKDIR>./datatype</WORKDIR>
<STATUS>pass</STATUS>
</MPITEST>
<MPITEST>
<NAME>typefree</NAME>
<NP>1</NP>
<WORKDIR>./datatype</WORKDIR>
<STATUS>pass</STATUS>
</MPITEST>
<MPITEST>
<NAME>zeroparms</NAME>
<NP>1</NP>
<WORKDIR>./datatype</WORKDIR>
<STATUS>pass</STATUS>
</MPITEST>
<MPITEST>
<NAME>getpartelm</NAME>
<NP>2</NP>
<WORKDIR>./datatype</WORKDIR>
<STATUS>pass</STATUS>
</MPITEST>
<MPITEST>
<NAME>tresized</NAME>
<NP>2</NP>
<WORKDIR>./datatype</WORKDIR>
<STATUS>pass</STATUS>
</MPITEST>
<MPITEST>
<NAME>tresized2</NAME>
<NP>2</NP>
<WORKDIR>./datatype</WORKDIR>
<STATUS>pass</STATUS>
</MPITEST>
<MPITEST>
<NAME>tmatchsize</NAME>
<NP>1</NP>
<WORKDIR>./datatype</WORKDIR>
<STATUS>pass</STATUS>
</MPITEST>
<MPITEST>
<NAME>tfree</NAME>
<NP>2</NP>
<WORKDIR>./datatype</WORKDIR>
<STATUS>pass</STATUS>
</MPITEST>
<MPITEST>
<NAME>typelb</NAME>
<NP>1</NP>
<WORKDIR>./datatype</WORKDIR>
<STATUS>pass</STATUS>
</MPITEST>
<MPITEST>
<NAME>contigstruct</NAME>
<NP>1</NP>
<WORKDIR>./datatype</WORKDIR>
<STATUS>pass</STATUS>
</MPITEST>
<MPITEST>
<NAME>struct-zero-count</NAME>
<NP>1</NP>
<WORKDIR>./datatype</WORKDIR>
<STATUS>pass</STATUS>
</MPITEST>
<MPITEST>
<NAME>blockindexed-zero-count</NAME>
<NP>1</NP>
<WORKDIR>./datatype</WORKDIR>
<STATUS>pass</STATUS>
</MPITEST>
<MPITEST>
<NAME>blockindexed-misc</NAME>
<NP>1</NP>
<WORKDIR>./datatype</WORKDIR>
<STATUS>pass</STATUS>
</MPITEST>
<MPITEST>
<NAME>indexed-misc</NAME>
<NP>1</NP>
<WORKDIR>./datatype</WORKDIR>
<STATUS>pass</STATUS>
</MPITEST>
<MPITEST>
<NAME>subarray-pack</NAME>
<NP>1</NP>
<WORKDIR>./datatype</WORKDIR>
<STATUS>pass</STATUS>
</MPITEST>
<MPITEST>
<NAME>subarray</NAME>
<NP>2</NP>
<WORKDIR>./datatype</WORKDIR>
<STATUS>pass</STATUS>
</MPITEST>
<MPITEST>
<NAME>darray-pack</NAME>
<NP>1</NP>
<WORKDIR>./datatype</WORKDIR>
<STATUS>pass</STATUS>
</MPITEST>
<MPITEST>
<NAME>darray-pack</NAME>
<NP>9</NP>
<WORKDIR>./datatype</WORKDIR>
<STATUS>pass</STATUS>
</MPITEST>
<MPITEST>
<NAME>pairtype-size-extent</NAME>
<NP>1</NP>
<WORKDIR>./datatype</WORKDIR>
<STATUS>pass</STATUS>
</MPITEST>
<MPITEST>
<NAME>simple-commit</NAME>
<NP>1</NP>
<WORKDIR>./datatype</WORKDIR>
<STATUS>pass</STATUS>
</MPITEST>
<MPITEST>
<NAME>simple-size-extent</NAME>
<NP>1</NP>
<WORKDIR>./datatype</WORKDIR>
<STATUS>pass</STATUS>
</MPITEST>
<MPITEST>
<NAME>struct-no-real-types</NAME>
<NP>1</NP>
<WORKDIR>./datatype</WORKDIR>
<STATUS>pass</STATUS>
</MPITEST>
<MPITEST>
<NAME>struct-empty-el</NAME>
<NP>1</NP>
<WORKDIR>./datatype</WORKDIR>
<STATUS>pass</STATUS>
</MPITEST>
<MPITEST>
<NAME>contig-zero-count</NAME>
<NP>1</NP>
<WORKDIR>./datatype</WORKDIR>
<STATUS>pass</STATUS>
</MPITEST>
<MPITEST>
<NAME>simple-resized</NAME>
<NP>1</NP>
<WORKDIR>./datatype</WORKDIR>
<STATUS>pass</STATUS>
</MPITEST>
<MPITEST>
<NAME>unusual-noncontigs</NAME>
<NP>1</NP>
<WORKDIR>./datatype</WORKDIR>
<STATUS>pass</STATUS>
</MPITEST>
<MPITEST>
<NAME>hindexed-zeros</NAME>
<NP>1</NP>
<WORKDIR>./datatype</WORKDIR>
<STATUS>pass</STATUS>
</MPITEST>
<MPITEST>
<NAME>lots-of-types</NAME>
<NP>1</NP>
<WORKDIR>./datatype</WORKDIR>
<STATUS>pass</STATUS>
</MPITEST>
<MPITEST>
<NAME>get-elements-pairtype</NAME>
<NP>1</NP>
<WORKDIR>./datatype</WORKDIR>
<STATUS>pass</STATUS>
</MPITEST>
<MPITEST>
<NAME>unpack</NAME>
<NP>1</NP>
<WORKDIR>./datatype</WORKDIR>
<STATUS>pass</STATUS>
</MPITEST>
<MPITEST>
<NAME>struct-ezhov</NAME>
<NP>1</NP>
<WORKDIR>./datatype</WORKDIR>
<STATUS>pass</STATUS>
</MPITEST>
<MPITEST>
<NAME>zeroblks</NAME>
<NP>1</NP>
<WORKDIR>./datatype</WORKDIR>
<STATUS>pass</STATUS>
</MPITEST>
<MPITEST>
<NAME>struct-derived-zeros</NAME>
<NP>1</NP>
<WORKDIR>./datatype</WORKDIR>
<STATUS>pass</STATUS>
</MPITEST>
<MPITEST>
<NAME>struct-verydeep</NAME>
<NP>1</NP>
<WORKDIR>./datatype</WORKDIR>
<STATUS>pass</STATUS>
</MPITEST>
<MPITEST>
<NAME>get-elements</NAME>
<NP>1</NP>
<WORKDIR>./datatype</WORKDIR>
<STATUS>pass</STATUS>
</MPITEST>
<MPITEST>
<NAME>adderr</NAME>
<NP>1</NP>
<WORKDIR>./errhan</WORKDIR>
<STATUS>pass</STATUS>
</MPITEST>
<MPITEST>
<NAME>commcall</NAME>
<NP>2</NP>
<WORKDIR>./errhan</WORKDIR>
<STATUS>pass</STATUS>
</MPITEST>
<MPITEST>
<NAME>errfatal</NAME>
<NP>1</NP>
<WORKDIR>./errhan</WORKDIR>
<STATUS>pass</STATUS>
</MPITEST>
<MPITEST>
<NAME>groupcreate</NAME>
<NP>4</NP>
<WORKDIR>./group</WORKDIR>
<STATUS>pass</STATUS>
</MPITEST>
<MPITEST>
<NAME>grouptest</NAME>
<NP>8</NP>
<WORKDIR>./group</WORKDIR>
<STATUS>pass</STATUS>
</MPITEST>
<MPITEST>
<NAME>grouptest2</NAME>
<NP>4</NP>
<WORKDIR>./group</WORKDIR>
<STATUS>pass</STATUS>
</MPITEST>
<MPITEST>
<NAME>groupnullincl</NAME>
<NP>4</NP>
<WORKDIR>./group</WORKDIR>
<STATUS>pass</STATUS>
</MPITEST>
<MPITEST>
<NAME>gtranks</NAME>
<NP>8</NP>
<WORKDIR>./group</WORKDIR>
<STATUS>pass</STATUS>
</MPITEST>
<MPITEST>
<NAME>gtranksperf</NAME>
<NP>20</NP>
<WORKDIR>./group</WORKDIR>
<STATUS>pass</STATUS>
</MPITEST>
<MPITEST>
<NAME>infodup</NAME>
<NP>1</NP>
<WORKDIR>./info</WORKDIR>
<STATUS>pass</STATUS>
</MPITEST>
<MPITEST>
<NAME>infodel</NAME>
<NP>1</NP>
<WORKDIR>./info</WORKDIR>
<STATUS>pass</STATUS>
</MPITEST>
<MPITEST>
<NAME>infovallen</NAME>
<NP>1</NP>
<WORKDIR>./info</WORKDIR>
<STATUS>pass</STATUS>
</MPITEST>
<MPITEST>
<NAME>infoorder</NAME>
<NP>1</NP>
<WORKDIR>./info</WORKDIR>
<STATUS>pass</STATUS>
</MPITEST>
<MPITEST>
<NAME>infomany</NAME>
<NP>1</NP>
<WORKDIR>./info</WORKDIR>
<STATUS>pass</STATUS>
</MPITEST>
<MPITEST>
<NAME>infomany2</NAME>
<NP>1</NP>
<WORKDIR>./info</WORKDIR>
<STATUS>pass</STATUS>
</MPITEST>
<MPITEST>
<NAME>infotest</NAME>
<NP>1</NP>
<WORKDIR>./info</WORKDIR>
<STATUS>pass</STATUS>
</MPITEST>
<MPITEST>
<NAME>exitst1</NAME>
<NP>2</NP>
<WORKDIR>./init</WORKDIR>
<STATUS>pass</STATUS>
</MPITEST>
<MPITEST>
<NAME>exitst2</NAME>
<NP>4</NP>
<WORKDIR>./init</WORKDIR>
<STATUS>pass</STATUS>
</MPITEST>
<MPITEST>
<NAME>initstat</NAME>
<NP>1</NP>
<WORKDIR>./init</WORKDIR>
<STATUS>pass</STATUS>
</MPITEST>
<MPITEST>
<NAME>timeout</NAME>
<NP>2</NP>
<WORKDIR>./init</WORKDIR>
<STATUS>pass</STATUS>
</MPITEST>
<MPITEST>
<NAME>version</NAME>
<NP>1</NP>
<WORKDIR>./init</WORKDIR>
<STATUS>pass</STATUS>
</MPITEST>
<MPITEST>
<NAME>finalized</NAME>
<NP>1</NP>
<WORKDIR>./init</WORKDIR>
<STATUS>pass</STATUS>
</MPITEST>
<MPITEST>
<NAME>attrself</NAME>
<NP>1</NP>
<WORKDIR>./init</WORKDIR>
<STATUS>pass</STATUS>
</MPITEST>
<MPITEST>
<NAME>sendrecv1</NAME>
<NP>4</NP>
<WORKDIR>./pt2pt</WORKDIR>
<STATUS>pass</STATUS>
</MPITEST>
<MPITEST>
<NAME>sendrecv2</NAME>
<NP>2</NP>
<WORKDIR>./pt2pt</WORKDIR>
<STATUS>pass</STATUS>
</MPITEST>
<MPITEST>
<NAME>sendrecv3</NAME>
<NP>2</NP>
<WORKDIR>./pt2pt</WORKDIR>
<STATUS>pass</STATUS>
</MPITEST>
<MPITEST>
<NAME>sendflood</NAME>
<NP>8</NP>
<WORKDIR>./pt2pt</WORKDIR>
<STATUS>pass</STATUS>
</MPITEST>
<MPITEST>
<NAME>sendself</NAME>
<NP>1</NP>
<WORKDIR>./pt2pt</WORKDIR>
<STATUS>pass</STATUS>
</MPITEST>
<MPITEST>
<NAME>sendall</NAME>
<NP>4</NP>
<WORKDIR>./pt2pt</WORKDIR>
<STATUS>pass</STATUS>
</MPITEST>
<MPITEST>
<NAME>anyall</NAME>
<NP>2</NP>
<WORKDIR>./pt2pt</WORKDIR>
<STATUS>pass</STATUS>
</MPITEST>
<MPITEST>
<NAME>eagerdt</NAME>
<NP>2</NP>
<WORKDIR>./pt2pt</WORKDIR>
<STATUS>pass</STATUS>
</MPITEST>
<MPITEST>
<NAME>pingping</NAME>
<NP>2</NP>
<WORKDIR>./pt2pt</WORKDIR>
<STATUS>pass</STATUS>
</MPITEST>
<MPITEST>
<NAME>bottom</NAME>
<NP>2</NP>
<WORKDIR>./pt2pt</WORKDIR>
<STATUS>pass</STATUS>
</MPITEST>
<MPITEST>
<NAME>bsend1</NAME>
<NP>1</NP>
<WORKDIR>./pt2pt</WORKDIR>
<STATUS>pass</STATUS>
</MPITEST>
<MPITEST>
<NAME>bsend2</NAME>
<NP>1</NP>
<WORKDIR>./pt2pt</WORKDIR>
<STATUS>pass</STATUS>
</MPITEST>
<MPITEST>
<NAME>bsend3</NAME>
<NP>1</NP>
<WORKDIR>./pt2pt</WORKDIR>
<STATUS>pass</STATUS>
</MPITEST>
<MPITEST>
<NAME>bsend4</NAME>
<NP>1</NP>
<WORKDIR>./pt2pt</WORKDIR>
<STATUS>pass</STATUS>
</MPITEST>
<MPITEST>
<NAME>bsend5</NAME>
<NP>4</NP>
<WORKDIR>./pt2pt</WORKDIR>
<STATUS>pass</STATUS>
</MPITEST>
<MPITEST>
<NAME>bsendalign</NAME>
<NP>2</NP>
<WORKDIR>./pt2pt</WORKDIR>
<STATUS>pass</STATUS>
</MPITEST>
<MPITEST>
<NAME>bsendpending</NAME>
<NP>2</NP>
<WORKDIR>./pt2pt</WORKDIR>
<STATUS>pass</STATUS>
</MPITEST>
<MPITEST>
<NAME>isendself</NAME>
<NP>1</NP>
<WORKDIR>./pt2pt</WORKDIR>
<STATUS>pass</STATUS>
</MPITEST>
<MPITEST>
<NAME>bsendfrag</NAME>
<NP>2</NP>
<WORKDIR>./pt2pt</WORKDIR>
<STATUS>pass</STATUS>
</MPITEST>
<MPITEST>
<NAME>icsend</NAME>
<NP>4</NP>
<WORKDIR>./pt2pt</WORKDIR>
<STATUS>pass</STATUS>
</MPITEST>
<MPITEST>
<NAME>rqstatus</NAME>
<NP>2</NP>
<WORKDIR>./pt2pt</WORKDIR>
<STATUS>pass</STATUS>
</MPITEST>
<MPITEST>
<NAME>rqfreeb</NAME>
<NP>4</NP>
<WORKDIR>./pt2pt</WORKDIR>
<STATUS>pass</STATUS>
</MPITEST>
<MPITEST>
<NAME>greq1</NAME>
<NP>1</NP>
<WORKDIR>./pt2pt</WORKDIR>
<STATUS>pass</STATUS>
</MPITEST>
<MPITEST>
<NAME>probe-unexp</NAME>
<NP>4</NP>
<WORKDIR>./pt2pt</WORKDIR>
<STATUS>pass</STATUS>
</MPITEST>
<MPITEST>
<NAME>probenull</NAME>
<NP>1</NP>
<WORKDIR>./pt2pt</WORKDIR>
<STATUS>pass</STATUS>
</MPITEST>
<MPITEST>
<NAME>scancel</NAME>
<NP>2</NP>
<WORKDIR>./pt2pt</WORKDIR>
<STATUS>fail</STATUS>
<TESTDIFF>
Failed to cancel an Isend request
Failed to cancel an Ibsend request
Failed to cancel an Isend request
Failed to cancel an Ibsend request
Failed to cancel an Isend request
Failed to cancel an Ibsend request
Failed to cancel an Isend request
Failed to cancel an Ibsend request
 Found 8 errors
</TESTDIFF>
</MPITEST>
<MPITEST>
<NAME>scancel2</NAME>
<NP>2</NP>
<WORKDIR>./pt2pt</WORKDIR>
<STATUS>pass</STATUS>
</MPITEST>
<MPITEST>
<NAME>pscancel</NAME>
<NP>2</NP>
<WORKDIR>./pt2pt</WORKDIR>
<STATUS>fail</STATUS>
<TESTDIFF>
Failed to cancel a persistent send request
Failed to cancel a persistent bsend request
Failed to cancel a persistent send request
Failed to cancel a persistent bsend request
Failed to cancel a persistent send request
Failed to cancel a persistent bsend request
Failed to cancel a persistent send request
Failed to cancel a persistent bsend request
 Found 8 errors
</TESTDIFF>
</MPITEST>
<MPITEST>
<NAME>rcancel</NAME>
<NP>2</NP>
<WORKDIR>./pt2pt</WORKDIR>
<STATUS>pass</STATUS>
</MPITEST>
<MPITEST>
<NAME>cancelrecv</NAME>
<NP>2</NP>
<WORKDIR>./pt2pt</WORKDIR>
<STATUS>pass</STATUS>
</MPITEST>
<MPITEST>
<NAME>isendselfprobe</NAME>
<NP>1</NP>
<WORKDIR>./pt2pt</WORKDIR>
<STATUS>pass</STATUS>
</MPITEST>
<MPITEST>
<NAME>inactivereq</NAME>
<NP>1</NP>
<WORKDIR>./pt2pt</WORKDIR>
<STATUS>pass</STATUS>
</MPITEST>
<MPITEST>
<NAME>waittestnull</NAME>
<NP>1</NP>
<WORKDIR>./pt2pt</WORKDIR>
<STATUS>pass</STATUS>
</MPITEST>
<MPITEST>
<NAME>waitany-null</NAME>
<NP>1</NP>
<WORKDIR>./pt2pt</WORKDIR>
<STATUS>pass</STATUS>
</MPITEST>
<MPITEST>
<NAME>winname</NAME>
<NP>2</NP>
<WORKDIR>./rma</WORKDIR>
<STATUS>pass</STATUS>
</MPITEST>
<MPITEST>
<NAME>allocmem</NAME>
<NP>2</NP>
<WORKDIR>./rma</WORKDIR>
<STATUS>pass</STATUS>
</MPITEST>
<MPITEST>
<NAME>putfence1</NAME>
<NP>4</NP>
<WORKDIR>./rma</WORKDIR>
<STATUS>pass</STATUS>
</MPITEST>
<MPITEST>
<NAME>putfidx</NAME>
<NP>4</NP>
<WORKDIR>./rma</WORKDIR>
<STATUS>pass</STATUS>
</MPITEST>
<MPITEST>
<NAME>getfence1</NAME>
<NP>4</NP>
<WORKDIR>./rma</WORKDIR>
<STATUS>pass</STATUS>
</MPITEST>
<MPITEST>
<NAME>accfence1</NAME>
<NP>4</NP>
<WORKDIR>./rma</WORKDIR>
<STATUS>pass</STATUS>
</MPITEST>
<MPITEST>
<NAME>adlb_mimic1</NAME>
<NP>3</NP>
<WORKDIR>./rma</WORKDIR>
<STATUS>fail</STATUS>
<TESTDIFF>
</TESTDIFF>
</MPITEST>
<MPITEST>
<NAME>accfence2</NAME>
<NP>4</NP>
<WORKDIR>./rma</WORKDIR>
<STATUS>pass</STATUS>
</MPITEST>
<MPITEST>
<NAME>putpscw1</NAME>
<NP>4</NP>
<WORKDIR>./rma</WORKDIR>
<STATUS>pass</STATUS>
</MPITEST>
<MPITEST>
<NAME>getgroup</NAME>
<NP>4</NP>
<WORKDIR>./rma</WORKDIR>
<STATUS>pass</STATUS>
</MPITEST>
<MPITEST>
<NAME>transpose1</NAME>
<NP>2</NP>
<WORKDIR>./rma</WORKDIR>
<STATUS>pass</STATUS>
</MPITEST>
<MPITEST>
<NAME>transpose2</NAME>
<NP>2</NP>
<WORKDIR>./rma</WORKDIR>
<STATUS>pass</STATUS>
</MPITEST>
<MPITEST>
<NAME>transpose3</NAME>
<NP>2</NP>
<WORKDIR>./rma</WORKDIR>
<STATUS>pass</STATUS>
</MPITEST>
<MPITEST>
<NAME>transpose5</NAME>
<NP>2</NP>
<WORKDIR>./rma</WORKDIR>
<STATUS>pass</STATUS>
</MPITEST>
<MPITEST>
<NAME>transpose6</NAME>
<NP>1</NP>
<WORKDIR>./rma</WORKDIR>
<STATUS>pass</STATUS>
</MPITEST>
<MPITEST>
<NAME>transpose7</NAME>
<NP>2</NP>
<WORKDIR>./rma</WORKDIR>
<STATUS>pass</STATUS>
</MPITEST>
<MPITEST>
<NAME>test1</NAME>
<NP>2</NP>
<WORKDIR>./rma</WORKDIR>
<STATUS>pass</STATUS>
</MPITEST>
<MPITEST>
<NAME>test2</NAME>
<NP>2</NP>
<WORKDIR>./rma</WORKDIR>
<STATUS>pass</STATUS>
</MPITEST>
<MPITEST>
<NAME>test3</NAME>
<NP>2</NP>
<WORKDIR>./rma</WORKDIR>
<STATUS>pass</STATUS>
</MPITEST>
<MPITEST>
<NAME>test4</NAME>
<NP>2</NP>
<WORKDIR>./rma</WORKDIR>
<STATUS>pass</STATUS>
</MPITEST>
<MPITEST>
<NAME>test5</NAME>
<NP>2</NP>
<WORKDIR>./rma</WORKDIR>
<STATUS>pass</STATUS>
</MPITEST>
<MPITEST>
<NAME>lockcontention</NAME>
<NP>3</NP>
<WORKDIR>./rma</WORKDIR>
<STATUS>pass</STATUS>
</MPITEST>
<MPITEST>
<NAME>lockcontention2</NAME>
<NP>4</NP>
<WORKDIR>./rma</WORKDIR>
<STATUS>fail</STATUS>
<TESTDIFF>
</TESTDIFF>
</MPITEST>
<MPITEST>
<NAME>lockcontention2</NAME>
<NP>8</NP>
<WORKDIR>./rma</WORKDIR>
<STATUS>fail</STATUS>
<TESTDIFF>
</TESTDIFF>
</MPITEST>
<MPITEST>
<NAME>transpose4</NAME>
<NP>2</NP>
<WORKDIR>./rma</WORKDIR>
<STATUS>pass</STATUS>
</MPITEST>
<MPITEST>
<NAME>fetchandadd</NAME>
<NP>7</NP>
<WORKDIR>./rma</WORKDIR>
<STATUS>fail</STATUS>
<TESTDIFF>
</TESTDIFF>
</MPITEST>
<MPITEST>
<NAME>fetchandadd_tree</NAME>
<NP>7</NP>
<WORKDIR>./rma</WORKDIR>
<STATUS>fail</STATUS>
<TESTDIFF>
</TESTDIFF>
</MPITEST>
<MPITEST>
<NAME>wintest</NAME>
<NP>2</NP>
<WORKDIR>./rma</WORKDIR>
<STATUS>pass</STATUS>
</MPITEST>
<MPITEST>
<NAME>contig_displ</NAME>
<NP>1</NP>
<WORKDIR>./rma</WORKDIR>
<STATUS>pass</STATUS>
</MPITEST>
<MPITEST>
<NAME>test1_am</NAME>
<NP>2</NP>
<WORKDIR>./rma</WORKDIR>
<STATUS>pass</STATUS>
</MPITEST>
<MPITEST>
<NAME>test2_am</NAME>
<NP>2</NP>
<WORKDIR>./rma</WORKDIR>
<STATUS>pass</STATUS>
</MPITEST>
<MPITEST>
<NAME>test3_am</NAME>
<NP>2</NP>
<WORKDIR>./rma</WORKDIR>
<STATUS>pass</STATUS>
</MPITEST>
<MPITEST>
<NAME>test4_am</NAME>
<NP>2</NP>
<WORKDIR>./rma</WORKDIR>
<STATUS>pass</STATUS>
</MPITEST>
<MPITEST>
<NAME>test5_am</NAME>
<NP>2</NP>
<WORKDIR>./rma</WORKDIR>
<STATUS>pass</STATUS>
</MPITEST>
<MPITEST>
<NAME>fetchandadd_am</NAME>
<NP>7</NP>
<WORKDIR>./rma</WORKDIR>
<STATUS>fail</STATUS>
<TESTDIFF>
</TESTDIFF>
</MPITEST>
<MPITEST>
<NAME>fetchandadd_tree_am</NAME>
<NP>7</NP>
<WORKDIR>./rma</WORKDIR>
<STATUS>fail</STATUS>
<TESTDIFF>
</TESTDIFF>
</MPITEST>
<MPITEST>
<NAME>accfence2_am</NAME>
<NP>4</NP>
<WORKDIR>./rma</WORKDIR>
<STATUS>pass</STATUS>
</MPITEST>
<MPITEST>
<NAME>test1_dt</NAME>
<NP>2</NP>
<WORKDIR>./rma</WORKDIR>
<STATUS>pass</STATUS>
</MPITEST>
<MPITEST>
<NAME>nullpscw</NAME>
<NP>7</NP>
<WORKDIR>./rma</WORKDIR>
<STATUS>pass</STATUS>
</MPITEST>
<MPITEST>
<NAME>attrorderwin</NAME>
<NP>1</NP>
<WORKDIR>./rma</WORKDIR>
<STATUS>pass</STATUS>
</MPITEST>
<MPITEST>
<NAME>wincall</NAME>
<NP>2</NP>
<WORKDIR>./rma</WORKDIR>
<STATUS>pass</STATUS>
</MPITEST>
<MPITEST>
<NAME>baseattrwin</NAME>
<NP>1</NP>
<WORKDIR>./rma</WORKDIR>
<STATUS>pass</STATUS>
</MPITEST>
<MPITEST>
<NAME>fkeyvalwin</NAME>
<NP>1</NP>
<WORKDIR>./rma</WORKDIR>
<STATUS>pass</STATUS>
</MPITEST>
<MPITEST>
<NAME>selfrma</NAME>
<NP>1</NP>
<WORKDIR>./rma</WORKDIR>
<STATUS>pass</STATUS>
</MPITEST>
<MPITEST>
<NAME>mixedsync</NAME>
<NP>4</NP>
<WORKDIR>./rma</WORKDIR>
<STATUS>fail</STATUS>
<TESTDIFF>
</TESTDIFF>
</MPITEST>
<MPITEST>
<NAME>epochtest</NAME>
<NP>4</NP>
<WORKDIR>./rma</WORKDIR>
<STATUS>pass</STATUS>
</MPITEST>
<MPITEST>
<NAME>locknull</NAME>
<NP>2</NP>
<WORKDIR>./rma</WORKDIR>
<STATUS>pass</STATUS>
</MPITEST>
<MPITEST>
<NAME>rmanull</NAME>
<NP>2</NP>
<WORKDIR>./rma</WORKDIR>
<STATUS>pass</STATUS>
</MPITEST>
<MPITEST>
<NAME>strided_acc_indexed</NAME>
<NP>2</NP>
<WORKDIR>./rma</WORKDIR>
<STATUS>pass</STATUS>
</MPITEST>
<MPITEST>
<NAME>strided_acc_onelock</NAME>
<NP>2</NP>
<WORKDIR>./rma</WORKDIR>
<STATUS>pass</STATUS>
</MPITEST>
<MPITEST>
<NAME>strided_acc_subarray</NAME>
<NP>2</NP>
<WORKDIR>./rma</WORKDIR>
<STATUS>pass</STATUS>
</MPITEST>
<MPITEST>
<NAME>strided_get_indexed</NAME>
<NP>2</NP>
<WORKDIR>./rma</WORKDIR>
<STATUS>pass</STATUS>
</MPITEST>
<MPITEST>
<NAME>strided_putget_indexed</NAME>
<NP>2</NP>
<WORKDIR>./rma</WORKDIR>
<STATUS>pass</STATUS>
</MPITEST>
<MPITEST>
<NAME>window_creation</NAME>
<NP>2</NP>
<WORKDIR>./rma</WORKDIR>
<STATUS>pass</STATUS>
</MPITEST>
<MPITEST>
<NAME>contention_put</NAME>
<NP>4</NP>
<WORKDIR>./rma</WORKDIR>
<STATUS>pass</STATUS>
</MPITEST>
<MPITEST>
<NAME>contention_putget</NAME>
<NP>4</NP>
<WORKDIR>./rma</WORKDIR>
<STATUS>pass</STATUS>
</MPITEST>
<MPITEST>
<NAME>put_base</NAME>
<NP>2</NP>
<WORKDIR>./rma</WORKDIR>
<STATUS>pass</STATUS>
</MPITEST>
<MPITEST>
<NAME>put_bottom</NAME>
<NP>2</NP>
<WORKDIR>./rma</WORKDIR>
<STATUS>pass</STATUS>
</MPITEST>
<MPITEST>
<NAME>namepub</NAME>
<NP>2</NP>
<WORKDIR>./spawn</WORKDIR>
<STATUS>pass</STATUS>
</MPITEST>
<MPITEST>
<NAME>spawn1</NAME>
<NP>1</NP>
<WORKDIR>./spawn</WORKDIR>
<STATUS>fail</STATUS>
<TESTDIFF>
Warning: MPID_Comm_spawn_multiple() not implemented
Fatal error in MPI_Comm_spawn: Unsupported file operation , error stack:
MPI_Comm_spawn(144): MPI_Comm_spawn(cmd="./spawn1", argv=(nil), maxprocs=2, MPI_INFO_NULL, root=0, MPI_COMM_WORLD, intercomm=0x7fffbbed5140, errors=0x7fffbbed50f0) failed
(unknown)(): Unsupported file operation 
</TESTDIFF>
</MPITEST>
<MPITEST>
<NAME>spawn2</NAME>
<NP>1</NP>
<WORKDIR>./spawn</WORKDIR>
<STATUS>fail</STATUS>
<TESTDIFF>
Warning: MPID_Comm_spawn_multiple() not implemented
Fatal error in MPI_Comm_spawn: Unsupported file operation , error stack:
MPI_Comm_spawn(144): MPI_Comm_spawn(cmd="./spawn2", argv=(nil), maxprocs=2, MPI_INFO_NULL, root=0, MPI_COMM_WORLD, intercomm=0x7fffe6ef7650, errors=0x7fffe6ef75f0) failed
(unknown)(): Unsupported file operation 
</TESTDIFF>
</MPITEST>
<MPITEST>
<NAME>spawninfo1</NAME>
<NP>1</NP>
<WORKDIR>./spawn</WORKDIR>
<STATUS>fail</STATUS>
<TESTDIFF>
Warning: MPID_Comm_spawn_multiple() not implemented
Fatal error in MPI_Comm_spawn: Unsupported file operation , error stack:
MPI_Comm_spawn(144): MPI_Comm_spawn(cmd="spawninfo1", argv=(nil), maxprocs=2, info=0x9c000000, root=0, MPI_COMM_WORLD, intercomm=0x7fff235b5f10, errors=0x7fff235b5ec0) failed
(unknown)(): Unsupported file operation 
</TESTDIFF>
</MPITEST>
<MPITEST>
<NAME>spawnminfo1</NAME>
<NP>1</NP>
<WORKDIR>./spawn</WORKDIR>
<STATUS>fail</STATUS>
<TESTDIFF>
Warning: MPID_Comm_spawn_multiple() not implemented
Fatal error in MPI_Comm_spawn_multiple: Unsupported file operation , error stack:
MPI_Comm_spawn_multiple(160): MPI_Comm_spawn_multiple(count=2, cmds=0x7fffdc70dbf0, argvs=(nil), maxprocs=0x7fffdc70dc00, infos=0x7fffdc70dc20, root=0, MPI_COMM_WORLD, intercomm=0x7fffdc70dc70, errors=0x7fffdc70dc10) failed
(unknown)(): Unsupported file operation 
</TESTDIFF>
</MPITEST>
<MPITEST>
<NAME>spawnintra</NAME>
<NP>1</NP>
<WORKDIR>./spawn</WORKDIR>
<STATUS>fail</STATUS>
<TESTDIFF>
Warning: MPID_Comm_spawn_multiple() not implemented
Fatal error in MPI_Comm_spawn: Unsupported file operation , error stack:
MPI_Comm_spawn(144): MPI_Comm_spawn(cmd="./spawnintra", argv=(nil), maxprocs=2, MPI_INFO_NULL, root=0, MPI_COMM_WORLD, intercomm=0x7fffe8e3f010, errors=0x7fffe8e3efc0) failed
(unknown)(): Unsupported file operation 
</TESTDIFF>
</MPITEST>
<MPITEST>
<NAME>spawnintra</NAME>
<NP>2</NP>
<WORKDIR>./spawn</WORKDIR>
<STATUS>fail</STATUS>
<TESTDIFF>
Warning: MPID_Comm_spawn_multiple() not implemented
Fatal error in MPI_Comm_spawn: Unsupported file operation , error stack:
MPI_Comm_spawn(144): MPI_Comm_spawn(cmd="./spawnintra", argv=(nil), maxprocs=2, MPI_INFO_NULL, root=0, MPI_COMM_WORLD, intercomm=0x7fff534404e0, errors=0x7fff53440490) failed

(unknown)(): Unsupported file operation Warning: MPID_Comm_spawn_multiple() not implemented
Fatal error in MPI_Comm_spawn: Unsupported file operation , error stack:
MPI_Comm_spawn(144): MPI_Comm_spawn(cmd="./spawnintra", argv=(nil), maxprocs=2, MPI_INFO_NULL, root=0, MPI_COMM_WORLD, intercomm=0x7fff9129c8f0, errors=0x7fff9129c8a0) failed
(unknown)(): Unsupported file operation 
</TESTDIFF>
</MPITEST>
<MPITEST>
<NAME>spawnargv</NAME>
<NP>1</NP>
<WORKDIR>./spawn</WORKDIR>
<STATUS>fail</STATUS>
<TESTDIFF>
Warning: MPID_Comm_spawn_multiple() not implemented
Fatal error in MPI_Comm_spawn: Unsupported file operation , error stack:
MPI_Comm_spawn(144): MPI_Comm_spawn(cmd="./spawnargv", argv=0x7fff37717480, maxprocs=2, MPI_INFO_NULL, root=0, MPI_COMM_WORLD, intercomm=0x7fff37717540, errors=0x7fff37717500) failed
(unknown)(): Unsupported file operation 
</TESTDIFF>
</MPITEST>
<MPITEST>
<NAME>spawnmanyarg</NAME>
<NP>1</NP>
<WORKDIR>./spawn</WORKDIR>
<STATUS>fail</STATUS>
<TESTDIFF>
Warning: MPID_Comm_spawn_multiple() not implemented
Fatal error in MPI_Comm_spawn: Unsupported file operation , error stack:
MPI_Comm_spawn(144): MPI_Comm_spawn(cmd="./spawnmanyarg", argv=0x7fff3b1c1130, maxprocs=2, MPI_INFO_NULL, root=0, MPI_COMM_WORLD, intercomm=0x7fff3b1c517c, errors=0x7fff3b1c5130) failed
(unknown)(): Unsupported file operation 
</TESTDIFF>
</MPITEST>
<MPITEST>
<NAME>spawnmult2</NAME>
<NP>2</NP>
<WORKDIR>./spawn</WORKDIR>
<STATUS>fail</STATUS>
<TESTDIFF>
Warning: MPID_Comm_spawn_multiple() not implemented
Warning: MPID_Comm_spawn_multiple() not implemented
Fatal error in MPI_Comm_spawn_multiple: Unsupported file operation , error stack:
MPI_Comm_spawn_multiple(160): MPI_Comm_spawn_multiple(count=2, cmds=0x6063f0, argvs=(nil), maxprocs=0x606400, infos=0x606408, root=0, MPI_COMM_WORLD, intercomm=0x7fff7451ed10, errors=0x7fff7451ed00) failed

(unknown)(): Unsupported file operation Fatal error in MPI_Comm_spawn_multiple: Unsupported file operation , error stack:
MPI_Comm_spawn_multiple(160): MPI_Comm_spawn_multiple(count=2, cmds=0x6063f0, argvs=(nil), maxprocs=0x606400, infos=0x606408, root=0, MPI_COMM_WORLD, intercomm=0x7fff01ed9640, errors=0x7fff01ed9630) failed
(unknown)(): Unsupported file operation 
</TESTDIFF>
</MPITEST>
<MPITEST>
<NAME>spaconacc</NAME>
<NP>1</NP>
<WORKDIR>./spawn</WORKDIR>
<STATUS>fail</STATUS>
<TESTDIFF>
Warning: MPID_Comm_spawn_multiple() not implemented
MPI_Comm_spawn failed: Unsupported file operation , error stack:
MPI_Comm_spawn(144): MPI_Comm_spawn(cmd="spaconacc", argv=0x7fff09fc0750, maxprocs=1, info=0x9c000000, root=0, MPI_COMM_SELF, intercomm=0x7fff09fc077c, errors=(nil)) failed
(unknown)(): Unsupported file operation 
application called MPI_Abort(MPI_COMM_WORLD, 1006717484) - process 0
</TESTDIFF>
</MPITEST>
<MPITEST>
<NAME>spaconacc2</NAME>
<NP>1</NP>
<WORKDIR>./spawn</WORKDIR>
<STATUS>fail</STATUS>
<TESTDIFF>
Warning: MPID_Comm_spawn_multiple() not implemented
Fatal error in MPI_Comm_spawn: Unsupported file operation , error stack:
MPI_Comm_spawn(144): MPI_Comm_spawn(cmd="spaconacc2", argv=0x7fffa42e1700, maxprocs=1, info=0x9c000000, root=0, MPI_COMM_SELF, intercomm=0x7fffa42e172c, errors=(nil)) failed
(unknown)(): Unsupported file operation 
</TESTDIFF>
</MPITEST>
<MPITEST>
<NAME>selfconacc</NAME>
<NP>2</NP>
<WORKDIR>./spawn</WORKDIR>
<STATUS>fail</STATUS>
<TESTDIFF>
MPI_Open_port failed: Unsupported file operation , error stack:
PMPI_Open_port(123): MPI_Open_port(MPI_INFO_NULL, port=0x7fff09189f30) failed
(unknown)(): Unsupported file operation 
Warning: MPID_Open_port() not implemented

application called MPI_Abort(MPI_COMM_WORLD, 1006737196) - process 0Fatal error in MPI_Recv: Other MPI error, error stack:
MPI_Recv(186).......: MPI_Recv(buf=0x7fffa428eb50, count=256, MPI_CHAR, src=0, tag=0, MPI_COMM_WORLD, status=0x7fffa428ec50) failed
mpid_irecv_done(100): read from socket failed - request state:recv(pde)done
</TESTDIFF>
</MPITEST>
<MPITEST>
<NAME>spaiccreate</NAME>
<NP>2</NP>
<WORKDIR>./spawn</WORKDIR>
<STATUS>fail</STATUS>
<TESTDIFF>
Warning: MPID_Comm_spawn_multiple() not implemented
Fatal error in MPI_Comm_spawn: Unsupported file operation , error stack:
MPI_Comm_spawn(144): MPI_Comm_spawn(cmd="./spaiccreate", argv=(nil), maxprocs=2, MPI_INFO_NULL, root=0, MPI_COMM_SELF, intercomm=0x7fff6436f9a0, errors=0x7fff6436f980) failed

(unknown)(): Unsupported file operation Fatal error in PMPI_Intercomm_create: Other MPI error, error stack:
PMPI_Intercomm_create(577)....: MPI_Intercomm_create(MPI_COMM_WORLD, local_leader=0, MPI_COMM_NULL, remote_leader=0, tag=123, newintercomm=0x7fff8074d6b8) failed
PMPI_Intercomm_create(439)....: 
MPIR_Get_contextid(521).......: 
MPIR_Get_contextid_sparse(563): 
MPIR_Allreduce_impl(712)......: 
MPIR_Allreduce_intra(357).....: 
mpid_irecv_done(100)..........: read from socket failed - request state:recv(pde)done
</TESTDIFF>
</MPITEST>
<MPITEST>
<NAME>taskmaster</NAME>
<NP>1</NP>
<WORKDIR>./spawn</WORKDIR>
<STATUS>fail</STATUS>
<TESTDIFF>
Warning: MPID_Comm_spawn_multiple() not implemented
Fatal error in MPI_Comm_spawn: Unsupported file operation , error stack:
MPI_Comm_spawn(144): MPI_Comm_spawn(cmd="./taskmaster", argv=(nil), maxprocs=1, MPI_INFO_NULL, root=0, MPI_COMM_WORLD, intercomm=0x25a1210, errors=(nil)) failed
(unknown)(): Unsupported file operation 
</TESTDIFF>
</MPITEST>
<MPITEST>
<NAME>taskmaster</NAME>
<NP>2</NP>
<WORKDIR>./spawn</WORKDIR>
<STATUS>fail</STATUS>
<TESTDIFF>
Warning: MPID_Comm_spawn_multiple() not implemented
Warning: MPID_Comm_spawn_multiple() not implemented
Fatal error in MPI_Comm_spawn: Unsupported file operation , error stack:

MPI_Comm_spawn(144): MPI_Comm_spawn(cmd="./taskmaster", argv=(nil), maxprocs=1, MPI_INFO_NULL, root=0, MPI_COMM_WORLD, intercomm=0xFatal error in MPI_Comm_spawn: Unsupported file operation , error stack:
MPI_Comm_spawn(144): MPI_Comm_spawn(cmd="./taskmaster", argv=(nil), maxprocs=1, MPI_INFO_NULL, root=0, MPI_COMM_WORLD, intercomm=0x8d13c0, errors=(nil)) failed

(unknown)(): Unsupported file operation 11203c0, errors=(nil)) failed
(unknown)(): Unsupported file operation 
</TESTDIFF>
</MPITEST>
<MPITEST>
<NAME>join</NAME>
<NP>2</NP>
<WORKDIR>./spawn</WORKDIR>
<STATUS>fail</STATUS>
<TESTDIFF>
Warning: MPID_Open_port() not implemented
Error in MPI_Comm_join 738804268
Error in MPI_Sendrecv on new communicator
Warning: MPID_Open_port() not implemented
Error in MPI_Comm_disconnect
Error in MPI_Comm_join 134824492
Error in MPI_Sendrecv on new communicator
Error in MPI_Comm_disconnect
 Found 2054 errors
</TESTDIFF>
</MPITEST>
<MPITEST>
<NAME>disconnect_reconnect</NAME>
<NP>3</NP>
<WORKDIR>./spawn</WORKDIR>
<STATUS>fail</STATUS>
<TESTDIFF>
Warning: MPID_Comm_spawn_multiple() not implemented
Fatal error in MPI_Comm_spawn: Unsupported file operation , error stack:
MPI_Comm_spawn(144): MPI_Comm_spawn(cmd="./disconnect_reconnect", argv=0x7fff7b2d5760, maxprocs=3, MPI_INFO_NULL, root=0, MPI_COMM_WORLD, intercomm=0x7fff7b2d5630, errors=(nil)) failed

(unknown)(): Unsupported file operation Warning: MPID_Comm_spawn_multiple() not implemented
Fatal error in MPI_Comm_spawn: Unsupported file operation , error stack:

MPI_Comm_spawn(144): MPI_Comm_spawn(cmd="./disconnect_reconnect", argv=0x7fff149dbe10, maxprocs=3, MPI_INFO_NULL, root=0, MPI_COMM_Warning: MPID_Comm_spawn_multiple() not implemented
Fatal error in MPI_Comm_spawn: Unsupported file operation , error stack:

MPI_Comm_spawn(144): MPI_Comm_spawn(cmd="./disconnect_reconnect", argv=0x7fff33c3d400, maxprocs=3, MPI_INFO_NULL, root=0, MPI_COMM_WORLD, intercomm=0x7fff149dbce0, errors=(nil)) failed

(unknown)(): Unsupported file operation WORLD, intercomm=0x7fff33c3d2d0, errors=(nil)) failed
(unknown)(): Unsupported file operation 
</TESTDIFF>
</MPITEST>
<MPITEST>
<NAME>disconnect_reconnect2</NAME>
<NP>3</NP>
<WORKDIR>./spawn</WORKDIR>
<STATUS>fail</STATUS>
<TESTDIFF>
Warning: MPID_Comm_spawn_multiple() not implemented
Fatal error in MPI_Comm_spawn: Unsupported file operation , error stack:
MPI_Comm_spawn(144): MPI_Comm_spawn(cmd="disconnect_reconnect2", argv=0x7fff2c569370, maxprocs=3, info=0x9c000000, root=0, MPI_COMM_WORLD, intercomm=0x7fff2c5693a8, errors=(nil)) failed

(unknown)(): Unsupported file operation Warning: MPID_Comm_spawn_multiple() not implemented
Fatal error in MPI_Comm_spawn: Unsupported file operation , error stack:
MPI_Comm_spawn(144): MPI_Comm_spawn(cmd="disconnect_reconnect2", argv=0x7fff62f11730, maxprocs=3, info=0x9c000000, root=0, MPI_COMM_WORLD, intercomm=0x7fff62f11768, errors=(nil)) failed

(unknown)(): Unsupported file operation Warning: MPID_Comm_spawn_multiple() not implemented
Fatal error in MPI_Comm_spawn: Unsupported file operation , error stack:
MPI_Comm_spawn(144): MPI_Comm_spawn(cmd="disconnect_reconnect2", argv=0x7fff5ca558d0, maxprocs=3, info=0x9c000000, root=0, MPI_COMM_WORLD, intercomm=0x7fff5ca55908, errors=(nil)) failed
(unknown)(): Unsupported file operation 
</TESTDIFF>
</MPITEST>
<MPITEST>
<NAME>disconnect_reconnect3</NAME>
<NP>3</NP>
<WORKDIR>./spawn</WORKDIR>
<STATUS>fail</STATUS>
<TESTDIFF>
Warning: MPID_Comm_spawn_multiple() not implemented
Fatal error in MPI_Comm_spawn: Unsupported file operation , error stack:
MPI_Comm_spawn(144): MPI_Comm_spawn(cmd="./disconnect_reconnect3", argv=0x7fff409ec180, maxprocs=4, MPI_INFO_NULL, root=0, MPI_COMM_WORLD, intercomm=0x7fff409ec054, errors=(nil)) failed

(unknown)(): Unsupported file operation Warning: MPID_Comm_spawn_multiple() not implemented
Fatal error in MPI_Comm_spawn: Unsupported file operation , error stack:
MPI_Comm_spawn(144): MPI_Comm_spawn(cmd="./disconnect_reconnect3", argv=0x7fff17766b20, maxprocs=4, MPI_INFO_NULL, root=0, MPI_COMM_WORLD, intercomm=0x7fff177669f4, errors=(nil)) failed

(unknown)(): Unsupported file operation Warning: MPID_Comm_spawn_multiple() not implemented
Fatal error in MPI_Comm_spawn: Unsupported file operation , error stack:
MPI_Comm_spawn(144): MPI_Comm_spawn(cmd="./disconnect_reconnect3", argv=0x7fffade618b0, maxprocs=4, MPI_INFO_NULL, root=0, MPI_COMM_WORLD, intercomm=0x7fffade61784, errors=(nil)) failed
(unknown)(): Unsupported file operation 
</TESTDIFF>
</MPITEST>
<MPITEST>
<NAME>multiple_ports</NAME>
<NP>3</NP>
<WORKDIR>./spawn</WORKDIR>
<STATUS>fail</STATUS>
<TESTDIFF>
Warning: MPID_Open_port() not implemented
Fatal error in PMPI_Open_port: Unsupported file operation , error stack:
PMPI_Open_port(123): MPI_Open_port(MPI_INFO_NULL, port=0x7fff704235e0) failed

(unknown)(): Unsupported file operation Fatal error in MPI_Recv: Other MPI error, error stack:
MPI_Recv(186).......: MPI_Recv(buf=0x7fff559527f0, count=256, MPI_CHAR, src=0, tag=0, MPI_COMM_WORLD, status=0x7fff559529f0) failed

mpid_irecv_done(100): read from socket failed - request state:recv(pde)doneFatal error in MPI_Recv: Other MPI error, error stack:
MPI_Recv(186).......: MPI_Recv(buf=0x7fffe32233e0, count=256, MPI_CHAR, src=0, tag=0, MPI_COMM_WORLD, status=0x7fffe32234e0) failed
mpid_irecv_done(100): read from socket failed - request state:recv(pde)done
</TESTDIFF>
</MPITEST>
<MPITEST>
<NAME>multiple_ports2</NAME>
<NP>4</NP>
<WORKDIR>./spawn</WORKDIR>
<STATUS>fail</STATUS>
<TESTDIFF>
Warning: MPID_Open_port() not implemented
Fatal error in PMPI_Open_port: Unsupported file operation , error stack:
PMPI_Open_port(123): MPI_Open_port(MPI_INFO_NULL, port=0x7fff5f12fd00) failed

(unknown)(): Unsupported file operation Fatal error in MPI_Recv: Other MPI error, error stack:
MPI_Recv(186).......: MPI_Recv(buf=0x7fffe05ba040, count=256, MPI_CHAR, src=0, tag=0, MPI_COMM_WORLD, status=0x7fffe05ba340) failed
mpid_irecv_done(100): read from socket failed - request state:recv(pde)done
</TESTDIFF>
</MPITEST>
<MPITEST>
<NAME>disconnect</NAME>
<NP>3</NP>
<WORKDIR>./spawn</WORKDIR>
<STATUS>fail</STATUS>
<TESTDIFF>
Warning: MPID_Comm_spawn_multiple() not implemented
Fatal error in MPI_Comm_spawn: Unsupported file operation , error stack:
MPI_Comm_spawn(144): MPI_Comm_spawn(cmd="./disconnect", argv=(nil), maxprocs=3, MPI_INFO_NULL, root=0, MPI_COMM_WORLD, intercomm=0x7fffbb0df410, errors=(nil)) failed

(unknown)(): Unsupported file operation Warning: MPID_Comm_spawn_multiple() not implemented
Fatal error in MPI_Comm_spawn: Unsupported file operation , error stack:

MPI_Comm_spawn(144): MPI_Comm_spawn(cmd="./disconnect", argv=(nil), maxprocs=3, MPI_INFO_NULL, root=0, MPI_COMM_WORLD, intercomm=0xWarning: MPID_Comm_spawn_multiple() not implemented
Fatal error in MPI_Comm_spawn: Unsupported file operation , error stack:

MPI_Comm_spawn(144): MPI_Comm_spawn(cmd="./disconnect", argv=(nil), maxprocs=3, MPI_INFO_NULL, root=0, MPI_COMM_WORLD, intercomm=0x7fff35106060, errors=(nil)) failed

(unknown)(): Unsupported file operation 7fffd8405aa0, errors=(nil)) failed
(unknown)(): Unsupported file operation 
</TESTDIFF>
</MPITEST>
<MPITEST>
<NAME>disconnect2</NAME>
<NP>3</NP>
<WORKDIR>./spawn</WORKDIR>
<STATUS>fail</STATUS>
<TESTDIFF>
Warning: MPID_Comm_spawn_multiple() not implemented
Fatal error in MPI_Comm_spawn: Unsupported file operation , error stack:

MPI_Comm_spawn(144): MPI_Comm_spawn(cmd="./disconnect2", argv=(nil), maxprocs=3, MPI_INFO_NULL, root=0, MPI_COMM_WORLD, intercomm=0Warning: MPID_Comm_spawn_multiple() not implemented
x7fff438ca580, errors=(nil)) failed

(unknown)(): Unsupported file operation Warning: MPID_Comm_spawn_multiple() not implemented
Fatal error in MPI_Comm_spawn: Unsupported file operation , error stack:

MPI_Comm_spawn(144): MPI_Comm_spawn(cmd="./disconnect2", argv=(nil), maxprocs=3, MPI_INFO_NULL, root=0, MPI_COMM_WORLD, intercomm=0Fatal error in MPI_Comm_spawn: Unsupported file operation , error stack:
MPI_Comm_spawn(144): MPI_Comm_spawn(cmd="./disconnect2", argv=(nil), maxprocs=3, MPI_INFO_NULL, root=0, MPI_COMM_WORLD, intercomm=0x7fffb3574320, errors=(nil)) failed

(unknown)(): Unsx7fffb4619980, errors=(nil)) failed

(unknown)(): Unsupported file operation upported file operation 
</TESTDIFF>
</MPITEST>
<MPITEST>
<NAME>disconnect3</NAME>
<NP>3</NP>
<WORKDIR>./spawn</WORKDIR>
<STATUS>fail</STATUS>
<TESTDIFF>
Warning: MPID_Comm_spawn_multiple() not implemented
Fatal error in MPI_Comm_spawn: Unsupported file operation , error stack:
MPI_Comm_spawn(144): MPI_Comm_spawn(cmd="./disconnect3", argv=(nil), maxprocs=3, MPI_INFO_NULL, root=0, MPI_COMM_WORLD, intercomm=0x7fffb6bf7230, errors=(nil)) failed

(unknown)(): Unsupported file operation Warning: MPID_Comm_spawn_multiple() not implemented
Fatal error in MPI_Comm_spawn: Unsupported file operation , error stack:

MPI_Comm_spawn(144): MPI_Comm_spawn(cmd="./disconnect3", argv=(nil), maxprocs=3, MPI_INFO_NULL, root=0, MPI_COMM_WORLD, intercomm=0Warning: MPID_Comm_spawn_multiple() not implemented
Fatal error in MPI_Comm_spawn: Unsupported file operation , error stack:

MPI_Comm_spawn(144): MPI_Comm_spawn(cmd="./disconnect3", argv=(nil), maxprocs=3, MPI_INFO_NULL, root=0, MPI_COMM_WORLD, intercomm=0x7fff4cf72c90, errors=(nil)) failed

(unknown)(): Unsupported file operation x7fff45904420, errors=(nil)) failed
(unknown)(): Unsupported file operation 
</TESTDIFF>
</MPITEST>
<MPITEST>
<NAME>concurrent_spawns</NAME>
<NP>1</NP>
<WORKDIR>./spawn</WORKDIR>
<STATUS>fail</STATUS>
<TESTDIFF>
Warning: MPID_Comm_spawn_multiple() not implemented
Fatal error in MPI_Comm_spawn: Unsupported file operation , error stack:
MPI_Comm_spawn(144): MPI_Comm_spawn(cmd="./concurrent_spawns", argv=0x7fff43205320, maxprocs=1, MPI_INFO_NULL, root=0, MPI_COMM_WORLD, intercomm=0x7fff43205360, errors=(nil)) failed
(unknown)(): Unsupported file operation 
</TESTDIFF>
</MPITEST>
<MPITEST>
<NAME>pgroup_connect_test</NAME>
<NP>4</NP>
<WORKDIR>./spawn</WORKDIR>
<STATUS>fail</STATUS>
<TESTDIFF>
Warning: MPID_Open_port() not implemented
Fatal error in PMPI_Open_port: Unsupported file operation , error stack:
PMPI_Open_port(123): MPI_Open_port(MPI_INFO_NULL, port=0x1e1b6e0) failed

(unknown)(): Unsupported file operation Fatal error in MPI_Recv: Other MPI error, error stack:
MPI_Recv(186).......: MPI_Recv(buf=0x20436e0, count=256, MPI_CHAR, src=0, tag=0, MPI_COMM_WORLD, status=0x1) failed
mpid_irecv_done(100): read from socket failed - request state:recv(pde)done
</TESTDIFF>
</MPITEST>
<MPITEST>
<NAME>pgroup_intercomm_test</NAME>
<NP>4</NP>
<WORKDIR>./spawn</WORKDIR>
<STATUS>pass</STATUS>
</MPITEST>
<MPITEST>
<NAME>cartmap1</NAME>
<NP>4</NP>
<WORKDIR>./topo</WORKDIR>
<STATUS>pass</STATUS>
</MPITEST>
<MPITEST>
<NAME>cartzero</NAME>
<NP>4</NP>
<WORKDIR>./topo</WORKDIR>
<STATUS>pass</STATUS>
</MPITEST>
<MPITEST>
<NAME>cartshift1</NAME>
<NP>4</NP>
<WORKDIR>./topo</WORKDIR>
<STATUS>pass</STATUS>
</MPITEST>
<MPITEST>
<NAME>cartsuball</NAME>
<NP>4</NP>
<WORKDIR>./topo</WORKDIR>
<STATUS>pass</STATUS>
</MPITEST>
<MPITEST>
<NAME>cartcreates</NAME>
<NP>4</NP>
<WORKDIR>./topo</WORKDIR>
<STATUS>pass</STATUS>
</MPITEST>
<MPITEST>
<NAME>dims1</NAME>
<NP>4</NP>
<WORKDIR>./topo</WORKDIR>
<STATUS>pass</STATUS>
</MPITEST>
<MPITEST>
<NAME>dims2</NAME>
<NP>1</NP>
<WORKDIR>./topo</WORKDIR>
<STATUS>pass</STATUS>
</MPITEST>
<MPITEST>
<NAME>graphmap1</NAME>
<NP>4</NP>
<WORKDIR>./topo</WORKDIR>
<STATUS>pass</STATUS>
</MPITEST>
<MPITEST>
<NAME>topotest</NAME>
<NP>4</NP>
<WORKDIR>./topo</WORKDIR>
<STATUS>pass</STATUS>
</MPITEST>
<MPITEST>
<NAME>topodup</NAME>
<NP>4</NP>
<WORKDIR>./topo</WORKDIR>
<STATUS>pass</STATUS>
</MPITEST>
<MPITEST>
<NAME>graphcr</NAME>
<NP>4</NP>
<WORKDIR>./topo</WORKDIR>
<STATUS>pass</STATUS>
</MPITEST>
<MPITEST>
<NAME>graphcr2</NAME>
<NP>4</NP>
<WORKDIR>./topo</WORKDIR>
<STATUS>pass</STATUS>
</MPITEST>
<MPITEST>
<NAME>distgraph1</NAME>
<NP>4</NP>
<WORKDIR>./topo</WORKDIR>
<STATUS>pass</STATUS>
</MPITEST>
<MPITEST>
<NAME>dgraph_unwgt</NAME>
<NP>4</NP>
<WORKDIR>./topo</WORKDIR>
<STATUS>pass</STATUS>
</MPITEST>
<MPITEST>
<NAME>rdwrord</NAME>
<NP>4</NP>
<WORKDIR>./io</WORKDIR>
<STATUS>pass</STATUS>
</MPITEST>
<MPITEST>
<NAME>rdwrzero</NAME>
<NP>4</NP>
<WORKDIR>./io</WORKDIR>
<STATUS>pass</STATUS>
</MPITEST>
<MPITEST>
<NAME>getextent</NAME>
<NP>2</NP>
<WORKDIR>./io</WORKDIR>
<STATUS>pass</STATUS>
</MPITEST>
<MPITEST>
<NAME>setinfo</NAME>
<NP>4</NP>
<WORKDIR>./io</WORKDIR>
<STATUS>pass</STATUS>
</MPITEST>
<MPITEST>
<NAME>setviewcur</NAME>
<NP>4</NP>
<WORKDIR>./io</WORKDIR>
<STATUS>pass</STATUS>
</MPITEST>
<MPITEST>
<NAME>i_noncontig</NAME>
<NP>2</NP>
<WORKDIR>./io</WORKDIR>
<STATUS>pass</STATUS>
</MPITEST>
<MPITEST>
<NAME>async</NAME>
<NP>4</NP>
<WORKDIR>./io</WORKDIR>
<STATUS>pass</STATUS>
</MPITEST>
<MPITEST>
<NAME>async_any</NAME>
<NP>4</NP>
<WORKDIR>./io</WORKDIR>
<STATUS>pass</STATUS>
</MPITEST>
<MPITEST>
<NAME>userioerr</NAME>
<NP>1</NP>
<WORKDIR>./io</WORKDIR>
<STATUS>pass</STATUS>
</MPITEST>
<MPITEST>
<NAME>resized</NAME>
<NP>1</NP>
<WORKDIR>./io</WORKDIR>
<STATUS>pass</STATUS>
</MPITEST>
<MPITEST>
<NAME>baseattrf</NAME>
<NP>1</NP>
<WORKDIR>./f77/attr</WORKDIR>
<STATUS>pass</STATUS>
</MPITEST>
<MPITEST>
<NAME>baseattr2f</NAME>
<NP>1</NP>
<WORKDIR>./f77/attr</WORKDIR>
<STATUS>pass</STATUS>
</MPITEST>
<MPITEST>
<NAME>commattrf</NAME>
<NP>1</NP>
<WORKDIR>./f77/attr</WORKDIR>
<STATUS>pass</STATUS>
</MPITEST>
<MPITEST>
<NAME>commattr2f</NAME>
<NP>1</NP>
<WORKDIR>./f77/attr</WORKDIR>
<STATUS>pass</STATUS>
</MPITEST>
<MPITEST>
<NAME>commattr3f</NAME>
<NP>1</NP>
<WORKDIR>./f77/attr</WORKDIR>
<STATUS>pass</STATUS>
</MPITEST>
<MPITEST>
<NAME>typeattrf</NAME>
<NP>1</NP>
<WORKDIR>./f77/attr</WORKDIR>
<STATUS>pass</STATUS>
</MPITEST>
<MPITEST>
<NAME>typeattr2f</NAME>
<NP>1</NP>
<WORKDIR>./f77/attr</WORKDIR>
<STATUS>pass</STATUS>
</MPITEST>
<MPITEST>
<NAME>typeattr3f</NAME>
<NP>1</NP>
<WORKDIR>./f77/attr</WORKDIR>
<STATUS>pass</STATUS>
</MPITEST>
<MPITEST>
<NAME>uallreducef</NAME>
<NP>4</NP>
<WORKDIR>./f77/coll</WORKDIR>
<STATUS>pass</STATUS>
</MPITEST>
<MPITEST>
<NAME>exscanf</NAME>
<NP>5</NP>
<WORKDIR>./f77/coll</WORKDIR>
<STATUS>pass</STATUS>
</MPITEST>
<MPITEST>
<NAME>alltoallwf</NAME>
<NP>7</NP>
<WORKDIR>./f77/coll</WORKDIR>
<STATUS>pass</STATUS>
</MPITEST>
<MPITEST>
<NAME>inplacef</NAME>
<NP>4</NP>
<WORKDIR>./f77/coll</WORKDIR>
<STATUS>pass</STATUS>
</MPITEST>
<MPITEST>
<NAME>reducelocalf</NAME>
<NP>2</NP>
<WORKDIR>./f77/coll</WORKDIR>
<STATUS>pass</STATUS>
</MPITEST>
<MPITEST>
<NAME>typenamef</NAME>
<NP>1</NP>
<WORKDIR>./f77/datatype</WORKDIR>
<STATUS>pass</STATUS>
</MPITEST>
<MPITEST>
<NAME>typesnamef</NAME>
<NP>1</NP>
<WORKDIR>./f77/datatype</WORKDIR>
<STATUS>pass</STATUS>
</MPITEST>
<MPITEST>
<NAME>typecntsf</NAME>
<NP>1</NP>
<WORKDIR>./f77/datatype</WORKDIR>
<STATUS>pass</STATUS>
</MPITEST>
<MPITEST>
<NAME>typem2f</NAME>
<NP>1</NP>
<WORKDIR>./f77/datatype</WORKDIR>
<STATUS>pass</STATUS>
</MPITEST>
<MPITEST>
<NAME>typesubf</NAME>
<NP>1</NP>
<WORKDIR>./f77/datatype</WORKDIR>
<STATUS>pass</STATUS>
</MPITEST>
<MPITEST>
<NAME>packef</NAME>
<NP>1</NP>
<WORKDIR>./f77/datatype</WORKDIR>
<STATUS>pass</STATUS>
</MPITEST>
<MPITEST>
<NAME>gaddressf</NAME>
<NP>1</NP>
<WORKDIR>./f77/datatype</WORKDIR>
<STATUS>pass</STATUS>
</MPITEST>
<MPITEST>
<NAME>allctypesf</NAME>
<NP>1</NP>
<WORKDIR>./f77/datatype</WORKDIR>
<STATUS>pass</STATUS>
</MPITEST>
<MPITEST>
<NAME>statusesf</NAME>
<NP>1</NP>
<WORKDIR>./f77/pt2pt</WORKDIR>
<STATUS>pass</STATUS>
</MPITEST>
<MPITEST>
<NAME>greqf</NAME>
<NP>1</NP>
<WORKDIR>./f77/pt2pt</WORKDIR>
<STATUS>pass</STATUS>
</MPITEST>
<MPITEST>
<NAME>infotestf</NAME>
<NP>1</NP>
<WORKDIR>./f77/info</WORKDIR>
<STATUS>pass</STATUS>
</MPITEST>
<MPITEST>
<NAME>infotest2f</NAME>
<NP>1</NP>
<WORKDIR>./f77/info</WORKDIR>
<STATUS>pass</STATUS>
</MPITEST>
<MPITEST>
<NAME>namepubf</NAME>
<NP>2</NP>
<WORKDIR>./f77/spawn</WORKDIR>
<STATUS>pass</STATUS>
</MPITEST>
<MPITEST>
<NAME>spawnf</NAME>
<NP>1</NP>
<WORKDIR>./f77/spawn</WORKDIR>
<STATUS>fail</STATUS>
<TESTDIFF>
Warning: MPID_Comm_spawn_multiple() not implemented
Fatal error in MPI_Comm_spawn: Unsupported file operation , error stack:
MPI_Comm_spawn(144): MPI_Comm_spawn(cmd="./spawnf", argv=0x8ff0b0, maxprocs=2, MPI_INFO_NULL, root=0, MPI_COMM_WORLD, intercomm=0x7fffbf674210, errors=0x7fffbf674220) failed
(unknown)(): Unsupported file operation 
</TESTDIFF>
</MPITEST>
<MPITEST>
<NAME>spawnargvf</NAME>
<NP>1</NP>
<WORKDIR>./f77/spawn</WORKDIR>
<STATUS>fail</STATUS>
<TESTDIFF>
Warning: MPID_Comm_spawn_multiple() not implemented
Fatal error in MPI_Comm_spawn: Unsupported file operation , error stack:
MPI_Comm_spawn(144): MPI_Comm_spawn(cmd="./spawnargvf", argv=0xa8f020, maxprocs=2, MPI_INFO_NULL, root=0, MPI_COMM_WORLD, intercomm=0x7ffff6165fd0, errors=0x7ffff6165fe0) failed
(unknown)(): Unsupported file operation 
</TESTDIFF>
</MPITEST>
<MPITEST>
<NAME>connaccf</NAME>
<NP>2</NP>
<WORKDIR>./f77/spawn</WORKDIR>
<STATUS>fail</STATUS>
<TESTDIFF>
Warning: MPID_Open_port() not implemented
Fatal error in PMPI_Open_port: Unsupported file operation , error stack:
PMPI_Open_port(123): MPI_Open_port(MPI_INFO_NULL, port=0x72e620) failed


(unknown)(): Unsupported file operation Fatal error in PMPI_Barrier: Other MPI error, error stack:
PMPI_Barrier(425).....: MPI_Barrier(MPI_COMM_WORLD) failed
MPIR_Barrier_impl(331): Failure during collective
MPIR_Barrier_impl(313): 
MPIR_Barrier_intra(83): 
mpid_irecv_done(100)..: read from socket failed - request state:recv(pde)done
</TESTDIFF>
</MPITEST>
<MPITEST>
<NAME>spawnmultf</NAME>
<NP>1</NP>
<WORKDIR>./f77/spawn</WORKDIR>
<STATUS>fail</STATUS>
<TESTDIFF>
Warning: MPID_Comm_spawn_multiple() not implemented
Fatal error in MPI_Comm_spawn_multiple: Unsupported file operation , error stack:
MPI_Comm_spawn_multiple(160): MPI_Comm_spawn_multiple(count=2, cmds=0x68e1f0, argvs=0x68e280, maxprocs=0x7fffd2fc9cb0, infos=0x7fffd2fc9cc0, root=0, MPI_COMM_WORLD, intercomm=0x7fffd2fc9cbc, errors=0x7fffd2fc9ce0) failed
(unknown)(): Unsupported file operation 
</TESTDIFF>
</MPITEST>
<MPITEST>
<NAME>spawnmult2f</NAME>
<NP>2</NP>
<WORKDIR>./f77/spawn</WORKDIR>
<STATUS>fail</STATUS>
<TESTDIFF>
Warning: MPID_Comm_spawn_multiple() not implemented
Warning: MPID_Comm_spawn_multiple() not implemented
Fatal error in MPI_Comm_spawn_multiple: Unsupported file operation , error stack:

MPI_Comm_spawn_multiple(160): MPI_Comm_spawn_multiple(count=2, cmds=0x1696210, argvs=(nil), maxprocs=0x7fff95bc93c0, infosFatal error in MPI_Comm_spawn_multiple: Unsupported file operation , error stack:
MPI_Comm_spawn_multiple(160): MPI_Comm_spawn_multiple(count=2, cmds=0x840210, argvs=(nil), maxprocs=0x7fff2f81c6f0, infos=0x7fff2f81c700, root=0, MPI_COMM_WORLD, intercomm=0x7fff2f81c6fc, errors=0x7fff2f81c720) failed

(unknown)(): Unsupported file operation =0x7fff95bc93d0, root=0, MPI_COMM_WORLD, intercomm=0x7fff95bc93cc, errors=0x7fff95bc93f0) failed
(unknown)(): Unsupported file operation 
</TESTDIFF>
</MPITEST>
<MPITEST>
<NAME>iwriteatf</NAME>
<NP>4</NP>
<WORKDIR>./f77/io</WORKDIR>
<STATUS>pass</STATUS>
</MPITEST>
<MPITEST>
<NAME>iwritef</NAME>
<NP>4</NP>
<WORKDIR>./f77/io</WORKDIR>
<STATUS>pass</STATUS>
</MPITEST>
<MPITEST>
<NAME>iwriteshf</NAME>
<NP>4</NP>
<WORKDIR>./f77/io</WORKDIR>
<STATUS>pass</STATUS>
</MPITEST>
<MPITEST>
<NAME>writef</NAME>
<NP>4</NP>
<WORKDIR>./f77/io</WORKDIR>
<STATUS>pass</STATUS>
</MPITEST>
<MPITEST>
<NAME>writeatf</NAME>
<NP>4</NP>
<WORKDIR>./f77/io</WORKDIR>
<STATUS>pass</STATUS>
</MPITEST>
<MPITEST>
<NAME>writeallf</NAME>
<NP>4</NP>
<WORKDIR>./f77/io</WORKDIR>
<STATUS>pass</STATUS>
</MPITEST>
<MPITEST>
<NAME>writeshf</NAME>
<NP>4</NP>
<WORKDIR>./f77/io</WORKDIR>
<STATUS>pass</STATUS>
</MPITEST>
<MPITEST>
<NAME>writeordf</NAME>
<NP>4</NP>
<WORKDIR>./f77/io</WORKDIR>
<STATUS>pass</STATUS>
</MPITEST>
<MPITEST>
<NAME>writeatallf</NAME>
<NP>4</NP>
<WORKDIR>./f77/io</WORKDIR>
<STATUS>pass</STATUS>
</MPITEST>
<MPITEST>
<NAME>writeatallbef</NAME>
<NP>4</NP>
<WORKDIR>./f77/io</WORKDIR>
<STATUS>pass</STATUS>
</MPITEST>
<MPITEST>
<NAME>writeallbef</NAME>
<NP>4</NP>
<WORKDIR>./f77/io</WORKDIR>
<STATUS>pass</STATUS>
</MPITEST>
<MPITEST>
<NAME>writeordbef</NAME>
<NP>4</NP>
<WORKDIR>./f77/io</WORKDIR>
<STATUS>pass</STATUS>
</MPITEST>
<MPITEST>
<NAME>fileerrf</NAME>
<NP>1</NP>
<WORKDIR>./f77/io</WORKDIR>
<STATUS>pass</STATUS>
</MPITEST>
<MPITEST>
<NAME>fileinfof</NAME>
<NP>3</NP>
<WORKDIR>./f77/io</WORKDIR>
<STATUS>pass</STATUS>
</MPITEST>
<MPITEST>
<NAME>shpositionf</NAME>
<NP>4</NP>
<WORKDIR>./f77/io</WORKDIR>
<STATUS>pass</STATUS>
</MPITEST>
<MPITEST>
<NAME>atomicityf</NAME>
<NP>8</NP>
<WORKDIR>./f77/io</WORKDIR>
<STATUS>pass</STATUS>
</MPITEST>
<MPITEST>
<NAME>miscfilef</NAME>
<NP>4</NP>
<WORKDIR>./f77/io</WORKDIR>
<STATUS>pass</STATUS>
</MPITEST>
<MPITEST>
<NAME>setviewcurf</NAME>
<NP>4</NP>
<WORKDIR>./f77/io</WORKDIR>
<STATUS>pass</STATUS>
</MPITEST>
<MPITEST>
<NAME>c2f2ciof</NAME>
<NP>1</NP>
<WORKDIR>./f77/io</WORKDIR>
<STATUS>pass</STATUS>
</MPITEST>
<MPITEST>
<NAME>c2fmultio</NAME>
<NP>1</NP>
<WORKDIR>./f77/io</WORKDIR>
<STATUS>pass</STATUS>
</MPITEST>
<MPITEST>
<NAME>winscale1f</NAME>
<NP>4</NP>
<WORKDIR>./f77/rma</WORKDIR>
<STATUS>pass</STATUS>
</MPITEST>
<MPITEST>
<NAME>winfencef</NAME>
<NP>4</NP>
<WORKDIR>./f77/rma</WORKDIR>
<STATUS>pass</STATUS>
</MPITEST>
<MPITEST>
<NAME>wingetf</NAME>
<NP>5</NP>
<WORKDIR>./f77/rma</WORKDIR>
<STATUS>pass</STATUS>
</MPITEST>
<MPITEST>
<NAME>winscale2f</NAME>
<NP>4</NP>
<WORKDIR>./f77/rma</WORKDIR>
<STATUS>pass</STATUS>
</MPITEST>
<MPITEST>
<NAME>winerrf</NAME>
<NP>1</NP>
<WORKDIR>./f77/rma</WORKDIR>
<STATUS>pass</STATUS>
</MPITEST>
<MPITEST>
<NAME>winnamef</NAME>
<NP>1</NP>
<WORKDIR>./f77/rma</WORKDIR>
<STATUS>pass</STATUS>
</MPITEST>
<MPITEST>
<NAME>wingroupf</NAME>
<NP>4</NP>
<WORKDIR>./f77/rma</WORKDIR>
<STATUS>pass</STATUS>
</MPITEST>
<MPITEST>
<NAME>winaccf</NAME>
<NP>4</NP>
<WORKDIR>./f77/rma</WORKDIR>
<STATUS>pass</STATUS>
</MPITEST>
<MPITEST>
<NAME>c2f2cwinf</NAME>
<NP>1</NP>
<WORKDIR>./f77/rma</WORKDIR>
<STATUS>pass</STATUS>
</MPITEST>
<MPITEST>
<NAME>baseattrwinf</NAME>
<NP>1</NP>
<WORKDIR>./f77/rma</WORKDIR>
<STATUS>pass</STATUS>
</MPITEST>
<MPITEST>
<NAME>winattrf</NAME>
<NP>1</NP>
<WORKDIR>./f77/rma</WORKDIR>
<STATUS>pass</STATUS>
</MPITEST>
<MPITEST>
<NAME>winattr2f</NAME>
<NP>1</NP>
<WORKDIR>./f77/rma</WORKDIR>
<STATUS>pass</STATUS>
</MPITEST>
<MPITEST>
<NAME>baseenvf</NAME>
<NP>1</NP>
<WORKDIR>./f77/init</WORKDIR>
<STATUS>pass</STATUS>
</MPITEST>
<MPITEST>
<NAME>commnamef</NAME>
<NP>2</NP>
<WORKDIR>./f77/comm</WORKDIR>
<STATUS>pass</STATUS>
</MPITEST>
<MPITEST>
<NAME>commerrf</NAME>
<NP>2</NP>
<WORKDIR>./f77/comm</WORKDIR>
<STATUS>pass</STATUS>
</MPITEST>
<MPITEST>
<NAME>c2f2cf</NAME>
<NP>1</NP>
<WORKDIR>./f77/ext</WORKDIR>
<STATUS>pass</STATUS>
</MPITEST>
<MPITEST>
<NAME>c2fmult</NAME>
<NP>1</NP>
<WORKDIR>./f77/ext</WORKDIR>
<STATUS>pass</STATUS>
</MPITEST>
<MPITEST>
<NAME>ctypesinf</NAME>
<NP>1</NP>
<WORKDIR>./f77/ext</WORKDIR>
<STATUS>pass</STATUS>
</MPITEST>
<MPITEST>
<NAME>allocmemf</NAME>
<NP>1</NP>
<WORKDIR>./f77/ext</WORKDIR>
<STATUS>pass</STATUS>
</MPITEST>
<MPITEST>
<NAME>cartcrf</NAME>
<NP>4</NP>
<WORKDIR>./f77/topo</WORKDIR>
<STATUS>pass</STATUS>
</MPITEST>
<MPITEST>
<NAME>dgraph_wgtf</NAME>
<NP>4</NP>
<WORKDIR>./f77/topo</WORKDIR>
<STATUS>pass</STATUS>
</MPITEST>
<MPITEST>
<NAME>dgraph_unwgtf</NAME>
<NP>4</NP>
<WORKDIR>./f77/topo</WORKDIR>
<STATUS>pass</STATUS>
</MPITEST>
<MPITEST>
<NAME>attrtx</NAME>
<NP>2</NP>
<WORKDIR>./cxx/attr</WORKDIR>
<STATUS>pass</STATUS>
</MPITEST>
<MPITEST>
<NAME>attricx</NAME>
<NP>4</NP>
<WORKDIR>./cxx/attr</WORKDIR>
<STATUS>pass</STATUS>
</MPITEST>
<MPITEST>
<NAME>baseattrcommx</NAME>
<NP>1</NP>
<WORKDIR>./cxx/attr</WORKDIR>
<STATUS>pass</STATUS>
</MPITEST>
<MPITEST>
<NAME>fkeyvalcommx</NAME>
<NP>1</NP>
<WORKDIR>./cxx/attr</WORKDIR>
<STATUS>pass</STATUS>
</MPITEST>
<MPITEST>
<NAME>fkeyvaltypex</NAME>
<NP>1</NP>
<WORKDIR>./cxx/attr</WORKDIR>
<STATUS>pass</STATUS>
</MPITEST>
<MPITEST>
<NAME>bsend1cxx</NAME>
<NP>2</NP>
<WORKDIR>./cxx/pt2pt</WORKDIR>
<STATUS>pass</STATUS>
</MPITEST>
<MPITEST>
<NAME>sendrecvx</NAME>
<NP>2</NP>
<WORKDIR>./cxx/pt2pt</WORKDIR>
<STATUS>pass</STATUS>
</MPITEST>
<MPITEST>
<NAME>commname2</NAME>
<NP>4</NP>
<WORKDIR>./cxx/comm</WORKDIR>
<STATUS>pass</STATUS>
</MPITEST>
<MPITEST>
<NAME>arcomplex</NAME>
<NP>4</NP>
<WORKDIR>./cxx/coll</WORKDIR>
<STATUS>pass</STATUS>
</MPITEST>
<MPITEST>
<NAME>uallredx</NAME>
<NP>5</NP>
<WORKDIR>./cxx/coll</WORKDIR>
<STATUS>pass</STATUS>
</MPITEST>
<MPITEST>
<NAME>uallreduce</NAME>
<NP>5</NP>
<WORKDIR>./cxx/coll</WORKDIR>
<STATUS>pass</STATUS>
</MPITEST>
<MPITEST>
<NAME>ureduce</NAME>
<NP>5</NP>
<WORKDIR>./cxx/coll</WORKDIR>
<STATUS>pass</STATUS>
</MPITEST>
<MPITEST>
<NAME>uscan</NAME>
<NP>5</NP>
<WORKDIR>./cxx/coll</WORKDIR>
<STATUS>pass</STATUS>
</MPITEST>
<MPITEST>
<NAME>uexscan</NAME>
<NP>5</NP>
<WORKDIR>./cxx/coll</WORKDIR>
<STATUS>pass</STATUS>
</MPITEST>
<MPITEST>
<NAME>alltoallw2x</NAME>
<NP>10</NP>
<WORKDIR>./cxx/coll</WORKDIR>
<STATUS>pass</STATUS>
</MPITEST>
<MPITEST>
<NAME>icbcastx</NAME>
<NP>4</NP>
<WORKDIR>./cxx/coll</WORKDIR>
<STATUS>pass</STATUS>
</MPITEST>
<MPITEST>
<NAME>icbcastx</NAME>
<NP>10</NP>
<WORKDIR>./cxx/coll</WORKDIR>
<STATUS>pass</STATUS>
</MPITEST>
<MPITEST>
<NAME>icallreducex</NAME>
<NP>5</NP>
<WORKDIR>./cxx/coll</WORKDIR>
<STATUS>pass</STATUS>
</MPITEST>
<MPITEST>
<NAME>icreducex</NAME>
<NP>5</NP>
<WORKDIR>./cxx/coll</WORKDIR>
<STATUS>pass</STATUS>
</MPITEST>
<MPITEST>
<NAME>icscatterx</NAME>
<NP>5</NP>
<WORKDIR>./cxx/coll</WORKDIR>
<STATUS>pass</STATUS>
</MPITEST>
<MPITEST>
<NAME>icgatherx</NAME>
<NP>5</NP>
<WORKDIR>./cxx/coll</WORKDIR>
<STATUS>pass</STATUS>
</MPITEST>
<MPITEST>
<NAME>icallgatherx</NAME>
<NP>5</NP>
<WORKDIR>./cxx/coll</WORKDIR>
<STATUS>pass</STATUS>
</MPITEST>
<MPITEST>
<NAME>icbarrierx</NAME>
<NP>5</NP>
<WORKDIR>./cxx/coll</WORKDIR>
<STATUS>pass</STATUS>
</MPITEST>
<MPITEST>
<NAME>icallgathervx</NAME>
<NP>5</NP>
<WORKDIR>./cxx/coll</WORKDIR>
<STATUS>pass</STATUS>
</MPITEST>
<MPITEST>
<NAME>icgathervx</NAME>
<NP>5</NP>
<WORKDIR>./cxx/coll</WORKDIR>
<STATUS>pass</STATUS>
</MPITEST>
<MPITEST>
<NAME>icscattervx</NAME>
<NP>5</NP>
<WORKDIR>./cxx/coll</WORKDIR>
<STATUS>pass</STATUS>
</MPITEST>
<MPITEST>
<NAME>icalltoallx</NAME>
<NP>5</NP>
<WORKDIR>./cxx/coll</WORKDIR>
<STATUS>pass</STATUS>
</MPITEST>
<MPITEST>
<NAME>reduceboolx</NAME>
<NP>5</NP>
<WORKDIR>./cxx/coll</WORKDIR>
<STATUS>pass</STATUS>
</MPITEST>
<MPITEST>
<NAME>commcallx</NAME>
<NP>2</NP>
<WORKDIR>./cxx/errhan</WORKDIR>
<STATUS>pass</STATUS>
</MPITEST>
<MPITEST>
<NAME>baseenv</NAME>
<NP>1</NP>
<WORKDIR>./cxx/init</WORKDIR>
<STATUS>pass</STATUS>
</MPITEST>
<MPITEST>
<NAME>initstatx</NAME>
<NP>1</NP>
<WORKDIR>./cxx/init</WORKDIR>
<STATUS>pass</STATUS>
</MPITEST>
<MPITEST>
<NAME>initstat2x</NAME>
<NP>1</NP>
<WORKDIR>./cxx/init</WORKDIR>
<STATUS>pass</STATUS>
</MPITEST>
<MPITEST>
<NAME>infodupx</NAME>
<NP>1</NP>
<WORKDIR>./cxx/info</WORKDIR>
<STATUS>pass</STATUS>
</MPITEST>
<MPITEST>
<NAME>infodelx</NAME>
<NP>1</NP>
<WORKDIR>./cxx/info</WORKDIR>
<STATUS>pass</STATUS>
</MPITEST>
<MPITEST>
<NAME>infovallenx</NAME>
<NP>1</NP>
<WORKDIR>./cxx/info</WORKDIR>
<STATUS>pass</STATUS>
</MPITEST>
<MPITEST>
<NAME>infoorderx</NAME>
<NP>1</NP>
<WORKDIR>./cxx/info</WORKDIR>
<STATUS>pass</STATUS>
</MPITEST>
<MPITEST>
<NAME>packsizex</NAME>
<NP>1</NP>
<WORKDIR>./cxx/datatype</WORKDIR>
<STATUS>pass</STATUS>
</MPITEST>
<MPITEST>
<NAME>typecntsx</NAME>
<NP>1</NP>
<WORKDIR>./cxx/datatype</WORKDIR>
<STATUS>pass</STATUS>
</MPITEST>
<MPITEST>
<NAME>typenamex</NAME>
<NP>1</NP>
<WORKDIR>./cxx/datatype</WORKDIR>
<STATUS>pass</STATUS>
</MPITEST>
<MPITEST>
<NAME>typemiscx</NAME>
<NP>1</NP>
<WORKDIR>./cxx/datatype</WORKDIR>
<STATUS>pass</STATUS>
</MPITEST>
<MPITEST>
<NAME>iwriteatx</NAME>
<NP>4</NP>
<WORKDIR>./cxx/io</WORKDIR>
<STATUS>pass</STATUS>
</MPITEST>
<MPITEST>
<NAME>iwritex</NAME>
<NP>4</NP>
<WORKDIR>./cxx/io</WORKDIR>
<STATUS>pass</STATUS>
</MPITEST>
<MPITEST>
<NAME>iwriteshx</NAME>
<NP>4</NP>
<WORKDIR>./cxx/io</WORKDIR>
<STATUS>pass</STATUS>
</MPITEST>
<MPITEST>
<NAME>writex</NAME>
<NP>4</NP>
<WORKDIR>./cxx/io</WORKDIR>
<STATUS>pass</STATUS>
</MPITEST>
<MPITEST>
<NAME>writeatx</NAME>
<NP>4</NP>
<WORKDIR>./cxx/io</WORKDIR>
<STATUS>pass</STATUS>
</MPITEST>
<MPITEST>
<NAME>writeallx</NAME>
<NP>4</NP>
<WORKDIR>./cxx/io</WORKDIR>
<STATUS>pass</STATUS>
</MPITEST>
<MPITEST>
<NAME>writeshx</NAME>
<NP>4</NP>
<WORKDIR>./cxx/io</WORKDIR>
<STATUS>pass</STATUS>
</MPITEST>
<MPITEST>
<NAME>writeordx</NAME>
<NP>4</NP>
<WORKDIR>./cxx/io</WORKDIR>
<STATUS>pass</STATUS>
</MPITEST>
<MPITEST>
<NAME>writeatallx</NAME>
<NP>4</NP>
<WORKDIR>./cxx/io</WORKDIR>
<STATUS>pass</STATUS>
</MPITEST>
<MPITEST>
<NAME>writeatallbex</NAME>
<NP>4</NP>
<WORKDIR>./cxx/io</WORKDIR>
<STATUS>pass</STATUS>
</MPITEST>
<MPITEST>
<NAME>writeallbex</NAME>
<NP>4</NP>
<WORKDIR>./cxx/io</WORKDIR>
<STATUS>pass</STATUS>
</MPITEST>
<MPITEST>
<NAME>writeordbex</NAME>
<NP>4</NP>
<WORKDIR>./cxx/io</WORKDIR>
<STATUS>pass</STATUS>
</MPITEST>
<MPITEST>
<NAME>iwriteatnosx</NAME>
<NP>4</NP>
<WORKDIR>./cxx/io</WORKDIR>
<STATUS>pass</STATUS>
</MPITEST>
<MPITEST>
<NAME>iwritenosx</NAME>
<NP>4</NP>
<WORKDIR>./cxx/io</WORKDIR>
<STATUS>pass</STATUS>
</MPITEST>
<MPITEST>
<NAME>iwriteshnosx</NAME>
<NP>4</NP>
<WORKDIR>./cxx/io</WORKDIR>
<STATUS>pass</STATUS>
</MPITEST>
<MPITEST>
<NAME>writenosx</NAME>
<NP>4</NP>
<WORKDIR>./cxx/io</WORKDIR>
<STATUS>pass</STATUS>
</MPITEST>
<MPITEST>
<NAME>writeatnosx</NAME>
<NP>4</NP>
<WORKDIR>./cxx/io</WORKDIR>
<STATUS>pass</STATUS>
</MPITEST>
<MPITEST>
<NAME>writeallnosx</NAME>
<NP>4</NP>
<WORKDIR>./cxx/io</WORKDIR>
<STATUS>pass</STATUS>
</MPITEST>
<MPITEST>
<NAME>writeshnosx</NAME>
<NP>4</NP>
<WORKDIR>./cxx/io</WORKDIR>
<STATUS>pass</STATUS>
</MPITEST>
<MPITEST>
<NAME>writeordnosx</NAME>
<NP>4</NP>
<WORKDIR>./cxx/io</WORKDIR>
<STATUS>pass</STATUS>
</MPITEST>
<MPITEST>
<NAME>writeatallnosx</NAME>
<NP>4</NP>
<WORKDIR>./cxx/io</WORKDIR>
<STATUS>pass</STATUS>
</MPITEST>
<MPITEST>
<NAME>writeatallbenosx</NAME>
<NP>4</NP>
<WORKDIR>./cxx/io</WORKDIR>
<STATUS>pass</STATUS>
</MPITEST>
<MPITEST>
<NAME>writeallbenosx</NAME>
<NP>4</NP>
<WORKDIR>./cxx/io</WORKDIR>
<STATUS>pass</STATUS>
</MPITEST>
<MPITEST>
<NAME>writeordbenosx</NAME>
<NP>4</NP>
<WORKDIR>./cxx/io</WORKDIR>
<STATUS>pass</STATUS>
</MPITEST>
<MPITEST>
<NAME>fileerrx</NAME>
<NP>1</NP>
<WORKDIR>./cxx/io</WORKDIR>
<STATUS>pass</STATUS>
</MPITEST>
<MPITEST>
<NAME>fileinfox</NAME>
<NP>3</NP>
<WORKDIR>./cxx/io</WORKDIR>
<STATUS>pass</STATUS>
</MPITEST>
<MPITEST>
<NAME>filemiscx</NAME>
<NP>4</NP>
<WORKDIR>./cxx/io</WORKDIR>
<STATUS>pass</STATUS>
</MPITEST>
<MPITEST>
<NAME>shpositionx</NAME>
<NP>4</NP>
<WORKDIR>./cxx/io</WORKDIR>
<STATUS>pass</STATUS>
</MPITEST>
<MPITEST>
<NAME>seekavail</NAME>
<NP>1</NP>
<WORKDIR>./cxx/io</WORKDIR>
<STATUS>pass</STATUS>
</MPITEST>
<MPITEST>
<NAME>namepubx</NAME>
<NP>2</NP>
<WORKDIR>./cxx/spawn</WORKDIR>
<STATUS>pass</STATUS>
</MPITEST>
<MPITEST>
<NAME>spawnintrax</NAME>
<NP>1</NP>
<WORKDIR>./cxx/spawn</WORKDIR>
<STATUS>fail</STATUS>
<TESTDIFF>
Warning: MPID_Comm_spawn_multiple() not implemented
Fatal error in MPI_Comm_spawn: Unsupported file operation , error stack:
MPI_Comm_spawn(144): MPI_Comm_spawn(cmd="./spawnintrax", argv=(nil), maxprocs=2, MPI_INFO_NULL, root=0, MPI_COMM_WORLD, intercomm=0x7fffa4672598, errors=0x7fffa4672560) failed
(unknown)(): Unsupported file operation 
</TESTDIFF>
</MPITEST>
<MPITEST>
<NAME>spawnintrax</NAME>
<NP>2</NP>
<WORKDIR>./cxx/spawn</WORKDIR>
<STATUS>fail</STATUS>
<TESTDIFF>
Warning: MPID_Comm_spawn_multiple() not implemented
Warning: MPID_Comm_spawn_multiple() not implemented
Fatal error in MPI_Comm_spawn: Unsupported file operation , error stack:
MPI_Comm_spawn(144): MPI_Comm_spawn(cmd="./spawnintrax", argv=(nil), maxprocs=2, MPI_INFO_NULL, root=0, MPI_COMM_WORLD, intercomm=0x7fff3e124ff8, errors=0x7fff3e124fc0) failed

(unknown)(): Unsupported file operation Fatal error in MPI_Comm_spawn: Unsupported file operation , error stack:
MPI_Comm_spawn(144): MPI_Comm_spawn(cmd="./spawnintrax", argv=(nil), maxprocs=2, MPI_INFO_NULL, root=0, MPI_COMM_WORLD, intercomm=0x7fffcd769478, errors=0x7fffcd769440) failed
(unknown)(): Unsupported file operation 
</TESTDIFF>
</MPITEST>
<MPITEST>
<NAME>spawnargvx</NAME>
<NP>1</NP>
<WORKDIR>./cxx/spawn</WORKDIR>
<STATUS>fail</STATUS>
<TESTDIFF>
Warning: MPID_Comm_spawn_multiple() not implemented
Fatal error in MPI_Comm_spawn: Unsupported file operation , error stack:
MPI_Comm_spawn(144): MPI_Comm_spawn(cmd="./spawnargvx", argv=0x7fffce3c4860, maxprocs=2, MPI_INFO_NULL, root=0, MPI_COMM_WORLD, intercomm=0x7fffce3c4938, errors=0x7fffce3c4900) failed
(unknown)(): Unsupported file operation 
</TESTDIFF>
</MPITEST>
<MPITEST>
<NAME>selfconaccx</NAME>
<NP>2</NP>
<WORKDIR>./cxx/spawn</WORKDIR>
<STATUS>fail</STATUS>
<TESTDIFF>
Warning: MPID_Open_port() not implemented
Fatal error in PMPI_Open_port: Unsupported file operation , error stack:
PMPI_Open_port(123): MPI_Open_port(MPI_INFO_NULL, port=0x7fff0b5edff0) failed

(unknown)(): Unsupported file operation Fatal error in MPI_Recv: Other MPI error, error stack:
MPI_Recv(186).......: MPI_Recv(buf=0x7fffff425df0, count=256, MPI_CHAR, src=0, tag=0, MPI_COMM_WORLD, status=0x1) failed
mpid_irecv_done(100): read from socket failed - request state:recv(pde)done
</TESTDIFF>
</MPITEST>
<MPITEST>
<NAME>winnamex</NAME>
<NP>1</NP>
<WORKDIR>./cxx/rma</WORKDIR>
<STATUS>pass</STATUS>
</MPITEST>
<MPITEST>
<NAME>wincallx</NAME>
<NP>1</NP>
<WORKDIR>./cxx/rma</WORKDIR>
<STATUS>pass</STATUS>
</MPITEST>
<MPITEST>
<NAME>getgroupx</NAME>
<NP>4</NP>
<WORKDIR>./cxx/rma</WORKDIR>
<STATUS>pass</STATUS>
</MPITEST>
<MPITEST>
<NAME>winfencex</NAME>
<NP>4</NP>
<WORKDIR>./cxx/rma</WORKDIR>
<STATUS>pass</STATUS>
</MPITEST>
<MPITEST>
<NAME>winscale1x</NAME>
<NP>4</NP>
<WORKDIR>./cxx/rma</WORKDIR>
<STATUS>pass</STATUS>
</MPITEST>
<MPITEST>
<NAME>winscale2x</NAME>
<NP>4</NP>
<WORKDIR>./cxx/rma</WORKDIR>
<STATUS>pass</STATUS>
</MPITEST>
<MPITEST>
<NAME>fkeyvalwinx</NAME>
<NP>1</NP>
<WORKDIR>./cxx/rma</WORKDIR>
<STATUS>pass</STATUS>
</MPITEST>
<MPITEST>
<NAME>baseattrf90</NAME>
<NP>1</NP>
<WORKDIR>./f90/attr</WORKDIR>
<STATUS>pass</STATUS>
</MPITEST>
<MPITEST>
<NAME>baseattr2f90</NAME>
<NP>1</NP>
<WORKDIR>./f90/attr</WORKDIR>
<STATUS>pass</STATUS>
</MPITEST>
<MPITEST>
<NAME>commattrf90</NAME>
<NP>1</NP>
<WORKDIR>./f90/attr</WORKDIR>
<STATUS>pass</STATUS>
</MPITEST>
<MPITEST>
<NAME>commattr2f90</NAME>
<NP>1</NP>
<WORKDIR>./f90/attr</WORKDIR>
<STATUS>pass</STATUS>
</MPITEST>
<MPITEST>
<NAME>commattr3f90</NAME>
<NP>1</NP>
<WORKDIR>./f90/attr</WORKDIR>
<STATUS>pass</STATUS>
</MPITEST>
<MPITEST>
<NAME>typeattrf90</NAME>
<NP>1</NP>
<WORKDIR>./f90/attr</WORKDIR>
<STATUS>pass</STATUS>
</MPITEST>
<MPITEST>
<NAME>typeattr2f90</NAME>
<NP>1</NP>
<WORKDIR>./f90/attr</WORKDIR>
<STATUS>pass</STATUS>
</MPITEST>
<MPITEST>
<NAME>typeattr3f90</NAME>
<NP>1</NP>
<WORKDIR>./f90/attr</WORKDIR>
<STATUS>pass</STATUS>
</MPITEST>
<MPITEST>
<NAME>fandcattrf90</NAME>
<NP>1</NP>
<WORKDIR>./f90/attr</WORKDIR>
<STATUS>pass</STATUS>
</MPITEST>
<MPITEST>
<NAME>uallreducef90</NAME>
<NP>4</NP>
<WORKDIR>./f90/coll</WORKDIR>
<STATUS>pass</STATUS>
</MPITEST>
<MPITEST>
<NAME>exscanf90</NAME>
<NP>5</NP>
<WORKDIR>./f90/coll</WORKDIR>
<STATUS>pass</STATUS>
</MPITEST>
<MPITEST>
<NAME>alltoallwf90</NAME>
<NP>7</NP>
<WORKDIR>./f90/coll</WORKDIR>
<STATUS>pass</STATUS>
</MPITEST>
<MPITEST>
<NAME>inplacef90</NAME>
<NP>4</NP>
<WORKDIR>./f90/coll</WORKDIR>
<STATUS>pass</STATUS>
</MPITEST>
<MPITEST>
<NAME>reducelocalf90</NAME>
<NP>2</NP>
<WORKDIR>./f90/coll</WORKDIR>
<STATUS>pass</STATUS>
</MPITEST>
<MPITEST>
<NAME>commnamef90</NAME>
<NP>2</NP>
<WORKDIR>./f90/comm</WORKDIR>
<STATUS>pass</STATUS>
</MPITEST>
<MPITEST>
<NAME>commerrf90</NAME>
<NP>2</NP>
<WORKDIR>./f90/comm</WORKDIR>
<STATUS>pass</STATUS>
</MPITEST>
<MPITEST>
<NAME>c2f2cf90</NAME>
<NP>1</NP>
<WORKDIR>./f90/ext</WORKDIR>
<STATUS>pass</STATUS>
</MPITEST>
<MPITEST>
<NAME>c2f90mult</NAME>
<NP>1</NP>
<WORKDIR>./f90/ext</WORKDIR>
<STATUS>pass</STATUS>
</MPITEST>
<MPITEST>
<NAME>ctypesinf90</NAME>
<NP>1</NP>
<WORKDIR>./f90/ext</WORKDIR>
<STATUS>pass</STATUS>
</MPITEST>
<MPITEST>
<NAME>allocmemf90</NAME>
<NP>1</NP>
<WORKDIR>./f90/ext</WORKDIR>
<STATUS>pass</STATUS>
</MPITEST>
<MPITEST>
<NAME>infotestf90</NAME>
<NP>1</NP>
<WORKDIR>./f90/info</WORKDIR>
<STATUS>pass</STATUS>
</MPITEST>
<MPITEST>
<NAME>infotest2f90</NAME>
<NP>1</NP>
<WORKDIR>./f90/info</WORKDIR>
<STATUS>pass</STATUS>
</MPITEST>
<MPITEST>
<NAME>baseenvf90</NAME>
<NP>1</NP>
<WORKDIR>./f90/init</WORKDIR>
<STATUS>pass</STATUS>
</MPITEST>
<MPITEST>
<NAME>fileerrf90</NAME>
<NP>1</NP>
<WORKDIR>./f90/io</WORKDIR>
<STATUS>pass</STATUS>
</MPITEST>
<MPITEST>
<NAME>fileinfof90</NAME>
<NP>3</NP>
<WORKDIR>./f90/io</WORKDIR>
<STATUS>pass</STATUS>
</MPITEST>
<MPITEST>
<NAME>shpositionf90</NAME>
<NP>4</NP>
<WORKDIR>./f90/io</WORKDIR>
<STATUS>pass</STATUS>
</MPITEST>
<MPITEST>
<NAME>atomicityf90</NAME>
<NP>8</NP>
<WORKDIR>./f90/io</WORKDIR>
<STATUS>pass</STATUS>
</MPITEST>
<MPITEST>
<NAME>miscfilef90</NAME>
<NP>4</NP>
<WORKDIR>./f90/io</WORKDIR>
<STATUS>pass</STATUS>
</MPITEST>
<MPITEST>
<NAME>setviewcurf90</NAME>
<NP>4</NP>
<WORKDIR>./f90/io</WORKDIR>
<STATUS>pass</STATUS>
</MPITEST>
<MPITEST>
<NAME>c2f2ciof90</NAME>
<NP>1</NP>
<WORKDIR>./f90/io</WORKDIR>
<STATUS>pass</STATUS>
</MPITEST>
<MPITEST>
<NAME>c2f90multio</NAME>
<NP>1</NP>
<WORKDIR>./f90/io</WORKDIR>
<STATUS>pass</STATUS>
</MPITEST>
<MPITEST>
<NAME>sizeof2</NAME>
<NP>1</NP>
<WORKDIR>./f90/misc</WORKDIR>
<STATUS>pass</STATUS>
</MPITEST>
<MPITEST>
<NAME>statusesf90</NAME>
<NP>1</NP>
<WORKDIR>./f90/pt2pt</WORKDIR>
<STATUS>pass</STATUS>
</MPITEST>
<MPITEST>
<NAME>greqf90</NAME>
<NP>1</NP>
<WORKDIR>./f90/pt2pt</WORKDIR>
<STATUS>pass</STATUS>
</MPITEST>
<MPITEST>
<NAME>typenamef90</NAME>
<NP>1</NP>
<WORKDIR>./f90/datatype</WORKDIR>
<STATUS>pass</STATUS>
</MPITEST>
<MPITEST>
<NAME>typesnamef90</NAME>
<NP>1</NP>
<WORKDIR>./f90/datatype</WORKDIR>
<STATUS>pass</STATUS>
</MPITEST>
<MPITEST>
<NAME>typecntsf90</NAME>
<NP>1</NP>
<WORKDIR>./f90/datatype</WORKDIR>
<STATUS>pass</STATUS>
</MPITEST>
<MPITEST>
<NAME>typem2f90</NAME>
<NP>1</NP>
<WORKDIR>./f90/datatype</WORKDIR>
<STATUS>pass</STATUS>
</MPITEST>
<MPITEST>
<NAME>typesubf90</NAME>
<NP>1</NP>
<WORKDIR>./f90/datatype</WORKDIR>
<STATUS>pass</STATUS>
</MPITEST>
<MPITEST>
<NAME>packef90</NAME>
<NP>1</NP>
<WORKDIR>./f90/datatype</WORKDIR>
<STATUS>pass</STATUS>
</MPITEST>
<MPITEST>
<NAME>gaddressf90</NAME>
<NP>1</NP>
<WORKDIR>./f90/datatype</WORKDIR>
<STATUS>pass</STATUS>
</MPITEST>
<MPITEST>
<NAME>allctypesf90</NAME>
<NP>1</NP>
<WORKDIR>./f90/datatype</WORKDIR>
<STATUS>pass</STATUS>
</MPITEST>
<MPITEST>
<NAME>structf</NAME>
<NP>2</NP>
<WORKDIR>./f90/datatype</WORKDIR>
<STATUS>pass</STATUS>
</MPITEST>
<MPITEST>
<NAME>indtype</NAME>
<NP>2</NP>
<WORKDIR>./f90/datatype</WORKDIR>
<STATUS>pass</STATUS>
</MPITEST>
<MPITEST>
<NAME>createf90</NAME>
<NP>1</NP>
<WORKDIR>./f90/datatype</WORKDIR>
<STATUS>pass</STATUS>
</MPITEST>
<MPITEST>
<NAME>sizeof</NAME>
<NP>1</NP>
<WORKDIR>./f90/datatype</WORKDIR>
<STATUS>pass</STATUS>
</MPITEST>
<MPITEST>
<NAME>createf90types</NAME>
<NP>1</NP>
<WORKDIR>./f90/f90types</WORKDIR>
<STATUS>pass</STATUS>
</MPITEST>
<MPITEST>
<NAME>createf90types</NAME>
<NP>1</NP>
<WORKDIR>./f90/f90types</WORKDIR>
<STATUS>pass</STATUS>
</MPITEST>
<MPITEST>
<NAME>winscale1f90</NAME>
<NP>4</NP>
<WORKDIR>./f90/rma</WORKDIR>
<STATUS>pass</STATUS>
</MPITEST>
<MPITEST>
<NAME>winfencef90</NAME>
<NP>4</NP>
<WORKDIR>./f90/rma</WORKDIR>
<STATUS>pass</STATUS>
</MPITEST>
<MPITEST>
<NAME>wingetf90</NAME>
<NP>5</NP>
<WORKDIR>./f90/rma</WORKDIR>
<STATUS>pass</STATUS>
</MPITEST>
<MPITEST>
<NAME>winscale2f90</NAME>
<NP>4</NP>
<WORKDIR>./f90/rma</WORKDIR>
<STATUS>pass</STATUS>
</MPITEST>
<MPITEST>
<NAME>winerrf90</NAME>
<NP>1</NP>
<WORKDIR>./f90/rma</WORKDIR>
<STATUS>pass</STATUS>
</MPITEST>
<MPITEST>
<NAME>winnamef90</NAME>
<NP>1</NP>
<WORKDIR>./f90/rma</WORKDIR>
<STATUS>pass</STATUS>
</MPITEST>
<MPITEST>
<NAME>wingroupf90</NAME>
<NP>4</NP>
<WORKDIR>./f90/rma</WORKDIR>
<STATUS>pass</STATUS>
</MPITEST>
<MPITEST>
<NAME>winaccf90</NAME>
<NP>4</NP>
<WORKDIR>./f90/rma</WORKDIR>
<STATUS>pass</STATUS>
</MPITEST>
<MPITEST>
<NAME>c2f2cwinf90</NAME>
<NP>1</NP>
<WORKDIR>./f90/rma</WORKDIR>
<STATUS>pass</STATUS>
</MPITEST>
<MPITEST>
<NAME>baseattrwinf90</NAME>
<NP>1</NP>
<WORKDIR>./f90/rma</WORKDIR>
<STATUS>pass</STATUS>
</MPITEST>
<MPITEST>
<NAME>winattrf90</NAME>
<NP>1</NP>
<WORKDIR>./f90/rma</WORKDIR>
<STATUS>pass</STATUS>
</MPITEST>
<MPITEST>
<NAME>winattr2f90</NAME>
<NP>1</NP>
<WORKDIR>./f90/rma</WORKDIR>
<STATUS>pass</STATUS>
</MPITEST>
<MPITEST>
<NAME>namepubf90</NAME>
<NP>2</NP>
<WORKDIR>./f90/spawn</WORKDIR>
<STATUS>pass</STATUS>
</MPITEST>
<MPITEST>
<NAME>spawnf90</NAME>
<NP>1</NP>
<WORKDIR>./f90/spawn</WORKDIR>
<STATUS>fail</STATUS>
<TESTDIFF>
Warning: MPID_Comm_spawn_multiple() not implemented
Fatal error in MPI_Comm_spawn: Unsupported file operation , error stack:
MPI_Comm_spawn(144): MPI_Comm_spawn(cmd="./spawnf90", argv=0x114c0b0, maxprocs=2, MPI_INFO_NULL, root=0, MPI_COMM_WORLD, intercomm=0x7fff7287ea90, errors=0x7fff7287eaa0) failed
(unknown)(): Unsupported file operation 
</TESTDIFF>
</MPITEST>
<MPITEST>
<NAME>spawnargvf90</NAME>
<NP>1</NP>
<WORKDIR>./f90/spawn</WORKDIR>
<STATUS>fail</STATUS>
<TESTDIFF>
Warning: MPID_Comm_spawn_multiple() not implemented
Fatal error in MPI_Comm_spawn: Unsupported file operation , error stack:
MPI_Comm_spawn(144): MPI_Comm_spawn(cmd="./spawnargvf90", argv=0x249a020, maxprocs=2, MPI_INFO_NULL, root=0, MPI_COMM_WORLD, intercomm=0x7fffc34b9af0, errors=0x7fffc34b9b00) failed
(unknown)(): Unsupported file operation 
</TESTDIFF>
</MPITEST>
<MPITEST>
<NAME>connaccf90</NAME>
<NP>2</NP>
<WORKDIR>./f90/spawn</WORKDIR>
<STATUS>fail</STATUS>
<TESTDIFF>
Warning: MPID_Open_port() not implemented
Fatal error in PMPI_Open_port: Unsupported file operation , error stack:
PMPI_Open_port(123): MPI_Open_port(MPI_INFO_NULL, port=0x90d620) failed

(unknown)(): Unsupported file operation Fatal error in PMPI_Barrier: Other MPI error, error stack:
PMPI_Barrier(425).....: MPI_Barrier(MPI_COMM_WORLD) failed
MPIR_Barrier_impl(331): Failure during collective
MPIR_Barrier_impl(313): 
MPIR_Barrier_intra(83): 
mpid_irecv_done(100)..: read from socket failed - request state:recv(pde)done
</TESTDIFF>
</MPITEST>
<MPITEST>
<NAME>spawnmultf90</NAME>
<NP>1</NP>
<WORKDIR>./f90/spawn</WORKDIR>
<STATUS>fail</STATUS>
<TESTDIFF>
Warning: MPID_Comm_spawn_multiple() not implemented
Fatal error in MPI_Comm_spawn_multiple: Unsupported file operation , error stack:
MPI_Comm_spawn_multiple(160): MPI_Comm_spawn_multiple(count=2, cmds=0x20201f0, argvs=0x2020280, maxprocs=0x7fff540caa90, infos=0x7fff540caaa0, root=0, MPI_COMM_WORLD, intercomm=0x7fff540caa9c, errors=0x7fff540caac0) failed
(unknown)(): Unsupported file operation 
</TESTDIFF>
</MPITEST>
<MPITEST>
<NAME>spawnmult2f90</NAME>
<NP>2</NP>
<WORKDIR>./f90/spawn</WORKDIR>
<STATUS>fail</STATUS>
<TESTDIFF>
Warning: MPID_Comm_spawn_multiple() not implemented
Fatal error in MPI_Comm_spawn_multiple: Unsupported file operation , error stack:
MPI_Comm_spawn_multiple(160): MPI_Comm_spawn_multiple(count=2, cmds=0x13a0210, argvs=(nil), maxprocs=0x7fff9e6bf4f0, infos=0x7fff9e6bf500, root=0, MPI_COMM_WORLD, intercomm=0x7fff9e6bf4fc, errors=0x7fff9e6bf520) failed

(unknown)(): Unsupported file operation Warning: MPID_Comm_spawn_multiple() not implemented
Fatal error in MPI_Comm_spawn_multiple: Unsupported file operation , error stack:
MPI_Comm_spawn_multiple(160): MPI_Comm_spawn_multiple(count=2, cmds=0x1a21210, argvs=(nil), maxprocs=0x7ffffe5457a0, infos=0x7ffffe5457b0, root=0, MPI_COMM_WORLD, intercomm=0x7ffffe5457ac, errors=0x7ffffe5457d0) failed
(unknown)(): Unsupported file operation 
</TESTDIFF>
</MPITEST>
<MPITEST>
<NAME>wtimef90</NAME>
<NP>1</NP>
<WORKDIR>./f90/timer</WORKDIR>
<STATUS>pass</STATUS>
</MPITEST>
<MPITEST>
<NAME>cartcrf90</NAME>
<NP>4</NP>
<WORKDIR>./f90/topo</WORKDIR>
<STATUS>pass</STATUS>
</MPITEST>
<MPITEST>
<NAME>dgraph_wgtf90</NAME>
<NP>4</NP>
<WORKDIR>./f90/topo</WORKDIR>
<STATUS>pass</STATUS>
</MPITEST>
<MPITEST>
<NAME>dgraph_unwgtf90</NAME>
<NP>4</NP>
<WORKDIR>./f90/topo</WORKDIR>
<STATUS>pass</STATUS>
</MPITEST>
