<?xml version='1.0' ?>
<?xml-stylesheet href="TestResults.xsl" type="text/xsl" ?>
<MPITESTRESULTS>
<DATE>2017-07-17-17-57</DATE>
<MPISOURCE></MPISOURCE>
<MPITEST>
<NAME>mprobe</NAME>
<NP>2</NP>
<WORKDIR>./parastation</WORKDIR>
<STATUS>pass</STATUS>
</MPITEST>
<MPITEST>
<NAME>locknull</NAME>
<NP>2</NP>
<WORKDIR>./parastation</WORKDIR>
<STATUS>pass</STATUS>
</MPITEST>
<MPITEST>
<NAME>get-acc-loc</NAME>
<NP>4</NP>
<WORKDIR>./parastation</WORKDIR>
<STATUS>pass</STATUS>
</MPITEST>
<MPITEST>
<NAME>win_sync_err_flush</NAME>
<NP>2</NP>
<WORKDIR>./parastation</WORKDIR>
<STATUS>pass</STATUS>
</MPITEST>
<MPITEST>
<NAME>win_sync_err_flushall</NAME>
<NP>2</NP>
<WORKDIR>./parastation</WORKDIR>
<STATUS>pass</STATUS>
</MPITEST>
<MPITEST>
<NAME>win_sync_err_lockall_pt</NAME>
<NP>2</NP>
<WORKDIR>./parastation</WORKDIR>
<STATUS>pass</STATUS>
</MPITEST>
<MPITEST>
<NAME>win_sync_err_lockall_at</NAME>
<NP>2</NP>
<WORKDIR>./parastation</WORKDIR>
<STATUS>pass</STATUS>
</MPITEST>
<MPITEST>
<NAME>win_sync_err_unlockall</NAME>
<NP>2</NP>
<WORKDIR>./parastation</WORKDIR>
<STATUS>pass</STATUS>
</MPITEST>
<MPITEST>
<NAME>win_sync_err_reqops</NAME>
<NP>2</NP>
<WORKDIR>./parastation</WORKDIR>
<STATUS>pass</STATUS>
</MPITEST>
<MPITEST>
<NAME>win_flavor_err_shm</NAME>
<NP>2</NP>
<WORKDIR>./parastation</WORKDIR>
<STATUS>pass</STATUS>
</MPITEST>
<MPITEST>
<NAME>win_flavor_err_dyn</NAME>
<NP>2</NP>
<WORKDIR>./parastation</WORKDIR>
<STATUS>pass</STATUS>
</MPITEST>
<MPITEST>
<NAME>win_shm_multiple</NAME>
<NP>4</NP>
<WORKDIR>./parastation</WORKDIR>
<STATUS>pass</STATUS>
</MPITEST>
<MPITEST>
<NAME>win_shm_large</NAME>
<NP>2</NP>
<WORKDIR>./parastation</WORKDIR>
<STATUS>pass</STATUS>
</MPITEST>
<MPITEST>
<NAME>spawn_isend</NAME>
<NP>2</NP>
<WORKDIR>./parastation</WORKDIR>
<STATUS>pass</STATUS>
</MPITEST>
<MPITEST>
<NAME>spawn_ssend</NAME>
<NP>2</NP>
<WORKDIR>./parastation</WORKDIR>
<STATUS>pass</STATUS>
</MPITEST>
<MPITEST>
<NAME>spawn_anysrc</NAME>
<NP>2</NP>
<WORKDIR>./parastation</WORKDIR>
<STATUS>pass</STATUS>
</MPITEST>
<MPITEST>
<NAME>spawn_rma</NAME>
<NP>2</NP>
<WORKDIR>./parastation</WORKDIR>
<STATUS>pass</STATUS>
</MPITEST>
<MPITEST>
<NAME>spawn_universe</NAME>
<NP>2</NP>
<WORKDIR>./parastation</WORKDIR>
<STATUS>pass</STATUS>
</MPITEST>
<MPITEST>
<NAME>num_contexts_2k</NAME>
<NP>1</NP>
<WORKDIR>./parastation</WORKDIR>
<STATUS>pass</STATUS>
</MPITEST>
<MPITEST>
<NAME>num_contexts_4k</NAME>
<NP>1</NP>
<WORKDIR>./parastation</WORKDIR>
<STATUS>pass</STATUS>
</MPITEST>
<MPITEST>
<NAME>num_contexts_8k</NAME>
<NP>1</NP>
<WORKDIR>./parastation</WORKDIR>
<STATUS>pass</STATUS>
</MPITEST>
<MPITEST>
<NAME>num_contexts_16k</NAME>
<NP>1</NP>
<WORKDIR>./parastation</WORKDIR>
<STATUS>pass</STATUS>
</MPITEST>
<MPITEST>
<NAME>acc-pairtype</NAME>
<NP>2</NP>
<WORKDIR>./parastation</WORKDIR>
<STATUS>fail</STATUS>
<TESTDIFF>
Deadlock detected! Process 18573 will wait forever.
('wait' called without outstanding send or recv requests).
Requests:
Sockets:

===================================================================================
=   BAD TERMINATION OF ONE OF YOUR APPLICATION PROCESSES
=   PID 18574 RUNNING AT zam871
=   EXIT CODE: 11
=   CLEANING UP REMAINING PROCESSES
=   YOU CAN IGNORE THE BELOW CLEANUP MESSAGES
===================================================================================
YOUR APPLICATION TERMINATED WITH THE EXIT STRING: Segmentation fault (signal 11)
This typically refers to a problem with your application.
Please see the FAQ page for debugging suggestions
</TESTDIFF>
</MPITEST>
<MPITEST>
<NAME>acc-vecsum</NAME>
<NP>2</NP>
<WORKDIR>./parastation</WORKDIR>
<STATUS>pass</STATUS>
</MPITEST>
<MPITEST>
<NAME>get-acc-pairtype</NAME>
<NP>2</NP>
<WORKDIR>./parastation</WORKDIR>
<STATUS>fail</STATUS>
<TESTDIFF>
Deadlock detected! Process 18667 will wait forever.
('wait' called without outstanding send or recv requests).
Requests:
Sockets:
  sock#0x18416a0 listen:    -1 demand:   0(   0)  src:(134.94.169.164,18667,(nil),r0000000) anyrecv:     2
  Connections:
    con#0x1843e20 type:  loop state:    open dest:(134.94.169.164,18667,0x1843e20,r0000000) recvcnt:    1
    con#0x18441e0 type:   shm state:    norw dest:(134.94.169.164,18668,0x932ff0,r0000001) recvcnt:    1
Fds:

Reqs:16 GenReqs: (cnt:1  used:0)
ReqsAnySrc:4 RecvQAnySrc:8

===================================================================================
=   BAD TERMINATION OF ONE OF YOUR APPLICATION PROCESSES
=   PID 18668 RUNNING AT zam871
=   EXIT CODE: 11
=   CLEANING UP REMAINING PROCESSES
=   YOU CAN IGNORE THE BELOW CLEANUP MESSAGES
===================================================================================
YOUR APPLICATION TERMINATED WITH THE EXIT STRING: Segmentation fault (signal 11)
This typically refers to a problem with your application.
Please see the FAQ page for debugging suggestions
</TESTDIFF>
</MPITEST>
<MPITEST>
<NAME>get-acc-shm-pairtype</NAME>
<NP>2</NP>
<WORKDIR>./parastation</WORKDIR>
<STATUS>pass</STATUS>
</MPITEST>
<MPITEST>
<NAME>getfence1</NAME>
<NP>2</NP>
<WORKDIR>./parastation</WORKDIR>
<STATUS>fail</STATUS>
<TESTDIFF>
Data expected = fe but got p[1] = ff
Data expected = fd but got p[2] = ff
Data expected = fc but got p[3] = ff
Data expected = fb but got p[4] = ff
Data expected = fa but got p[5] = ff
Data expected = f9 but got p[6] = ff
Data expected = f8 but got p[7] = ff
Data expected = fe but got p[1] = ff
Data expected = fd but got p[2] = ff
Data expected = fc but got p[3] = ff
Data expected = fb but got p[4] = ff
Data expected = fa but got p[5] = ff
Data expected = f9 but got p[6] = ff
Data expected = f8 but got p[7] = ff
Data expected = fe but got p[1] = ff
Data expected = fd but got p[2] = ff
Data expected = fc but got p[3] = ff
Data expected = fb but got p[4] = ff
Data expected = fa but got p[5] = ff
Data expected = f9 but got p[6] = ff
Data expected = f8 but got p[7] = ff
Data expected = fe but got p[1] = ff
Data expected = fd but got p[2] = ff
Data expected = fc but got p[3] = ff
Data expected = fb but got p[4] = ff
Data expected = fa but got p[5] = ff
Data expected = f9 but got p[6] = ff
Data expected = f8 but got p[7] = ff
Data expected = fe but got p[1] = ff
Data expected = fd but got p[2] = ff
Data expected = fc but got p[3] = ff
Data expected = fb but got p[4] = ff
Data expected = fa but got p[5] = ff
Data expected = f9 but got p[6] = ff
Data expected = f8 but got p[7] = ff
Data expected = fe but got p[1] = ff
Data expected = fd but got p[2] = ff
Data expected = fc but got p[3] = ff
Data expected = fb but got p[4] = ff
Data expected = fa but got p[5] = ff
Data expected = f9 but got p[6] = ff
Data expected = f8 but got p[7] = ff
Data expected = fe but got p[1] = ff
Data expected = fd but got p[2] = ff
Data expected = fc but got p[3] = ff
Data expected = fb but got p[4] = ff
Data expected = fa but got p[5] = ff
Data expected = f9 but got p[6] = ff
Data expected = f8 but got p[7] = ff
Data expected = fe but got p[1] = ff
Data expected = fd but got p[2] = ff
Data expected = fc but got p[3] = ff
Data expected = fb but got p[4] = ff
Data expected = fa but got p[5] = ff
Data expected = f9 but got p[6] = ff
Data expected = f8 but got p[7] = ff
Data expected = fe but got p[1] = ff
Data expected = fd but got p[2] = ff
Data expected = fc but got p[3] = ff
Data expected = fb but got p[4] = ff
Data expected = fa but got p[5] = ff
Data expected = f9 but got p[6] = ff
Data expected = f8 but got p[7] = ff
Data expected = fe but got p[1] = ff
Data expected = fd but got p[2] = ff
Data expected = fc but got p[3] = ff
Data expected = fb but got p[4] = ff
Data expected = fa but got p[5] = ff
Data expected = f9 but got p[6] = ff
Data expected = f8 but got p[7] = ff
Data expected = fe but got p[1] = ff
Data expected = fd but got p[2] = ff
Data expected = fc but got p[3] = ff
Data expected = fb but got p[4] = ff
Data expected = fa but got p[5] = ff
Data expected = f9 but got p[6] = ff
Data expected = f8 but got p[7] = ff
Data expected = f7 but got p[8] = ff
Data expected = f6 but got p[9] = ff
Data expected = fe but got p[1] = ff
Data expected = fd but got p[2] = ff
Data expected = fc but got p[3] = ff
Data expected = fb but got p[4] = ff
Data expected = fa but got p[5] = ff
Data expected = f9 but got p[6] = ff
Data expected = f8 but got p[7] = ff
Data expected = f7 but got p[8] = ff
Data expected = f6 but got p[9] = ff
Data expected = fe but got p[1] = ff
Data expected = fd but got p[2] = ff
Data expected = fc but got p[3] = ff
Data expected = fb but got p[4] = ff
Data expected = fa but got p[5] = ff
Data expected = f9 but got p[6] = ff
Data expected = f8 but got p[7] = ff
Data expected = f7 but got p[8] = ff
Data expected = f6 but got p[9] = ff
Data expected = fe but got p[1] = ff
Data expected = fd but got p[2] = ff
Data expected = fc but got p[3] = ff
Data expected = fb but got p[4] = ff
Data expected = fa but got p[5] = ff
Data expected = f9 but got p[6] = ff
Data expected = f8 but got p[7] = ff
Data expected = f7 but got p[8] = ff
Data expected = f6 but got p[9] = ff
Data expected = fe but got p[1] = ff
Data expected = fd but got p[2] = ff
Data expected = fc but got p[3] = ff
Data expected = fb but got p[4] = ff
Data expected = fa but got p[5] = ff
Data expected = f9 but got p[6] = ff
Data expected = f8 but got p[7] = ff
Data expected = f7 but got p[8] = ff
Data expected = f6 but got p[9] = ff
Data expected = fe but got p[1] = ff
Data expected = fd but got p[2] = ff
Data expected = fc but got p[3] = ff
Data expected = fb but got p[4] = ff
Data expected = fa but got p[5] = ff
Data expected = f9 but got p[6] = ff
Data expected = f8 but got p[7] = ff
Data expected = f7 but got p[8] = ff
Data expected = f6 but got p[9] = ff
Data expected = fe but got p[1] = ff
Data expected = fd but got p[2] = ff
Data expected = fc but got p[3] = ff
Data expected = fb but got p[4] = ff
Data expected = fa but got p[5] = ff
Data expected = f9 but got p[6] = ff
Data expected = f8 but got p[7] = ff
Data expected = f7 but got p[8] = ff
Data expected = f6 but got p[9] = ff
Data expected = fe but got p[1] = ff
Data expected = fd but got p[2] = ff
Data expected = fc but got p[3] = ff
Data expected = fb but got p[4] = ff
Data expected = fa but got p[5] = ff
Data expected = f9 but got p[6] = ff
Data expected = f8 but got p[7] = ff
Data expected = f7 but got p[8] = ff
Data expected = f6 but got p[9] = ff
Data expected = fe but got p[1] = ff
Data expected = fd but got p[2] = ff
Data expected = fc but got p[3] = ff
Data expected = fb but got p[4] = ff
Data expected = fa but got p[5] = ff
Data expected = f9 but got p[6] = ff
Data expected = f8 but got p[7] = ff
Data expected = f7 but got p[8] = ff
Data expected = f6 but got p[9] = ff
Data expected = fe but got p[1] = ff
Data expected = fd but got p[2] = ff
Data expected = fc but got p[3] = ff
Data expected = fb but got p[4] = ff
Data expected = fa but got p[5] = ff
Data expected = f9 but got p[6] = ff
Data expected = f8 but got p[7] = ff
Data expected = f7 but got p[8] = ff
Data expected = f6 but got p[9] = ff
Data expected = fe but got p[1] = ff
Data expected = fd but got p[2] = ff
Data expected = fc but got p[3] = ff
Data expected = fb but got p[4] = ff
Data expected = fa but got p[5] = ff
Data expected = f9 but got p[6] = ff
Data expected = f8 but got p[7] = ff
Data expected = f7 but got p[8] = ff
Data expected = f6 but got p[9] = ff
Data expected = fe but got p[1] = ff
Data expected = fd but got p[2] = ff
Data expected = fc but got p[3] = ff
Data expected = fb but got p[4] = ff
Data expected = fa but got p[5] = ff
Data expected = f9 but got p[6] = ff
Data expected = f8 but got p[7] = ff
Data expected = f7 but got p[8] = ff
Data expected = f6 but got p[9] = ff
Data expected = fe but got p[1] = ff
Data expected = fd but got p[2] = ff
Data expected = fc but got p[3] = ff
Data expected = fb but got p[4] = ff
Data expected = fa but got p[5] = ff
Data expected = f9 but got p[6] = ff
Data expected = f8 but got p[7] = ff
Data expected = f7 but got p[8] = ff
Data expected = f6 but got p[9] = ff
Data expected = fe but got p[1] = ff
Data expected = fd but got p[2] = ff
Data expected = fc but got p[3] = ff
Data expected = fb but got p[4] = ff
Data expected = fa but got p[5] = ff
Data expected = f9 but got p[6] = ff
Data expected = f8 but got p[7] = ff
Data expected = f7 but got p[8] = ff
Data expected = f6 but got p[9] = ff

===================================================================================
=   BAD TERMINATION OF ONE OF YOUR APPLICATION PROCESSES
=   PID 18761 RUNNING AT zam871
=   EXIT CODE: 11
=   CLEANING UP REMAINING PROCESSES
=   YOU CAN IGNORE THE BELOW CLEANUP MESSAGES
===================================================================================
YOUR APPLICATION TERMINATED WITH THE EXIT STRING: Segmentation fault (signal 11)
This typically refers to a problem with your application.
Please see the FAQ page for debugging suggestions
</TESTDIFF>
</MPITEST>
<MPITEST>
<NAME>large-acc-flush_local</NAME>
<NP>3</NP>
<WORKDIR>./parastation</WORKDIR>
<STATUS>pass</STATUS>
</MPITEST>
<MPITEST>
<NAME>attrt</NAME>
<NP>2</NP>
<WORKDIR>./attr</WORKDIR>
<STATUS>pass</STATUS>
</MPITEST>
<MPITEST>
<NAME>attric</NAME>
<NP>4</NP>
<WORKDIR>./attr</WORKDIR>
<STATUS>pass</STATUS>
</MPITEST>
<MPITEST>
<NAME>attrerr</NAME>
<NP>1</NP>
<WORKDIR>./attr</WORKDIR>
<STATUS>pass</STATUS>
</MPITEST>
<MPITEST>
<NAME>attrend</NAME>
<NP>1</NP>
<WORKDIR>./attr</WORKDIR>
<STATUS>pass</STATUS>
</MPITEST>
<MPITEST>
<NAME>attrend</NAME>
<NP>4</NP>
<WORKDIR>./attr</WORKDIR>
<STATUS>pass</STATUS>
</MPITEST>
<MPITEST>
<NAME>attrend2</NAME>
<NP>1</NP>
<WORKDIR>./attr</WORKDIR>
<STATUS>pass</STATUS>
</MPITEST>
<MPITEST>
<NAME>attrend2</NAME>
<NP>5</NP>
<WORKDIR>./attr</WORKDIR>
<STATUS>pass</STATUS>
</MPITEST>
<MPITEST>
<NAME>attrerrcomm</NAME>
<NP>1</NP>
<WORKDIR>./attr</WORKDIR>
<STATUS>pass</STATUS>
</MPITEST>
<MPITEST>
<NAME>attrerrtype</NAME>
<NP>1</NP>
<WORKDIR>./attr</WORKDIR>
<STATUS>pass</STATUS>
</MPITEST>
<MPITEST>
<NAME>attrdeleteget</NAME>
<NP>1</NP>
<WORKDIR>./attr</WORKDIR>
<STATUS>pass</STATUS>
</MPITEST>
<MPITEST>
<NAME>attr2type</NAME>
<NP>1</NP>
<WORKDIR>./attr</WORKDIR>
<STATUS>pass</STATUS>
</MPITEST>
<MPITEST>
<NAME>attrorder</NAME>
<NP>1</NP>
<WORKDIR>./attr</WORKDIR>
<STATUS>pass</STATUS>
</MPITEST>
<MPITEST>
<NAME>attrordercomm</NAME>
<NP>1</NP>
<WORKDIR>./attr</WORKDIR>
<STATUS>pass</STATUS>
</MPITEST>
<MPITEST>
<NAME>attrordertype</NAME>
<NP>1</NP>
<WORKDIR>./attr</WORKDIR>
<STATUS>pass</STATUS>
</MPITEST>
<MPITEST>
<NAME>baseattr2</NAME>
<NP>1</NP>
<WORKDIR>./attr</WORKDIR>
<STATUS>pass</STATUS>
</MPITEST>
<MPITEST>
<NAME>baseattrcomm</NAME>
<NP>1</NP>
<WORKDIR>./attr</WORKDIR>
<STATUS>pass</STATUS>
</MPITEST>
<MPITEST>
<NAME>fkeyval</NAME>
<NP>1</NP>
<WORKDIR>./attr</WORKDIR>
<STATUS>pass</STATUS>
</MPITEST>
<MPITEST>
<NAME>fkeyvalcomm</NAME>
<NP>1</NP>
<WORKDIR>./attr</WORKDIR>
<STATUS>pass</STATUS>
</MPITEST>
<MPITEST>
<NAME>fkeyvaltype</NAME>
<NP>1</NP>
<WORKDIR>./attr</WORKDIR>
<STATUS>pass</STATUS>
</MPITEST>
<MPITEST>
<NAME>keyval_double_free</NAME>
<NP>1</NP>
<WORKDIR>./attr</WORKDIR>
<STATUS>pass</STATUS>
</MPITEST>
<MPITEST>
<NAME>keyval_double_free_comm</NAME>
<NP>1</NP>
<WORKDIR>./attr</WORKDIR>
<STATUS>pass</STATUS>
</MPITEST>
<MPITEST>
<NAME>keyval_double_free_type</NAME>
<NP>1</NP>
<WORKDIR>./attr</WORKDIR>
<STATUS>pass</STATUS>
</MPITEST>
<MPITEST>
<NAME>keyval_double_free_win</NAME>
<NP>1</NP>
<WORKDIR>./attr</WORKDIR>
<STATUS>pass</STATUS>
</MPITEST>
<MPITEST>
<NAME>allred</NAME>
<NP>4</NP>
<WORKDIR>./coll</WORKDIR>
<STATUS>pass</STATUS>
</MPITEST>
<MPITEST>
<NAME>allred</NAME>
<NP>7</NP>
<WORKDIR>./coll</WORKDIR>
<STATUS>pass</STATUS>
</MPITEST>
<MPITEST>
<NAME>allred</NAME>
<NP>4</NP>
<WORKDIR>./coll</WORKDIR>
<STATUS>pass</STATUS>
</MPITEST>
<MPITEST>
<NAME>allredmany</NAME>
<NP>4</NP>
<WORKDIR>./coll</WORKDIR>
<STATUS>pass</STATUS>
</MPITEST>
<MPITEST>
<NAME>allred2</NAME>
<NP>4</NP>
<WORKDIR>./coll</WORKDIR>
<STATUS>pass</STATUS>
</MPITEST>
<MPITEST>
<NAME>allred3</NAME>
<NP>10</NP>
<WORKDIR>./coll</WORKDIR>
<STATUS>pass</STATUS>
</MPITEST>
<MPITEST>
<NAME>allred4</NAME>
<NP>4</NP>
<WORKDIR>./coll</WORKDIR>
<STATUS>pass</STATUS>
</MPITEST>
<MPITEST>
<NAME>allred5</NAME>
<NP>5</NP>
<WORKDIR>./coll</WORKDIR>
<STATUS>pass</STATUS>
</MPITEST>
<MPITEST>
<NAME>allred5</NAME>
<NP>10</NP>
<WORKDIR>./coll</WORKDIR>
<STATUS>pass</STATUS>
</MPITEST>
<MPITEST>
<NAME>allred6</NAME>
<NP>4</NP>
<WORKDIR>./coll</WORKDIR>
<STATUS>pass</STATUS>
</MPITEST>
<MPITEST>
<NAME>allred6</NAME>
<NP>7</NP>
<WORKDIR>./coll</WORKDIR>
<STATUS>pass</STATUS>
</MPITEST>
<MPITEST>
<NAME>reduce</NAME>
<NP>5</NP>
<WORKDIR>./coll</WORKDIR>
<STATUS>pass</STATUS>
</MPITEST>
<MPITEST>
<NAME>reduce</NAME>
<NP>10</NP>
<WORKDIR>./coll</WORKDIR>
<STATUS>pass</STATUS>
</MPITEST>
<MPITEST>
<NAME>reduce_local</NAME>
<NP>2</NP>
<WORKDIR>./coll</WORKDIR>
<STATUS>pass</STATUS>
</MPITEST>
<MPITEST>
<NAME>op_commutative</NAME>
<NP>2</NP>
<WORKDIR>./coll</WORKDIR>
<STATUS>pass</STATUS>
</MPITEST>
<MPITEST>
<NAME>red3</NAME>
<NP>10</NP>
<WORKDIR>./coll</WORKDIR>
<STATUS>pass</STATUS>
</MPITEST>
<MPITEST>
<NAME>red4</NAME>
<NP>10</NP>
<WORKDIR>./coll</WORKDIR>
<STATUS>pass</STATUS>
</MPITEST>
<MPITEST>
<NAME>alltoall1</NAME>
<NP>8</NP>
<WORKDIR>./coll</WORKDIR>
<STATUS>pass</STATUS>
</MPITEST>
<MPITEST>
<NAME>alltoallv</NAME>
<NP>10</NP>
<WORKDIR>./coll</WORKDIR>
<STATUS>pass</STATUS>
</MPITEST>
<MPITEST>
<NAME>alltoallv0</NAME>
<NP>10</NP>
<WORKDIR>./coll</WORKDIR>
<STATUS>pass</STATUS>
</MPITEST>
<MPITEST>
<NAME>alltoallw1</NAME>
<NP>10</NP>
<WORKDIR>./coll</WORKDIR>
<STATUS>pass</STATUS>
</MPITEST>
<MPITEST>
<NAME>alltoallw2</NAME>
<NP>10</NP>
<WORKDIR>./coll</WORKDIR>
<STATUS>pass</STATUS>
</MPITEST>
<MPITEST>
<NAME>alltoallw_zeros</NAME>
<NP>1</NP>
<WORKDIR>./coll</WORKDIR>
<STATUS>pass</STATUS>
</MPITEST>
<MPITEST>
<NAME>alltoallw_zeros</NAME>
<NP>2</NP>
<WORKDIR>./coll</WORKDIR>
<STATUS>pass</STATUS>
</MPITEST>
<MPITEST>
<NAME>alltoallw_zeros</NAME>
<NP>5</NP>
<WORKDIR>./coll</WORKDIR>
<STATUS>pass</STATUS>
</MPITEST>
<MPITEST>
<NAME>alltoallw_zeros</NAME>
<NP>8</NP>
<WORKDIR>./coll</WORKDIR>
<STATUS>pass</STATUS>
</MPITEST>
<MPITEST>
<NAME>allgather2</NAME>
<NP>10</NP>
<WORKDIR>./coll</WORKDIR>
<STATUS>pass</STATUS>
</MPITEST>
<MPITEST>
<NAME>allgather3</NAME>
<NP>10</NP>
<WORKDIR>./coll</WORKDIR>
<STATUS>pass</STATUS>
</MPITEST>
<MPITEST>
<NAME>allgatherv2</NAME>
<NP>10</NP>
<WORKDIR>./coll</WORKDIR>
<STATUS>pass</STATUS>
</MPITEST>
<MPITEST>
<NAME>allgatherv3</NAME>
<NP>10</NP>
<WORKDIR>./coll</WORKDIR>
<STATUS>pass</STATUS>
</MPITEST>
<MPITEST>
<NAME>allgatherv4</NAME>
<NP>4</NP>
<WORKDIR>./coll</WORKDIR>
<STATUS>pass</STATUS>
</MPITEST>
<MPITEST>
<NAME>allgather_struct</NAME>
<NP>10</NP>
<WORKDIR>./coll</WORKDIR>
<STATUS>pass</STATUS>
</MPITEST>
<MPITEST>
<NAME>bcasttest</NAME>
<NP>4</NP>
<WORKDIR>./coll</WORKDIR>
<STATUS>pass</STATUS>
</MPITEST>
<MPITEST>
<NAME>bcasttest</NAME>
<NP>8</NP>
<WORKDIR>./coll</WORKDIR>
<STATUS>pass</STATUS>
</MPITEST>
<MPITEST>
<NAME>bcasttest</NAME>
<NP>10</NP>
<WORKDIR>./coll</WORKDIR>
<STATUS>pass</STATUS>
</MPITEST>
<MPITEST>
<NAME>bcast_full</NAME>
<NP>4</NP>
<WORKDIR>./coll</WORKDIR>
<STATUS>pass</STATUS>
</MPITEST>
<MPITEST>
<NAME>bcast_min_datatypes</NAME>
<NP>10</NP>
<WORKDIR>./coll</WORKDIR>
<STATUS>pass</STATUS>
</MPITEST>
<MPITEST>
<NAME>bcast_comm_world</NAME>
<NP>10</NP>
<WORKDIR>./coll</WORKDIR>
<STATUS>pass</STATUS>
</MPITEST>
<MPITEST>
<NAME>bcastzerotype</NAME>
<NP>1</NP>
<WORKDIR>./coll</WORKDIR>
<STATUS>pass</STATUS>
</MPITEST>
<MPITEST>
<NAME>bcastzerotype</NAME>
<NP>4</NP>
<WORKDIR>./coll</WORKDIR>
<STATUS>pass</STATUS>
</MPITEST>
<MPITEST>
<NAME>bcastzerotype</NAME>
<NP>5</NP>
<WORKDIR>./coll</WORKDIR>
<STATUS>pass</STATUS>
</MPITEST>
<MPITEST>
<NAME>bcastzerotype</NAME>
<NP>10</NP>
<WORKDIR>./coll</WORKDIR>
<STATUS>pass</STATUS>
</MPITEST>
<MPITEST>
<NAME>coll2</NAME>
<NP>5</NP>
<WORKDIR>./coll</WORKDIR>
<STATUS>pass</STATUS>
</MPITEST>
<MPITEST>
<NAME>coll3</NAME>
<NP>5</NP>
<WORKDIR>./coll</WORKDIR>
<STATUS>pass</STATUS>
</MPITEST>
<MPITEST>
<NAME>coll4</NAME>
<NP>4</NP>
<WORKDIR>./coll</WORKDIR>
<STATUS>pass</STATUS>
</MPITEST>
<MPITEST>
<NAME>coll5</NAME>
<NP>4</NP>
<WORKDIR>./coll</WORKDIR>
<STATUS>pass</STATUS>
</MPITEST>
<MPITEST>
<NAME>coll6</NAME>
<NP>5</NP>
<WORKDIR>./coll</WORKDIR>
<STATUS>pass</STATUS>
</MPITEST>
<MPITEST>
<NAME>coll7</NAME>
<NP>1</NP>
<WORKDIR>./coll</WORKDIR>
<STATUS>pass</STATUS>
</MPITEST>
<MPITEST>
<NAME>coll7</NAME>
<NP>2</NP>
<WORKDIR>./coll</WORKDIR>
<STATUS>pass</STATUS>
</MPITEST>
<MPITEST>
<NAME>coll7</NAME>
<NP>5</NP>
<WORKDIR>./coll</WORKDIR>
<STATUS>pass</STATUS>
</MPITEST>
<MPITEST>
<NAME>coll8</NAME>
<NP>4</NP>
<WORKDIR>./coll</WORKDIR>
<STATUS>pass</STATUS>
</MPITEST>
<MPITEST>
<NAME>coll9</NAME>
<NP>4</NP>
<WORKDIR>./coll</WORKDIR>
<STATUS>pass</STATUS>
</MPITEST>
<MPITEST>
<NAME>coll10</NAME>
<NP>4</NP>
<WORKDIR>./coll</WORKDIR>
<STATUS>pass</STATUS>
</MPITEST>
<MPITEST>
<NAME>coll11</NAME>
<NP>4</NP>
<WORKDIR>./coll</WORKDIR>
<STATUS>pass</STATUS>
</MPITEST>
<MPITEST>
<NAME>coll12</NAME>
<NP>4</NP>
<WORKDIR>./coll</WORKDIR>
<STATUS>pass</STATUS>
</MPITEST>
<MPITEST>
<NAME>coll13</NAME>
<NP>4</NP>
<WORKDIR>./coll</WORKDIR>
<STATUS>pass</STATUS>
</MPITEST>
<MPITEST>
<NAME>longuser</NAME>
<NP>4</NP>
<WORKDIR>./coll</WORKDIR>
<STATUS>pass</STATUS>
</MPITEST>
<MPITEST>
<NAME>redscat</NAME>
<NP>4</NP>
<WORKDIR>./coll</WORKDIR>
<STATUS>pass</STATUS>
</MPITEST>
<MPITEST>
<NAME>redscat</NAME>
<NP>6</NP>
<WORKDIR>./coll</WORKDIR>
<STATUS>pass</STATUS>
</MPITEST>
<MPITEST>
<NAME>redscat2</NAME>
<NP>4</NP>
<WORKDIR>./coll</WORKDIR>
<STATUS>pass</STATUS>
</MPITEST>
<MPITEST>
<NAME>redscat2</NAME>
<NP>5</NP>
<WORKDIR>./coll</WORKDIR>
<STATUS>pass</STATUS>
</MPITEST>
<MPITEST>
<NAME>redscat2</NAME>
<NP>10</NP>
<WORKDIR>./coll</WORKDIR>
<STATUS>pass</STATUS>
</MPITEST>
<MPITEST>
<NAME>redscat3</NAME>
<NP>8</NP>
<WORKDIR>./coll</WORKDIR>
<STATUS>pass</STATUS>
</MPITEST>
<MPITEST>
<NAME>redscatinter</NAME>
<NP>8</NP>
<WORKDIR>./coll</WORKDIR>
<STATUS>pass</STATUS>
</MPITEST>
<MPITEST>
<NAME>red_scat_block</NAME>
<NP>4</NP>
<WORKDIR>./coll</WORKDIR>
<STATUS>pass</STATUS>
</MPITEST>
<MPITEST>
<NAME>red_scat_block</NAME>
<NP>5</NP>
<WORKDIR>./coll</WORKDIR>
<STATUS>pass</STATUS>
</MPITEST>
<MPITEST>
<NAME>red_scat_block</NAME>
<NP>8</NP>
<WORKDIR>./coll</WORKDIR>
<STATUS>pass</STATUS>
</MPITEST>
<MPITEST>
<NAME>red_scat_block2</NAME>
<NP>4</NP>
<WORKDIR>./coll</WORKDIR>
<STATUS>pass</STATUS>
</MPITEST>
<MPITEST>
<NAME>red_scat_block2</NAME>
<NP>5</NP>
<WORKDIR>./coll</WORKDIR>
<STATUS>pass</STATUS>
</MPITEST>
<MPITEST>
<NAME>red_scat_block2</NAME>
<NP>10</NP>
<WORKDIR>./coll</WORKDIR>
<STATUS>pass</STATUS>
</MPITEST>
<MPITEST>
<NAME>redscatblk3</NAME>
<NP>8</NP>
<WORKDIR>./coll</WORKDIR>
<STATUS>pass</STATUS>
</MPITEST>
<MPITEST>
<NAME>redscatblk3</NAME>
<NP>10</NP>
<WORKDIR>./coll</WORKDIR>
<STATUS>pass</STATUS>
</MPITEST>
<MPITEST>
<NAME>redscatbkinter</NAME>
<NP>8</NP>
<WORKDIR>./coll</WORKDIR>
<STATUS>pass</STATUS>
</MPITEST>
<MPITEST>
<NAME>redscatbkinter</NAME>
<NP>10</NP>
<WORKDIR>./coll</WORKDIR>
<STATUS>pass</STATUS>
</MPITEST>
<MPITEST>
<NAME>scantst</NAME>
<NP>4</NP>
<WORKDIR>./coll</WORKDIR>
<STATUS>pass</STATUS>
</MPITEST>
<MPITEST>
<NAME>exscan</NAME>
<NP>10</NP>
<WORKDIR>./coll</WORKDIR>
<STATUS>pass</STATUS>
</MPITEST>
<MPITEST>
<NAME>exscan2</NAME>
<NP>5</NP>
<WORKDIR>./coll</WORKDIR>
<STATUS>pass</STATUS>
</MPITEST>
<MPITEST>
<NAME>gather</NAME>
<NP>4</NP>
<WORKDIR>./coll</WORKDIR>
<STATUS>pass</STATUS>
</MPITEST>
<MPITEST>
<NAME>gather2</NAME>
<NP>4</NP>
<WORKDIR>./coll</WORKDIR>
<STATUS>pass</STATUS>
</MPITEST>
<MPITEST>
<NAME>scattern</NAME>
<NP>4</NP>
<WORKDIR>./coll</WORKDIR>
<STATUS>pass</STATUS>
</MPITEST>
<MPITEST>
<NAME>scatter2</NAME>
<NP>4</NP>
<WORKDIR>./coll</WORKDIR>
<STATUS>pass</STATUS>
</MPITEST>
<MPITEST>
<NAME>scatter3</NAME>
<NP>4</NP>
<WORKDIR>./coll</WORKDIR>
<STATUS>pass</STATUS>
</MPITEST>
<MPITEST>
<NAME>scatterv</NAME>
<NP>4</NP>
<WORKDIR>./coll</WORKDIR>
<STATUS>pass</STATUS>
</MPITEST>
<MPITEST>
<NAME>icbcast</NAME>
<NP>4</NP>
<WORKDIR>./coll</WORKDIR>
<STATUS>pass</STATUS>
</MPITEST>
<MPITEST>
<NAME>icbcast</NAME>
<NP>10</NP>
<WORKDIR>./coll</WORKDIR>
<STATUS>pass</STATUS>
</MPITEST>
<MPITEST>
<NAME>icallreduce</NAME>
<NP>5</NP>
<WORKDIR>./coll</WORKDIR>
<STATUS>pass</STATUS>
</MPITEST>
<MPITEST>
<NAME>icallreduce</NAME>
<NP>7</NP>
<WORKDIR>./coll</WORKDIR>
<STATUS>pass</STATUS>
</MPITEST>
<MPITEST>
<NAME>icreduce</NAME>
<NP>5</NP>
<WORKDIR>./coll</WORKDIR>
<STATUS>pass</STATUS>
</MPITEST>
<MPITEST>
<NAME>icreduce</NAME>
<NP>7</NP>
<WORKDIR>./coll</WORKDIR>
<STATUS>pass</STATUS>
</MPITEST>
<MPITEST>
<NAME>icscatter</NAME>
<NP>5</NP>
<WORKDIR>./coll</WORKDIR>
<STATUS>pass</STATUS>
</MPITEST>
<MPITEST>
<NAME>icscatter</NAME>
<NP>7</NP>
<WORKDIR>./coll</WORKDIR>
<STATUS>pass</STATUS>
</MPITEST>
<MPITEST>
<NAME>icgather</NAME>
<NP>5</NP>
<WORKDIR>./coll</WORKDIR>
<STATUS>pass</STATUS>
</MPITEST>
<MPITEST>
<NAME>icgather</NAME>
<NP>7</NP>
<WORKDIR>./coll</WORKDIR>
<STATUS>pass</STATUS>
</MPITEST>
<MPITEST>
<NAME>icallgather</NAME>
<NP>5</NP>
<WORKDIR>./coll</WORKDIR>
<STATUS>pass</STATUS>
</MPITEST>
<MPITEST>
<NAME>icallgather</NAME>
<NP>7</NP>
<WORKDIR>./coll</WORKDIR>
<STATUS>pass</STATUS>
</MPITEST>
<MPITEST>
<NAME>icbarrier</NAME>
<NP>5</NP>
<WORKDIR>./coll</WORKDIR>
<STATUS>pass</STATUS>
</MPITEST>
<MPITEST>
<NAME>icbarrier</NAME>
<NP>7</NP>
<WORKDIR>./coll</WORKDIR>
<STATUS>pass</STATUS>
</MPITEST>
<MPITEST>
<NAME>icallgatherv</NAME>
<NP>5</NP>
<WORKDIR>./coll</WORKDIR>
<STATUS>pass</STATUS>
</MPITEST>
<MPITEST>
<NAME>icallgatherv</NAME>
<NP>7</NP>
<WORKDIR>./coll</WORKDIR>
<STATUS>pass</STATUS>
</MPITEST>
<MPITEST>
<NAME>icgatherv</NAME>
<NP>5</NP>
<WORKDIR>./coll</WORKDIR>
<STATUS>pass</STATUS>
</MPITEST>
<MPITEST>
<NAME>icgatherv</NAME>
<NP>7</NP>
<WORKDIR>./coll</WORKDIR>
<STATUS>pass</STATUS>
</MPITEST>
<MPITEST>
<NAME>icscatterv</NAME>
<NP>5</NP>
<WORKDIR>./coll</WORKDIR>
<STATUS>pass</STATUS>
</MPITEST>
<MPITEST>
<NAME>icscatterv</NAME>
<NP>7</NP>
<WORKDIR>./coll</WORKDIR>
<STATUS>pass</STATUS>
</MPITEST>
<MPITEST>
<NAME>icalltoall</NAME>
<NP>5</NP>
<WORKDIR>./coll</WORKDIR>
<STATUS>pass</STATUS>
</MPITEST>
<MPITEST>
<NAME>icalltoall</NAME>
<NP>7</NP>
<WORKDIR>./coll</WORKDIR>
<STATUS>pass</STATUS>
</MPITEST>
<MPITEST>
<NAME>icalltoallv</NAME>
<NP>5</NP>
<WORKDIR>./coll</WORKDIR>
<STATUS>pass</STATUS>
</MPITEST>
<MPITEST>
<NAME>icalltoallv</NAME>
<NP>7</NP>
<WORKDIR>./coll</WORKDIR>
<STATUS>pass</STATUS>
</MPITEST>
<MPITEST>
<NAME>icalltoallw</NAME>
<NP>5</NP>
<WORKDIR>./coll</WORKDIR>
<STATUS>pass</STATUS>
</MPITEST>
<MPITEST>
<NAME>icalltoallw</NAME>
<NP>7</NP>
<WORKDIR>./coll</WORKDIR>
<STATUS>pass</STATUS>
</MPITEST>
<MPITEST>
<NAME>opland</NAME>
<NP>4</NP>
<WORKDIR>./coll</WORKDIR>
<STATUS>pass</STATUS>
</MPITEST>
<MPITEST>
<NAME>oplor</NAME>
<NP>4</NP>
<WORKDIR>./coll</WORKDIR>
<STATUS>pass</STATUS>
</MPITEST>
<MPITEST>
<NAME>oplxor</NAME>
<NP>4</NP>
<WORKDIR>./coll</WORKDIR>
<STATUS>pass</STATUS>
</MPITEST>
<MPITEST>
<NAME>oplxor</NAME>
<NP>5</NP>
<WORKDIR>./coll</WORKDIR>
<STATUS>pass</STATUS>
</MPITEST>
<MPITEST>
<NAME>opband</NAME>
<NP>4</NP>
<WORKDIR>./coll</WORKDIR>
<STATUS>pass</STATUS>
</MPITEST>
<MPITEST>
<NAME>opbor</NAME>
<NP>4</NP>
<WORKDIR>./coll</WORKDIR>
<STATUS>pass</STATUS>
</MPITEST>
<MPITEST>
<NAME>opbxor</NAME>
<NP>4</NP>
<WORKDIR>./coll</WORKDIR>
<STATUS>pass</STATUS>
</MPITEST>
<MPITEST>
<NAME>opbxor</NAME>
<NP>5</NP>
<WORKDIR>./coll</WORKDIR>
<STATUS>pass</STATUS>
</MPITEST>
<MPITEST>
<NAME>opprod</NAME>
<NP>5</NP>
<WORKDIR>./coll</WORKDIR>
<STATUS>pass</STATUS>
</MPITEST>
<MPITEST>
<NAME>opprod</NAME>
<NP>6</NP>
<WORKDIR>./coll</WORKDIR>
<STATUS>pass</STATUS>
</MPITEST>
<MPITEST>
<NAME>opsum</NAME>
<NP>4</NP>
<WORKDIR>./coll</WORKDIR>
<STATUS>pass</STATUS>
</MPITEST>
<MPITEST>
<NAME>opmin</NAME>
<NP>4</NP>
<WORKDIR>./coll</WORKDIR>
<STATUS>pass</STATUS>
</MPITEST>
<MPITEST>
<NAME>opminloc</NAME>
<NP>4</NP>
<WORKDIR>./coll</WORKDIR>
<STATUS>pass</STATUS>
</MPITEST>
<MPITEST>
<NAME>opmax</NAME>
<NP>5</NP>
<WORKDIR>./coll</WORKDIR>
<STATUS>pass</STATUS>
</MPITEST>
<MPITEST>
<NAME>opmaxloc</NAME>
<NP>5</NP>
<WORKDIR>./coll</WORKDIR>
<STATUS>pass</STATUS>
</MPITEST>
<MPITEST>
<NAME>uoplong</NAME>
<NP>4</NP>
<WORKDIR>./coll</WORKDIR>
<STATUS>pass</STATUS>
</MPITEST>
<MPITEST>
<NAME>uoplong</NAME>
<NP>11</NP>
<WORKDIR>./coll</WORKDIR>
<STATUS>pass</STATUS>
</MPITEST>
<MPITEST>
<NAME>uoplong</NAME>
<NP>16</NP>
<WORKDIR>./coll</WORKDIR>
<STATUS>pass</STATUS>
</MPITEST>
<MPITEST>
<NAME>nonblocking</NAME>
<NP>4</NP>
<WORKDIR>./coll</WORKDIR>
<STATUS>pass</STATUS>
</MPITEST>
<MPITEST>
<NAME>nonblocking</NAME>
<NP>5</NP>
<WORKDIR>./coll</WORKDIR>
<STATUS>pass</STATUS>
</MPITEST>
<MPITEST>
<NAME>nonblocking</NAME>
<NP>10</NP>
<WORKDIR>./coll</WORKDIR>
<STATUS>pass</STATUS>
</MPITEST>
<MPITEST>
<NAME>nonblocking2</NAME>
<NP>1</NP>
<WORKDIR>./coll</WORKDIR>
<STATUS>pass</STATUS>
</MPITEST>
<MPITEST>
<NAME>nonblocking2</NAME>
<NP>4</NP>
<WORKDIR>./coll</WORKDIR>
<STATUS>pass</STATUS>
</MPITEST>
<MPITEST>
<NAME>nonblocking2</NAME>
<NP>5</NP>
<WORKDIR>./coll</WORKDIR>
<STATUS>pass</STATUS>
</MPITEST>
<MPITEST>
<NAME>nonblocking2</NAME>
<NP>10</NP>
<WORKDIR>./coll</WORKDIR>
<STATUS>pass</STATUS>
</MPITEST>
<MPITEST>
<NAME>nonblocking3</NAME>
<NP>1</NP>
<WORKDIR>./coll</WORKDIR>
<STATUS>pass</STATUS>
</MPITEST>
<MPITEST>
<NAME>nonblocking3</NAME>
<NP>4</NP>
<WORKDIR>./coll</WORKDIR>
<STATUS>pass</STATUS>
</MPITEST>
<MPITEST>
<NAME>nonblocking3</NAME>
<NP>5</NP>
<WORKDIR>./coll</WORKDIR>
<STATUS>pass</STATUS>
</MPITEST>
<MPITEST>
<NAME>nonblocking3</NAME>
<NP>10</NP>
<WORKDIR>./coll</WORKDIR>
<STATUS>pass</STATUS>
</MPITEST>
<MPITEST>
<NAME>iallred</NAME>
<NP>2</NP>
<WORKDIR>./coll</WORKDIR>
<STATUS>pass</STATUS>
</MPITEST>
<MPITEST>
<NAME>ibarrier</NAME>
<NP>2</NP>
<WORKDIR>./coll</WORKDIR>
<STATUS>pass</STATUS>
</MPITEST>
<MPITEST>
<NAME>nballtoall1</NAME>
<NP>8</NP>
<WORKDIR>./coll</WORKDIR>
<STATUS>pass</STATUS>
</MPITEST>
<MPITEST>
<NAME>nbcoll2</NAME>
<NP>5</NP>
<WORKDIR>./coll</WORKDIR>
<STATUS>pass</STATUS>
</MPITEST>
<MPITEST>
<NAME>nbredscat</NAME>
<NP>4</NP>
<WORKDIR>./coll</WORKDIR>
<STATUS>pass</STATUS>
</MPITEST>
<MPITEST>
<NAME>nbredscat</NAME>
<NP>8</NP>
<WORKDIR>./coll</WORKDIR>
<STATUS>pass</STATUS>
</MPITEST>
<MPITEST>
<NAME>nbredscat3</NAME>
<NP>8</NP>
<WORKDIR>./coll</WORKDIR>
<STATUS>pass</STATUS>
</MPITEST>
<MPITEST>
<NAME>nbredscatinter</NAME>
<NP>8</NP>
<WORKDIR>./coll</WORKDIR>
<STATUS>pass</STATUS>
</MPITEST>
<MPITEST>
<NAME>nbicbcast</NAME>
<NP>8</NP>
<WORKDIR>./coll</WORKDIR>
<STATUS>pass</STATUS>
</MPITEST>
<MPITEST>
<NAME>nbicallreduce</NAME>
<NP>8</NP>
<WORKDIR>./coll</WORKDIR>
<STATUS>pass</STATUS>
</MPITEST>
<MPITEST>
<NAME>nbicreduce</NAME>
<NP>8</NP>
<WORKDIR>./coll</WORKDIR>
<STATUS>pass</STATUS>
</MPITEST>
<MPITEST>
<NAME>nbicscatter</NAME>
<NP>8</NP>
<WORKDIR>./coll</WORKDIR>
<STATUS>pass</STATUS>
</MPITEST>
<MPITEST>
<NAME>nbicgather</NAME>
<NP>8</NP>
<WORKDIR>./coll</WORKDIR>
<STATUS>pass</STATUS>
</MPITEST>
<MPITEST>
<NAME>nbicallgather</NAME>
<NP>8</NP>
<WORKDIR>./coll</WORKDIR>
<STATUS>pass</STATUS>
</MPITEST>
<MPITEST>
<NAME>nbicbarrier</NAME>
<NP>8</NP>
<WORKDIR>./coll</WORKDIR>
<STATUS>pass</STATUS>
</MPITEST>
<MPITEST>
<NAME>nbicallgatherv</NAME>
<NP>8</NP>
<WORKDIR>./coll</WORKDIR>
<STATUS>pass</STATUS>
</MPITEST>
<MPITEST>
<NAME>nbicgatherv</NAME>
<NP>8</NP>
<WORKDIR>./coll</WORKDIR>
<STATUS>pass</STATUS>
</MPITEST>
<MPITEST>
<NAME>nbicscatterv</NAME>
<NP>8</NP>
<WORKDIR>./coll</WORKDIR>
<STATUS>pass</STATUS>
</MPITEST>
<MPITEST>
<NAME>nbicalltoall</NAME>
<NP>8</NP>
<WORKDIR>./coll</WORKDIR>
<STATUS>pass</STATUS>
</MPITEST>
<MPITEST>
<NAME>nbicalltoallv</NAME>
<NP>8</NP>
<WORKDIR>./coll</WORKDIR>
<STATUS>pass</STATUS>
</MPITEST>
<MPITEST>
<NAME>nbicalltoallw</NAME>
<NP>8</NP>
<WORKDIR>./coll</WORKDIR>
<STATUS>pass</STATUS>
</MPITEST>
<MPITEST>
<NAME>dup</NAME>
<NP>2</NP>
<WORKDIR>./comm</WORKDIR>
<STATUS>pass</STATUS>
</MPITEST>
<MPITEST>
<NAME>dupic</NAME>
<NP>4</NP>
<WORKDIR>./comm</WORKDIR>
<STATUS>pass</STATUS>
</MPITEST>
<MPITEST>
<NAME>commcreate1</NAME>
<NP>8</NP>
<WORKDIR>./comm</WORKDIR>
<STATUS>pass</STATUS>
</MPITEST>
<MPITEST>
<NAME>commname</NAME>
<NP>4</NP>
<WORKDIR>./comm</WORKDIR>
<STATUS>pass</STATUS>
</MPITEST>
<MPITEST>
<NAME>ic1</NAME>
<NP>4</NP>
<WORKDIR>./comm</WORKDIR>
<STATUS>pass</STATUS>
</MPITEST>
<MPITEST>
<NAME>ic2</NAME>
<NP>33</NP>
<WORKDIR>./comm</WORKDIR>
<STATUS>pass</STATUS>
</MPITEST>
<MPITEST>
<NAME>icgroup</NAME>
<NP>8</NP>
<WORKDIR>./comm</WORKDIR>
<STATUS>pass</STATUS>
</MPITEST>
<MPITEST>
<NAME>icm</NAME>
<NP>8</NP>
<WORKDIR>./comm</WORKDIR>
<STATUS>pass</STATUS>
</MPITEST>
<MPITEST>
<NAME>icsplit</NAME>
<NP>8</NP>
<WORKDIR>./comm</WORKDIR>
<STATUS>pass</STATUS>
</MPITEST>
<MPITEST>
<NAME>iccreate</NAME>
<NP>8</NP>
<WORKDIR>./comm</WORKDIR>
<STATUS>pass</STATUS>
</MPITEST>
<MPITEST>
<NAME>ctxalloc</NAME>
<NP>2</NP>
<WORKDIR>./comm</WORKDIR>
<STATUS>pass</STATUS>
</MPITEST>
<MPITEST>
<NAME>ctxsplit</NAME>
<NP>4</NP>
<WORKDIR>./comm</WORKDIR>
<STATUS>pass</STATUS>
</MPITEST>
<MPITEST>
<NAME>cmfree</NAME>
<NP>4</NP>
<WORKDIR>./comm</WORKDIR>
<STATUS>pass</STATUS>
</MPITEST>
<MPITEST>
<NAME>cmsplit</NAME>
<NP>4</NP>
<WORKDIR>./comm</WORKDIR>
<STATUS>pass</STATUS>
</MPITEST>
<MPITEST>
<NAME>cmsplit2</NAME>
<NP>12</NP>
<WORKDIR>./comm</WORKDIR>
<STATUS>pass</STATUS>
</MPITEST>
<MPITEST>
<NAME>probe-intercomm</NAME>
<NP>2</NP>
<WORKDIR>./comm</WORKDIR>
<STATUS>pass</STATUS>
</MPITEST>
<MPITEST>
<NAME>cmsplit_type</NAME>
<NP>4</NP>
<WORKDIR>./comm</WORKDIR>
<STATUS>pass</STATUS>
</MPITEST>
<MPITEST>
<NAME>comm_create_group</NAME>
<NP>4</NP>
<WORKDIR>./comm</WORKDIR>
<STATUS>pass</STATUS>
</MPITEST>
<MPITEST>
<NAME>comm_create_group</NAME>
<NP>8</NP>
<WORKDIR>./comm</WORKDIR>
<STATUS>pass</STATUS>
</MPITEST>
<MPITEST>
<NAME>comm_group_half</NAME>
<NP>2</NP>
<WORKDIR>./comm</WORKDIR>
<STATUS>pass</STATUS>
</MPITEST>
<MPITEST>
<NAME>comm_group_half</NAME>
<NP>4</NP>
<WORKDIR>./comm</WORKDIR>
<STATUS>pass</STATUS>
</MPITEST>
<MPITEST>
<NAME>comm_group_half</NAME>
<NP>8</NP>
<WORKDIR>./comm</WORKDIR>
<STATUS>pass</STATUS>
</MPITEST>
<MPITEST>
<NAME>comm_group_rand</NAME>
<NP>2</NP>
<WORKDIR>./comm</WORKDIR>
<STATUS>pass</STATUS>
</MPITEST>
<MPITEST>
<NAME>comm_group_rand</NAME>
<NP>4</NP>
<WORKDIR>./comm</WORKDIR>
<STATUS>pass</STATUS>
</MPITEST>
<MPITEST>
<NAME>comm_group_rand</NAME>
<NP>8</NP>
<WORKDIR>./comm</WORKDIR>
<STATUS>pass</STATUS>
</MPITEST>
<MPITEST>
<NAME>comm_idup</NAME>
<NP>2</NP>
<WORKDIR>./comm</WORKDIR>
<STATUS>pass</STATUS>
</MPITEST>
<MPITEST>
<NAME>comm_idup</NAME>
<NP>4</NP>
<WORKDIR>./comm</WORKDIR>
<STATUS>pass</STATUS>
</MPITEST>
<MPITEST>
<NAME>comm_idup</NAME>
<NP>9</NP>
<WORKDIR>./comm</WORKDIR>
<STATUS>pass</STATUS>
</MPITEST>
<MPITEST>
<NAME>comm_idup_mul</NAME>
<NP>2</NP>
<WORKDIR>./comm</WORKDIR>
<STATUS>pass</STATUS>
</MPITEST>
<MPITEST>
<NAME>comm_idup_overlap</NAME>
<NP>2</NP>
<WORKDIR>./comm</WORKDIR>
<STATUS>pass</STATUS>
</MPITEST>
<MPITEST>
<NAME>comm_idup_iallreduce</NAME>
<NP>6</NP>
<WORKDIR>./comm</WORKDIR>
<STATUS>pass</STATUS>
</MPITEST>
<MPITEST>
<NAME>comm_idup_nb</NAME>
<NP>6</NP>
<WORKDIR>./comm</WORKDIR>
<STATUS>pass</STATUS>
</MPITEST>
<MPITEST>
<NAME>comm_idup_isend</NAME>
<NP>6</NP>
<WORKDIR>./comm</WORKDIR>
<STATUS>pass</STATUS>
</MPITEST>
<MPITEST>
<NAME>comm_idup_comm</NAME>
<NP>6</NP>
<WORKDIR>./comm</WORKDIR>
<STATUS>pass</STATUS>
</MPITEST>
<MPITEST>
<NAME>comm_idup_comm2</NAME>
<NP>6</NP>
<WORKDIR>./comm</WORKDIR>
<STATUS>pass</STATUS>
</MPITEST>
<MPITEST>
<NAME>dup_with_info</NAME>
<NP>2</NP>
<WORKDIR>./comm</WORKDIR>
<STATUS>pass</STATUS>
</MPITEST>
<MPITEST>
<NAME>dup_with_info</NAME>
<NP>4</NP>
<WORKDIR>./comm</WORKDIR>
<STATUS>pass</STATUS>
</MPITEST>
<MPITEST>
<NAME>dup_with_info</NAME>
<NP>9</NP>
<WORKDIR>./comm</WORKDIR>
<STATUS>pass</STATUS>
</MPITEST>
<MPITEST>
<NAME>comm_info</NAME>
<NP>6</NP>
<WORKDIR>./comm</WORKDIR>
<STATUS>pass</STATUS>
</MPITEST>
<MPITEST>
<NAME>comm_create_group_idup</NAME>
<NP>4</NP>
<WORKDIR>./comm</WORKDIR>
<STATUS>pass</STATUS>
</MPITEST>
<MPITEST>
<NAME>contents</NAME>
<NP>1</NP>
<WORKDIR>./datatype</WORKDIR>
<STATUS>pass</STATUS>
</MPITEST>
<MPITEST>
<NAME>gaddress</NAME>
<NP>1</NP>
<WORKDIR>./datatype</WORKDIR>
<STATUS>pass</STATUS>
</MPITEST>
<MPITEST>
<NAME>lbub</NAME>
<NP>1</NP>
<WORKDIR>./datatype</WORKDIR>
<STATUS>pass</STATUS>
</MPITEST>
<MPITEST>
<NAME>localpack</NAME>
<NP>1</NP>
<WORKDIR>./datatype</WORKDIR>
<STATUS>pass</STATUS>
</MPITEST>
<MPITEST>
<NAME>simple-pack</NAME>
<NP>1</NP>
<WORKDIR>./datatype</WORKDIR>
<STATUS>pass</STATUS>
</MPITEST>
<MPITEST>
<NAME>simple-pack-external</NAME>
<NP>1</NP>
<WORKDIR>./datatype</WORKDIR>
<STATUS>pass</STATUS>
</MPITEST>
<MPITEST>
<NAME>transpose-pack</NAME>
<NP>1</NP>
<WORKDIR>./datatype</WORKDIR>
<STATUS>pass</STATUS>
</MPITEST>
<MPITEST>
<NAME>slice-pack</NAME>
<NP>1</NP>
<WORKDIR>./datatype</WORKDIR>
<STATUS>pass</STATUS>
</MPITEST>
<MPITEST>
<NAME>struct-pack</NAME>
<NP>1</NP>
<WORKDIR>./datatype</WORKDIR>
<STATUS>pass</STATUS>
</MPITEST>
<MPITEST>
<NAME>structpack2</NAME>
<NP>1</NP>
<WORKDIR>./datatype</WORKDIR>
<STATUS>pass</STATUS>
</MPITEST>
<MPITEST>
<NAME>typecommit</NAME>
<NP>1</NP>
<WORKDIR>./datatype</WORKDIR>
<STATUS>pass</STATUS>
</MPITEST>
<MPITEST>
<NAME>typename</NAME>
<NP>1</NP>
<WORKDIR>./datatype</WORKDIR>
<STATUS>pass</STATUS>
</MPITEST>
<MPITEST>
<NAME>typefree</NAME>
<NP>1</NP>
<WORKDIR>./datatype</WORKDIR>
<STATUS>pass</STATUS>
</MPITEST>
<MPITEST>
<NAME>zeroparms</NAME>
<NP>1</NP>
<WORKDIR>./datatype</WORKDIR>
<STATUS>pass</STATUS>
</MPITEST>
<MPITEST>
<NAME>getpartelm</NAME>
<NP>2</NP>
<WORKDIR>./datatype</WORKDIR>
<STATUS>pass</STATUS>
</MPITEST>
<MPITEST>
<NAME>tresized</NAME>
<NP>2</NP>
<WORKDIR>./datatype</WORKDIR>
<STATUS>pass</STATUS>
</MPITEST>
<MPITEST>
<NAME>tresized2</NAME>
<NP>2</NP>
<WORKDIR>./datatype</WORKDIR>
<STATUS>pass</STATUS>
</MPITEST>
<MPITEST>
<NAME>sendrecvt2</NAME>
<NP>2</NP>
<WORKDIR>./datatype</WORKDIR>
<STATUS>pass</STATUS>
</MPITEST>
<MPITEST>
<NAME>sendrecvt4</NAME>
<NP>2</NP>
<WORKDIR>./datatype</WORKDIR>
<STATUS>pass</STATUS>
</MPITEST>
<MPITEST>
<NAME>tmatchsize</NAME>
<NP>1</NP>
<WORKDIR>./datatype</WORKDIR>
<STATUS>pass</STATUS>
</MPITEST>
<MPITEST>
<NAME>tfree</NAME>
<NP>2</NP>
<WORKDIR>./datatype</WORKDIR>
<STATUS>pass</STATUS>
</MPITEST>
<MPITEST>
<NAME>typelb</NAME>
<NP>1</NP>
<WORKDIR>./datatype</WORKDIR>
<STATUS>pass</STATUS>
</MPITEST>
<MPITEST>
<NAME>contigstruct</NAME>
<NP>1</NP>
<WORKDIR>./datatype</WORKDIR>
<STATUS>pass</STATUS>
</MPITEST>
<MPITEST>
<NAME>struct-zero-count</NAME>
<NP>1</NP>
<WORKDIR>./datatype</WORKDIR>
<STATUS>pass</STATUS>
</MPITEST>
<MPITEST>
<NAME>blockindexed-zero-count</NAME>
<NP>1</NP>
<WORKDIR>./datatype</WORKDIR>
<STATUS>pass</STATUS>
</MPITEST>
<MPITEST>
<NAME>blockindexed-misc</NAME>
<NP>1</NP>
<WORKDIR>./datatype</WORKDIR>
<STATUS>pass</STATUS>
</MPITEST>
<MPITEST>
<NAME>indexed-misc</NAME>
<NP>1</NP>
<WORKDIR>./datatype</WORKDIR>
<STATUS>pass</STATUS>
</MPITEST>
<MPITEST>
<NAME>subarray-pack</NAME>
<NP>1</NP>
<WORKDIR>./datatype</WORKDIR>
<STATUS>pass</STATUS>
</MPITEST>
<MPITEST>
<NAME>subarray</NAME>
<NP>2</NP>
<WORKDIR>./datatype</WORKDIR>
<STATUS>pass</STATUS>
</MPITEST>
<MPITEST>
<NAME>darray-pack</NAME>
<NP>1</NP>
<WORKDIR>./datatype</WORKDIR>
<STATUS>pass</STATUS>
</MPITEST>
<MPITEST>
<NAME>darray-pack</NAME>
<NP>9</NP>
<WORKDIR>./datatype</WORKDIR>
<STATUS>pass</STATUS>
</MPITEST>
<MPITEST>
<NAME>darray-cyclic</NAME>
<NP>12</NP>
<WORKDIR>./datatype</WORKDIR>
<STATUS>pass</STATUS>
</MPITEST>
<MPITEST>
<NAME>pairtype-size-extent</NAME>
<NP>1</NP>
<WORKDIR>./datatype</WORKDIR>
<STATUS>pass</STATUS>
</MPITEST>
<MPITEST>
<NAME>simple-commit</NAME>
<NP>1</NP>
<WORKDIR>./datatype</WORKDIR>
<STATUS>pass</STATUS>
</MPITEST>
<MPITEST>
<NAME>simple-size-extent</NAME>
<NP>1</NP>
<WORKDIR>./datatype</WORKDIR>
<STATUS>pass</STATUS>
</MPITEST>
<MPITEST>
<NAME>struct-no-real-types</NAME>
<NP>1</NP>
<WORKDIR>./datatype</WORKDIR>
<STATUS>pass</STATUS>
</MPITEST>
<MPITEST>
<NAME>struct-empty-el</NAME>
<NP>1</NP>
<WORKDIR>./datatype</WORKDIR>
<STATUS>pass</STATUS>
</MPITEST>
<MPITEST>
<NAME>contig-zero-count</NAME>
<NP>1</NP>
<WORKDIR>./datatype</WORKDIR>
<STATUS>pass</STATUS>
</MPITEST>
<MPITEST>
<NAME>simple-resized</NAME>
<NP>1</NP>
<WORKDIR>./datatype</WORKDIR>
<STATUS>pass</STATUS>
</MPITEST>
<MPITEST>
<NAME>unusual-noncontigs</NAME>
<NP>1</NP>
<WORKDIR>./datatype</WORKDIR>
<STATUS>pass</STATUS>
</MPITEST>
<MPITEST>
<NAME>hindexed-zeros</NAME>
<NP>1</NP>
<WORKDIR>./datatype</WORKDIR>
<STATUS>pass</STATUS>
</MPITEST>
<MPITEST>
<NAME>lots-of-types</NAME>
<NP>1</NP>
<WORKDIR>./datatype</WORKDIR>
<STATUS>pass</STATUS>
</MPITEST>
<MPITEST>
<NAME>get-elements-pairtype</NAME>
<NP>1</NP>
<WORKDIR>./datatype</WORKDIR>
<STATUS>pass</STATUS>
</MPITEST>
<MPITEST>
<NAME>unpack</NAME>
<NP>1</NP>
<WORKDIR>./datatype</WORKDIR>
<STATUS>pass</STATUS>
</MPITEST>
<MPITEST>
<NAME>struct-ezhov</NAME>
<NP>1</NP>
<WORKDIR>./datatype</WORKDIR>
<STATUS>pass</STATUS>
</MPITEST>
<MPITEST>
<NAME>zeroblks</NAME>
<NP>1</NP>
<WORKDIR>./datatype</WORKDIR>
<STATUS>pass</STATUS>
</MPITEST>
<MPITEST>
<NAME>struct-derived-zeros</NAME>
<NP>1</NP>
<WORKDIR>./datatype</WORKDIR>
<STATUS>pass</STATUS>
</MPITEST>
<MPITEST>
<NAME>struct-verydeep</NAME>
<NP>1</NP>
<WORKDIR>./datatype</WORKDIR>
<STATUS>pass</STATUS>
</MPITEST>
<MPITEST>
<NAME>get-elements</NAME>
<NP>1</NP>
<WORKDIR>./datatype</WORKDIR>
<STATUS>pass</STATUS>
</MPITEST>
<MPITEST>
<NAME>hindexed_block</NAME>
<NP>1</NP>
<WORKDIR>./datatype</WORKDIR>
<STATUS>pass</STATUS>
</MPITEST>
<MPITEST>
<NAME>hindexed_block_contents</NAME>
<NP>1</NP>
<WORKDIR>./datatype</WORKDIR>
<STATUS>pass</STATUS>
</MPITEST>
<MPITEST>
<NAME>vecblklen</NAME>
<NP>1</NP>
<WORKDIR>./datatype</WORKDIR>
<STATUS>pass</STATUS>
</MPITEST>
<MPITEST>
<NAME>hvecblklen</NAME>
<NP>1</NP>
<WORKDIR>./datatype</WORKDIR>
<STATUS>pass</STATUS>
</MPITEST>
<MPITEST>
<NAME>longdouble</NAME>
<NP>1</NP>
<WORKDIR>./datatype</WORKDIR>
<STATUS>pass</STATUS>
</MPITEST>
<MPITEST>
<NAME>dataalign</NAME>
<NP>2</NP>
<WORKDIR>./datatype</WORKDIR>
<STATUS>pass</STATUS>
</MPITEST>
<MPITEST>
<NAME>cxx-types</NAME>
<NP>1</NP>
<WORKDIR>./datatype</WORKDIR>
<STATUS>pass</STATUS>
</MPITEST>
<MPITEST>
<NAME>adderr</NAME>
<NP>1</NP>
<WORKDIR>./errhan</WORKDIR>
<STATUS>pass</STATUS>
</MPITEST>
<MPITEST>
<NAME>commcall</NAME>
<NP>2</NP>
<WORKDIR>./errhan</WORKDIR>
<STATUS>pass</STATUS>
</MPITEST>
<MPITEST>
<NAME>errfatal</NAME>
<NP>1</NP>
<WORKDIR>./errhan</WORKDIR>
<STATUS>pass</STATUS>
</MPITEST>
<MPITEST>
<NAME>predef_eh</NAME>
<NP>1</NP>
<WORKDIR>./errhan</WORKDIR>
<STATUS>pass</STATUS>
</MPITEST>
<MPITEST>
<NAME>predef_eh</NAME>
<NP>2</NP>
<WORKDIR>./errhan</WORKDIR>
<STATUS>pass</STATUS>
</MPITEST>
<MPITEST>
<NAME>errstring2</NAME>
<NP>1</NP>
<WORKDIR>./errhan</WORKDIR>
<STATUS>pass</STATUS>
</MPITEST>
<MPITEST>
<NAME>dynamic_errcode_predefined_errclass</NAME>
<NP>1</NP>
<WORKDIR>./errhan</WORKDIR>
<STATUS>pass</STATUS>
</MPITEST>
<MPITEST>
<NAME>groupcreate</NAME>
<NP>4</NP>
<WORKDIR>./group</WORKDIR>
<STATUS>pass</STATUS>
</MPITEST>
<MPITEST>
<NAME>grouptest</NAME>
<NP>8</NP>
<WORKDIR>./group</WORKDIR>
<STATUS>pass</STATUS>
</MPITEST>
<MPITEST>
<NAME>grouptest2</NAME>
<NP>4</NP>
<WORKDIR>./group</WORKDIR>
<STATUS>pass</STATUS>
</MPITEST>
<MPITEST>
<NAME>groupnullincl</NAME>
<NP>4</NP>
<WORKDIR>./group</WORKDIR>
<STATUS>pass</STATUS>
</MPITEST>
<MPITEST>
<NAME>gtranks</NAME>
<NP>8</NP>
<WORKDIR>./group</WORKDIR>
<STATUS>pass</STATUS>
</MPITEST>
<MPITEST>
<NAME>gtranksperf</NAME>
<NP>20</NP>
<WORKDIR>./group</WORKDIR>
<STATUS>pass</STATUS>
</MPITEST>
<MPITEST>
<NAME>infodup</NAME>
<NP>1</NP>
<WORKDIR>./info</WORKDIR>
<STATUS>pass</STATUS>
</MPITEST>
<MPITEST>
<NAME>infodel</NAME>
<NP>1</NP>
<WORKDIR>./info</WORKDIR>
<STATUS>pass</STATUS>
</MPITEST>
<MPITEST>
<NAME>infovallen</NAME>
<NP>1</NP>
<WORKDIR>./info</WORKDIR>
<STATUS>pass</STATUS>
</MPITEST>
<MPITEST>
<NAME>infoorder</NAME>
<NP>1</NP>
<WORKDIR>./info</WORKDIR>
<STATUS>pass</STATUS>
</MPITEST>
<MPITEST>
<NAME>infomany</NAME>
<NP>1</NP>
<WORKDIR>./info</WORKDIR>
<STATUS>pass</STATUS>
</MPITEST>
<MPITEST>
<NAME>infomany2</NAME>
<NP>1</NP>
<WORKDIR>./info</WORKDIR>
<STATUS>pass</STATUS>
</MPITEST>
<MPITEST>
<NAME>infotest</NAME>
<NP>1</NP>
<WORKDIR>./info</WORKDIR>
<STATUS>pass</STATUS>
</MPITEST>
<MPITEST>
<NAME>infoget</NAME>
<NP>1</NP>
<WORKDIR>./info</WORKDIR>
<STATUS>pass</STATUS>
</MPITEST>
<MPITEST>
<NAME>infoenv</NAME>
<NP>1</NP>
<WORKDIR>./info</WORKDIR>
<STATUS>pass</STATUS>
</MPITEST>
<MPITEST>
<NAME>exitst1</NAME>
<NP>2</NP>
<WORKDIR>./init</WORKDIR>
<STATUS>pass</STATUS>
</MPITEST>
<MPITEST>
<NAME>exitst2</NAME>
<NP>4</NP>
<WORKDIR>./init</WORKDIR>
<STATUS>pass</STATUS>
</MPITEST>
<MPITEST>
<NAME>initstat</NAME>
<NP>1</NP>
<WORKDIR>./init</WORKDIR>
<STATUS>pass</STATUS>
</MPITEST>
<MPITEST>
<NAME>timeout</NAME>
<NP>2</NP>
<WORKDIR>./init</WORKDIR>
<STATUS>pass</STATUS>
</MPITEST>
<MPITEST>
<NAME>version</NAME>
<NP>1</NP>
<WORKDIR>./init</WORKDIR>
<STATUS>pass</STATUS>
</MPITEST>
<MPITEST>
<NAME>finalized</NAME>
<NP>1</NP>
<WORKDIR>./init</WORKDIR>
<STATUS>pass</STATUS>
</MPITEST>
<MPITEST>
<NAME>attrself</NAME>
<NP>1</NP>
<WORKDIR>./init</WORKDIR>
<STATUS>pass</STATUS>
</MPITEST>
<MPITEST>
<NAME>library_version</NAME>
<NP>1</NP>
<WORKDIR>./init</WORKDIR>
<STATUS>pass</STATUS>
</MPITEST>
<MPITEST>
<NAME>mpi_t_str</NAME>
<NP>1</NP>
<WORKDIR>./mpi_t</WORKDIR>
<STATUS>pass</STATUS>
</MPITEST>
<MPITEST>
<NAME>mpit_vars</NAME>
<NP>1</NP>
<WORKDIR>./mpi_t</WORKDIR>
<STATUS>pass</STATUS>
</MPITEST>
<MPITEST>
<NAME>cvarwrite</NAME>
<NP>1</NP>
<WORKDIR>./mpi_t</WORKDIR>
<STATUS>pass</STATUS>
</MPITEST>
<MPITEST>
<NAME>getindex</NAME>
<NP>1</NP>
<WORKDIR>./mpi_t</WORKDIR>
<STATUS>pass</STATUS>
</MPITEST>
<MPITEST>
<NAME>sendrecv1</NAME>
<NP>4</NP>
<WORKDIR>./pt2pt</WORKDIR>
<STATUS>pass</STATUS>
</MPITEST>
<MPITEST>
<NAME>sendrecv2</NAME>
<NP>2</NP>
<WORKDIR>./pt2pt</WORKDIR>
<STATUS>pass</STATUS>
</MPITEST>
<MPITEST>
<NAME>sendrecv3</NAME>
<NP>2</NP>
<WORKDIR>./pt2pt</WORKDIR>
<STATUS>pass</STATUS>
</MPITEST>
<MPITEST>
<NAME>sendflood</NAME>
<NP>8</NP>
<WORKDIR>./pt2pt</WORKDIR>
<STATUS>pass</STATUS>
</MPITEST>
<MPITEST>
<NAME>sendself</NAME>
<NP>1</NP>
<WORKDIR>./pt2pt</WORKDIR>
<STATUS>pass</STATUS>
</MPITEST>
<MPITEST>
<NAME>sendall</NAME>
<NP>4</NP>
<WORKDIR>./pt2pt</WORKDIR>
<STATUS>pass</STATUS>
</MPITEST>
<MPITEST>
<NAME>anyall</NAME>
<NP>2</NP>
<WORKDIR>./pt2pt</WORKDIR>
<STATUS>pass</STATUS>
</MPITEST>
<MPITEST>
<NAME>eagerdt</NAME>
<NP>2</NP>
<WORKDIR>./pt2pt</WORKDIR>
<STATUS>pass</STATUS>
</MPITEST>
<MPITEST>
<NAME>pingping</NAME>
<NP>2</NP>
<WORKDIR>./pt2pt</WORKDIR>
<STATUS>pass</STATUS>
</MPITEST>
<MPITEST>
<NAME>bottom</NAME>
<NP>2</NP>
<WORKDIR>./pt2pt</WORKDIR>
<STATUS>pass</STATUS>
</MPITEST>
<MPITEST>
<NAME>bsend1</NAME>
<NP>1</NP>
<WORKDIR>./pt2pt</WORKDIR>
<STATUS>pass</STATUS>
</MPITEST>
<MPITEST>
<NAME>bsend2</NAME>
<NP>1</NP>
<WORKDIR>./pt2pt</WORKDIR>
<STATUS>pass</STATUS>
</MPITEST>
<MPITEST>
<NAME>bsend3</NAME>
<NP>1</NP>
<WORKDIR>./pt2pt</WORKDIR>
<STATUS>pass</STATUS>
</MPITEST>
<MPITEST>
<NAME>bsend4</NAME>
<NP>1</NP>
<WORKDIR>./pt2pt</WORKDIR>
<STATUS>pass</STATUS>
</MPITEST>
<MPITEST>
<NAME>bsend5</NAME>
<NP>4</NP>
<WORKDIR>./pt2pt</WORKDIR>
<STATUS>pass</STATUS>
</MPITEST>
<MPITEST>
<NAME>bsendalign</NAME>
<NP>2</NP>
<WORKDIR>./pt2pt</WORKDIR>
<STATUS>pass</STATUS>
</MPITEST>
<MPITEST>
<NAME>bsendpending</NAME>
<NP>2</NP>
<WORKDIR>./pt2pt</WORKDIR>
<STATUS>pass</STATUS>
</MPITEST>
<MPITEST>
<NAME>isendself</NAME>
<NP>1</NP>
<WORKDIR>./pt2pt</WORKDIR>
<STATUS>pass</STATUS>
</MPITEST>
<MPITEST>
<NAME>issendselfcancel</NAME>
<NP>1</NP>
<WORKDIR>./pt2pt</WORKDIR>
<STATUS>pass</STATUS>
</MPITEST>
<MPITEST>
<NAME>isendirecv</NAME>
<NP>10</NP>
<WORKDIR>./pt2pt</WORKDIR>
<STATUS>pass</STATUS>
</MPITEST>
<MPITEST>
<NAME>bsendfrag</NAME>
<NP>2</NP>
<WORKDIR>./pt2pt</WORKDIR>
<STATUS>pass</STATUS>
</MPITEST>
<MPITEST>
<NAME>icsend</NAME>
<NP>4</NP>
<WORKDIR>./pt2pt</WORKDIR>
<STATUS>pass</STATUS>
</MPITEST>
<MPITEST>
<NAME>rqstatus</NAME>
<NP>2</NP>
<WORKDIR>./pt2pt</WORKDIR>
<STATUS>pass</STATUS>
</MPITEST>
<MPITEST>
<NAME>rqfreeb</NAME>
<NP>4</NP>
<WORKDIR>./pt2pt</WORKDIR>
<STATUS>pass</STATUS>
</MPITEST>
<MPITEST>
<NAME>greq1</NAME>
<NP>1</NP>
<WORKDIR>./pt2pt</WORKDIR>
<STATUS>pass</STATUS>
</MPITEST>
<MPITEST>
<NAME>probe-unexp</NAME>
<NP>4</NP>
<WORKDIR>./pt2pt</WORKDIR>
<STATUS>pass</STATUS>
</MPITEST>
<MPITEST>
<NAME>probenull</NAME>
<NP>1</NP>
<WORKDIR>./pt2pt</WORKDIR>
<STATUS>pass</STATUS>
</MPITEST>
<MPITEST>
<NAME>scancel2</NAME>
<NP>2</NP>
<WORKDIR>./pt2pt</WORKDIR>
<STATUS>pass</STATUS>
</MPITEST>
<MPITEST>
<NAME>rcancel</NAME>
<NP>2</NP>
<WORKDIR>./pt2pt</WORKDIR>
<STATUS>pass</STATUS>
</MPITEST>
<MPITEST>
<NAME>cancelanysrc</NAME>
<NP>2</NP>
<WORKDIR>./pt2pt</WORKDIR>
<STATUS>pass</STATUS>
</MPITEST>
<MPITEST>
<NAME>isendselfprobe</NAME>
<NP>1</NP>
<WORKDIR>./pt2pt</WORKDIR>
<STATUS>pass</STATUS>
</MPITEST>
<MPITEST>
<NAME>inactivereq</NAME>
<NP>1</NP>
<WORKDIR>./pt2pt</WORKDIR>
<STATUS>pass</STATUS>
</MPITEST>
<MPITEST>
<NAME>waittestnull</NAME>
<NP>1</NP>
<WORKDIR>./pt2pt</WORKDIR>
<STATUS>pass</STATUS>
</MPITEST>
<MPITEST>
<NAME>waitany-null</NAME>
<NP>1</NP>
<WORKDIR>./pt2pt</WORKDIR>
<STATUS>pass</STATUS>
</MPITEST>
<MPITEST>
<NAME>mprobe</NAME>
<NP>2</NP>
<WORKDIR>./pt2pt</WORKDIR>
<STATUS>pass</STATUS>
</MPITEST>
<MPITEST>
<NAME>big_count_status</NAME>
<NP>1</NP>
<WORKDIR>./pt2pt</WORKDIR>
<STATUS>pass</STATUS>
</MPITEST>
<MPITEST>
<NAME>winname</NAME>
<NP>2</NP>
<WORKDIR>./rma</WORKDIR>
<STATUS>pass</STATUS>
</MPITEST>
<MPITEST>
<NAME>allocmem</NAME>
<NP>2</NP>
<WORKDIR>./rma</WORKDIR>
<STATUS>pass</STATUS>
</MPITEST>
<MPITEST>
<NAME>putfence1</NAME>
<NP>2</NP>
<WORKDIR>./rma</WORKDIR>
<STATUS>fail</STATUS>
<TESTDIFF>
[mpiexec@zam871] APPLICATION TIMED OUT
</TESTDIFF>
</MPITEST>
<MPITEST>
<NAME>putfidx</NAME>
<NP>4</NP>
<WORKDIR>./rma</WORKDIR>
<STATUS>pass</STATUS>
</MPITEST>
<MPITEST>
<NAME>accfence1</NAME>
<NP>4</NP>
<WORKDIR>./rma</WORKDIR>
<STATUS>fail</STATUS>
<TESTDIFF>
Fatal error in MPI_Win_fence: Other MPI error, error stack:
MPI_Win_fence(126)............: MPI_Win_fence(assert=0, win=0xa0000000) failed
MPIR_Reduce_scatter_impl(1072): 
MPIR_Reduce_scatter(1035).....: 
MPIR_Reduce_scatter_intra(462): 
mpid_irecv_done(101)..........: read from socket failed - request state:recv(pde)done
===================================================================================
=   BAD TERMINATION OF ONE OF YOUR APPLICATION PROCESSES
=   PID 7223 RUNNING AT zam871
=   EXIT CODE: 11
=   CLEANING UP REMAINING PROCESSES
=   YOU CAN IGNORE THE BELOW CLEANUP MESSAGES
===================================================================================
YOUR APPLICATION TERMINATED WITH THE EXIT STRING: Segmentation fault (signal 11)
This typically refers to a problem with your application.
Please see the FAQ page for debugging suggestions
</TESTDIFF>
</MPITEST>
<MPITEST>
<NAME>adlb_mimic1</NAME>
<NP>3</NP>
<WORKDIR>./rma</WORKDIR>
<STATUS>pass</STATUS>
</MPITEST>
<MPITEST>
<NAME>accfence2</NAME>
<NP>4</NP>
<WORKDIR>./rma</WORKDIR>
<STATUS>pass</STATUS>
</MPITEST>
<MPITEST>
<NAME>putpscw1</NAME>
<NP>4</NP>
<WORKDIR>./rma</WORKDIR>
<STATUS>fail</STATUS>
<TESTDIFF>
MTestTypeSubarrayCheckbuf error
MTestTypeSubarrayCheckbuf error

===================================================================================
=   BAD TERMINATION OF ONE OF YOUR APPLICATION PROCESSES
=   PID 7374 RUNNING AT zam871
=   EXIT CODE: 11
=   CLEANING UP REMAINING PROCESSES
=   YOU CAN IGNORE THE BELOW CLEANUP MESSAGES
===================================================================================
YOUR APPLICATION TERMINATED WITH THE EXIT STRING: Segmentation fault (signal 11)
This typically refers to a problem with your application.
Please see the FAQ page for debugging suggestions
</TESTDIFF>
</MPITEST>
<MPITEST>
<NAME>accpscw1</NAME>
<NP>4</NP>
<WORKDIR>./rma</WORKDIR>
<STATUS>fail</STATUS>
<TESTDIFF>
MTestTypeSubarrayCheckbuf error
MTestTypeSubarrayCheckbuf error

===================================================================================
=   BAD TERMINATION OF ONE OF YOUR APPLICATION PROCESSES
=   PID 7425 RUNNING AT zam871
=   EXIT CODE: 11
=   CLEANING UP REMAINING PROCESSES
=   YOU CAN IGNORE THE BELOW CLEANUP MESSAGES
===================================================================================
YOUR APPLICATION TERMINATED WITH THE EXIT STRING: Segmentation fault (signal 11)
This typically refers to a problem with your application.
Please see the FAQ page for debugging suggestions
</TESTDIFF>
</MPITEST>
<MPITEST>
<NAME>getgroup</NAME>
<NP>4</NP>
<WORKDIR>./rma</WORKDIR>
<STATUS>pass</STATUS>
</MPITEST>
<MPITEST>
<NAME>transpose1</NAME>
<NP>2</NP>
<WORKDIR>./rma</WORKDIR>
<STATUS>fail</STATUS>
<TESTDIFF>
*** Error in `./transpose1': free(): invalid next size (fast): 0x00000000009ce290 ***
======= Backtrace: =========
/lib64/libc.so.6(+0x727df)[0x7f40f42407df]
/lib64/libc.so.6(+0x7804e)[0x7f40f424604e]
/lib64/libc.so.6(+0x78d56)[0x7f40f4246d56]
/home/clauss/Work/psmpi/build/install/lib64/libmpi.so.12(+0x1197ce)[0x7f40f46917ce]
/home/clauss/Work/pscom/build/install/lib64/libpscom.so.2(pscom_unlock+0x1ef)[0x7f40f3f8f1bf]
/home/clauss/Work/psmpi/build/install/lib64/libmpi.so.12(MPID_Progress_wait+0x18)[0x7f40f468a098]
/home/clauss/Work/psmpi/build/install/lib64/libmpi.so.12(MPIC_Wait+0x55)[0x7f40f465aec5]
/home/clauss/Work/psmpi/build/install/lib64/libmpi.so.12(MPIC_Sendrecv+0x22a)[0x7f40f465b68a]
/home/clauss/Work/psmpi/build/install/lib64/libmpi.so.12(MPIR_Reduce_scatter_intra+0x2464)[0x7f40f45db774]
/home/clauss/Work/psmpi/build/install/lib64/libmpi.so.12(MPIR_Reduce_scatter+0x1b)[0x7f40f45dc85b]
/home/clauss/Work/psmpi/build/install/lib64/libmpi.so.12(MPIR_Reduce_scatter_impl+0x39)[0x7f40f45dc909]
/home/clauss/Work/psmpi/build/install/lib64/libmpi.so.12(MPID_Win_fence+0x74)[0x7f40f46922f4]
/home/clauss/Work/psmpi/build/install/lib64/libmpi.so.12(PMPI_Win_fence+0x18a)[0x7f40f463e43a]
./transpose1[0x4024b1]
/lib64/libc.so.6(__libc_start_main+0xf5)[0x7f40f41efb05]
./transpose1[0x4020e9]
======= Memory map: ========
00400000-0040b000 r-xp 00000000 08:03 5116089                            /home/clauss/Work/psmpi/build/mpich2/test/mpi/rma/transpose1
0060a000-0060b000 r--p 0000a000 08:03 5116089                            /home/clauss/Work/psmpi/build/mpich2/test/mpi/rma/transpose1
0060b000-0060c000 rw-p 0000b000 08:03 5116089                            /home/clauss/Work/psmpi/build/mpich2/test/mpi/rma/transpose1
009ba000-009db000 rw-p 00000000 00:00 0                                  [heap]
7f40ec000000-7f40ec021000 rw-p 00000000 00:00 0 
7f40ec021000-7f40f0000000 ---p 00000000 00:00 0 
7f40f1a83000-7f40f1e54000 rw-p 00000000 00:00 0 
7f40f1e54000-7f40f1e55000 ---p 00000000 00:00 0 
7f40f1e55000-7f40f2655000 rw-p 00000000 00:00 0                          [stack:7527]
7f40f2655000-7f40f2671000 r-xp 00000000 08:02 181143                     /usr/lib64/libnl-3.so.200.20.0
7f40f2671000-7f40f2870000 ---p 0001c000 08:02 181143                     /usr/lib64/libnl-3.so.200.20.0
7f40f2870000-7f40f2872000 r--p 0001b000 08:02 181143                     /usr/lib64/libnl-3.so.200.20.0
7f40f2872000-7f40f2873000 rw-p 0001d000 08:02 181143                     /usr/lib64/libnl-3.so.200.20.0
7f40f2873000-7f40f28ce000 r-xp 00000000 08:02 184246                     /usr/lib64/libnl-route-3.so.200.20.0
7f40f28ce000-7f40f2acd000 ---p 0005b000 08:02 184246                     /usr/lib64/libnl-route-3.so.200.20.0
7f40f2acd000-7f40f2ad0000 r--p 0005a000 08:02 184246                     /usr/lib64/libnl-route-3.so.200.20.0
7f40f2ad0000-7f40f2ad4000 rw-p 0005d000 08:02 184246                     /usr/lib64/libnl-route-3.so.200.20.0
7f40f2ad4000-7f40f2ad6000 rw-p 00000000 00:00 0 
7f40f2ad6000-7f40f2ae7000 r-xp 00000000 08:02 162305                     /usr/lib64/libibverbs.so.1.0.0
7f40f2ae7000-7f40f2ce6000 ---p 00011000 08:02 162305                     /usr/lib64/libibverbs.so.1.0.0
7f40f2ce6000-7f40f2ce7000 r--p 00010000 08:02 162305                     /usr/lib64/libibverbs.so.1.0.0
7f40f2ce7000-7f40f2ce8000 rw-p 00011000 08:02 162305                     /usr/lib64/libibverbs.so.1.0.0
7f40f2ce8000-7f40f2cef000 r-xp 00000000 08:03 3016614                    /home/clauss/Work/pscom/build/install/lib64/libpscom4openib.so
7f40f2cef000-7f40f2eee000 ---p 00007000 08:03 3016614                    /home/clauss/Work/pscom/build/install/lib64/libpscom4openib.so
7f40f2eee000-7f40f2eef000 r--p 00006000 08:03 3016614                    /home/clauss/Work/pscom/build/install/lib64/libpscom4openib.so
7f40f2eef000-7f40f2ef0000 rw-p 00007000 08:03 3016614                    /home/clauss/Work/pscom/build/install/lib64/libpscom4openib.so
7f40f2ef0000-7f40f2ef3000 r-xp 00000000 08:02 18661                      /lib64/libdl-2.19.so
7f40f2ef3000-7f40f30f2000 ---p 00003000 08:02 18661                      /lib64/libdl-2.19.so
7f40f30f2000-7f40f30f3000 r--p 00002000 08:02 18661                      /lib64/libdl-2.19.so
7f40f30f3000-7f40f30f4000 rw-p 00003000 08:02 18661                      /lib64/libdl-2.19.so
7f40f30f4000-7f40f312f000 r-xp 00000000 08:02 165371                     /usr/lib64/libquadmath.so.0.0.0
7f40f312f000-7f40f332e000 ---p 0003b000 08:02 165371                     /usr/lib64/libquadmath.so.0.0.0
7f40f332e000-7f40f332f000 r--p 0003a000 08:02 165371                     /usr/lib64/libquadmath.so.0.0.0
7f40f332f000-7f40f3330000 rw-p 0003b000 08:02 165371                     /usr/lib64/libquadmath.so.0.0.0
7f40f3330000-7f40f3346000 r-xp 00000000 08:02 58                         /lib64/libgcc_s.so.1
7f40f3346000-7f40f3545000 ---p 00016000 08:02 58                         /lib64/libgcc_s.so.1
7f40f3545000-7f40f3546000 r--p 00015000 08:02 58                         /lib64/libgcc_s.so.1
7f40f3546000-7f40f3547000 rw-p 00016000 08:02 58                         /lib64/libgcc_s.so.1
7f40f3547000-7f40f3647000 r-xp 00000000 08:02 18663                      /lib64/libm-2.19.so
7f40f3647000-7f40f3846000 ---p 00100000 08:02 18663                      /lib64/libm-2.19.so
7f40f3846000-7f40f3847000 r--p 000ff000 08:02 18663                      /lib64/libm-2.19.so
7f40f3847000-7f40f3848000 rw-p 00100000 08:02 18663                      /lib64/libm-2.19.so
7f40f3848000-7f40f3960000 r-xp 00000000 08:02 140452                     /usr/lib64/libgfortran.so.3.0.0
7f40f3960000-7f40f3b5f000 ---p 00118000 08:02 140452                     /usr/lib64/libgfortran.so.3.0.0
7f40f3b5f000-7f40f3b60000 r--p 00117000 08:02 140452                     /usr/lib64/libgfortran.so.3.0.0
7f40f3b60000-7f40f3b62000 rw-p 00118000 08:02 140452                     /usr/lib64/libgfortran.so.3.0.0
7f40f3b62000-7f40f3b69000 r-xp 00000000 08:02 18688                      /lib64/librt-2.19.so
7f40f3b69000-7f40f3d68000 ---p 00007000 08:02 18688                      /lib64/librt-2.19.so
7f40f3d68000-7f40f3d69000 r--p 00006000 08:02 18688                      /lib64/librt-2.19.so
7f40f3d69000-7f40f3d6a000 rw-p 00007000 08:02 18688                      /lib64/librt-2.19.so
7f40f3d6a000-7f40f3d82000 r-xp 00000000 08:02 18684                      /lib64/libpthread-2.19.so
7f40f3d82000-7f40f3f81000 ---p 00018000 08:02 18684                      /lib64/libpthread-2.19.so
7f40f3f81000-7f40f3f82000 r--p 00017000 08:02 18684                      /lib64/libpthread-2.19.so
7f40f3f82000-7f40f3f83000 rw-p 00018000 08:02 18684                      /lib64/libpthread-2.19.so
7f40f3f83000-7f40f3f87000 rw-p 00000000 00:00 0 
7f40f3f87000-7f40f3faa000 r-xp 00000000 08:03 3016609                    /home/clauss/Work/pscom/build/install/lib64/libpscom.so.2.0.0
7f40f3faa000-7f40f41aa000 ---p 00023000 08:03 3016609                    /home/clauss/Work/pscom/build/install/lib64/libpscom.so.2.0.0
7f40f41aa000-7f40f41ab000 r--p 00023000 08:03 3016609                    /home/clauss/Work/pscom/build/install/lib64/libpscom.so.2.0.0
7f40f41ab000-7f40f41bc000 rw-p 00024000 08:03 3016609                    /home/clauss/Work/pscom/build/install/lib64/libpscom.so.2.0.0
7f40f41bc000-7f40f41ce000 rw-p 00000000 00:00 0 
7f40f41ce000-7f40f436f000 r-xp 00000000 08:02 18655                      /lib64/libc-2.19.so
7f40f436f000-7f40f456e000 ---p 001a1000 08:02 18655                      /lib64/libc-2.19.so
7f40f456e000-7f40f4572000 r--p 001a0000 08:02 18655                      /lib64/libc-2.19.so
7f40f4572000-7f40f4574000 rw-p 001a4000 08:02 18655                      /lib64/libc-2.19.so
7f40f4574000-7f40f4578000 rw-p 00000000 00:00 0 
7f40f4578000-7f40f4740000 r-xp 00000000 08:03 1839359                    /home/clauss/Work/psmpi/build/install/lib64/libmpi.so.12.1.0
7f40f4740000-7f40f4940000 ---p 001c8000 08:03 1839359                    /home/clauss/Work/psmpi/build/install/lib64/libmpi.so.12.1.0
7f40f4940000-7f40f494d000 r--p 001c8000 08:03 1839359                    /home/clauss/Work/psmpi/build/install/lib64/libmpi.so.12.1.0
7f40f494d000-7f40f4951000 rw-p 001d5000 08:03 1839359                    /home/clauss/Work/psmpi/build/install/lib64/libmpi.so.12.1.0
7f40f4951000-7f40f499c000 rw-p 00000000 00:00 0 
7f40f499c000-7f40f49bc000 r-xp 00000000 08:02 18648                      /lib64/ld-2.19.so
7f40f4b4c000-7f40f4b81000 r--s 00000000 00:11 14746                      /run/nscd/dbK2CzxF (deleted)
7f40f4b81000-7f40f4b88000 rw-p 00000000 00:00 0 
7f40f4b9a000-7f40f4b9b000 rw-p 00000000 00:00 0 
7f40f4b9b000-7f40f4bab000 rw-s 00000000 00:04 977960983                  /SYSV00000000 (deleted)
7f40f4bab000-7f40f4bbb000 rw-s 00000000 00:04 977928214                  /SYSV00000000 (deleted)
7f40f4bbb000-7f40f4bbc000 rw-p 00000000 00:00 0 
7f40f4bbc000-7f40f4bbd000 r--p 00020000 08:02 18648                      /lib64/ld-2.19.so
7f40f4bbd000-7f40f4bbe000 rw-p 00021000 08:02 18648                      /lib64/ld-2.19.so
7f40f4bbe000-7f40f4bbf000 rw-p 00000000 00:00 0 
7fff26e18000-7fff26e3a000 rw-p 00000000 00:00 0                          [stack]
7fff26fae000-7fff26fb0000 r-xp 00000000 00:00 0                          [vdso]
7fff26fb0000-7fff26fb2000 r--p 00000000 00:00 0                          [vvar]
ffffffffff600000-ffffffffff601000 r-xp 00000000 00:00 0                  [vsyscall]

===================================================================================
=   BAD TERMINATION OF ONE OF YOUR APPLICATION PROCESSES
=   PID 7525 RUNNING AT zam871
=   EXIT CODE: 6
=   CLEANING UP REMAINING PROCESSES
=   YOU CAN IGNORE THE BELOW CLEANUP MESSAGES
===================================================================================
YOUR APPLICATION TERMINATED WITH THE EXIT STRING: Aborted (signal 6)
This typically refers to a problem with your application.
Please see the FAQ page for debugging suggestions
</TESTDIFF>
</MPITEST>
<MPITEST>
<NAME>transpose2</NAME>
<NP>2</NP>
<WORKDIR>./rma</WORKDIR>
<STATUS>fail</STATUS>
<TESTDIFF>
*** Error in `./transpose2': free(): invalid next size (fast): 0x0000000002463340 ***
======= Backtrace: =========
/lib64/libc.so.6(+0x727df)[0x7f7a42d677df]
/lib64/libc.so.6(+0x7804e)[0x7f7a42d6d04e]
/lib64/libc.so.6(+0x78d56)[0x7f7a42d6dd56]
/home/clauss/Work/psmpi/build/install/lib64/libmpi.so.12(+0x1197ce)[0x7f7a431b87ce]
/home/clauss/Work/pscom/build/install/lib64/libpscom.so.2(pscom_unlock+0x1ef)[0x7f7a42ab61bf]
/home/clauss/Work/psmpi/build/install/lib64/libmpi.so.12(MPID_Progress_wait+0x18)[0x7f7a431b1098]
/home/clauss/Work/psmpi/build/install/lib64/libmpi.so.12(MPIC_Wait+0x55)[0x7f7a43181ec5]
/home/clauss/Work/psmpi/build/install/lib64/libmpi.so.12(MPIC_Sendrecv+0x22a)[0x7f7a4318268a]
/home/clauss/Work/psmpi/build/install/lib64/libmpi.so.12(MPIR_Reduce_scatter_intra+0x2464)[0x7f7a43102774]
/home/clauss/Work/psmpi/build/install/lib64/libmpi.so.12(MPIR_Reduce_scatter+0x1b)[0x7f7a4310385b]
/home/clauss/Work/psmpi/build/install/lib64/libmpi.so.12(MPIR_Reduce_scatter_impl+0x39)[0x7f7a43103909]
/home/clauss/Work/psmpi/build/install/lib64/libmpi.so.12(MPID_Win_fence+0x74)[0x7f7a431b92f4]
/home/clauss/Work/psmpi/build/install/lib64/libmpi.so.12(PMPI_Win_fence+0x18a)[0x7f7a4316543a]
./transpose2[0x4024be]
/lib64/libc.so.6(__libc_start_main+0xf5)[0x7f7a42d16b05]
./transpose2[0x4020e9]
======= Memory map: ========
00400000-0040b000 r-xp 00000000 08:03 5116090                            /home/clauss/Work/psmpi/build/mpich2/test/mpi/rma/transpose2
0060a000-0060b000 r--p 0000a000 08:03 5116090                            /home/clauss/Work/psmpi/build/mpich2/test/mpi/rma/transpose2
0060b000-0060c000 rw-p 0000b000 08:03 5116090                            /home/clauss/Work/psmpi/build/mpich2/test/mpi/rma/transpose2
02451000-02472000 rw-p 00000000 00:00 0                                  [heap]
7f7a3c000000-7f7a3c021000 rw-p 00000000 00:00 0 
7f7a3c021000-7f7a40000000 ---p 00000000 00:00 0 
7f7a4097b000-7f7a4097c000 ---p 00000000 00:00 0 
7f7a4097c000-7f7a4117c000 rw-p 00000000 00:00 0                          [stack:7579]
7f7a4117c000-7f7a41198000 r-xp 00000000 08:02 181143                     /usr/lib64/libnl-3.so.200.20.0
7f7a41198000-7f7a41397000 ---p 0001c000 08:02 181143                     /usr/lib64/libnl-3.so.200.20.0
7f7a41397000-7f7a41399000 r--p 0001b000 08:02 181143                     /usr/lib64/libnl-3.so.200.20.0
7f7a41399000-7f7a4139a000 rw-p 0001d000 08:02 181143                     /usr/lib64/libnl-3.so.200.20.0
7f7a4139a000-7f7a413f5000 r-xp 00000000 08:02 184246                     /usr/lib64/libnl-route-3.so.200.20.0
7f7a413f5000-7f7a415f4000 ---p 0005b000 08:02 184246                     /usr/lib64/libnl-route-3.so.200.20.0
7f7a415f4000-7f7a415f7000 r--p 0005a000 08:02 184246                     /usr/lib64/libnl-route-3.so.200.20.0
7f7a415f7000-7f7a415fb000 rw-p 0005d000 08:02 184246                     /usr/lib64/libnl-route-3.so.200.20.0
7f7a415fb000-7f7a415fd000 rw-p 00000000 00:00 0 
7f7a415fd000-7f7a4160e000 r-xp 00000000 08:02 162305                     /usr/lib64/libibverbs.so.1.0.0
7f7a4160e000-7f7a4180d000 ---p 00011000 08:02 162305                     /usr/lib64/libibverbs.so.1.0.0
7f7a4180d000-7f7a4180e000 r--p 00010000 08:02 162305                     /usr/lib64/libibverbs.so.1.0.0
7f7a4180e000-7f7a4180f000 rw-p 00011000 08:02 162305                     /usr/lib64/libibverbs.so.1.0.0
7f7a4180f000-7f7a41816000 r-xp 00000000 08:03 3016614                    /home/clauss/Work/pscom/build/install/lib64/libpscom4openib.so
7f7a41816000-7f7a41a15000 ---p 00007000 08:03 3016614                    /home/clauss/Work/pscom/build/install/lib64/libpscom4openib.so
7f7a41a15000-7f7a41a16000 r--p 00006000 08:03 3016614                    /home/clauss/Work/pscom/build/install/lib64/libpscom4openib.so
7f7a41a16000-7f7a41a17000 rw-p 00007000 08:03 3016614                    /home/clauss/Work/pscom/build/install/lib64/libpscom4openib.so
7f7a41a17000-7f7a41a1a000 r-xp 00000000 08:02 18661                      /lib64/libdl-2.19.so
7f7a41a1a000-7f7a41c19000 ---p 00003000 08:02 18661                      /lib64/libdl-2.19.so
7f7a41c19000-7f7a41c1a000 r--p 00002000 08:02 18661                      /lib64/libdl-2.19.so
7f7a41c1a000-7f7a41c1b000 rw-p 00003000 08:02 18661                      /lib64/libdl-2.19.so
7f7a41c1b000-7f7a41c56000 r-xp 00000000 08:02 165371                     /usr/lib64/libquadmath.so.0.0.0
7f7a41c56000-7f7a41e55000 ---p 0003b000 08:02 165371                     /usr/lib64/libquadmath.so.0.0.0
7f7a41e55000-7f7a41e56000 r--p 0003a000 08:02 165371                     /usr/lib64/libquadmath.so.0.0.0
7f7a41e56000-7f7a41e57000 rw-p 0003b000 08:02 165371                     /usr/lib64/libquadmath.so.0.0.0
7f7a41e57000-7f7a41e6d000 r-xp 00000000 08:02 58                         /lib64/libgcc_s.so.1
7f7a41e6d000-7f7a4206c000 ---p 00016000 08:02 58                         /lib64/libgcc_s.so.1
7f7a4206c000-7f7a4206d000 r--p 00015000 08:02 58                         /lib64/libgcc_s.so.1
7f7a4206d000-7f7a4206e000 rw-p 00016000 08:02 58                         /lib64/libgcc_s.so.1
7f7a4206e000-7f7a4216e000 r-xp 00000000 08:02 18663                      /lib64/libm-2.19.so
7f7a4216e000-7f7a4236d000 ---p 00100000 08:02 18663                      /lib64/libm-2.19.so
7f7a4236d000-7f7a4236e000 r--p 000ff000 08:02 18663                      /lib64/libm-2.19.so
7f7a4236e000-7f7a4236f000 rw-p 00100000 08:02 18663                      /lib64/libm-2.19.so
7f7a4236f000-7f7a42487000 r-xp 00000000 08:02 140452                     /usr/lib64/libgfortran.so.3.0.0
7f7a42487000-7f7a42686000 ---p 00118000 08:02 140452                     /usr/lib64/libgfortran.so.3.0.0
7f7a42686000-7f7a42687000 r--p 00117000 08:02 140452                     /usr/lib64/libgfortran.so.3.0.0
7f7a42687000-7f7a42689000 rw-p 00118000 08:02 140452                     /usr/lib64/libgfortran.so.3.0.0
7f7a42689000-7f7a42690000 r-xp 00000000 08:02 18688                      /lib64/librt-2.19.so
7f7a42690000-7f7a4288f000 ---p 00007000 08:02 18688                      /lib64/librt-2.19.so
7f7a4288f000-7f7a42890000 r--p 00006000 08:02 18688                      /lib64/librt-2.19.so
7f7a42890000-7f7a42891000 rw-p 00007000 08:02 18688                      /lib64/librt-2.19.so
7f7a42891000-7f7a428a9000 r-xp 00000000 08:02 18684                      /lib64/libpthread-2.19.so
7f7a428a9000-7f7a42aa8000 ---p 00018000 08:02 18684                      /lib64/libpthread-2.19.so
7f7a42aa8000-7f7a42aa9000 r--p 00017000 08:02 18684                      /lib64/libpthread-2.19.so
7f7a42aa9000-7f7a42aaa000 rw-p 00018000 08:02 18684                      /lib64/libpthread-2.19.so
7f7a42aaa000-7f7a42aae000 rw-p 00000000 00:00 0 
7f7a42aae000-7f7a42ad1000 r-xp 00000000 08:03 3016609                    /home/clauss/Work/pscom/build/install/lib64/libpscom.so.2.0.0
7f7a42ad1000-7f7a42cd1000 ---p 00023000 08:03 3016609                    /home/clauss/Work/pscom/build/install/lib64/libpscom.so.2.0.0
7f7a42cd1000-7f7a42cd2000 r--p 00023000 08:03 3016609                    /home/clauss/Work/pscom/build/install/lib64/libpscom.so.2.0.0
7f7a42cd2000-7f7a42ce3000 rw-p 00024000 08:03 3016609                    /home/clauss/Work/pscom/build/install/lib64/libpscom.so.2.0.0
7f7a42ce3000-7f7a42cf5000 rw-p 00000000 00:00 0 
7f7a42cf5000-7f7a42e96000 r-xp 00000000 08:02 18655                      /lib64/libc-2.19.so
7f7a42e96000-7f7a43095000 ---p 001a1000 08:02 18655                      /lib64/libc-2.19.so
7f7a43095000-7f7a43099000 r--p 001a0000 08:02 18655                      /lib64/libc-2.19.so
7f7a43099000-7f7a4309b000 rw-p 001a4000 08:02 18655                      /lib64/libc-2.19.so
7f7a4309b000-7f7a4309f000 rw-p 00000000 00:00 0 
7f7a4309f000-7f7a43267000 r-xp 00000000 08:03 1839359                    /home/clauss/Work/psmpi/build/install/lib64/libmpi.so.12.1.0
7f7a43267000-7f7a43467000 ---p 001c8000 08:03 1839359                    /home/clauss/Work/psmpi/build/install/lib64/libmpi.so.12.1.0
7f7a43467000-7f7a43474000 r--p 001c8000 08:03 1839359                    /home/clauss/Work/psmpi/build/install/lib64/libmpi.so.12.1.0
7f7a43474000-7f7a43478000 rw-p 001d5000 08:03 1839359                    /home/clauss/Work/psmpi/build/install/lib64/libmpi.so.12.1.0
7f7a43478000-7f7a434c3000 rw-p 00000000 00:00 0 
7f7a434c3000-7f7a434e3000 r-xp 00000000 08:02 18648                      /lib64/ld-2.19.so
7f7a43673000-7f7a436a8000 r--s 00000000 00:11 14746                      /run/nscd/dbK2CzxF (deleted)
7f7a436a8000-7f7a436af000 rw-p 00000000 00:00 0 
7f7a436c1000-7f7a436c2000 rw-p 00000000 00:00 0 
7f7a436c2000-7f7a436d2000 rw-s 00000000 00:04 978026519                  /SYSV00000000 (deleted)
7f7a436d2000-7f7a436e2000 rw-s 00000000 00:04 977993750                  /SYSV00000000 (deleted)
7f7a436e2000-7f7a436e3000 rw-p 00000000 00:00 0 
7f7a436e3000-7f7a436e4000 r--p 00020000 08:02 18648                      /lib64/ld-2.19.so
7f7a436e4000-7f7a436e5000 rw-p 00021000 08:02 18648                      /lib64/ld-2.19.so
7f7a436e5000-7f7a436e6000 rw-p 00000000 00:00 0 
7ffeb40a2000-7ffeb40c4000 rw-p 00000000 00:00 0                          [stack]
7ffeb41b4000-7ffeb41b6000 r-xp 00000000 00:00 0                          [vdso]
7ffeb41b6000-7ffeb41b8000 r--p 00000000 00:00 0                          [vvar]
ffffffffff600000-ffffffffff601000 r-xp 00000000 00:00 0                  [vsyscall]

===================================================================================
=   BAD TERMINATION OF ONE OF YOUR APPLICATION PROCESSES
=   PID 7577 RUNNING AT zam871
=   EXIT CODE: 6
=   CLEANING UP REMAINING PROCESSES
=   YOU CAN IGNORE THE BELOW CLEANUP MESSAGES
===================================================================================
YOUR APPLICATION TERMINATED WITH THE EXIT STRING: Aborted (signal 6)
This typically refers to a problem with your application.
Please see the FAQ page for debugging suggestions
</TESTDIFF>
</MPITEST>
<MPITEST>
<NAME>transpose3</NAME>
<NP>2</NP>
<WORKDIR>./rma</WORKDIR>
<STATUS>fail</STATUS>
<TESTDIFF>
*** Error in `./transpose3': free(): invalid next size (fast): 0x000000000108bf70 ***
======= Backtrace: =========
/lib64/libc.so.6(+0x727df)[0x7fc9552e17df]
/lib64/libc.so.6(+0x7804e)[0x7fc9552e704e]
/lib64/libc.so.6(+0x78d56)[0x7fc9552e7d56]
/home/clauss/Work/psmpi/build/install/lib64/libmpi.so.12(+0x1197ce)[0x7fc9557327ce]
/home/clauss/Work/pscom/build/install/lib64/libpscom.so.2(pscom_unlock+0x1ef)[0x7fc9550301bf]
/home/clauss/Work/pscom/build/install/lib64/libpscom.so.2(pscom_wait+0x15)[0x7fc955037cd5]
/home/clauss/Work/psmpi/build/install/lib64/libmpi.so.12(MPID_PSP_Wait+0x21)[0x7fc95572b101]
/home/clauss/Work/psmpi/build/install/lib64/libmpi.so.12(MPID_Win_wait+0xc9)[0x7fc9557338d9]
/home/clauss/Work/psmpi/build/install/lib64/libmpi.so.12(MPI_Win_wait+0x177)[0x7fc9556e1fe7]
./transpose3[0x4026b5]
/lib64/libc.so.6(__libc_start_main+0xf5)[0x7fc955290b05]
./transpose3[0x4022e9]
======= Memory map: ========
00400000-0040b000 r-xp 00000000 08:03 5116091                            /home/clauss/Work/psmpi/build/mpich2/test/mpi/rma/transpose3
0060a000-0060b000 r--p 0000a000 08:03 5116091                            /home/clauss/Work/psmpi/build/mpich2/test/mpi/rma/transpose3
0060b000-0060c000 rw-p 0000b000 08:03 5116091                            /home/clauss/Work/psmpi/build/mpich2/test/mpi/rma/transpose3
01070000-01091000 rw-p 00000000 00:00 0                                  [heap]
7fc94c000000-7fc94c021000 rw-p 00000000 00:00 0 
7fc94c021000-7fc950000000 ---p 00000000 00:00 0 
7fc952ef5000-7fc952ef6000 ---p 00000000 00:00 0 
7fc952ef6000-7fc9536f6000 rw-p 00000000 00:00 0                          [stack:7625]
7fc9536f6000-7fc953712000 r-xp 00000000 08:02 181143                     /usr/lib64/libnl-3.so.200.20.0
7fc953712000-7fc953911000 ---p 0001c000 08:02 181143                     /usr/lib64/libnl-3.so.200.20.0
7fc953911000-7fc953913000 r--p 0001b000 08:02 181143                     /usr/lib64/libnl-3.so.200.20.0
7fc953913000-7fc953914000 rw-p 0001d000 08:02 181143                     /usr/lib64/libnl-3.so.200.20.0
7fc953914000-7fc95396f000 r-xp 00000000 08:02 184246                     /usr/lib64/libnl-route-3.so.200.20.0
7fc95396f000-7fc953b6e000 ---p 0005b000 08:02 184246                     /usr/lib64/libnl-route-3.so.200.20.0
7fc953b6e000-7fc953b71000 r--p 0005a000 08:02 184246                     /usr/lib64/libnl-route-3.so.200.20.0
7fc953b71000-7fc953b75000 rw-p 0005d000 08:02 184246                     /usr/lib64/libnl-route-3.so.200.20.0
7fc953b75000-7fc953b77000 rw-p 00000000 00:00 0 
7fc953b77000-7fc953b88000 r-xp 00000000 08:02 162305                     /usr/lib64/libibverbs.so.1.0.0
7fc953b88000-7fc953d87000 ---p 00011000 08:02 162305                     /usr/lib64/libibverbs.so.1.0.0
7fc953d87000-7fc953d88000 r--p 00010000 08:02 162305                     /usr/lib64/libibverbs.so.1.0.0
7fc953d88000-7fc953d89000 rw-p 00011000 08:02 162305                     /usr/lib64/libibverbs.so.1.0.0
7fc953d89000-7fc953d90000 r-xp 00000000 08:03 3016614                    /home/clauss/Work/pscom/build/install/lib64/libpscom4openib.so
7fc953d90000-7fc953f8f000 ---p 00007000 08:03 3016614                    /home/clauss/Work/pscom/build/install/lib64/libpscom4openib.so
7fc953f8f000-7fc953f90000 r--p 00006000 08:03 3016614                    /home/clauss/Work/pscom/build/install/lib64/libpscom4openib.so
7fc953f90000-7fc953f91000 rw-p 00007000 08:03 3016614                    /home/clauss/Work/pscom/build/install/lib64/libpscom4openib.so
7fc953f91000-7fc953f94000 r-xp 00000000 08:02 18661                      /lib64/libdl-2.19.so
7fc953f94000-7fc954193000 ---p 00003000 08:02 18661                      /lib64/libdl-2.19.so
7fc954193000-7fc954194000 r--p 00002000 08:02 18661                      /lib64/libdl-2.19.so
7fc954194000-7fc954195000 rw-p 00003000 08:02 18661                      /lib64/libdl-2.19.so
7fc954195000-7fc9541d0000 r-xp 00000000 08:02 165371                     /usr/lib64/libquadmath.so.0.0.0
7fc9541d0000-7fc9543cf000 ---p 0003b000 08:02 165371                     /usr/lib64/libquadmath.so.0.0.0
7fc9543cf000-7fc9543d0000 r--p 0003a000 08:02 165371                     /usr/lib64/libquadmath.so.0.0.0
7fc9543d0000-7fc9543d1000 rw-p 0003b000 08:02 165371                     /usr/lib64/libquadmath.so.0.0.0
7fc9543d1000-7fc9543e7000 r-xp 00000000 08:02 58                         /lib64/libgcc_s.so.1
7fc9543e7000-7fc9545e6000 ---p 00016000 08:02 58                         /lib64/libgcc_s.so.1
7fc9545e6000-7fc9545e7000 r--p 00015000 08:02 58                         /lib64/libgcc_s.so.1
7fc9545e7000-7fc9545e8000 rw-p 00016000 08:02 58                         /lib64/libgcc_s.so.1
7fc9545e8000-7fc9546e8000 r-xp 00000000 08:02 18663                      /lib64/libm-2.19.so
7fc9546e8000-7fc9548e7000 ---p 00100000 08:02 18663                      /lib64/libm-2.19.so
7fc9548e7000-7fc9548e8000 r--p 000ff000 08:02 18663                      /lib64/libm-2.19.so
7fc9548e8000-7fc9548e9000 rw-p 00100000 08:02 18663                      /lib64/libm-2.19.so
7fc9548e9000-7fc954a01000 r-xp 00000000 08:02 140452                     /usr/lib64/libgfortran.so.3.0.0
7fc954a01000-7fc954c00000 ---p 00118000 08:02 140452                     /usr/lib64/libgfortran.so.3.0.0
7fc954c00000-7fc954c01000 r--p 00117000 08:02 140452                     /usr/lib64/libgfortran.so.3.0.0
7fc954c01000-7fc954c03000 rw-p 00118000 08:02 140452                     /usr/lib64/libgfortran.so.3.0.0
7fc954c03000-7fc954c0a000 r-xp 00000000 08:02 18688                      /lib64/librt-2.19.so
7fc954c0a000-7fc954e09000 ---p 00007000 08:02 18688                      /lib64/librt-2.19.so
7fc954e09000-7fc954e0a000 r--p 00006000 08:02 18688                      /lib64/librt-2.19.so
7fc954e0a000-7fc954e0b000 rw-p 00007000 08:02 18688                      /lib64/librt-2.19.so
7fc954e0b000-7fc954e23000 r-xp 00000000 08:02 18684                      /lib64/libpthread-2.19.so
7fc954e23000-7fc955022000 ---p 00018000 08:02 18684                      /lib64/libpthread-2.19.so
7fc955022000-7fc955023000 r--p 00017000 08:02 18684                      /lib64/libpthread-2.19.so
7fc955023000-7fc955024000 rw-p 00018000 08:02 18684                      /lib64/libpthread-2.19.so
7fc955024000-7fc955028000 rw-p 00000000 00:00 0 
7fc955028000-7fc95504b000 r-xp 00000000 08:03 3016609                    /home/clauss/Work/pscom/build/install/lib64/libpscom.so.2.0.0
7fc95504b000-7fc95524b000 ---p 00023000 08:03 3016609                    /home/clauss/Work/pscom/build/install/lib64/libpscom.so.2.0.0
7fc95524b000-7fc95524c000 r--p 00023000 08:03 3016609                    /home/clauss/Work/pscom/build/install/lib64/libpscom.so.2.0.0
7fc95524c000-7fc95525d000 rw-p 00024000 08:03 3016609                    /home/clauss/Work/pscom/build/install/lib64/libpscom.so.2.0.0
7fc95525d000-7fc95526f000 rw-p 00000000 00:00 0 
7fc95526f000-7fc955410000 r-xp 00000000 08:02 18655                      /lib64/libc-2.19.so
7fc955410000-7fc95560f000 ---p 001a1000 08:02 18655                      /lib64/libc-2.19.so
7fc95560f000-7fc955613000 r--p 001a0000 08:02 18655                      /lib64/libc-2.19.so
7fc955613000-7fc955615000 rw-p 001a4000 08:02 18655                      /lib64/libc-2.19.so
7fc955615000-7fc955619000 rw-p 00000000 00:00 0 
7fc955619000-7fc9557e1000 r-xp 00000000 08:03 1839359                    /home/clauss/Work/psmpi/build/install/lib64/libmpi.so.12.1.0
7fc9557e1000-7fc9559e1000 ---p 001c8000 08:03 1839359                    /home/clauss/Work/psmpi/build/install/lib64/libmpi.so.12.1.0
7fc9559e1000-7fc9559ee000 r--p 001c8000 08:03 1839359                    /home/clauss/Work/psmpi/build/install/lib64/libmpi.so.12.1.0
7fc9559ee000-7fc9559f2000 rw-p 001d5000 08:03 1839359                    /home/clauss/Work/psmpi/build/install/lib64/libmpi.so.12.1.0
7fc9559f2000-7fc955a3d000 rw-p 00000000 00:00 0 
7fc955a3d000-7fc955a5d000 r-xp 00000000 08:02 18648                      /lib64/ld-2.19.so
7fc955bed000-7fc955c22000 r--s 00000000 00:11 14746                      /run/nscd/dbK2CzxF (deleted)
7fc955c22000-7fc955c29000 rw-p 00000000 00:00 0 
7fc955c3b000-7fc955c3c000 rw-p 00000000 00:00 0 
7fc955c3c000-7fc955c4c000 rw-s 00000000 00:04 978092055                  /SYSV00000000 (deleted)
7fc955c4c000-7fc955c5c000 rw-s 00000000 00:04 978059286                  /SYSV00000000 (deleted)
7fc955c5c000-7fc955c5d000 rw-p 00000000 00:00 0 
7fc955c5d000-7fc955c5e000 r--p 00020000 08:02 18648                      /lib64/ld-2.19.so
7fc955c5e000-7fc955c5f000 rw-p 00021000 08:02 18648                      /lib64/ld-2.19.so
7fc955c5f000-7fc955c60000 rw-p 00000000 00:00 0 
7ffed1980000-7ffed19a2000 rw-p 00000000 00:00 0                          [stack]
7ffed19f5000-7ffed19f7000 r-xp 00000000 00:00 0                          [vdso]
7ffed19f7000-7ffed19f9000 r--p 00000000 00:00 0                          [vvar]
ffffffffff600000-ffffffffff601000 r-xp 00000000 00:00 0                  [vsyscall]

===================================================================================
=   BAD TERMINATION OF ONE OF YOUR APPLICATION PROCESSES
=   PID 7624 RUNNING AT zam871
=   EXIT CODE: 6
=   CLEANING UP REMAINING PROCESSES
=   YOU CAN IGNORE THE BELOW CLEANUP MESSAGES
===================================================================================
YOUR APPLICATION TERMINATED WITH THE EXIT STRING: Aborted (signal 6)
This typically refers to a problem with your application.
Please see the FAQ page for debugging suggestions
</TESTDIFF>
</MPITEST>
<MPITEST>
<NAME>transpose3_shm</NAME>
<NP>2</NP>
<WORKDIR>./rma</WORKDIR>
<STATUS>fail</STATUS>
<TESTDIFF>
*** Error in `./transpose3_shm': free(): invalid next size (fast): 0x0000000002097f70 ***
======= Backtrace: =========
/lib64/libc.so.6(+0x727df)[0x7f63a7f7a7df]
/lib64/libc.so.6(+0x7804e)[0x7f63a7f8004e]
/lib64/libc.so.6(+0x78d56)[0x7f63a7f80d56]
/home/clauss/Work/psmpi/build/install/lib64/libmpi.so.12(+0x1197ce)[0x7f63a83cb7ce]
/home/clauss/Work/pscom/build/install/lib64/libpscom.so.2(pscom_unlock+0x1ef)[0x7f63a7cc91bf]
/home/clauss/Work/pscom/build/install/lib64/libpscom.so.2(pscom_wait+0x15)[0x7f63a7cd0cd5]
/home/clauss/Work/psmpi/build/install/lib64/libmpi.so.12(MPID_PSP_Wait+0x21)[0x7f63a83c4101]
/home/clauss/Work/psmpi/build/install/lib64/libmpi.so.12(MPID_Win_wait+0xc9)[0x7f63a83cc8d9]
/home/clauss/Work/psmpi/build/install/lib64/libmpi.so.12(MPI_Win_wait+0x177)[0x7f63a837afe7]
./transpose3_shm[0x4026f7]
/lib64/libc.so.6(__libc_start_main+0xf5)[0x7f63a7f29b05]
./transpose3_shm[0x402339]
======= Memory map: ========
00400000-0040b000 r-xp 00000000 08:03 5116092                            /home/clauss/Work/psmpi/build/mpich2/test/mpi/rma/transpose3_shm
0060a000-0060b000 r--p 0000a000 08:03 5116092                            /home/clauss/Work/psmpi/build/mpich2/test/mpi/rma/transpose3_shm
0060b000-0060c000 rw-p 0000b000 08:03 5116092                            /home/clauss/Work/psmpi/build/mpich2/test/mpi/rma/transpose3_shm
0207c000-0209d000 rw-p 00000000 00:00 0                                  [heap]
7f63a0000000-7f63a0021000 rw-p 00000000 00:00 0 
7f63a0021000-7f63a4000000 ---p 00000000 00:00 0 
7f63a5b8e000-7f63a5b8f000 ---p 00000000 00:00 0 
7f63a5b8f000-7f63a638f000 rw-p 00000000 00:00 0                          [stack:7671]
7f63a638f000-7f63a63ab000 r-xp 00000000 08:02 181143                     /usr/lib64/libnl-3.so.200.20.0
7f63a63ab000-7f63a65aa000 ---p 0001c000 08:02 181143                     /usr/lib64/libnl-3.so.200.20.0
7f63a65aa000-7f63a65ac000 r--p 0001b000 08:02 181143                     /usr/lib64/libnl-3.so.200.20.0
7f63a65ac000-7f63a65ad000 rw-p 0001d000 08:02 181143                     /usr/lib64/libnl-3.so.200.20.0
7f63a65ad000-7f63a6608000 r-xp 00000000 08:02 184246                     /usr/lib64/libnl-route-3.so.200.20.0
7f63a6608000-7f63a6807000 ---p 0005b000 08:02 184246                     /usr/lib64/libnl-route-3.so.200.20.0
7f63a6807000-7f63a680a000 r--p 0005a000 08:02 184246                     /usr/lib64/libnl-route-3.so.200.20.0
7f63a680a000-7f63a680e000 rw-p 0005d000 08:02 184246                     /usr/lib64/libnl-route-3.so.200.20.0
7f63a680e000-7f63a6810000 rw-p 00000000 00:00 0 
7f63a6810000-7f63a6821000 r-xp 00000000 08:02 162305                     /usr/lib64/libibverbs.so.1.0.0
7f63a6821000-7f63a6a20000 ---p 00011000 08:02 162305                     /usr/lib64/libibverbs.so.1.0.0
7f63a6a20000-7f63a6a21000 r--p 00010000 08:02 162305                     /usr/lib64/libibverbs.so.1.0.0
7f63a6a21000-7f63a6a22000 rw-p 00011000 08:02 162305                     /usr/lib64/libibverbs.so.1.0.0
7f63a6a22000-7f63a6a29000 r-xp 00000000 08:03 3016614                    /home/clauss/Work/pscom/build/install/lib64/libpscom4openib.so
7f63a6a29000-7f63a6c28000 ---p 00007000 08:03 3016614                    /home/clauss/Work/pscom/build/install/lib64/libpscom4openib.so
7f63a6c28000-7f63a6c29000 r--p 00006000 08:03 3016614                    /home/clauss/Work/pscom/build/install/lib64/libpscom4openib.so
7f63a6c29000-7f63a6c2a000 rw-p 00007000 08:03 3016614                    /home/clauss/Work/pscom/build/install/lib64/libpscom4openib.so
7f63a6c2a000-7f63a6c2d000 r-xp 00000000 08:02 18661                      /lib64/libdl-2.19.so
7f63a6c2d000-7f63a6e2c000 ---p 00003000 08:02 18661                      /lib64/libdl-2.19.so
7f63a6e2c000-7f63a6e2d000 r--p 00002000 08:02 18661                      /lib64/libdl-2.19.so
7f63a6e2d000-7f63a6e2e000 rw-p 00003000 08:02 18661                      /lib64/libdl-2.19.so
7f63a6e2e000-7f63a6e69000 r-xp 00000000 08:02 165371                     /usr/lib64/libquadmath.so.0.0.0
7f63a6e69000-7f63a7068000 ---p 0003b000 08:02 165371                     /usr/lib64/libquadmath.so.0.0.0
7f63a7068000-7f63a7069000 r--p 0003a000 08:02 165371                     /usr/lib64/libquadmath.so.0.0.0
7f63a7069000-7f63a706a000 rw-p 0003b000 08:02 165371                     /usr/lib64/libquadmath.so.0.0.0
7f63a706a000-7f63a7080000 r-xp 00000000 08:02 58                         /lib64/libgcc_s.so.1
7f63a7080000-7f63a727f000 ---p 00016000 08:02 58                         /lib64/libgcc_s.so.1
7f63a727f000-7f63a7280000 r--p 00015000 08:02 58                         /lib64/libgcc_s.so.1
7f63a7280000-7f63a7281000 rw-p 00016000 08:02 58                         /lib64/libgcc_s.so.1
7f63a7281000-7f63a7381000 r-xp 00000000 08:02 18663                      /lib64/libm-2.19.so
7f63a7381000-7f63a7580000 ---p 00100000 08:02 18663                      /lib64/libm-2.19.so
7f63a7580000-7f63a7581000 r--p 000ff000 08:02 18663                      /lib64/libm-2.19.so
7f63a7581000-7f63a7582000 rw-p 00100000 08:02 18663                      /lib64/libm-2.19.so
7f63a7582000-7f63a769a000 r-xp 00000000 08:02 140452                     /usr/lib64/libgfortran.so.3.0.0
7f63a769a000-7f63a7899000 ---p 00118000 08:02 140452                     /usr/lib64/libgfortran.so.3.0.0
7f63a7899000-7f63a789a000 r--p 00117000 08:02 140452                     /usr/lib64/libgfortran.so.3.0.0
7f63a789a000-7f63a789c000 rw-p 00118000 08:02 140452                     /usr/lib64/libgfortran.so.3.0.0
7f63a789c000-7f63a78a3000 r-xp 00000000 08:02 18688                      /lib64/librt-2.19.so
7f63a78a3000-7f63a7aa2000 ---p 00007000 08:02 18688                      /lib64/librt-2.19.so
7f63a7aa2000-7f63a7aa3000 r--p 00006000 08:02 18688                      /lib64/librt-2.19.so
7f63a7aa3000-7f63a7aa4000 rw-p 00007000 08:02 18688                      /lib64/librt-2.19.so
7f63a7aa4000-7f63a7abc000 r-xp 00000000 08:02 18684                      /lib64/libpthread-2.19.so
7f63a7abc000-7f63a7cbb000 ---p 00018000 08:02 18684                      /lib64/libpthread-2.19.so
7f63a7cbb000-7f63a7cbc000 r--p 00017000 08:02 18684                      /lib64/libpthread-2.19.so
7f63a7cbc000-7f63a7cbd000 rw-p 00018000 08:02 18684                      /lib64/libpthread-2.19.so
7f63a7cbd000-7f63a7cc1000 rw-p 00000000 00:00 0 
7f63a7cc1000-7f63a7ce4000 r-xp 00000000 08:03 3016609                    /home/clauss/Work/pscom/build/install/lib64/libpscom.so.2.0.0
7f63a7ce4000-7f63a7ee4000 ---p 00023000 08:03 3016609                    /home/clauss/Work/pscom/build/install/lib64/libpscom.so.2.0.0
7f63a7ee4000-7f63a7ee5000 r--p 00023000 08:03 3016609                    /home/clauss/Work/pscom/build/install/lib64/libpscom.so.2.0.0
7f63a7ee5000-7f63a7ef6000 rw-p 00024000 08:03 3016609                    /home/clauss/Work/pscom/build/install/lib64/libpscom.so.2.0.0
7f63a7ef6000-7f63a7f08000 rw-p 00000000 00:00 0 
7f63a7f08000-7f63a80a9000 r-xp 00000000 08:02 18655                      /lib64/libc-2.19.so
7f63a80a9000-7f63a82a8000 ---p 001a1000 08:02 18655                      /lib64/libc-2.19.so
7f63a82a8000-7f63a82ac000 r--p 001a0000 08:02 18655                      /lib64/libc-2.19.so
7f63a82ac000-7f63a82ae000 rw-p 001a4000 08:02 18655                      /lib64/libc-2.19.so
7f63a82ae000-7f63a82b2000 rw-p 00000000 00:00 0 
7f63a82b2000-7f63a847a000 r-xp 00000000 08:03 1839359                    /home/clauss/Work/psmpi/build/install/lib64/libmpi.so.12.1.0
7f63a847a000-7f63a867a000 ---p 001c8000 08:03 1839359                    /home/clauss/Work/psmpi/build/install/lib64/libmpi.so.12.1.0
7f63a867a000-7f63a8687000 r--p 001c8000 08:03 1839359                    /home/clauss/Work/psmpi/build/install/lib64/libmpi.so.12.1.0
7f63a8687000-7f63a868b000 rw-p 001d5000 08:03 1839359                    /home/clauss/Work/psmpi/build/install/lib64/libmpi.so.12.1.0
7f63a868b000-7f63a86d6000 rw-p 00000000 00:00 0 
7f63a86d6000-7f63a86f6000 r-xp 00000000 08:02 18648                      /lib64/ld-2.19.so
7f63a8886000-7f63a88bb000 r--s 00000000 00:11 14746                      /run/nscd/dbK2CzxF (deleted)
7f63a88bb000-7f63a88c2000 rw-p 00000000 00:00 0 
7f63a88d4000-7f63a88d5000 rw-p 00000000 00:00 0 
7f63a88d5000-7f63a88e5000 rw-s 00000000 00:04 978157591                  /SYSV00000000 (deleted)
7f63a88e5000-7f63a88f5000 rw-s 00000000 00:04 978124822                  /SYSV00000000 (deleted)
7f63a88f5000-7f63a88f6000 rw-p 00000000 00:00 0 
7f63a88f6000-7f63a88f7000 r--p 00020000 08:02 18648                      /lib64/ld-2.19.so
7f63a88f7000-7f63a88f8000 rw-p 00021000 08:02 18648                      /lib64/ld-2.19.so
7f63a88f8000-7f63a88f9000 rw-p 00000000 00:00 0 
7ffc06f18000-7ffc06f3a000 rw-p 00000000 00:00 0                          [stack]
7ffc06f3c000-7ffc06f3e000 r-xp 00000000 00:00 0                          [vdso]
7ffc06f3e000-7ffc06f40000 r--p 00000000 00:00 0                          [vvar]
ffffffffff600000-ffffffffff601000 r-xp 00000000 00:00 0                  [vsyscall]

===================================================================================
=   BAD TERMINATION OF ONE OF YOUR APPLICATION PROCESSES
=   PID 7670 RUNNING AT zam871
=   EXIT CODE: 6
=   CLEANING UP REMAINING PROCESSES
=   YOU CAN IGNORE THE BELOW CLEANUP MESSAGES
===================================================================================
YOUR APPLICATION TERMINATED WITH THE EXIT STRING: Aborted (signal 6)
This typically refers to a problem with your application.
Please see the FAQ page for debugging suggestions
</TESTDIFF>
</MPITEST>
<MPITEST>
<NAME>transpose5</NAME>
<NP>2</NP>
<WORKDIR>./rma</WORKDIR>
<STATUS>fail</STATUS>
<TESTDIFF>

===================================================================================
=   BAD TERMINATION OF ONE OF YOUR APPLICATION PROCESSES
=   PID 7717 RUNNING AT zam871
=   EXIT CODE: 11
=   CLEANING UP REMAINING PROCESSES
=   YOU CAN IGNORE THE BELOW CLEANUP MESSAGES
===================================================================================
YOUR APPLICATION TERMINATED WITH THE EXIT STRING: Segmentation fault (signal 11)
This typically refers to a problem with your application.
Please see the FAQ page for debugging suggestions
</TESTDIFF>
</MPITEST>
<MPITEST>
<NAME>transpose6</NAME>
<NP>1</NP>
<WORKDIR>./rma</WORKDIR>
<STATUS>pass</STATUS>
</MPITEST>
<MPITEST>
<NAME>transpose7</NAME>
<NP>2</NP>
<WORKDIR>./rma</WORKDIR>
<STATUS>fail</STATUS>
<TESTDIFF>
Error: A[0][0]=-1 should be 0
Error: A[0][1]=-1 should be 1000
Error: A[0][2]=-1 should be 2000
Error: A[0][3]=-1 should be 3000
Error: A[0][4]=-1 should be 4000
Error: A[0][5]=-1 should be 5000
Error: A[0][6]=-1 should be 6000
Error: A[0][7]=-1 should be 7000
Error: A[0][8]=-1 should be 8000
Error: A[0][9]=-1 should be 9000
Error: A[0][10]=-1 should be 10000
Error: A[0][11]=-1 should be 11000
Error: A[0][12]=-1 should be 12000
Error: A[0][13]=-1 should be 13000
Error: A[0][14]=-1 should be 14000
Error: A[0][15]=-1 should be 15000
Error: A[0][16]=-1 should be 16000
Error: A[0][17]=-1 should be 17000
Error: A[0][18]=-1 should be 18000
Error: A[0][19]=-1 should be 19000
Error: A[0][20]=-1 should be 20000
Error: A[0][21]=-1 should be 21000
Error: A[0][22]=-1 should be 22000
Error: A[0][23]=-1 should be 23000
Error: A[0][24]=-1 should be 24000
Error: A[0][25]=-1 should be 25000
Error: A[0][26]=-1 should be 26000
Error: A[0][27]=-1 should be 27000
Error: A[0][28]=-1 should be 28000
Error: A[0][29]=-1 should be 29000
Error: A[0][30]=-1 should be 30000
Error: A[0][31]=-1 should be 31000
Error: A[0][32]=-1 should be 32000
Error: A[0][33]=-1 should be 33000
Error: A[0][34]=-1 should be 34000
Error: A[0][35]=-1 should be 35000
Error: A[0][36]=-1 should be 36000
Error: A[0][37]=-1 should be 37000
Error: A[0][38]=-1 should be 38000
Error: A[0][39]=-1 should be 39000
Error: A[0][40]=-1 should be 40000
Error: A[0][41]=-1 should be 41000
Error: A[0][42]=-1 should be 42000
Error: A[0][43]=-1 should be 43000
Error: A[0][44]=-1 should be 44000
Error: A[0][45]=-1 should be 45000
Error: A[0][46]=-1 should be 46000
Error: A[0][47]=-1 should be 47000
Error: A[0][48]=-1 should be 48000
Error: A[0][49]=-1 should be 49000
Total number of errors: 1000000
 Found 1000000 errors
</TESTDIFF>
</MPITEST>
<MPITEST>
<NAME>test1</NAME>
<NP>2</NP>
<WORKDIR>./rma</WORKDIR>
<STATUS>pass</STATUS>
</MPITEST>
<MPITEST>
<NAME>test2</NAME>
<NP>2</NP>
<WORKDIR>./rma</WORKDIR>
<STATUS>pass</STATUS>
</MPITEST>
<MPITEST>
<NAME>test2_shm</NAME>
<NP>2</NP>
<WORKDIR>./rma</WORKDIR>
<STATUS>pass</STATUS>
</MPITEST>
<MPITEST>
<NAME>test3</NAME>
<NP>2</NP>
<WORKDIR>./rma</WORKDIR>
<STATUS>pass</STATUS>
</MPITEST>
<MPITEST>
<NAME>test3_shm</NAME>
<NP>2</NP>
<WORKDIR>./rma</WORKDIR>
<STATUS>pass</STATUS>
</MPITEST>
<MPITEST>
<NAME>test4</NAME>
<NP>2</NP>
<WORKDIR>./rma</WORKDIR>
<STATUS>pass</STATUS>
</MPITEST>
<MPITEST>
<NAME>test5</NAME>
<NP>2</NP>
<WORKDIR>./rma</WORKDIR>
<STATUS>pass</STATUS>
</MPITEST>
<MPITEST>
<NAME>lockcontention</NAME>
<NP>3</NP>
<WORKDIR>./rma</WORKDIR>
<STATUS>pass</STATUS>
</MPITEST>
<MPITEST>
<NAME>lockcontention2</NAME>
<NP>4</NP>
<WORKDIR>./rma</WORKDIR>
<STATUS>pass</STATUS>
</MPITEST>
<MPITEST>
<NAME>lockcontention2</NAME>
<NP>8</NP>
<WORKDIR>./rma</WORKDIR>
<STATUS>pass</STATUS>
</MPITEST>
<MPITEST>
<NAME>lockcontention3</NAME>
<NP>8</NP>
<WORKDIR>./rma</WORKDIR>
<STATUS>pass</STATUS>
</MPITEST>
<MPITEST>
<NAME>lockopts</NAME>
<NP>2</NP>
<WORKDIR>./rma</WORKDIR>
<STATUS>pass</STATUS>
</MPITEST>
<MPITEST>
<NAME>lock_dt</NAME>
<NP>2</NP>
<WORKDIR>./rma</WORKDIR>
<STATUS>fail</STATUS>
<TESTDIFF>

===================================================================================
=   BAD TERMINATION OF ONE OF YOUR APPLICATION PROCESSES
=   PID 8453 RUNNING AT zam871
=   EXIT CODE: 11
=   CLEANING UP REMAINING PROCESSES
=   YOU CAN IGNORE THE BELOW CLEANUP MESSAGES
===================================================================================
YOUR APPLICATION TERMINATED WITH THE EXIT STRING: Segmentation fault (signal 11)
This typically refers to a problem with your application.
Please see the FAQ page for debugging suggestions
</TESTDIFF>
</MPITEST>
<MPITEST>
<NAME>lock_dt_flush</NAME>
<NP>2</NP>
<WORKDIR>./rma</WORKDIR>
<STATUS>fail</STATUS>
<TESTDIFF>

===================================================================================
=   BAD TERMINATION OF ONE OF YOUR APPLICATION PROCESSES
=   PID 8500 RUNNING AT zam871
=   EXIT CODE: 11
=   CLEANING UP REMAINING PROCESSES
=   YOU CAN IGNORE THE BELOW CLEANUP MESSAGES
===================================================================================
YOUR APPLICATION TERMINATED WITH THE EXIT STRING: Segmentation fault (signal 11)
This typically refers to a problem with your application.
Please see the FAQ page for debugging suggestions
</TESTDIFF>
</MPITEST>
<MPITEST>
<NAME>lock_dt_flushlocal</NAME>
<NP>2</NP>
<WORKDIR>./rma</WORKDIR>
<STATUS>fail</STATUS>
<TESTDIFF>
Deadlock detected! Process 8546 will wait forever.
('wait' called without outstanding send or recv requests).
Requests:
Sockets:
  sock#0x20916a0 listen:    -1 demand:   0(   0)  src:(134.94.169.164,8546,(nil),r0000000) anyrecv:     2
  Connections:
    con#0x2093e20 type:  loop state:    open dest:(134.94.169.164,8546,0x2093e20,r0000000) recvcnt:    1
    con#0x20941e0 type:   shm state:    norw dest:(134.94.169.164,8547,0x149cff0,r0000001) recvcnt:    1
Fds:


===================================================================================
=   BAD TERMINATION OF ONE OF YOUR APPLICATION PROCESSES
=   PID 8547 RUNNING AT zam871
=   EXIT CODE: 11
=   CLEANING UP REMAINING PROCESSES
=   YOU CAN IGNORE THE BELOW CLEANUP MESSAGES
===================================================================================
YOUR APPLICATION TERMINATED WITH THE EXIT STRING: Segmentation fault (signal 11)
This typically refers to a problem with your application.
Please see the FAQ page for debugging suggestions
</TESTDIFF>
</MPITEST>
<MPITEST>
<NAME>lockall_dt</NAME>
<NP>4</NP>
<WORKDIR>./rma</WORKDIR>
<STATUS>fail</STATUS>
<TESTDIFF>

===================================================================================
=   BAD TERMINATION OF ONE OF YOUR APPLICATION PROCESSES
=   PID 8596 RUNNING AT zam871
=   EXIT CODE: 11
=   CLEANING UP REMAINING PROCESSES
=   YOU CAN IGNORE THE BELOW CLEANUP MESSAGES
===================================================================================
YOUR APPLICATION TERMINATED WITH THE EXIT STRING: Segmentation fault (signal 11)
This typically refers to a problem with your application.
Please see the FAQ page for debugging suggestions
</TESTDIFF>
</MPITEST>
<MPITEST>
<NAME>lockall_dt_flush</NAME>
<NP>4</NP>
<WORKDIR>./rma</WORKDIR>
<STATUS>fail</STATUS>
<TESTDIFF>

===================================================================================
=   BAD TERMINATION OF ONE OF YOUR APPLICATION PROCESSES
=   PID 8647 RUNNING AT zam871
=   EXIT CODE: 11
=   CLEANING UP REMAINING PROCESSES
=   YOU CAN IGNORE THE BELOW CLEANUP MESSAGES
===================================================================================
YOUR APPLICATION TERMINATED WITH THE EXIT STRING: Segmentation fault (signal 11)
This typically refers to a problem with your application.
Please see the FAQ page for debugging suggestions
</TESTDIFF>
</MPITEST>
<MPITEST>
<NAME>lockall_dt_flushall</NAME>
<NP>4</NP>
<WORKDIR>./rma</WORKDIR>
<STATUS>fail</STATUS>
<TESTDIFF>

===================================================================================
=   BAD TERMINATION OF ONE OF YOUR APPLICATION PROCESSES
=   PID 8696 RUNNING AT zam871
=   EXIT CODE: 11
=   CLEANING UP REMAINING PROCESSES
=   YOU CAN IGNORE THE BELOW CLEANUP MESSAGES
===================================================================================
YOUR APPLICATION TERMINATED WITH THE EXIT STRING: Segmentation fault (signal 11)
This typically refers to a problem with your application.
Please see the FAQ page for debugging suggestions
</TESTDIFF>
</MPITEST>
<MPITEST>
<NAME>lockall_dt_flushlocal</NAME>
<NP>4</NP>
<WORKDIR>./rma</WORKDIR>
<STATUS>fail</STATUS>
<TESTDIFF>
Data expected = fe but got p[0,0,1] = ff
Data expected = fd but got p[0,0,2] = ff
Data expected = fc but got p[0,0,3] = ff
Data expected = fb but got p[0,0,4] = ff
Data expected = fa but got p[0,0,5] = ff
Data expected = f9 but got p[0,0,6] = ff
Data expected = f8 but got p[0,0,7] = ff
MTestTypeSubarrayCheckbuf error
Data expected = fe but got p[0,0,1] = ff
Data expected = fd but got p[0,0,2] = ff
Data expected = fc but got p[0,0,3] = ff
Data expected = fb but got p[0,0,4] = ff
Data expected = fa but got p[0,0,5] = ff
Data expected = f9 but got p[0,0,6] = ff
Data expected = f8 but got p[0,0,7] = ff
MTestTypeSubarrayCheckbuf error
Data expected = fe but got p[0,0,1] = ff
Data expected = fd but got p[0,0,2] = ff
Data expected = fc but got p[0,0,3] = ff
Data expected = fb but got p[0,0,4] = ff
Data expected = fa but got p[0,0,5] = ff
Data expected = f9 but got p[0,0,6] = ff
Data expected = f8 but got p[0,0,7] = ff
MTestTypeSubarrayCheckbuf error

===================================================================================
=   BAD TERMINATION OF ONE OF YOUR APPLICATION PROCESSES
=   PID 8752 RUNNING AT zam871
=   EXIT CODE: 11
=   CLEANING UP REMAINING PROCESSES
=   YOU CAN IGNORE THE BELOW CLEANUP MESSAGES
===================================================================================
YOUR APPLICATION TERMINATED WITH THE EXIT STRING: Segmentation fault (signal 11)
This typically refers to a problem with your application.
Please see the FAQ page for debugging suggestions
</TESTDIFF>
</MPITEST>
<MPITEST>
<NAME>lockall_dt_flushlocalall</NAME>
<NP>4</NP>
<WORKDIR>./rma</WORKDIR>
<STATUS>fail</STATUS>
<TESTDIFF>

===================================================================================
=   BAD TERMINATION OF ONE OF YOUR APPLICATION PROCESSES
=   PID 8805 RUNNING AT zam871
=   EXIT CODE: 11
=   CLEANING UP REMAINING PROCESSES
=   YOU CAN IGNORE THE BELOW CLEANUP MESSAGES
===================================================================================
YOUR APPLICATION TERMINATED WITH THE EXIT STRING: Segmentation fault (signal 11)
This typically refers to a problem with your application.
Please see the FAQ page for debugging suggestions
</TESTDIFF>
</MPITEST>
<MPITEST>
<NAME>lock_contention_dt</NAME>
<NP>4</NP>
<WORKDIR>./rma</WORKDIR>
<STATUS>fail</STATUS>
<TESTDIFF>

===================================================================================
=   BAD TERMINATION OF ONE OF YOUR APPLICATION PROCESSES
=   PID 8854 RUNNING AT zam871
=   EXIT CODE: 11
=   CLEANING UP REMAINING PROCESSES
=   YOU CAN IGNORE THE BELOW CLEANUP MESSAGES
===================================================================================
YOUR APPLICATION TERMINATED WITH THE EXIT STRING: Segmentation fault (signal 11)
This typically refers to a problem with your application.
Please see the FAQ page for debugging suggestions
</TESTDIFF>
</MPITEST>
<MPITEST>
<NAME>transpose4</NAME>
<NP>2</NP>
<WORKDIR>./rma</WORKDIR>
<STATUS>fail</STATUS>
<TESTDIFF>
*** Error in `./transpose4': free(): invalid next size (fast): 0x0000000002531340 ***
======= Backtrace: =========
/lib64/libc.so.6(+0x727df)[0x7f82ba5327df]
/lib64/libc.so.6(+0x7804e)[0x7f82ba53804e]
/lib64/libc.so.6(+0x78d56)[0x7f82ba538d56]
/home/clauss/Work/psmpi/build/install/lib64/libmpi.so.12(+0x1197ce)[0x7f82ba9837ce]
/home/clauss/Work/pscom/build/install/lib64/libpscom.so.2(pscom_unlock+0x1ef)[0x7f82ba2811bf]
/home/clauss/Work/psmpi/build/install/lib64/libmpi.so.12(MPID_Progress_wait+0x18)[0x7f82ba97c098]
/home/clauss/Work/psmpi/build/install/lib64/libmpi.so.12(MPIC_Wait+0x55)[0x7f82ba94cec5]
/home/clauss/Work/psmpi/build/install/lib64/libmpi.so.12(MPIC_Sendrecv+0x22a)[0x7f82ba94d68a]
/home/clauss/Work/psmpi/build/install/lib64/libmpi.so.12(MPIR_Reduce_scatter_intra+0x2464)[0x7f82ba8cd774]
/home/clauss/Work/psmpi/build/install/lib64/libmpi.so.12(MPIR_Reduce_scatter+0x1b)[0x7f82ba8ce85b]
/home/clauss/Work/psmpi/build/install/lib64/libmpi.so.12(MPIR_Reduce_scatter_impl+0x39)[0x7f82ba8ce909]
/home/clauss/Work/psmpi/build/install/lib64/libmpi.so.12(MPID_Win_fence+0x74)[0x7f82ba9842f4]
/home/clauss/Work/psmpi/build/install/lib64/libmpi.so.12(MPID_Win_free+0x3f)[0x7f82ba981edf]
/home/clauss/Work/psmpi/build/install/lib64/libmpi.so.12(MPI_Win_free+0x15d)[0x7f82ba930d4d]
./transpose4[0x4024cc]
/lib64/libc.so.6(__libc_start_main+0xf5)[0x7f82ba4e1b05]
./transpose4[0x402139]
======= Memory map: ========
00400000-0040b000 r-xp 00000000 08:03 5116093                            /home/clauss/Work/psmpi/build/mpich2/test/mpi/rma/transpose4
0060a000-0060b000 r--p 0000a000 08:03 5116093                            /home/clauss/Work/psmpi/build/mpich2/test/mpi/rma/transpose4
0060b000-0060c000 rw-p 0000b000 08:03 5116093                            /home/clauss/Work/psmpi/build/mpich2/test/mpi/rma/transpose4
0251f000-02540000 rw-p 00000000 00:00 0                                  [heap]
7f82b4000000-7f82b4021000 rw-p 00000000 00:00 0 
7f82b4021000-7f82b8000000 ---p 00000000 00:00 0 
7f82b8146000-7f82b8147000 ---p 00000000 00:00 0 
7f82b8147000-7f82b8947000 rw-p 00000000 00:00 0                          [stack:8907]
7f82b8947000-7f82b8963000 r-xp 00000000 08:02 181143                     /usr/lib64/libnl-3.so.200.20.0
7f82b8963000-7f82b8b62000 ---p 0001c000 08:02 181143                     /usr/lib64/libnl-3.so.200.20.0
7f82b8b62000-7f82b8b64000 r--p 0001b000 08:02 181143                     /usr/lib64/libnl-3.so.200.20.0
7f82b8b64000-7f82b8b65000 rw-p 0001d000 08:02 181143                     /usr/lib64/libnl-3.so.200.20.0
7f82b8b65000-7f82b8bc0000 r-xp 00000000 08:02 184246                     /usr/lib64/libnl-route-3.so.200.20.0
7f82b8bc0000-7f82b8dbf000 ---p 0005b000 08:02 184246                     /usr/lib64/libnl-route-3.so.200.20.0
7f82b8dbf000-7f82b8dc2000 r--p 0005a000 08:02 184246                     /usr/lib64/libnl-route-3.so.200.20.0
7f82b8dc2000-7f82b8dc6000 rw-p 0005d000 08:02 184246                     /usr/lib64/libnl-route-3.so.200.20.0
7f82b8dc6000-7f82b8dc8000 rw-p 00000000 00:00 0 
7f82b8dc8000-7f82b8dd9000 r-xp 00000000 08:02 162305                     /usr/lib64/libibverbs.so.1.0.0
7f82b8dd9000-7f82b8fd8000 ---p 00011000 08:02 162305                     /usr/lib64/libibverbs.so.1.0.0
7f82b8fd8000-7f82b8fd9000 r--p 00010000 08:02 162305                     /usr/lib64/libibverbs.so.1.0.0
7f82b8fd9000-7f82b8fda000 rw-p 00011000 08:02 162305                     /usr/lib64/libibverbs.so.1.0.0
7f82b8fda000-7f82b8fe1000 r-xp 00000000 08:03 3016614                    /home/clauss/Work/pscom/build/install/lib64/libpscom4openib.so
7f82b8fe1000-7f82b91e0000 ---p 00007000 08:03 3016614                    /home/clauss/Work/pscom/build/install/lib64/libpscom4openib.so
7f82b91e0000-7f82b91e1000 r--p 00006000 08:03 3016614                    /home/clauss/Work/pscom/build/install/lib64/libpscom4openib.so
7f82b91e1000-7f82b91e2000 rw-p 00007000 08:03 3016614                    /home/clauss/Work/pscom/build/install/lib64/libpscom4openib.so
7f82b91e2000-7f82b91e5000 r-xp 00000000 08:02 18661                      /lib64/libdl-2.19.so
7f82b91e5000-7f82b93e4000 ---p 00003000 08:02 18661                      /lib64/libdl-2.19.so
7f82b93e4000-7f82b93e5000 r--p 00002000 08:02 18661                      /lib64/libdl-2.19.so
7f82b93e5000-7f82b93e6000 rw-p 00003000 08:02 18661                      /lib64/libdl-2.19.so
7f82b93e6000-7f82b9421000 r-xp 00000000 08:02 165371                     /usr/lib64/libquadmath.so.0.0.0
7f82b9421000-7f82b9620000 ---p 0003b000 08:02 165371                     /usr/lib64/libquadmath.so.0.0.0
7f82b9620000-7f82b9621000 r--p 0003a000 08:02 165371                     /usr/lib64/libquadmath.so.0.0.0
7f82b9621000-7f82b9622000 rw-p 0003b000 08:02 165371                     /usr/lib64/libquadmath.so.0.0.0
7f82b9622000-7f82b9638000 r-xp 00000000 08:02 58                         /lib64/libgcc_s.so.1
7f82b9638000-7f82b9837000 ---p 00016000 08:02 58                         /lib64/libgcc_s.so.1
7f82b9837000-7f82b9838000 r--p 00015000 08:02 58                         /lib64/libgcc_s.so.1
7f82b9838000-7f82b9839000 rw-p 00016000 08:02 58                         /lib64/libgcc_s.so.1
7f82b9839000-7f82b9939000 r-xp 00000000 08:02 18663                      /lib64/libm-2.19.so
7f82b9939000-7f82b9b38000 ---p 00100000 08:02 18663                      /lib64/libm-2.19.so
7f82b9b38000-7f82b9b39000 r--p 000ff000 08:02 18663                      /lib64/libm-2.19.so
7f82b9b39000-7f82b9b3a000 rw-p 00100000 08:02 18663                      /lib64/libm-2.19.so
7f82b9b3a000-7f82b9c52000 r-xp 00000000 08:02 140452                     /usr/lib64/libgfortran.so.3.0.0
7f82b9c52000-7f82b9e51000 ---p 00118000 08:02 140452                     /usr/lib64/libgfortran.so.3.0.0
7f82b9e51000-7f82b9e52000 r--p 00117000 08:02 140452                     /usr/lib64/libgfortran.so.3.0.0
7f82b9e52000-7f82b9e54000 rw-p 00118000 08:02 140452                     /usr/lib64/libgfortran.so.3.0.0
7f82b9e54000-7f82b9e5b000 r-xp 00000000 08:02 18688                      /lib64/librt-2.19.so
7f82b9e5b000-7f82ba05a000 ---p 00007000 08:02 18688                      /lib64/librt-2.19.so
7f82ba05a000-7f82ba05b000 r--p 00006000 08:02 18688                      /lib64/librt-2.19.so
7f82ba05b000-7f82ba05c000 rw-p 00007000 08:02 18688                      /lib64/librt-2.19.so
7f82ba05c000-7f82ba074000 r-xp 00000000 08:02 18684                      /lib64/libpthread-2.19.so
7f82ba074000-7f82ba273000 ---p 00018000 08:02 18684                      /lib64/libpthread-2.19.so
7f82ba273000-7f82ba274000 r--p 00017000 08:02 18684                      /lib64/libpthread-2.19.so
7f82ba274000-7f82ba275000 rw-p 00018000 08:02 18684                      /lib64/libpthread-2.19.so
7f82ba275000-7f82ba279000 rw-p 00000000 00:00 0 
7f82ba279000-7f82ba29c000 r-xp 00000000 08:03 3016609                    /home/clauss/Work/pscom/build/install/lib64/libpscom.so.2.0.0
7f82ba29c000-7f82ba49c000 ---p 00023000 08:03 3016609                    /home/clauss/Work/pscom/build/install/lib64/libpscom.so.2.0.0
7f82ba49c000-7f82ba49d000 r--p 00023000 08:03 3016609                    /home/clauss/Work/pscom/build/install/lib64/libpscom.so.2.0.0
7f82ba49d000-7f82ba4ae000 rw-p 00024000 08:03 3016609                    /home/clauss/Work/pscom/build/install/lib64/libpscom.so.2.0.0
7f82ba4ae000-7f82ba4c0000 rw-p 00000000 00:00 0 
7f82ba4c0000-7f82ba661000 r-xp 00000000 08:02 18655                      /lib64/libc-2.19.so
7f82ba661000-7f82ba860000 ---p 001a1000 08:02 18655                      /lib64/libc-2.19.so
7f82ba860000-7f82ba864000 r--p 001a0000 08:02 18655                      /lib64/libc-2.19.so
7f82ba864000-7f82ba866000 rw-p 001a4000 08:02 18655                      /lib64/libc-2.19.so
7f82ba866000-7f82ba86a000 rw-p 00000000 00:00 0 
7f82ba86a000-7f82baa32000 r-xp 00000000 08:03 1839359                    /home/clauss/Work/psmpi/build/install/lib64/libmpi.so.12.1.0
7f82baa32000-7f82bac32000 ---p 001c8000 08:03 1839359                    /home/clauss/Work/psmpi/build/install/lib64/libmpi.so.12.1.0
7f82bac32000-7f82bac3f000 r--p 001c8000 08:03 1839359                    /home/clauss/Work/psmpi/build/install/lib64/libmpi.so.12.1.0
7f82bac3f000-7f82bac43000 rw-p 001d5000 08:03 1839359                    /home/clauss/Work/psmpi/build/install/lib64/libmpi.so.12.1.0
7f82bac43000-7f82bac8e000 rw-p 00000000 00:00 0 
7f82bac8e000-7f82bacae000 r-xp 00000000 08:02 18648                      /lib64/ld-2.19.so
7f82bae3e000-7f82bae73000 r--s 00000000 00:11 14746                      /run/nscd/dbK2CzxF (deleted)
7f82bae73000-7f82bae7a000 rw-p 00000000 00:00 0 
7f82bae8c000-7f82bae8d000 rw-p 00000000 00:00 0 
7f82bae8d000-7f82bae9d000 rw-s 00000000 00:04 985694231                  /SYSV00000000 (deleted)
7f82bae9d000-7f82baead000 rw-s 00000000 00:04 985661462                  /SYSV00000000 (deleted)
7f82baead000-7f82baeae000 rw-p 00000000 00:00 0 
7f82baeae000-7f82baeaf000 r--p 00020000 08:02 18648                      /lib64/ld-2.19.so
7f82baeaf000-7f82baeb0000 rw-p 00021000 08:02 18648                      /lib64/ld-2.19.so
7f82baeb0000-7f82baeb1000 rw-p 00000000 00:00 0 
7ffd88c7e000-7ffd88ca0000 rw-p 00000000 00:00 0                          [stack]
7ffd88d7a000-7ffd88d7c000 r-xp 00000000 00:00 0                          [vdso]
7ffd88d7c000-7ffd88d7e000 r--p 00000000 00:00 0                          [vvar]
ffffffffff600000-ffffffffff601000 r-xp 00000000 00:00 0                  [vsyscall]
Deadlock detected! Process 8904 will wait forever.
('wait' called without outstanding send or recv requests).
Requests:
Sockets:
  sock#0x9656a0 listen:    -1 demand:   0(   0)  src:(134.94.169.164,8904,(nil),r0000000) anyrecv:     2
  Connections:
    con#0x967e20 type:  loop state:    open dest:(134.94.169.164,8904,0x967e20,r0000000) recvcnt:    1

===================================================================================
=   BAD TERMINATION OF ONE OF YOUR APPLICATION PROCESSES
=   PID 8905 RUNNING AT zam871
=   EXIT CODE: 6
=   CLEANING UP REMAINING PROCESSES
=   YOU CAN IGNORE THE BELOW CLEANUP MESSAGES
===================================================================================
YOUR APPLICATION TERMINATED WITH THE EXIT STRING: Aborted (signal 6)
This typically refers to a problem with your application.
Please see the FAQ page for debugging suggestions
</TESTDIFF>
</MPITEST>
<MPITEST>
<NAME>fetchandadd</NAME>
<NP>7</NP>
<WORKDIR>./rma</WORKDIR>
<STATUS>pass</STATUS>
</MPITEST>
<MPITEST>
<NAME>fetchandadd_tree</NAME>
<NP>7</NP>
<WORKDIR>./rma</WORKDIR>
<STATUS>pass</STATUS>
</MPITEST>
<MPITEST>
<NAME>wintest</NAME>
<NP>2</NP>
<WORKDIR>./rma</WORKDIR>
<STATUS>pass</STATUS>
</MPITEST>
<MPITEST>
<NAME>wintest_shm</NAME>
<NP>2</NP>
<WORKDIR>./rma</WORKDIR>
<STATUS>pass</STATUS>
</MPITEST>
<MPITEST>
<NAME>contig_displ</NAME>
<NP>1</NP>
<WORKDIR>./rma</WORKDIR>
<STATUS>pass</STATUS>
</MPITEST>
<MPITEST>
<NAME>test1_am</NAME>
<NP>2</NP>
<WORKDIR>./rma</WORKDIR>
<STATUS>pass</STATUS>
</MPITEST>
<MPITEST>
<NAME>test2_am</NAME>
<NP>2</NP>
<WORKDIR>./rma</WORKDIR>
<STATUS>pass</STATUS>
</MPITEST>
<MPITEST>
<NAME>test2_am_shm</NAME>
<NP>2</NP>
<WORKDIR>./rma</WORKDIR>
<STATUS>pass</STATUS>
</MPITEST>
<MPITEST>
<NAME>test3_am</NAME>
<NP>2</NP>
<WORKDIR>./rma</WORKDIR>
<STATUS>pass</STATUS>
</MPITEST>
<MPITEST>
<NAME>test3_am_shm</NAME>
<NP>2</NP>
<WORKDIR>./rma</WORKDIR>
<STATUS>pass</STATUS>
</MPITEST>
<MPITEST>
<NAME>test4_am</NAME>
<NP>2</NP>
<WORKDIR>./rma</WORKDIR>
<STATUS>pass</STATUS>
</MPITEST>
<MPITEST>
<NAME>test5_am</NAME>
<NP>2</NP>
<WORKDIR>./rma</WORKDIR>
<STATUS>pass</STATUS>
</MPITEST>
<MPITEST>
<NAME>fetchandadd_am</NAME>
<NP>7</NP>
<WORKDIR>./rma</WORKDIR>
<STATUS>pass</STATUS>
</MPITEST>
<MPITEST>
<NAME>fetchandadd_tree_am</NAME>
<NP>7</NP>
<WORKDIR>./rma</WORKDIR>
<STATUS>pass</STATUS>
</MPITEST>
<MPITEST>
<NAME>accfence2_am</NAME>
<NP>4</NP>
<WORKDIR>./rma</WORKDIR>
<STATUS>pass</STATUS>
</MPITEST>
<MPITEST>
<NAME>test1_dt</NAME>
<NP>2</NP>
<WORKDIR>./rma</WORKDIR>
<STATUS>pass</STATUS>
</MPITEST>
<MPITEST>
<NAME>nullpscw</NAME>
<NP>7</NP>
<WORKDIR>./rma</WORKDIR>
<STATUS>pass</STATUS>
</MPITEST>
<MPITEST>
<NAME>nullpscw_shm</NAME>
<NP>7</NP>
<WORKDIR>./rma</WORKDIR>
<STATUS>pass</STATUS>
</MPITEST>
<MPITEST>
<NAME>attrorderwin</NAME>
<NP>1</NP>
<WORKDIR>./rma</WORKDIR>
<STATUS>pass</STATUS>
</MPITEST>
<MPITEST>
<NAME>wincall</NAME>
<NP>2</NP>
<WORKDIR>./rma</WORKDIR>
<STATUS>pass</STATUS>
</MPITEST>
<MPITEST>
<NAME>baseattrwin</NAME>
<NP>1</NP>
<WORKDIR>./rma</WORKDIR>
<STATUS>pass</STATUS>
</MPITEST>
<MPITEST>
<NAME>fkeyvalwin</NAME>
<NP>1</NP>
<WORKDIR>./rma</WORKDIR>
<STATUS>pass</STATUS>
</MPITEST>
<MPITEST>
<NAME>selfrma</NAME>
<NP>1</NP>
<WORKDIR>./rma</WORKDIR>
<STATUS>pass</STATUS>
</MPITEST>
<MPITEST>
<NAME>mixedsync</NAME>
<NP>4</NP>
<WORKDIR>./rma</WORKDIR>
<STATUS>pass</STATUS>
</MPITEST>
<MPITEST>
<NAME>epochtest</NAME>
<NP>4</NP>
<WORKDIR>./rma</WORKDIR>
<STATUS>fail</STATUS>
<TESTDIFF>
[mpiexec@zam871] APPLICATION TIMED OUT
[proxy:0:0@zam871] HYD_pmcd_pmip_control_cmd_cb (/home/clauss/Work/psmpi/mpich2/src/pm/hydra/pm/pmiserv/pmip_cb.c:885): assert (!closed) failed
[proxy:0:0@zam871] HYDT_dmxu_poll_wait_for_event (/home/clauss/Work/psmpi/mpich2/src/pm/hydra/tools/demux/demux_poll.c:76): callback returned error status
[proxy:0:0@zam871] main (/home/clauss/Work/psmpi/mpich2/src/pm/hydra/pm/pmiserv/pmip.c:206): demux engine error waiting for event
</TESTDIFF>
</MPITEST>
<MPITEST>
<NAME>locknull</NAME>
<NP>2</NP>
<WORKDIR>./rma</WORKDIR>
<STATUS>pass</STATUS>
</MPITEST>
<MPITEST>
<NAME>rmanull</NAME>
<NP>2</NP>
<WORKDIR>./rma</WORKDIR>
<STATUS>pass</STATUS>
</MPITEST>
<MPITEST>
<NAME>rmazero</NAME>
<NP>2</NP>
<WORKDIR>./rma</WORKDIR>
<STATUS>pass</STATUS>
</MPITEST>
<MPITEST>
<NAME>strided_acc_indexed</NAME>
<NP>2</NP>
<WORKDIR>./rma</WORKDIR>
<STATUS>pass</STATUS>
</MPITEST>
<MPITEST>
<NAME>strided_acc_onelock</NAME>
<NP>2</NP>
<WORKDIR>./rma</WORKDIR>
<STATUS>pass</STATUS>
</MPITEST>
<MPITEST>
<NAME>strided_acc_subarray</NAME>
<NP>2</NP>
<WORKDIR>./rma</WORKDIR>
<STATUS>fail</STATUS>
<TESTDIFF>

===================================================================================
=   BAD TERMINATION OF ONE OF YOUR APPLICATION PROCESSES
=   PID 10961 RUNNING AT zam871
=   EXIT CODE: 11
=   CLEANING UP REMAINING PROCESSES
=   YOU CAN IGNORE THE BELOW CLEANUP MESSAGES
===================================================================================
YOUR APPLICATION TERMINATED WITH THE EXIT STRING: Segmentation fault (signal 11)
This typically refers to a problem with your application.
Please see the FAQ page for debugging suggestions
</TESTDIFF>
</MPITEST>
<MPITEST>
<NAME>strided_get_indexed</NAME>
<NP>2</NP>
<WORKDIR>./rma</WORKDIR>
<STATUS>pass</STATUS>
</MPITEST>
<MPITEST>
<NAME>strided_putget_indexed</NAME>
<NP>4</NP>
<WORKDIR>./rma</WORKDIR>
<STATUS>pass</STATUS>
</MPITEST>
<MPITEST>
<NAME>strided_putget_indexed_shared</NAME>
<NP>4</NP>
<WORKDIR>./rma</WORKDIR>
<STATUS>pass</STATUS>
</MPITEST>
<MPITEST>
<NAME>strided_getacc_indexed</NAME>
<NP>4</NP>
<WORKDIR>./rma</WORKDIR>
<STATUS>pass</STATUS>
</MPITEST>
<MPITEST>
<NAME>strided_getacc_indexed_shared</NAME>
<NP>4</NP>
<WORKDIR>./rma</WORKDIR>
<STATUS>pass</STATUS>
</MPITEST>
<MPITEST>
<NAME>window_creation</NAME>
<NP>2</NP>
<WORKDIR>./rma</WORKDIR>
<STATUS>pass</STATUS>
</MPITEST>
<MPITEST>
<NAME>contention_put</NAME>
<NP>4</NP>
<WORKDIR>./rma</WORKDIR>
<STATUS>pass</STATUS>
</MPITEST>
<MPITEST>
<NAME>contention_putget</NAME>
<NP>4</NP>
<WORKDIR>./rma</WORKDIR>
<STATUS>pass</STATUS>
</MPITEST>
<MPITEST>
<NAME>put_base</NAME>
<NP>2</NP>
<WORKDIR>./rma</WORKDIR>
<STATUS>pass</STATUS>
</MPITEST>
<MPITEST>
<NAME>put_bottom</NAME>
<NP>2</NP>
<WORKDIR>./rma</WORKDIR>
<STATUS>pass</STATUS>
</MPITEST>
<MPITEST>
<NAME>win_flavors</NAME>
<NP>4</NP>
<WORKDIR>./rma</WORKDIR>
<STATUS>pass</STATUS>
</MPITEST>
<MPITEST>
<NAME>win_flavors</NAME>
<NP>3</NP>
<WORKDIR>./rma</WORKDIR>
<STATUS>pass</STATUS>
</MPITEST>
<MPITEST>
<NAME>manyrma2</NAME>
<NP>2</NP>
<WORKDIR>./rma</WORKDIR>
<STATUS>pass</STATUS>
</MPITEST>
<MPITEST>
<NAME>manyrma2_shm</NAME>
<NP>2</NP>
<WORKDIR>./rma</WORKDIR>
<STATUS>pass</STATUS>
</MPITEST>
<MPITEST>
<NAME>manyrma3</NAME>
<NP>2</NP>
<WORKDIR>./rma</WORKDIR>
<STATUS>pass</STATUS>
</MPITEST>
<MPITEST>
<NAME>win_shared</NAME>
<NP>4</NP>
<WORKDIR>./rma</WORKDIR>
<STATUS>pass</STATUS>
</MPITEST>
<MPITEST>
<NAME>win_shared_create_allocshm</NAME>
<NP>4</NP>
<WORKDIR>./rma</WORKDIR>
<STATUS>pass</STATUS>
</MPITEST>
<MPITEST>
<NAME>win_shared_create_no_allocshm</NAME>
<NP>4</NP>
<WORKDIR>./rma</WORKDIR>
<STATUS>pass</STATUS>
</MPITEST>
<MPITEST>
<NAME>win_shared_noncontig</NAME>
<NP>4</NP>
<WORKDIR>./rma</WORKDIR>
<STATUS>pass</STATUS>
</MPITEST>
<MPITEST>
<NAME>win_shared_noncontig_put</NAME>
<NP>4</NP>
<WORKDIR>./rma</WORKDIR>
<STATUS>pass</STATUS>
</MPITEST>
<MPITEST>
<NAME>win_zero</NAME>
<NP>4</NP>
<WORKDIR>./rma</WORKDIR>
<STATUS>pass</STATUS>
</MPITEST>
<MPITEST>
<NAME>win_dynamic_acc</NAME>
<NP>4</NP>
<WORKDIR>./rma</WORKDIR>
<STATUS>pass</STATUS>
</MPITEST>
<MPITEST>
<NAME>get_acc_local</NAME>
<NP>1</NP>
<WORKDIR>./rma</WORKDIR>
<STATUS>pass</STATUS>
</MPITEST>
<MPITEST>
<NAME>linked_list</NAME>
<NP>4</NP>
<WORKDIR>./rma</WORKDIR>
<STATUS>pass</STATUS>
</MPITEST>
<MPITEST>
<NAME>linked_list_fop</NAME>
<NP>4</NP>
<WORKDIR>./rma</WORKDIR>
<STATUS>pass</STATUS>
</MPITEST>
<MPITEST>
<NAME>compare_and_swap</NAME>
<NP>4</NP>
<WORKDIR>./rma</WORKDIR>
<STATUS>pass</STATUS>
</MPITEST>
<MPITEST>
<NAME>fetch_and_op_char</NAME>
<NP>4</NP>
<WORKDIR>./rma</WORKDIR>
<STATUS>pass</STATUS>
</MPITEST>
<MPITEST>
<NAME>fetch_and_op_short</NAME>
<NP>4</NP>
<WORKDIR>./rma</WORKDIR>
<STATUS>pass</STATUS>
</MPITEST>
<MPITEST>
<NAME>fetch_and_op_int</NAME>
<NP>4</NP>
<WORKDIR>./rma</WORKDIR>
<STATUS>pass</STATUS>
</MPITEST>
<MPITEST>
<NAME>fetch_and_op_long</NAME>
<NP>4</NP>
<WORKDIR>./rma</WORKDIR>
<STATUS>pass</STATUS>
</MPITEST>
<MPITEST>
<NAME>fetch_and_op_double</NAME>
<NP>4</NP>
<WORKDIR>./rma</WORKDIR>
<STATUS>pass</STATUS>
</MPITEST>
<MPITEST>
<NAME>fetch_and_op_long_double</NAME>
<NP>4</NP>
<WORKDIR>./rma</WORKDIR>
<STATUS>pass</STATUS>
</MPITEST>
<MPITEST>
<NAME>get_accumulate_double</NAME>
<NP>4</NP>
<WORKDIR>./rma</WORKDIR>
<STATUS>pass</STATUS>
</MPITEST>
<MPITEST>
<NAME>get_accumulate_double_derived</NAME>
<NP>4</NP>
<WORKDIR>./rma</WORKDIR>
<STATUS>pass</STATUS>
</MPITEST>
<MPITEST>
<NAME>get_accumulate_int</NAME>
<NP>4</NP>
<WORKDIR>./rma</WORKDIR>
<STATUS>pass</STATUS>
</MPITEST>
<MPITEST>
<NAME>get_accumulate_int_derived</NAME>
<NP>4</NP>
<WORKDIR>./rma</WORKDIR>
<STATUS>pass</STATUS>
</MPITEST>
<MPITEST>
<NAME>get_accumulate_long</NAME>
<NP>4</NP>
<WORKDIR>./rma</WORKDIR>
<STATUS>pass</STATUS>
</MPITEST>
<MPITEST>
<NAME>get_accumulate_long_derived</NAME>
<NP>4</NP>
<WORKDIR>./rma</WORKDIR>
<STATUS>pass</STATUS>
</MPITEST>
<MPITEST>
<NAME>get_accumulate_short</NAME>
<NP>4</NP>
<WORKDIR>./rma</WORKDIR>
<STATUS>pass</STATUS>
</MPITEST>
<MPITEST>
<NAME>get_accumulate_short_derived</NAME>
<NP>4</NP>
<WORKDIR>./rma</WORKDIR>
<STATUS>pass</STATUS>
</MPITEST>
<MPITEST>
<NAME>flush</NAME>
<NP>4</NP>
<WORKDIR>./rma</WORKDIR>
<STATUS>pass</STATUS>
</MPITEST>
<MPITEST>
<NAME>reqops</NAME>
<NP>4</NP>
<WORKDIR>./rma</WORKDIR>
<STATUS>pass</STATUS>
</MPITEST>
<MPITEST>
<NAME>req_example</NAME>
<NP>4</NP>
<WORKDIR>./rma</WORKDIR>
<STATUS>pass</STATUS>
</MPITEST>
<MPITEST>
<NAME>req_example_shm</NAME>
<NP>4</NP>
<WORKDIR>./rma</WORKDIR>
<STATUS>pass</STATUS>
</MPITEST>
<MPITEST>
<NAME>rput_local_comp</NAME>
<NP>2</NP>
<WORKDIR>./rma</WORKDIR>
<STATUS>pass</STATUS>
</MPITEST>
<MPITEST>
<NAME>racc_local_comp</NAME>
<NP>2</NP>
<WORKDIR>./rma</WORKDIR>
<STATUS>pass</STATUS>
</MPITEST>
<MPITEST>
<NAME>linked_list_lockall</NAME>
<NP>4</NP>
<WORKDIR>./rma</WORKDIR>
<STATUS>pass</STATUS>
</MPITEST>
<MPITEST>
<NAME>pscw_ordering</NAME>
<NP>4</NP>
<WORKDIR>./rma</WORKDIR>
<STATUS>pass</STATUS>
</MPITEST>
<MPITEST>
<NAME>pscw_ordering_shm</NAME>
<NP>4</NP>
<WORKDIR>./rma</WORKDIR>
<STATUS>pass</STATUS>
</MPITEST>
<MPITEST>
<NAME>linked_list_bench_lock_all</NAME>
<NP>4</NP>
<WORKDIR>./rma</WORKDIR>
<STATUS>pass</STATUS>
</MPITEST>
<MPITEST>
<NAME>linked_list_bench_lock_excl</NAME>
<NP>4</NP>
<WORKDIR>./rma</WORKDIR>
<STATUS>pass</STATUS>
</MPITEST>
<MPITEST>
<NAME>linked_list_bench_lock_shr</NAME>
<NP>4</NP>
<WORKDIR>./rma</WORKDIR>
<STATUS>pass</STATUS>
</MPITEST>
<MPITEST>
<NAME>linked_list_bench_lock_shr_nocheck</NAME>
<NP>4</NP>
<WORKDIR>./rma</WORKDIR>
<STATUS>pass</STATUS>
</MPITEST>
<MPITEST>
<NAME>mutex_bench</NAME>
<NP>4</NP>
<WORKDIR>./rma</WORKDIR>
<STATUS>pass</STATUS>
</MPITEST>
<MPITEST>
<NAME>mutex_bench_shared</NAME>
<NP>4</NP>
<WORKDIR>./rma</WORKDIR>
<STATUS>pass</STATUS>
</MPITEST>
<MPITEST>
<NAME>mutex_bench_shm</NAME>
<NP>4</NP>
<WORKDIR>./rma</WORKDIR>
<STATUS>pass</STATUS>
</MPITEST>
<MPITEST>
<NAME>mutex_bench_shm_ordered</NAME>
<NP>4</NP>
<WORKDIR>./rma</WORKDIR>
<STATUS>pass</STATUS>
</MPITEST>
<MPITEST>
<NAME>rma-contig</NAME>
<NP>2</NP>
<WORKDIR>./rma</WORKDIR>
<STATUS>pass</STATUS>
</MPITEST>
<MPITEST>
<NAME>badrma</NAME>
<NP>2</NP>
<WORKDIR>./rma</WORKDIR>
<STATUS>pass</STATUS>
</MPITEST>
<MPITEST>
<NAME>acc-loc</NAME>
<NP>4</NP>
<WORKDIR>./rma</WORKDIR>
<STATUS>pass</STATUS>
</MPITEST>
<MPITEST>
<NAME>fence_shm</NAME>
<NP>2</NP>
<WORKDIR>./rma</WORKDIR>
<STATUS>pass</STATUS>
</MPITEST>
<MPITEST>
<NAME>win_shared_zerobyte</NAME>
<NP>4</NP>
<WORKDIR>./rma</WORKDIR>
<STATUS>pass</STATUS>
</MPITEST>
<MPITEST>
<NAME>win_shared_put_flush_get</NAME>
<NP>4</NP>
<WORKDIR>./rma</WORKDIR>
<STATUS>pass</STATUS>
</MPITEST>
<MPITEST>
<NAME>get-struct</NAME>
<NP>2</NP>
<WORKDIR>./rma</WORKDIR>
<STATUS>pass</STATUS>
</MPITEST>
<MPITEST>
<NAME>at_complete</NAME>
<NP>2</NP>
<WORKDIR>./rma</WORKDIR>
<STATUS>pass</STATUS>
</MPITEST>
<MPITEST>
<NAME>atomic_rmw_fop</NAME>
<NP>3</NP>
<WORKDIR>./rma</WORKDIR>
<STATUS>pass</STATUS>
</MPITEST>
<MPITEST>
<NAME>atomic_rmw_cas</NAME>
<NP>3</NP>
<WORKDIR>./rma</WORKDIR>
<STATUS>pass</STATUS>
</MPITEST>
<MPITEST>
<NAME>atomic_rmw_gacc</NAME>
<NP>3</NP>
<WORKDIR>./rma</WORKDIR>
<STATUS>pass</STATUS>
</MPITEST>
<MPITEST>
<NAME>atomic_get</NAME>
<NP>3</NP>
<WORKDIR>./rma</WORKDIR>
<STATUS>pass</STATUS>
</MPITEST>
<MPITEST>
<NAME>aint</NAME>
<NP>2</NP>
<WORKDIR>./rma</WORKDIR>
<STATUS>pass</STATUS>
</MPITEST>
<MPITEST>
<NAME>acc-pairtype</NAME>
<NP>2</NP>
<WORKDIR>./rma</WORKDIR>
<STATUS>fail</STATUS>
<TESTDIFF>
Deadlock detected! Process 14605 will wait forever.
('wait' called without outstanding send or recv requests).
Requests:
Sockets:
  sock#0x25af6a0 listen:    -1 demand:   0(   0)  src:(134.94.169.164,14605,(nil),r0000000) anyrecv:     2
  Connections:

===================================================================================
=   BAD TERMINATION OF ONE OF YOUR APPLICATION PROCESSES
=   PID 14606 RUNNING AT zam871
=   EXIT CODE: 11
=   CLEANING UP REMAINING PROCESSES
=   YOU CAN IGNORE THE BELOW CLEANUP MESSAGES
===================================================================================
YOUR APPLICATION TERMINATED WITH THE EXIT STRING: Segmentation fault (signal 11)
This typically refers to a problem with your application.
Please see the FAQ page for debugging suggestions
</TESTDIFF>
</MPITEST>
<MPITEST>
<NAME>manyget</NAME>
<NP>2</NP>
<WORKDIR>./rma</WORKDIR>
<STATUS>pass</STATUS>
</MPITEST>
<MPITEST>
<NAME>derived-acc-flush_local</NAME>
<NP>3</NP>
<WORKDIR>./rma</WORKDIR>
<STATUS>pass</STATUS>
</MPITEST>
<MPITEST>
<NAME>large-small-acc</NAME>
<NP>2</NP>
<WORKDIR>./rma</WORKDIR>
<STATUS>pass</STATUS>
</MPITEST>
<MPITEST>
<NAME>win_shared_put_flush_load</NAME>
<NP>3</NP>
<WORKDIR>./rma</WORKDIR>
<STATUS>pass</STATUS>
</MPITEST>
<MPITEST>
<NAME>win_shared_acc_flush_load</NAME>
<NP>3</NP>
<WORKDIR>./rma</WORKDIR>
<STATUS>pass</STATUS>
</MPITEST>
<MPITEST>
<NAME>win_shared_gacc_flush_load</NAME>
<NP>3</NP>
<WORKDIR>./rma</WORKDIR>
<STATUS>pass</STATUS>
</MPITEST>
<MPITEST>
<NAME>win_shared_fop_flush_load</NAME>
<NP>3</NP>
<WORKDIR>./rma</WORKDIR>
<STATUS>pass</STATUS>
</MPITEST>
<MPITEST>
<NAME>win_shared_cas_flush_load</NAME>
<NP>3</NP>
<WORKDIR>./rma</WORKDIR>
<STATUS>pass</STATUS>
</MPITEST>
<MPITEST>
<NAME>put_flush_get</NAME>
<NP>3</NP>
<WORKDIR>./rma</WORKDIR>
<STATUS>pass</STATUS>
</MPITEST>
<MPITEST>
<NAME>acc_flush_get</NAME>
<NP>3</NP>
<WORKDIR>./rma</WORKDIR>
<STATUS>pass</STATUS>
</MPITEST>
<MPITEST>
<NAME>gacc_flush_get</NAME>
<NP>3</NP>
<WORKDIR>./rma</WORKDIR>
<STATUS>pass</STATUS>
</MPITEST>
<MPITEST>
<NAME>fop_flush_get</NAME>
<NP>3</NP>
<WORKDIR>./rma</WORKDIR>
<STATUS>pass</STATUS>
</MPITEST>
<MPITEST>
<NAME>cas_flush_get</NAME>
<NP>3</NP>
<WORKDIR>./rma</WORKDIR>
<STATUS>pass</STATUS>
</MPITEST>
<MPITEST>
<NAME>namepub</NAME>
<NP>2</NP>
<WORKDIR>./spawn</WORKDIR>
<STATUS>pass</STATUS>
</MPITEST>
<MPITEST>
<NAME>spawn1</NAME>
<NP>1</NP>
<WORKDIR>./spawn</WORKDIR>
<STATUS>pass</STATUS>
</MPITEST>
<MPITEST>
<NAME>spawn2</NAME>
<NP>1</NP>
<WORKDIR>./spawn</WORKDIR>
<STATUS>pass</STATUS>
</MPITEST>
<MPITEST>
<NAME>spawninfo1</NAME>
<NP>1</NP>
<WORKDIR>./spawn</WORKDIR>
<STATUS>pass</STATUS>
</MPITEST>
<MPITEST>
<NAME>spawnminfo1</NAME>
<NP>1</NP>
<WORKDIR>./spawn</WORKDIR>
<STATUS>pass</STATUS>
</MPITEST>
<MPITEST>
<NAME>spawnintra</NAME>
<NP>1</NP>
<WORKDIR>./spawn</WORKDIR>
<STATUS>pass</STATUS>
</MPITEST>
<MPITEST>
<NAME>spawnintra</NAME>
<NP>2</NP>
<WORKDIR>./spawn</WORKDIR>
<STATUS>pass</STATUS>
</MPITEST>
<MPITEST>
<NAME>spawnargv</NAME>
<NP>1</NP>
<WORKDIR>./spawn</WORKDIR>
<STATUS>pass</STATUS>
</MPITEST>
<MPITEST>
<NAME>spawnmanyarg</NAME>
<NP>1</NP>
<WORKDIR>./spawn</WORKDIR>
<STATUS>pass</STATUS>
</MPITEST>
<MPITEST>
<NAME>spawnmult2</NAME>
<NP>2</NP>
<WORKDIR>./spawn</WORKDIR>
<STATUS>pass</STATUS>
</MPITEST>
<MPITEST>
<NAME>spaconacc</NAME>
<NP>1</NP>
<WORKDIR>./spawn</WORKDIR>
<STATUS>pass</STATUS>
</MPITEST>
<MPITEST>
<NAME>spaconacc2</NAME>
<NP>1</NP>
<WORKDIR>./spawn</WORKDIR>
<STATUS>pass</STATUS>
</MPITEST>
<MPITEST>
<NAME>selfconacc</NAME>
<NP>2</NP>
<WORKDIR>./spawn</WORKDIR>
<STATUS>pass</STATUS>
</MPITEST>
<MPITEST>
<NAME>spaiccreate</NAME>
<NP>2</NP>
<WORKDIR>./spawn</WORKDIR>
<STATUS>pass</STATUS>
</MPITEST>
<MPITEST>
<NAME>taskmaster</NAME>
<NP>1</NP>
<WORKDIR>./spawn</WORKDIR>
<STATUS>pass</STATUS>
</MPITEST>
<MPITEST>
<NAME>taskmaster</NAME>
<NP>2</NP>
<WORKDIR>./spawn</WORKDIR>
<STATUS>pass</STATUS>
</MPITEST>
<MPITEST>
<NAME>join</NAME>
<NP>2</NP>
<WORKDIR>./spawn</WORKDIR>
<STATUS>pass</STATUS>
</MPITEST>
<MPITEST>
<NAME>disconnect_reconnect</NAME>
<NP>3</NP>
<WORKDIR>./spawn</WORKDIR>
<STATUS>pass</STATUS>
</MPITEST>
<MPITEST>
<NAME>disconnect_reconnect2</NAME>
<NP>3</NP>
<WORKDIR>./spawn</WORKDIR>
<STATUS>pass</STATUS>
</MPITEST>
<MPITEST>
<NAME>disconnect_reconnect3</NAME>
<NP>3</NP>
<WORKDIR>./spawn</WORKDIR>
<STATUS>pass</STATUS>
</MPITEST>
<MPITEST>
<NAME>multiple_ports</NAME>
<NP>3</NP>
<WORKDIR>./spawn</WORKDIR>
<STATUS>pass</STATUS>
</MPITEST>
<MPITEST>
<NAME>multiple_ports2</NAME>
<NP>4</NP>
<WORKDIR>./spawn</WORKDIR>
<STATUS>pass</STATUS>
</MPITEST>
<MPITEST>
<NAME>disconnect</NAME>
<NP>3</NP>
<WORKDIR>./spawn</WORKDIR>
<STATUS>pass</STATUS>
</MPITEST>
<MPITEST>
<NAME>disconnect2</NAME>
<NP>3</NP>
<WORKDIR>./spawn</WORKDIR>
<STATUS>pass</STATUS>
</MPITEST>
<MPITEST>
<NAME>disconnect3</NAME>
<NP>3</NP>
<WORKDIR>./spawn</WORKDIR>
<STATUS>pass</STATUS>
</MPITEST>
<MPITEST>
<NAME>concurrent_spawns</NAME>
<NP>1</NP>
<WORKDIR>./spawn</WORKDIR>
<STATUS>pass</STATUS>
</MPITEST>
<MPITEST>
<NAME>pgroup_connect_test</NAME>
<NP>4</NP>
<WORKDIR>./spawn</WORKDIR>
<STATUS>pass</STATUS>
</MPITEST>
<MPITEST>
<NAME>pgroup_intercomm_test</NAME>
<NP>4</NP>
<WORKDIR>./spawn</WORKDIR>
<STATUS>pass</STATUS>
</MPITEST>
<MPITEST>
<NAME>cartmap1</NAME>
<NP>4</NP>
<WORKDIR>./topo</WORKDIR>
<STATUS>pass</STATUS>
</MPITEST>
<MPITEST>
<NAME>cartzero</NAME>
<NP>4</NP>
<WORKDIR>./topo</WORKDIR>
<STATUS>pass</STATUS>
</MPITEST>
<MPITEST>
<NAME>cartshift1</NAME>
<NP>4</NP>
<WORKDIR>./topo</WORKDIR>
<STATUS>pass</STATUS>
</MPITEST>
<MPITEST>
<NAME>cartsuball</NAME>
<NP>4</NP>
<WORKDIR>./topo</WORKDIR>
<STATUS>pass</STATUS>
</MPITEST>
<MPITEST>
<NAME>cartcreates</NAME>
<NP>4</NP>
<WORKDIR>./topo</WORKDIR>
<STATUS>pass</STATUS>
</MPITEST>
<MPITEST>
<NAME>dims1</NAME>
<NP>4</NP>
<WORKDIR>./topo</WORKDIR>
<STATUS>pass</STATUS>
</MPITEST>
<MPITEST>
<NAME>dims2</NAME>
<NP>1</NP>
<WORKDIR>./topo</WORKDIR>
<STATUS>pass</STATUS>
</MPITEST>
<MPITEST>
<NAME>dims3</NAME>
<NP>1</NP>
<WORKDIR>./topo</WORKDIR>
<STATUS>pass</STATUS>
</MPITEST>
<MPITEST>
<NAME>dims4</NAME>
<NP>1</NP>
<WORKDIR>./topo</WORKDIR>
<STATUS>pass</STATUS>
</MPITEST>
<MPITEST>
<NAME>graphmap1</NAME>
<NP>4</NP>
<WORKDIR>./topo</WORKDIR>
<STATUS>pass</STATUS>
</MPITEST>
<MPITEST>
<NAME>topotest</NAME>
<NP>4</NP>
<WORKDIR>./topo</WORKDIR>
<STATUS>pass</STATUS>
</MPITEST>
<MPITEST>
<NAME>topodup</NAME>
<NP>4</NP>
<WORKDIR>./topo</WORKDIR>
<STATUS>pass</STATUS>
</MPITEST>
<MPITEST>
<NAME>graphcr</NAME>
<NP>4</NP>
<WORKDIR>./topo</WORKDIR>
<STATUS>pass</STATUS>
</MPITEST>
<MPITEST>
<NAME>graphcr2</NAME>
<NP>4</NP>
<WORKDIR>./topo</WORKDIR>
<STATUS>pass</STATUS>
</MPITEST>
<MPITEST>
<NAME>distgraph1</NAME>
<NP>4</NP>
<WORKDIR>./topo</WORKDIR>
<STATUS>pass</STATUS>
</MPITEST>
<MPITEST>
<NAME>dgraph_unwgt</NAME>
<NP>4</NP>
<WORKDIR>./topo</WORKDIR>
<STATUS>pass</STATUS>
</MPITEST>
<MPITEST>
<NAME>neighb_coll</NAME>
<NP>4</NP>
<WORKDIR>./topo</WORKDIR>
<STATUS>pass</STATUS>
</MPITEST>
<MPITEST>
<NAME>rdwrord</NAME>
<NP>4</NP>
<WORKDIR>./io</WORKDIR>
<STATUS>pass</STATUS>
</MPITEST>
<MPITEST>
<NAME>rdwrzero</NAME>
<NP>4</NP>
<WORKDIR>./io</WORKDIR>
<STATUS>pass</STATUS>
</MPITEST>
<MPITEST>
<NAME>getextent</NAME>
<NP>2</NP>
<WORKDIR>./io</WORKDIR>
<STATUS>pass</STATUS>
</MPITEST>
<MPITEST>
<NAME>setinfo</NAME>
<NP>4</NP>
<WORKDIR>./io</WORKDIR>
<STATUS>pass</STATUS>
</MPITEST>
<MPITEST>
<NAME>setviewcur</NAME>
<NP>4</NP>
<WORKDIR>./io</WORKDIR>
<STATUS>pass</STATUS>
</MPITEST>
<MPITEST>
<NAME>i_noncontig</NAME>
<NP>2</NP>
<WORKDIR>./io</WORKDIR>
<STATUS>pass</STATUS>
</MPITEST>
<MPITEST>
<NAME>async</NAME>
<NP>4</NP>
<WORKDIR>./io</WORKDIR>
<STATUS>pass</STATUS>
</MPITEST>
<MPITEST>
<NAME>async_any</NAME>
<NP>4</NP>
<WORKDIR>./io</WORKDIR>
<STATUS>pass</STATUS>
</MPITEST>
<MPITEST>
<NAME>userioerr</NAME>
<NP>1</NP>
<WORKDIR>./io</WORKDIR>
<STATUS>pass</STATUS>
</MPITEST>
<MPITEST>
<NAME>resized</NAME>
<NP>1</NP>
<WORKDIR>./io</WORKDIR>
<STATUS>pass</STATUS>
</MPITEST>
<MPITEST>
<NAME>resized2</NAME>
<NP>1</NP>
<WORKDIR>./io</WORKDIR>
<STATUS>pass</STATUS>
</MPITEST>
<MPITEST>
<NAME>bigtype</NAME>
<NP>1</NP>
<WORKDIR>./io</WORKDIR>
<STATUS>pass</STATUS>
</MPITEST>
<MPITEST>
<NAME>hindexed_io</NAME>
<NP>1</NP>
<WORKDIR>./io</WORKDIR>
<STATUS>pass</STATUS>
</MPITEST>
<MPITEST>
<NAME>simple_collective</NAME>
<NP>1</NP>
<WORKDIR>./io</WORKDIR>
<STATUS>pass</STATUS>
</MPITEST>
<MPITEST>
<NAME>i_bigtype</NAME>
<NP>1</NP>
<WORKDIR>./io</WORKDIR>
<STATUS>pass</STATUS>
</MPITEST>
<MPITEST>
<NAME>i_hindexed_io</NAME>
<NP>1</NP>
<WORKDIR>./io</WORKDIR>
<STATUS>pass</STATUS>
</MPITEST>
<MPITEST>
<NAME>i_rdwrord</NAME>
<NP>4</NP>
<WORKDIR>./io</WORKDIR>
<STATUS>pass</STATUS>
</MPITEST>
<MPITEST>
<NAME>i_setviewcur</NAME>
<NP>4</NP>
<WORKDIR>./io</WORKDIR>
<STATUS>pass</STATUS>
</MPITEST>
<MPITEST>
<NAME>i_aggregation1</NAME>
<NP>4</NP>
<WORKDIR>./io</WORKDIR>
<STATUS>pass</STATUS>
</MPITEST>
<MPITEST>
<NAME>i_aggregation2</NAME>
<NP>4</NP>
<WORKDIR>./io</WORKDIR>
<STATUS>pass</STATUS>
</MPITEST>
<MPITEST>
<NAME>i_coll_test</NAME>
<NP>4</NP>
<WORKDIR>./io</WORKDIR>
<STATUS>pass</STATUS>
</MPITEST>
<MPITEST>
<NAME>i_darray_read</NAME>
<NP>4</NP>
<WORKDIR>./io</WORKDIR>
<STATUS>pass</STATUS>
</MPITEST>
<MPITEST>
<NAME>i_hindexed</NAME>
<NP>4</NP>
<WORKDIR>./io</WORKDIR>
<STATUS>pass</STATUS>
</MPITEST>
<MPITEST>
<NAME>i_noncontig_coll</NAME>
<NP>2</NP>
<WORKDIR>./io</WORKDIR>
<STATUS>pass</STATUS>
</MPITEST>
<MPITEST>
<NAME>i_noncontig_coll2</NAME>
<NP>4</NP>
<WORKDIR>./io</WORKDIR>
<STATUS>pass</STATUS>
</MPITEST>
<MPITEST>
<NAME>i_types_with_zeros</NAME>
<NP>2</NP>
<WORKDIR>./io</WORKDIR>
<STATUS>pass</STATUS>
</MPITEST>
<MPITEST>
<NAME>attrmpi1f</NAME>
<NP>1</NP>
<WORKDIR>./f77/attr</WORKDIR>
<STATUS>pass</STATUS>
</MPITEST>
<MPITEST>
<NAME>baseattrf</NAME>
<NP>1</NP>
<WORKDIR>./f77/attr</WORKDIR>
<STATUS>pass</STATUS>
</MPITEST>
<MPITEST>
<NAME>baseattr2f</NAME>
<NP>1</NP>
<WORKDIR>./f77/attr</WORKDIR>
<STATUS>pass</STATUS>
</MPITEST>
<MPITEST>
<NAME>commattrf</NAME>
<NP>1</NP>
<WORKDIR>./f77/attr</WORKDIR>
<STATUS>pass</STATUS>
</MPITEST>
<MPITEST>
<NAME>commattr2f</NAME>
<NP>1</NP>
<WORKDIR>./f77/attr</WORKDIR>
<STATUS>pass</STATUS>
</MPITEST>
<MPITEST>
<NAME>commattr3f</NAME>
<NP>1</NP>
<WORKDIR>./f77/attr</WORKDIR>
<STATUS>pass</STATUS>
</MPITEST>
<MPITEST>
<NAME>commattr4f</NAME>
<NP>1</NP>
<WORKDIR>./f77/attr</WORKDIR>
<STATUS>pass</STATUS>
</MPITEST>
<MPITEST>
<NAME>typeattrf</NAME>
<NP>1</NP>
<WORKDIR>./f77/attr</WORKDIR>
<STATUS>pass</STATUS>
</MPITEST>
<MPITEST>
<NAME>typeattr2f</NAME>
<NP>1</NP>
<WORKDIR>./f77/attr</WORKDIR>
<STATUS>pass</STATUS>
</MPITEST>
<MPITEST>
<NAME>typeattr3f</NAME>
<NP>1</NP>
<WORKDIR>./f77/attr</WORKDIR>
<STATUS>pass</STATUS>
</MPITEST>
<MPITEST>
<NAME>uallreducef</NAME>
<NP>4</NP>
<WORKDIR>./f77/coll</WORKDIR>
<STATUS>pass</STATUS>
</MPITEST>
<MPITEST>
<NAME>exscanf</NAME>
<NP>5</NP>
<WORKDIR>./f77/coll</WORKDIR>
<STATUS>pass</STATUS>
</MPITEST>
<MPITEST>
<NAME>alltoallwf</NAME>
<NP>7</NP>
<WORKDIR>./f77/coll</WORKDIR>
<STATUS>pass</STATUS>
</MPITEST>
<MPITEST>
<NAME>alltoallvf</NAME>
<NP>7</NP>
<WORKDIR>./f77/coll</WORKDIR>
<STATUS>pass</STATUS>
</MPITEST>
<MPITEST>
<NAME>inplacef</NAME>
<NP>4</NP>
<WORKDIR>./f77/coll</WORKDIR>
<STATUS>pass</STATUS>
</MPITEST>
<MPITEST>
<NAME>reducelocalf</NAME>
<NP>2</NP>
<WORKDIR>./f77/coll</WORKDIR>
<STATUS>pass</STATUS>
</MPITEST>
<MPITEST>
<NAME>redscatf</NAME>
<NP>4</NP>
<WORKDIR>./f77/coll</WORKDIR>
<STATUS>pass</STATUS>
</MPITEST>
<MPITEST>
<NAME>split_typef</NAME>
<NP>4</NP>
<WORKDIR>./f77/coll</WORKDIR>
<STATUS>pass</STATUS>
</MPITEST>
<MPITEST>
<NAME>nonblockingf</NAME>
<NP>4</NP>
<WORKDIR>./f77/coll</WORKDIR>
<STATUS>pass</STATUS>
</MPITEST>
<MPITEST>
<NAME>vw_inplacef</NAME>
<NP>4</NP>
<WORKDIR>./f77/coll</WORKDIR>
<STATUS>pass</STATUS>
</MPITEST>
<MPITEST>
<NAME>red_scat_blockf</NAME>
<NP>4</NP>
<WORKDIR>./f77/coll</WORKDIR>
<STATUS>pass</STATUS>
</MPITEST>
<MPITEST>
<NAME>nonblocking_inpf</NAME>
<NP>4</NP>
<WORKDIR>./f77/coll</WORKDIR>
<STATUS>pass</STATUS>
</MPITEST>
<MPITEST>
<NAME>typenamef</NAME>
<NP>1</NP>
<WORKDIR>./f77/datatype</WORKDIR>
<STATUS>pass</STATUS>
</MPITEST>
<MPITEST>
<NAME>typename3f</NAME>
<NP>1</NP>
<WORKDIR>./f77/datatype</WORKDIR>
<STATUS>pass</STATUS>
</MPITEST>
<MPITEST>
<NAME>typesnamef</NAME>
<NP>1</NP>
<WORKDIR>./f77/datatype</WORKDIR>
<STATUS>pass</STATUS>
</MPITEST>
<MPITEST>
<NAME>typecntsf</NAME>
<NP>1</NP>
<WORKDIR>./f77/datatype</WORKDIR>
<STATUS>pass</STATUS>
</MPITEST>
<MPITEST>
<NAME>typem2f</NAME>
<NP>1</NP>
<WORKDIR>./f77/datatype</WORKDIR>
<STATUS>pass</STATUS>
</MPITEST>
<MPITEST>
<NAME>typesubf</NAME>
<NP>1</NP>
<WORKDIR>./f77/datatype</WORKDIR>
<STATUS>pass</STATUS>
</MPITEST>
<MPITEST>
<NAME>packef</NAME>
<NP>1</NP>
<WORKDIR>./f77/datatype</WORKDIR>
<STATUS>pass</STATUS>
</MPITEST>
<MPITEST>
<NAME>gaddressf</NAME>
<NP>1</NP>
<WORKDIR>./f77/datatype</WORKDIR>
<STATUS>pass</STATUS>
</MPITEST>
<MPITEST>
<NAME>allctypesf</NAME>
<NP>1</NP>
<WORKDIR>./f77/datatype</WORKDIR>
<STATUS>pass</STATUS>
</MPITEST>
<MPITEST>
<NAME>hindex1f</NAME>
<NP>1</NP>
<WORKDIR>./f77/datatype</WORKDIR>
<STATUS>pass</STATUS>
</MPITEST>
<MPITEST>
<NAME>hindexed_blockf</NAME>
<NP>1</NP>
<WORKDIR>./f77/datatype</WORKDIR>
<STATUS>pass</STATUS>
</MPITEST>
<MPITEST>
<NAME>bottom</NAME>
<NP>2</NP>
<WORKDIR>./f77/datatype</WORKDIR>
<STATUS>pass</STATUS>
</MPITEST>
<MPITEST>
<NAME>statusesf</NAME>
<NP>1</NP>
<WORKDIR>./f77/pt2pt</WORKDIR>
<STATUS>pass</STATUS>
</MPITEST>
<MPITEST>
<NAME>greqf</NAME>
<NP>1</NP>
<WORKDIR>./f77/pt2pt</WORKDIR>
<STATUS>pass</STATUS>
</MPITEST>
<MPITEST>
<NAME>allpairf</NAME>
<NP>2</NP>
<WORKDIR>./f77/pt2pt</WORKDIR>
<STATUS>pass</STATUS>
</MPITEST>
<MPITEST>
<NAME>mprobef</NAME>
<NP>2</NP>
<WORKDIR>./f77/pt2pt</WORKDIR>
<STATUS>pass</STATUS>
</MPITEST>
<MPITEST>
<NAME>infotestf</NAME>
<NP>1</NP>
<WORKDIR>./f77/info</WORKDIR>
<STATUS>pass</STATUS>
</MPITEST>
<MPITEST>
<NAME>infotest2f</NAME>
<NP>1</NP>
<WORKDIR>./f77/info</WORKDIR>
<STATUS>pass</STATUS>
</MPITEST>
<MPITEST>
<NAME>namepubf</NAME>
<NP>2</NP>
<WORKDIR>./f77/spawn</WORKDIR>
<STATUS>pass</STATUS>
</MPITEST>
<MPITEST>
<NAME>spawnf</NAME>
<NP>1</NP>
<WORKDIR>./f77/spawn</WORKDIR>
<STATUS>pass</STATUS>
</MPITEST>
<MPITEST>
<NAME>spawnargvf</NAME>
<NP>1</NP>
<WORKDIR>./f77/spawn</WORKDIR>
<STATUS>pass</STATUS>
</MPITEST>
<MPITEST>
<NAME>connaccf</NAME>
<NP>2</NP>
<WORKDIR>./f77/spawn</WORKDIR>
<STATUS>pass</STATUS>
</MPITEST>
<MPITEST>
<NAME>spawnmultf</NAME>
<NP>1</NP>
<WORKDIR>./f77/spawn</WORKDIR>
<STATUS>pass</STATUS>
</MPITEST>
<MPITEST>
<NAME>spawnmult2f</NAME>
<NP>2</NP>
<WORKDIR>./f77/spawn</WORKDIR>
<STATUS>pass</STATUS>
</MPITEST>
<MPITEST>
<NAME>iwriteatf</NAME>
<NP>4</NP>
<WORKDIR>./f77/io</WORKDIR>
<STATUS>pass</STATUS>
</MPITEST>
<MPITEST>
<NAME>iwritef</NAME>
<NP>4</NP>
<WORKDIR>./f77/io</WORKDIR>
<STATUS>pass</STATUS>
</MPITEST>
<MPITEST>
<NAME>iwriteshf</NAME>
<NP>4</NP>
<WORKDIR>./f77/io</WORKDIR>
<STATUS>pass</STATUS>
</MPITEST>
<MPITEST>
<NAME>writef</NAME>
<NP>4</NP>
<WORKDIR>./f77/io</WORKDIR>
<STATUS>pass</STATUS>
</MPITEST>
<MPITEST>
<NAME>writeatf</NAME>
<NP>4</NP>
<WORKDIR>./f77/io</WORKDIR>
<STATUS>pass</STATUS>
</MPITEST>
<MPITEST>
<NAME>writeallf</NAME>
<NP>4</NP>
<WORKDIR>./f77/io</WORKDIR>
<STATUS>pass</STATUS>
</MPITEST>
<MPITEST>
<NAME>writeshf</NAME>
<NP>4</NP>
<WORKDIR>./f77/io</WORKDIR>
<STATUS>pass</STATUS>
</MPITEST>
<MPITEST>
<NAME>writeordf</NAME>
<NP>4</NP>
<WORKDIR>./f77/io</WORKDIR>
<STATUS>pass</STATUS>
</MPITEST>
<MPITEST>
<NAME>writeatallf</NAME>
<NP>4</NP>
<WORKDIR>./f77/io</WORKDIR>
<STATUS>pass</STATUS>
</MPITEST>
<MPITEST>
<NAME>writeatallbef</NAME>
<NP>4</NP>
<WORKDIR>./f77/io</WORKDIR>
<STATUS>pass</STATUS>
</MPITEST>
<MPITEST>
<NAME>writeallbef</NAME>
<NP>4</NP>
<WORKDIR>./f77/io</WORKDIR>
<STATUS>pass</STATUS>
</MPITEST>
<MPITEST>
<NAME>writeordbef</NAME>
<NP>4</NP>
<WORKDIR>./f77/io</WORKDIR>
<STATUS>pass</STATUS>
</MPITEST>
<MPITEST>
<NAME>fileerrf</NAME>
<NP>1</NP>
<WORKDIR>./f77/io</WORKDIR>
<STATUS>pass</STATUS>
</MPITEST>
<MPITEST>
<NAME>fileinfof</NAME>
<NP>3</NP>
<WORKDIR>./f77/io</WORKDIR>
<STATUS>pass</STATUS>
</MPITEST>
<MPITEST>
<NAME>shpositionf</NAME>
<NP>4</NP>
<WORKDIR>./f77/io</WORKDIR>
<STATUS>pass</STATUS>
</MPITEST>
<MPITEST>
<NAME>atomicityf</NAME>
<NP>8</NP>
<WORKDIR>./f77/io</WORKDIR>
<STATUS>pass</STATUS>
</MPITEST>
<MPITEST>
<NAME>miscfilef</NAME>
<NP>4</NP>
<WORKDIR>./f77/io</WORKDIR>
<STATUS>pass</STATUS>
</MPITEST>
<MPITEST>
<NAME>setviewcurf</NAME>
<NP>4</NP>
<WORKDIR>./f77/io</WORKDIR>
<STATUS>pass</STATUS>
</MPITEST>
<MPITEST>
<NAME>c2f2ciof</NAME>
<NP>1</NP>
<WORKDIR>./f77/io</WORKDIR>
<STATUS>pass</STATUS>
</MPITEST>
<MPITEST>
<NAME>c2fmultio</NAME>
<NP>1</NP>
<WORKDIR>./f77/io</WORKDIR>
<STATUS>pass</STATUS>
</MPITEST>
<MPITEST>
<NAME>i_setviewcurf</NAME>
<NP>4</NP>
<WORKDIR>./f77/io</WORKDIR>
<STATUS>pass</STATUS>
</MPITEST>
<MPITEST>
<NAME>iwriteatallf</NAME>
<NP>4</NP>
<WORKDIR>./f77/io</WORKDIR>
<STATUS>pass</STATUS>
</MPITEST>
<MPITEST>
<NAME>winscale1f</NAME>
<NP>4</NP>
<WORKDIR>./f77/rma</WORKDIR>
<STATUS>pass</STATUS>
</MPITEST>
<MPITEST>
<NAME>winfencef</NAME>
<NP>4</NP>
<WORKDIR>./f77/rma</WORKDIR>
<STATUS>pass</STATUS>
</MPITEST>
<MPITEST>
<NAME>wingetf</NAME>
<NP>5</NP>
<WORKDIR>./f77/rma</WORKDIR>
<STATUS>pass</STATUS>
</MPITEST>
<MPITEST>
<NAME>winscale2f</NAME>
<NP>4</NP>
<WORKDIR>./f77/rma</WORKDIR>
<STATUS>pass</STATUS>
</MPITEST>
<MPITEST>
<NAME>winerrf</NAME>
<NP>1</NP>
<WORKDIR>./f77/rma</WORKDIR>
<STATUS>pass</STATUS>
</MPITEST>
<MPITEST>
<NAME>winnamef</NAME>
<NP>1</NP>
<WORKDIR>./f77/rma</WORKDIR>
<STATUS>pass</STATUS>
</MPITEST>
<MPITEST>
<NAME>wingroupf</NAME>
<NP>4</NP>
<WORKDIR>./f77/rma</WORKDIR>
<STATUS>pass</STATUS>
</MPITEST>
<MPITEST>
<NAME>winaccf</NAME>
<NP>4</NP>
<WORKDIR>./f77/rma</WORKDIR>
<STATUS>pass</STATUS>
</MPITEST>
<MPITEST>
<NAME>c2f2cwinf</NAME>
<NP>1</NP>
<WORKDIR>./f77/rma</WORKDIR>
<STATUS>pass</STATUS>
</MPITEST>
<MPITEST>
<NAME>baseattrwinf</NAME>
<NP>1</NP>
<WORKDIR>./f77/rma</WORKDIR>
<STATUS>pass</STATUS>
</MPITEST>
<MPITEST>
<NAME>winattrf</NAME>
<NP>1</NP>
<WORKDIR>./f77/rma</WORKDIR>
<STATUS>pass</STATUS>
</MPITEST>
<MPITEST>
<NAME>winattr2f</NAME>
<NP>1</NP>
<WORKDIR>./f77/rma</WORKDIR>
<STATUS>pass</STATUS>
</MPITEST>
<MPITEST>
<NAME>aintf</NAME>
<NP>2</NP>
<WORKDIR>./f77/rma</WORKDIR>
<STATUS>pass</STATUS>
</MPITEST>
<MPITEST>
<NAME>baseenvf</NAME>
<NP>1</NP>
<WORKDIR>./f77/init</WORKDIR>
<STATUS>pass</STATUS>
</MPITEST>
<MPITEST>
<NAME>commnamef</NAME>
<NP>2</NP>
<WORKDIR>./f77/comm</WORKDIR>
<STATUS>pass</STATUS>
</MPITEST>
<MPITEST>
<NAME>commerrf</NAME>
<NP>2</NP>
<WORKDIR>./f77/comm</WORKDIR>
<STATUS>pass</STATUS>
</MPITEST>
<MPITEST>
<NAME>c2f2cf</NAME>
<NP>1</NP>
<WORKDIR>./f77/ext</WORKDIR>
<STATUS>pass</STATUS>
</MPITEST>
<MPITEST>
<NAME>c2fmult</NAME>
<NP>1</NP>
<WORKDIR>./f77/ext</WORKDIR>
<STATUS>pass</STATUS>
</MPITEST>
<MPITEST>
<NAME>ctypesinf</NAME>
<NP>1</NP>
<WORKDIR>./f77/ext</WORKDIR>
<STATUS>pass</STATUS>
</MPITEST>
<MPITEST>
<NAME>allocmemf</NAME>
<NP>1</NP>
<WORKDIR>./f77/ext</WORKDIR>
<STATUS>pass</STATUS>
</MPITEST>
<MPITEST>
<NAME>cartcrf</NAME>
<NP>4</NP>
<WORKDIR>./f77/topo</WORKDIR>
<STATUS>pass</STATUS>
</MPITEST>
<MPITEST>
<NAME>dgraph_wgtf</NAME>
<NP>4</NP>
<WORKDIR>./f77/topo</WORKDIR>
<STATUS>pass</STATUS>
</MPITEST>
<MPITEST>
<NAME>dgraph_unwgtf</NAME>
<NP>4</NP>
<WORKDIR>./f77/topo</WORKDIR>
<STATUS>pass</STATUS>
</MPITEST>
<MPITEST>
<NAME>profile1f</NAME>
<NP>2</NP>
<WORKDIR>./f77/profile</WORKDIR>
<STATUS>pass</STATUS>
</MPITEST>
<MPITEST>
<NAME>attrtx</NAME>
<NP>2</NP>
<WORKDIR>./cxx/attr</WORKDIR>
<STATUS>pass</STATUS>
</MPITEST>
<MPITEST>
<NAME>attricx</NAME>
<NP>4</NP>
<WORKDIR>./cxx/attr</WORKDIR>
<STATUS>pass</STATUS>
</MPITEST>
<MPITEST>
<NAME>baseattrcommx</NAME>
<NP>1</NP>
<WORKDIR>./cxx/attr</WORKDIR>
<STATUS>pass</STATUS>
</MPITEST>
<MPITEST>
<NAME>fkeyvalcommx</NAME>
<NP>1</NP>
<WORKDIR>./cxx/attr</WORKDIR>
<STATUS>pass</STATUS>
</MPITEST>
<MPITEST>
<NAME>fkeyvaltypex</NAME>
<NP>1</NP>
<WORKDIR>./cxx/attr</WORKDIR>
<STATUS>pass</STATUS>
</MPITEST>
<MPITEST>
<NAME>bsend1cxx</NAME>
<NP>2</NP>
<WORKDIR>./cxx/pt2pt</WORKDIR>
<STATUS>pass</STATUS>
</MPITEST>
<MPITEST>
<NAME>sendrecvx</NAME>
<NP>2</NP>
<WORKDIR>./cxx/pt2pt</WORKDIR>
<STATUS>pass</STATUS>
</MPITEST>
<MPITEST>
<NAME>commname2</NAME>
<NP>4</NP>
<WORKDIR>./cxx/comm</WORKDIR>
<STATUS>pass</STATUS>
</MPITEST>
<MPITEST>
<NAME>arcomplex</NAME>
<NP>4</NP>
<WORKDIR>./cxx/coll</WORKDIR>
<STATUS>pass</STATUS>
</MPITEST>
<MPITEST>
<NAME>uallredx</NAME>
<NP>5</NP>
<WORKDIR>./cxx/coll</WORKDIR>
<STATUS>pass</STATUS>
</MPITEST>
<MPITEST>
<NAME>uallreduce</NAME>
<NP>5</NP>
<WORKDIR>./cxx/coll</WORKDIR>
<STATUS>pass</STATUS>
</MPITEST>
<MPITEST>
<NAME>ureduce</NAME>
<NP>5</NP>
<WORKDIR>./cxx/coll</WORKDIR>
<STATUS>pass</STATUS>
</MPITEST>
<MPITEST>
<NAME>ureducelocal</NAME>
<NP>5</NP>
<WORKDIR>./cxx/coll</WORKDIR>
<STATUS>pass</STATUS>
</MPITEST>
<MPITEST>
<NAME>uscan</NAME>
<NP>5</NP>
<WORKDIR>./cxx/coll</WORKDIR>
<STATUS>pass</STATUS>
</MPITEST>
<MPITEST>
<NAME>uexscan</NAME>
<NP>5</NP>
<WORKDIR>./cxx/coll</WORKDIR>
<STATUS>pass</STATUS>
</MPITEST>
<MPITEST>
<NAME>alltoallw2x</NAME>
<NP>10</NP>
<WORKDIR>./cxx/coll</WORKDIR>
<STATUS>pass</STATUS>
</MPITEST>
<MPITEST>
<NAME>icbcastx</NAME>
<NP>4</NP>
<WORKDIR>./cxx/coll</WORKDIR>
<STATUS>pass</STATUS>
</MPITEST>
<MPITEST>
<NAME>icbcastx</NAME>
<NP>10</NP>
<WORKDIR>./cxx/coll</WORKDIR>
<STATUS>pass</STATUS>
</MPITEST>
<MPITEST>
<NAME>icallreducex</NAME>
<NP>5</NP>
<WORKDIR>./cxx/coll</WORKDIR>
<STATUS>pass</STATUS>
</MPITEST>
<MPITEST>
<NAME>icreducex</NAME>
<NP>5</NP>
<WORKDIR>./cxx/coll</WORKDIR>
<STATUS>pass</STATUS>
</MPITEST>
<MPITEST>
<NAME>icscatterx</NAME>
<NP>5</NP>
<WORKDIR>./cxx/coll</WORKDIR>
<STATUS>pass</STATUS>
</MPITEST>
<MPITEST>
<NAME>icgatherx</NAME>
<NP>5</NP>
<WORKDIR>./cxx/coll</WORKDIR>
<STATUS>pass</STATUS>
</MPITEST>
<MPITEST>
<NAME>icallgatherx</NAME>
<NP>5</NP>
<WORKDIR>./cxx/coll</WORKDIR>
<STATUS>pass</STATUS>
</MPITEST>
<MPITEST>
<NAME>icbarrierx</NAME>
<NP>5</NP>
<WORKDIR>./cxx/coll</WORKDIR>
<STATUS>pass</STATUS>
</MPITEST>
<MPITEST>
<NAME>icallgathervx</NAME>
<NP>5</NP>
<WORKDIR>./cxx/coll</WORKDIR>
<STATUS>pass</STATUS>
</MPITEST>
<MPITEST>
<NAME>icgathervx</NAME>
<NP>5</NP>
<WORKDIR>./cxx/coll</WORKDIR>
<STATUS>pass</STATUS>
</MPITEST>
<MPITEST>
<NAME>icscattervx</NAME>
<NP>5</NP>
<WORKDIR>./cxx/coll</WORKDIR>
<STATUS>pass</STATUS>
</MPITEST>
<MPITEST>
<NAME>icalltoallx</NAME>
<NP>5</NP>
<WORKDIR>./cxx/coll</WORKDIR>
<STATUS>pass</STATUS>
</MPITEST>
<MPITEST>
<NAME>reduceboolx</NAME>
<NP>5</NP>
<WORKDIR>./cxx/coll</WORKDIR>
<STATUS>pass</STATUS>
</MPITEST>
<MPITEST>
<NAME>redscatblk</NAME>
<NP>4</NP>
<WORKDIR>./cxx/coll</WORKDIR>
<STATUS>pass</STATUS>
</MPITEST>
<MPITEST>
<NAME>commcallx</NAME>
<NP>2</NP>
<WORKDIR>./cxx/errhan</WORKDIR>
<STATUS>pass</STATUS>
</MPITEST>
<MPITEST>
<NAME>baseenv</NAME>
<NP>1</NP>
<WORKDIR>./cxx/init</WORKDIR>
<STATUS>pass</STATUS>
</MPITEST>
<MPITEST>
<NAME>initstatx</NAME>
<NP>1</NP>
<WORKDIR>./cxx/init</WORKDIR>
<STATUS>pass</STATUS>
</MPITEST>
<MPITEST>
<NAME>initstat2x</NAME>
<NP>1</NP>
<WORKDIR>./cxx/init</WORKDIR>
<STATUS>pass</STATUS>
</MPITEST>
<MPITEST>
<NAME>infodupx</NAME>
<NP>1</NP>
<WORKDIR>./cxx/info</WORKDIR>
<STATUS>pass</STATUS>
</MPITEST>
<MPITEST>
<NAME>infodelx</NAME>
<NP>1</NP>
<WORKDIR>./cxx/info</WORKDIR>
<STATUS>pass</STATUS>
</MPITEST>
<MPITEST>
<NAME>infovallenx</NAME>
<NP>1</NP>
<WORKDIR>./cxx/info</WORKDIR>
<STATUS>pass</STATUS>
</MPITEST>
<MPITEST>
<NAME>infoorderx</NAME>
<NP>1</NP>
<WORKDIR>./cxx/info</WORKDIR>
<STATUS>pass</STATUS>
</MPITEST>
<MPITEST>
<NAME>packsizex</NAME>
<NP>1</NP>
<WORKDIR>./cxx/datatype</WORKDIR>
<STATUS>pass</STATUS>
</MPITEST>
<MPITEST>
<NAME>typecntsx</NAME>
<NP>1</NP>
<WORKDIR>./cxx/datatype</WORKDIR>
<STATUS>pass</STATUS>
</MPITEST>
<MPITEST>
<NAME>typenamex</NAME>
<NP>1</NP>
<WORKDIR>./cxx/datatype</WORKDIR>
<STATUS>pass</STATUS>
</MPITEST>
<MPITEST>
<NAME>typemiscx</NAME>
<NP>1</NP>
<WORKDIR>./cxx/datatype</WORKDIR>
<STATUS>pass</STATUS>
</MPITEST>
<MPITEST>
<NAME>iwriteatx</NAME>
<NP>4</NP>
<WORKDIR>./cxx/io</WORKDIR>
<STATUS>pass</STATUS>
</MPITEST>
<MPITEST>
<NAME>iwritex</NAME>
<NP>4</NP>
<WORKDIR>./cxx/io</WORKDIR>
<STATUS>pass</STATUS>
</MPITEST>
<MPITEST>
<NAME>iwriteshx</NAME>
<NP>4</NP>
<WORKDIR>./cxx/io</WORKDIR>
<STATUS>pass</STATUS>
</MPITEST>
<MPITEST>
<NAME>writex</NAME>
<NP>4</NP>
<WORKDIR>./cxx/io</WORKDIR>
<STATUS>pass</STATUS>
</MPITEST>
<MPITEST>
<NAME>writeatx</NAME>
<NP>4</NP>
<WORKDIR>./cxx/io</WORKDIR>
<STATUS>pass</STATUS>
</MPITEST>
<MPITEST>
<NAME>writeallx</NAME>
<NP>4</NP>
<WORKDIR>./cxx/io</WORKDIR>
<STATUS>pass</STATUS>
</MPITEST>
<MPITEST>
<NAME>writeshx</NAME>
<NP>4</NP>
<WORKDIR>./cxx/io</WORKDIR>
<STATUS>pass</STATUS>
</MPITEST>
<MPITEST>
<NAME>writeordx</NAME>
<NP>4</NP>
<WORKDIR>./cxx/io</WORKDIR>
<STATUS>pass</STATUS>
</MPITEST>
<MPITEST>
<NAME>writeatallx</NAME>
<NP>4</NP>
<WORKDIR>./cxx/io</WORKDIR>
<STATUS>pass</STATUS>
</MPITEST>
<MPITEST>
<NAME>writeatallbex</NAME>
<NP>4</NP>
<WORKDIR>./cxx/io</WORKDIR>
<STATUS>pass</STATUS>
</MPITEST>
<MPITEST>
<NAME>writeallbex</NAME>
<NP>4</NP>
<WORKDIR>./cxx/io</WORKDIR>
<STATUS>pass</STATUS>
</MPITEST>
<MPITEST>
<NAME>writeordbex</NAME>
<NP>4</NP>
<WORKDIR>./cxx/io</WORKDIR>
<STATUS>pass</STATUS>
</MPITEST>
<MPITEST>
<NAME>iwriteatnosx</NAME>
<NP>4</NP>
<WORKDIR>./cxx/io</WORKDIR>
<STATUS>pass</STATUS>
</MPITEST>
<MPITEST>
<NAME>iwritenosx</NAME>
<NP>4</NP>
<WORKDIR>./cxx/io</WORKDIR>
<STATUS>pass</STATUS>
</MPITEST>
<MPITEST>
<NAME>iwriteshnosx</NAME>
<NP>4</NP>
<WORKDIR>./cxx/io</WORKDIR>
<STATUS>pass</STATUS>
</MPITEST>
<MPITEST>
<NAME>writenosx</NAME>
<NP>4</NP>
<WORKDIR>./cxx/io</WORKDIR>
<STATUS>pass</STATUS>
</MPITEST>
<MPITEST>
<NAME>writeatnosx</NAME>
<NP>4</NP>
<WORKDIR>./cxx/io</WORKDIR>
<STATUS>pass</STATUS>
</MPITEST>
<MPITEST>
<NAME>writeallnosx</NAME>
<NP>4</NP>
<WORKDIR>./cxx/io</WORKDIR>
<STATUS>pass</STATUS>
</MPITEST>
<MPITEST>
<NAME>writeshnosx</NAME>
<NP>4</NP>
<WORKDIR>./cxx/io</WORKDIR>
<STATUS>pass</STATUS>
</MPITEST>
<MPITEST>
<NAME>writeordnosx</NAME>
<NP>4</NP>
<WORKDIR>./cxx/io</WORKDIR>
<STATUS>pass</STATUS>
</MPITEST>
<MPITEST>
<NAME>writeatallnosx</NAME>
<NP>4</NP>
<WORKDIR>./cxx/io</WORKDIR>
<STATUS>pass</STATUS>
</MPITEST>
<MPITEST>
<NAME>writeatallbenosx</NAME>
<NP>4</NP>
<WORKDIR>./cxx/io</WORKDIR>
<STATUS>pass</STATUS>
</MPITEST>
<MPITEST>
<NAME>writeallbenosx</NAME>
<NP>4</NP>
<WORKDIR>./cxx/io</WORKDIR>
<STATUS>pass</STATUS>
</MPITEST>
<MPITEST>
<NAME>writeordbenosx</NAME>
<NP>4</NP>
<WORKDIR>./cxx/io</WORKDIR>
<STATUS>pass</STATUS>
</MPITEST>
<MPITEST>
<NAME>fileerrx</NAME>
<NP>1</NP>
<WORKDIR>./cxx/io</WORKDIR>
<STATUS>pass</STATUS>
</MPITEST>
<MPITEST>
<NAME>fileinfox</NAME>
<NP>3</NP>
<WORKDIR>./cxx/io</WORKDIR>
<STATUS>pass</STATUS>
</MPITEST>
<MPITEST>
<NAME>filemiscx</NAME>
<NP>4</NP>
<WORKDIR>./cxx/io</WORKDIR>
<STATUS>pass</STATUS>
</MPITEST>
<MPITEST>
<NAME>shpositionx</NAME>
<NP>4</NP>
<WORKDIR>./cxx/io</WORKDIR>
<STATUS>pass</STATUS>
</MPITEST>
<MPITEST>
<NAME>seekavail</NAME>
<NP>1</NP>
<WORKDIR>./cxx/io</WORKDIR>
<STATUS>pass</STATUS>
</MPITEST>
<MPITEST>
<NAME>namepubx</NAME>
<NP>2</NP>
<WORKDIR>./cxx/spawn</WORKDIR>
<STATUS>pass</STATUS>
</MPITEST>
<MPITEST>
<NAME>spawnintrax</NAME>
<NP>1</NP>
<WORKDIR>./cxx/spawn</WORKDIR>
<STATUS>pass</STATUS>
</MPITEST>
<MPITEST>
<NAME>spawnintrax</NAME>
<NP>2</NP>
<WORKDIR>./cxx/spawn</WORKDIR>
<STATUS>pass</STATUS>
</MPITEST>
<MPITEST>
<NAME>spawnargvx</NAME>
<NP>1</NP>
<WORKDIR>./cxx/spawn</WORKDIR>
<STATUS>pass</STATUS>
</MPITEST>
<MPITEST>
<NAME>selfconaccx</NAME>
<NP>2</NP>
<WORKDIR>./cxx/spawn</WORKDIR>
<STATUS>pass</STATUS>
</MPITEST>
<MPITEST>
<NAME>winnamex</NAME>
<NP>1</NP>
<WORKDIR>./cxx/rma</WORKDIR>
<STATUS>pass</STATUS>
</MPITEST>
<MPITEST>
<NAME>wincallx</NAME>
<NP>1</NP>
<WORKDIR>./cxx/rma</WORKDIR>
<STATUS>pass</STATUS>
</MPITEST>
<MPITEST>
<NAME>getgroupx</NAME>
<NP>4</NP>
<WORKDIR>./cxx/rma</WORKDIR>
<STATUS>pass</STATUS>
</MPITEST>
<MPITEST>
<NAME>winfencex</NAME>
<NP>4</NP>
<WORKDIR>./cxx/rma</WORKDIR>
<STATUS>pass</STATUS>
</MPITEST>
<MPITEST>
<NAME>winscale1x</NAME>
<NP>4</NP>
<WORKDIR>./cxx/rma</WORKDIR>
<STATUS>pass</STATUS>
</MPITEST>
<MPITEST>
<NAME>winscale2x</NAME>
<NP>4</NP>
<WORKDIR>./cxx/rma</WORKDIR>
<STATUS>pass</STATUS>
</MPITEST>
<MPITEST>
<NAME>fkeyvalwinx</NAME>
<NP>1</NP>
<WORKDIR>./cxx/rma</WORKDIR>
<STATUS>pass</STATUS>
</MPITEST>
<MPITEST>
<NAME>attrmpi1f90</NAME>
<NP>1</NP>
<WORKDIR>./f90/attr</WORKDIR>
<STATUS>pass</STATUS>
</MPITEST>
<MPITEST>
<NAME>baseattrf90</NAME>
<NP>1</NP>
<WORKDIR>./f90/attr</WORKDIR>
<STATUS>pass</STATUS>
</MPITEST>
<MPITEST>
<NAME>baseattr2f90</NAME>
<NP>1</NP>
<WORKDIR>./f90/attr</WORKDIR>
<STATUS>pass</STATUS>
</MPITEST>
<MPITEST>
<NAME>commattrf90</NAME>
<NP>1</NP>
<WORKDIR>./f90/attr</WORKDIR>
<STATUS>pass</STATUS>
</MPITEST>
<MPITEST>
<NAME>commattr2f90</NAME>
<NP>1</NP>
<WORKDIR>./f90/attr</WORKDIR>
<STATUS>pass</STATUS>
</MPITEST>
<MPITEST>
<NAME>commattr3f90</NAME>
<NP>1</NP>
<WORKDIR>./f90/attr</WORKDIR>
<STATUS>pass</STATUS>
</MPITEST>
<MPITEST>
<NAME>commattr4f90</NAME>
<NP>1</NP>
<WORKDIR>./f90/attr</WORKDIR>
<STATUS>pass</STATUS>
</MPITEST>
<MPITEST>
<NAME>typeattrf90</NAME>
<NP>1</NP>
<WORKDIR>./f90/attr</WORKDIR>
<STATUS>pass</STATUS>
</MPITEST>
<MPITEST>
<NAME>typeattr2f90</NAME>
<NP>1</NP>
<WORKDIR>./f90/attr</WORKDIR>
<STATUS>pass</STATUS>
</MPITEST>
<MPITEST>
<NAME>typeattr3f90</NAME>
<NP>1</NP>
<WORKDIR>./f90/attr</WORKDIR>
<STATUS>pass</STATUS>
</MPITEST>
<MPITEST>
<NAME>fandcattrf90</NAME>
<NP>1</NP>
<WORKDIR>./f90/attr</WORKDIR>
<STATUS>pass</STATUS>
</MPITEST>
<MPITEST>
<NAME>baseattr3f90</NAME>
<NP>1</NP>
<WORKDIR>./f90/attr</WORKDIR>
<STATUS>pass</STATUS>
</MPITEST>
<MPITEST>
<NAME>attrlangf90</NAME>
<NP>1</NP>
<WORKDIR>./f90/attr</WORKDIR>
<STATUS>pass</STATUS>
</MPITEST>
<MPITEST>
<NAME>uallreducef90</NAME>
<NP>4</NP>
<WORKDIR>./f90/coll</WORKDIR>
<STATUS>pass</STATUS>
</MPITEST>
<MPITEST>
<NAME>exscanf90</NAME>
<NP>5</NP>
<WORKDIR>./f90/coll</WORKDIR>
<STATUS>pass</STATUS>
</MPITEST>
<MPITEST>
<NAME>alltoallwf90</NAME>
<NP>7</NP>
<WORKDIR>./f90/coll</WORKDIR>
<STATUS>pass</STATUS>
</MPITEST>
<MPITEST>
<NAME>alltoallvf90</NAME>
<NP>7</NP>
<WORKDIR>./f90/coll</WORKDIR>
<STATUS>pass</STATUS>
</MPITEST>
<MPITEST>
<NAME>inplacef90</NAME>
<NP>4</NP>
<WORKDIR>./f90/coll</WORKDIR>
<STATUS>pass</STATUS>
</MPITEST>
<MPITEST>
<NAME>reducelocalf90</NAME>
<NP>2</NP>
<WORKDIR>./f90/coll</WORKDIR>
<STATUS>pass</STATUS>
</MPITEST>
<MPITEST>
<NAME>redscatf90</NAME>
<NP>4</NP>
<WORKDIR>./f90/coll</WORKDIR>
<STATUS>pass</STATUS>
</MPITEST>
<MPITEST>
<NAME>split_typef90</NAME>
<NP>4</NP>
<WORKDIR>./f90/coll</WORKDIR>
<STATUS>pass</STATUS>
</MPITEST>
<MPITEST>
<NAME>nonblockingf90</NAME>
<NP>4</NP>
<WORKDIR>./f90/coll</WORKDIR>
<STATUS>pass</STATUS>
</MPITEST>
<MPITEST>
<NAME>vw_inplacef90</NAME>
<NP>4</NP>
<WORKDIR>./f90/coll</WORKDIR>
<STATUS>pass</STATUS>
</MPITEST>
<MPITEST>
<NAME>red_scat_blockf90</NAME>
<NP>4</NP>
<WORKDIR>./f90/coll</WORKDIR>
<STATUS>pass</STATUS>
</MPITEST>
<MPITEST>
<NAME>nonblocking_inpf90</NAME>
<NP>4</NP>
<WORKDIR>./f90/coll</WORKDIR>
<STATUS>pass</STATUS>
</MPITEST>
<MPITEST>
<NAME>commnamef90</NAME>
<NP>2</NP>
<WORKDIR>./f90/comm</WORKDIR>
<STATUS>pass</STATUS>
</MPITEST>
<MPITEST>
<NAME>commerrf90</NAME>
<NP>2</NP>
<WORKDIR>./f90/comm</WORKDIR>
<STATUS>pass</STATUS>
</MPITEST>
<MPITEST>
<NAME>c2f2cf90</NAME>
<NP>1</NP>
<WORKDIR>./f90/ext</WORKDIR>
<STATUS>pass</STATUS>
</MPITEST>
<MPITEST>
<NAME>c2f90mult</NAME>
<NP>1</NP>
<WORKDIR>./f90/ext</WORKDIR>
<STATUS>pass</STATUS>
</MPITEST>
<MPITEST>
<NAME>ctypesinf90</NAME>
<NP>1</NP>
<WORKDIR>./f90/ext</WORKDIR>
<STATUS>pass</STATUS>
</MPITEST>
<MPITEST>
<NAME>allocmemf90</NAME>
<NP>1</NP>
<WORKDIR>./f90/ext</WORKDIR>
<STATUS>pass</STATUS>
</MPITEST>
<MPITEST>
<NAME>infotestf90</NAME>
<NP>1</NP>
<WORKDIR>./f90/info</WORKDIR>
<STATUS>pass</STATUS>
</MPITEST>
<MPITEST>
<NAME>infotest2f90</NAME>
<NP>1</NP>
<WORKDIR>./f90/info</WORKDIR>
<STATUS>pass</STATUS>
</MPITEST>
<MPITEST>
<NAME>baseenvf90</NAME>
<NP>1</NP>
<WORKDIR>./f90/init</WORKDIR>
<STATUS>pass</STATUS>
</MPITEST>
<MPITEST>
<NAME>iwriteatf90</NAME>
<NP>4</NP>
<WORKDIR>./f90/io</WORKDIR>
<STATUS>pass</STATUS>
</MPITEST>
<MPITEST>
<NAME>iwritef90</NAME>
<NP>4</NP>
<WORKDIR>./f90/io</WORKDIR>
<STATUS>pass</STATUS>
</MPITEST>
<MPITEST>
<NAME>iwriteshf90</NAME>
<NP>4</NP>
<WORKDIR>./f90/io</WORKDIR>
<STATUS>pass</STATUS>
</MPITEST>
<MPITEST>
<NAME>writef90</NAME>
<NP>4</NP>
<WORKDIR>./f90/io</WORKDIR>
<STATUS>pass</STATUS>
</MPITEST>
<MPITEST>
<NAME>writeatf90</NAME>
<NP>4</NP>
<WORKDIR>./f90/io</WORKDIR>
<STATUS>pass</STATUS>
</MPITEST>
<MPITEST>
<NAME>writeallf90</NAME>
<NP>4</NP>
<WORKDIR>./f90/io</WORKDIR>
<STATUS>pass</STATUS>
</MPITEST>
<MPITEST>
<NAME>writeshf90</NAME>
<NP>4</NP>
<WORKDIR>./f90/io</WORKDIR>
<STATUS>pass</STATUS>
</MPITEST>
<MPITEST>
<NAME>writeordf90</NAME>
<NP>4</NP>
<WORKDIR>./f90/io</WORKDIR>
<STATUS>pass</STATUS>
</MPITEST>
<MPITEST>
<NAME>writeatallf90</NAME>
<NP>4</NP>
<WORKDIR>./f90/io</WORKDIR>
<STATUS>pass</STATUS>
</MPITEST>
<MPITEST>
<NAME>writeatallbef90</NAME>
<NP>4</NP>
<WORKDIR>./f90/io</WORKDIR>
<STATUS>pass</STATUS>
</MPITEST>
<MPITEST>
<NAME>writeallbef90</NAME>
<NP>4</NP>
<WORKDIR>./f90/io</WORKDIR>
<STATUS>pass</STATUS>
</MPITEST>
<MPITEST>
<NAME>writeordbef90</NAME>
<NP>4</NP>
<WORKDIR>./f90/io</WORKDIR>
<STATUS>pass</STATUS>
</MPITEST>
<MPITEST>
<NAME>fileerrf90</NAME>
<NP>1</NP>
<WORKDIR>./f90/io</WORKDIR>
<STATUS>pass</STATUS>
</MPITEST>
<MPITEST>
<NAME>fileinfof90</NAME>
<NP>3</NP>
<WORKDIR>./f90/io</WORKDIR>
<STATUS>pass</STATUS>
</MPITEST>
<MPITEST>
<NAME>shpositionf90</NAME>
<NP>4</NP>
<WORKDIR>./f90/io</WORKDIR>
<STATUS>pass</STATUS>
</MPITEST>
<MPITEST>
<NAME>atomicityf90</NAME>
<NP>8</NP>
<WORKDIR>./f90/io</WORKDIR>
<STATUS>pass</STATUS>
</MPITEST>
<MPITEST>
<NAME>miscfilef90</NAME>
<NP>4</NP>
<WORKDIR>./f90/io</WORKDIR>
<STATUS>pass</STATUS>
</MPITEST>
<MPITEST>
<NAME>setviewcurf90</NAME>
<NP>4</NP>
<WORKDIR>./f90/io</WORKDIR>
<STATUS>pass</STATUS>
</MPITEST>
<MPITEST>
<NAME>c2f2ciof90</NAME>
<NP>1</NP>
<WORKDIR>./f90/io</WORKDIR>
<STATUS>pass</STATUS>
</MPITEST>
<MPITEST>
<NAME>c2f90multio</NAME>
<NP>1</NP>
<WORKDIR>./f90/io</WORKDIR>
<STATUS>pass</STATUS>
</MPITEST>
<MPITEST>
<NAME>i_setviewcurf90</NAME>
<NP>4</NP>
<WORKDIR>./f90/io</WORKDIR>
<STATUS>pass</STATUS>
</MPITEST>
<MPITEST>
<NAME>iwriteatallf90</NAME>
<NP>4</NP>
<WORKDIR>./f90/io</WORKDIR>
<STATUS>pass</STATUS>
</MPITEST>
<MPITEST>
<NAME>sizeof2</NAME>
<NP>1</NP>
<WORKDIR>./f90/misc</WORKDIR>
<STATUS>pass</STATUS>
</MPITEST>
<MPITEST>
<NAME>statusesf90</NAME>
<NP>1</NP>
<WORKDIR>./f90/pt2pt</WORKDIR>
<STATUS>pass</STATUS>
</MPITEST>
<MPITEST>
<NAME>greqf90</NAME>
<NP>1</NP>
<WORKDIR>./f90/pt2pt</WORKDIR>
<STATUS>pass</STATUS>
</MPITEST>
<MPITEST>
<NAME>allpairf90</NAME>
<NP>2</NP>
<WORKDIR>./f90/pt2pt</WORKDIR>
<STATUS>pass</STATUS>
</MPITEST>
<MPITEST>
<NAME>mprobef90</NAME>
<NP>2</NP>
<WORKDIR>./f90/pt2pt</WORKDIR>
<STATUS>pass</STATUS>
</MPITEST>
<MPITEST>
<NAME>typenamef90</NAME>
<NP>1</NP>
<WORKDIR>./f90/datatype</WORKDIR>
<STATUS>pass</STATUS>
</MPITEST>
<MPITEST>
<NAME>typename3f90</NAME>
<NP>1</NP>
<WORKDIR>./f90/datatype</WORKDIR>
<STATUS>pass</STATUS>
</MPITEST>
<MPITEST>
<NAME>typesnamef90</NAME>
<NP>1</NP>
<WORKDIR>./f90/datatype</WORKDIR>
<STATUS>pass</STATUS>
</MPITEST>
<MPITEST>
<NAME>typecntsf90</NAME>
<NP>1</NP>
<WORKDIR>./f90/datatype</WORKDIR>
<STATUS>pass</STATUS>
</MPITEST>
<MPITEST>
<NAME>typem2f90</NAME>
<NP>1</NP>
<WORKDIR>./f90/datatype</WORKDIR>
<STATUS>pass</STATUS>
</MPITEST>
<MPITEST>
<NAME>typesubf90</NAME>
<NP>1</NP>
<WORKDIR>./f90/datatype</WORKDIR>
<STATUS>pass</STATUS>
</MPITEST>
<MPITEST>
<NAME>packef90</NAME>
<NP>1</NP>
<WORKDIR>./f90/datatype</WORKDIR>
<STATUS>pass</STATUS>
</MPITEST>
<MPITEST>
<NAME>gaddressf90</NAME>
<NP>1</NP>
<WORKDIR>./f90/datatype</WORKDIR>
<STATUS>pass</STATUS>
</MPITEST>
<MPITEST>
<NAME>allctypesf90</NAME>
<NP>1</NP>
<WORKDIR>./f90/datatype</WORKDIR>
<STATUS>pass</STATUS>
</MPITEST>
<MPITEST>
<NAME>hindex1f90</NAME>
<NP>1</NP>
<WORKDIR>./f90/datatype</WORKDIR>
<STATUS>pass</STATUS>
</MPITEST>
<MPITEST>
<NAME>hindexed_blockf90</NAME>
<NP>1</NP>
<WORKDIR>./f90/datatype</WORKDIR>
<STATUS>pass</STATUS>
</MPITEST>
<MPITEST>
<NAME>bottom</NAME>
<NP>2</NP>
<WORKDIR>./f90/datatype</WORKDIR>
<STATUS>pass</STATUS>
</MPITEST>
<MPITEST>
<NAME>structf</NAME>
<NP>2</NP>
<WORKDIR>./f90/datatype</WORKDIR>
<STATUS>pass</STATUS>
</MPITEST>
<MPITEST>
<NAME>indtype</NAME>
<NP>2</NP>
<WORKDIR>./f90/datatype</WORKDIR>
<STATUS>pass</STATUS>
</MPITEST>
<MPITEST>
<NAME>createf90</NAME>
<NP>1</NP>
<WORKDIR>./f90/datatype</WORKDIR>
<STATUS>pass</STATUS>
</MPITEST>
<MPITEST>
<NAME>sizeof</NAME>
<NP>1</NP>
<WORKDIR>./f90/datatype</WORKDIR>
<STATUS>pass</STATUS>
</MPITEST>
<MPITEST>
<NAME>kinds</NAME>
<NP>2</NP>
<WORKDIR>./f90/datatype</WORKDIR>
<STATUS>pass</STATUS>
</MPITEST>
<MPITEST>
<NAME>trf90</NAME>
<NP>1</NP>
<WORKDIR>./f90/datatype</WORKDIR>
<STATUS>pass</STATUS>
</MPITEST>
<MPITEST>
<NAME>get_elem_d</NAME>
<NP>2</NP>
<WORKDIR>./f90/datatype</WORKDIR>
<STATUS>pass</STATUS>
</MPITEST>
<MPITEST>
<NAME>get_elem_u</NAME>
<NP>2</NP>
<WORKDIR>./f90/datatype</WORKDIR>
<STATUS>pass</STATUS>
</MPITEST>
<MPITEST>
<NAME>createf90types</NAME>
<NP>1</NP>
<WORKDIR>./f90/f90types</WORKDIR>
<STATUS>pass</STATUS>
</MPITEST>
<MPITEST>
<NAME>createf90types</NAME>
<NP>1</NP>
<WORKDIR>./f90/f90types</WORKDIR>
<STATUS>pass</STATUS>
</MPITEST>
<MPITEST>
<NAME>winscale1f90</NAME>
<NP>4</NP>
<WORKDIR>./f90/rma</WORKDIR>
<STATUS>pass</STATUS>
</MPITEST>
<MPITEST>
<NAME>winfencef90</NAME>
<NP>4</NP>
<WORKDIR>./f90/rma</WORKDIR>
<STATUS>pass</STATUS>
</MPITEST>
<MPITEST>
<NAME>wingetf90</NAME>
<NP>5</NP>
<WORKDIR>./f90/rma</WORKDIR>
<STATUS>pass</STATUS>
</MPITEST>
<MPITEST>
<NAME>winscale2f90</NAME>
<NP>4</NP>
<WORKDIR>./f90/rma</WORKDIR>
<STATUS>pass</STATUS>
</MPITEST>
<MPITEST>
<NAME>winerrf90</NAME>
<NP>1</NP>
<WORKDIR>./f90/rma</WORKDIR>
<STATUS>pass</STATUS>
</MPITEST>
<MPITEST>
<NAME>winnamef90</NAME>
<NP>1</NP>
<WORKDIR>./f90/rma</WORKDIR>
<STATUS>pass</STATUS>
</MPITEST>
<MPITEST>
<NAME>wingroupf90</NAME>
<NP>4</NP>
<WORKDIR>./f90/rma</WORKDIR>
<STATUS>pass</STATUS>
</MPITEST>
<MPITEST>
<NAME>winaccf90</NAME>
<NP>4</NP>
<WORKDIR>./f90/rma</WORKDIR>
<STATUS>pass</STATUS>
</MPITEST>
<MPITEST>
<NAME>c2f2cwinf90</NAME>
<NP>1</NP>
<WORKDIR>./f90/rma</WORKDIR>
<STATUS>pass</STATUS>
</MPITEST>
<MPITEST>
<NAME>baseattrwinf90</NAME>
<NP>1</NP>
<WORKDIR>./f90/rma</WORKDIR>
<STATUS>pass</STATUS>
</MPITEST>
<MPITEST>
<NAME>winattrf90</NAME>
<NP>1</NP>
<WORKDIR>./f90/rma</WORKDIR>
<STATUS>pass</STATUS>
</MPITEST>
<MPITEST>
<NAME>winattr2f90</NAME>
<NP>1</NP>
<WORKDIR>./f90/rma</WORKDIR>
<STATUS>pass</STATUS>
</MPITEST>
<MPITEST>
<NAME>aintf90</NAME>
<NP>2</NP>
<WORKDIR>./f90/rma</WORKDIR>
<STATUS>pass</STATUS>
</MPITEST>
<MPITEST>
<NAME>namepubf90</NAME>
<NP>2</NP>
<WORKDIR>./f90/spawn</WORKDIR>
<STATUS>pass</STATUS>
</MPITEST>
<MPITEST>
<NAME>spawnf90</NAME>
<NP>1</NP>
<WORKDIR>./f90/spawn</WORKDIR>
<STATUS>pass</STATUS>
</MPITEST>
<MPITEST>
<NAME>spawnargvf90</NAME>
<NP>1</NP>
<WORKDIR>./f90/spawn</WORKDIR>
<STATUS>pass</STATUS>
</MPITEST>
<MPITEST>
<NAME>connaccf90</NAME>
<NP>2</NP>
<WORKDIR>./f90/spawn</WORKDIR>
<STATUS>pass</STATUS>
</MPITEST>
<MPITEST>
<NAME>spawnmultf90</NAME>
<NP>1</NP>
<WORKDIR>./f90/spawn</WORKDIR>
<STATUS>pass</STATUS>
</MPITEST>
<MPITEST>
<NAME>spawnmult2f90</NAME>
<NP>2</NP>
<WORKDIR>./f90/spawn</WORKDIR>
<STATUS>pass</STATUS>
</MPITEST>
<MPITEST>
<NAME>spawnargvf03</NAME>
<NP>1</NP>
<WORKDIR>./f90/spawn</WORKDIR>
<STATUS>pass</STATUS>
</MPITEST>
<MPITEST>
<NAME>spawnmultf03</NAME>
<NP>1</NP>
<WORKDIR>./f90/spawn</WORKDIR>
<STATUS>pass</STATUS>
</MPITEST>
<MPITEST>
<NAME>wtimef90</NAME>
<NP>1</NP>
<WORKDIR>./f90/timer</WORKDIR>
<STATUS>pass</STATUS>
</MPITEST>
<MPITEST>
<NAME>cartcrf90</NAME>
<NP>4</NP>
<WORKDIR>./f90/topo</WORKDIR>
<STATUS>pass</STATUS>
</MPITEST>
<MPITEST>
<NAME>dgraph_wgtf90</NAME>
<NP>4</NP>
<WORKDIR>./f90/topo</WORKDIR>
<STATUS>pass</STATUS>
</MPITEST>
<MPITEST>
<NAME>dgraph_unwgtf90</NAME>
<NP>4</NP>
<WORKDIR>./f90/topo</WORKDIR>
<STATUS>pass</STATUS>
</MPITEST>
<MPITEST>
<NAME>profile1f90</NAME>
<NP>2</NP>
<WORKDIR>./f90/profile</WORKDIR>
<STATUS>pass</STATUS>
</MPITEST>
<MPITEST>
<NAME>keyvalmis</NAME>
<NP>1</NP>
<WORKDIR>./errors/attr</WORKDIR>
<STATUS>pass</STATUS>
</MPITEST>
<MPITEST>
<NAME>noalias</NAME>
<NP>2</NP>
<WORKDIR>./errors/coll</WORKDIR>
<STATUS>pass</STATUS>
</MPITEST>
<MPITEST>
<NAME>noalias2</NAME>
<NP>4</NP>
<WORKDIR>./errors/coll</WORKDIR>
<STATUS>pass</STATUS>
</MPITEST>
<MPITEST>
<NAME>noalias3</NAME>
<NP>4</NP>
<WORKDIR>./errors/coll</WORKDIR>
<STATUS>pass</STATUS>
</MPITEST>
<MPITEST>
<NAME>rerr</NAME>
<NP>2</NP>
<WORKDIR>./errors/coll</WORKDIR>
<STATUS>pass</STATUS>
</MPITEST>
<MPITEST>
<NAME>nb_rerr</NAME>
<NP>2</NP>
<WORKDIR>./errors/coll</WORKDIR>
<STATUS>pass</STATUS>
</MPITEST>
<MPITEST>
<NAME>reduce_local</NAME>
<NP>1</NP>
<WORKDIR>./errors/coll</WORKDIR>
<STATUS>pass</STATUS>
</MPITEST>
<MPITEST>
<NAME>cfree</NAME>
<NP>4</NP>
<WORKDIR>./errors/comm</WORKDIR>
<STATUS>pass</STATUS>
</MPITEST>
<MPITEST>
<NAME>ccreate1</NAME>
<NP>8</NP>
<WORKDIR>./errors/comm</WORKDIR>
<STATUS>pass</STATUS>
</MPITEST>
<MPITEST>
<NAME>userdup</NAME>
<NP>4</NP>
<WORKDIR>./errors/comm</WORKDIR>
<STATUS>pass</STATUS>
</MPITEST>
<MPITEST>
<NAME>manysplit</NAME>
<NP>4</NP>
<WORKDIR>./errors/comm</WORKDIR>
<STATUS>pass</STATUS>
</MPITEST>
<MPITEST>
<NAME>too_many_comms</NAME>
<NP>4</NP>
<WORKDIR>./errors/comm</WORKDIR>
<STATUS>pass</STATUS>
</MPITEST>
<MPITEST>
<NAME>too_many_icomms</NAME>
<NP>4</NP>
<WORKDIR>./errors/comm</WORKDIR>
<STATUS>pass</STATUS>
</MPITEST>
<MPITEST>
<NAME>too_many_comms2</NAME>
<NP>4</NP>
<WORKDIR>./errors/comm</WORKDIR>
<STATUS>pass</STATUS>
</MPITEST>
<MPITEST>
<NAME>too_many_comms3</NAME>
<NP>4</NP>
<WORKDIR>./errors/comm</WORKDIR>
<STATUS>pass</STATUS>
</MPITEST>
<MPITEST>
<NAME>too_many_icomms2</NAME>
<NP>4</NP>
<WORKDIR>./errors/comm</WORKDIR>
<STATUS>pass</STATUS>
</MPITEST>
<MPITEST>
<NAME>gerr</NAME>
<NP>1</NP>
<WORKDIR>./errors/group</WORKDIR>
<STATUS>pass</STATUS>
</MPITEST>
<MPITEST>
<NAME>proberank</NAME>
<NP>1</NP>
<WORKDIR>./errors/pt2pt</WORKDIR>
<STATUS>pass</STATUS>
</MPITEST>
<MPITEST>
<NAME>truncmsg1</NAME>
<NP>2</NP>
<WORKDIR>./errors/pt2pt</WORKDIR>
<STATUS>pass</STATUS>
</MPITEST>
<MPITEST>
<NAME>truncmsg2</NAME>
<NP>2</NP>
<WORKDIR>./errors/pt2pt</WORKDIR>
<STATUS>pass</STATUS>
</MPITEST>
<MPITEST>
<NAME>errinstatts</NAME>
<NP>2</NP>
<WORKDIR>./errors/pt2pt</WORKDIR>
<STATUS>pass</STATUS>
</MPITEST>
<MPITEST>
<NAME>errinstatta</NAME>
<NP>2</NP>
<WORKDIR>./errors/pt2pt</WORKDIR>
<STATUS>pass</STATUS>
</MPITEST>
<MPITEST>
<NAME>errinstatws</NAME>
<NP>2</NP>
<WORKDIR>./errors/pt2pt</WORKDIR>
<STATUS>pass</STATUS>
</MPITEST>
<MPITEST>
<NAME>errinstatwa</NAME>
<NP>2</NP>
<WORKDIR>./errors/pt2pt</WORKDIR>
<STATUS>pass</STATUS>
</MPITEST>
<MPITEST>
<NAME>cartsmall</NAME>
<NP>4</NP>
<WORKDIR>./errors/topo</WORKDIR>
<STATUS>pass</STATUS>
</MPITEST>
<MPITEST>
<NAME>winerr</NAME>
<NP>2</NP>
<WORKDIR>./errors/rma</WORKDIR>
<STATUS>pass</STATUS>
</MPITEST>
<MPITEST>
<NAME>winerr2</NAME>
<NP>2</NP>
<WORKDIR>./errors/rma</WORKDIR>
<STATUS>pass</STATUS>
</MPITEST>
<MPITEST>
<NAME>cas_type_check</NAME>
<NP>2</NP>
<WORKDIR>./errors/rma</WORKDIR>
<STATUS>pass</STATUS>
</MPITEST>
<MPITEST>
<NAME>win_sync_unlock</NAME>
<NP>2</NP>
<WORKDIR>./errors/rma</WORKDIR>
<STATUS>pass</STATUS>
</MPITEST>
<MPITEST>
<NAME>win_sync_free_pt</NAME>
<NP>2</NP>
<WORKDIR>./errors/rma</WORKDIR>
<STATUS>pass</STATUS>
</MPITEST>
<MPITEST>
<NAME>win_sync_free_at</NAME>
<NP>2</NP>
<WORKDIR>./errors/rma</WORKDIR>
<STATUS>pass</STATUS>
</MPITEST>
<MPITEST>
<NAME>win_sync_complete</NAME>
<NP>2</NP>
<WORKDIR>./errors/rma</WORKDIR>
<STATUS>pass</STATUS>
</MPITEST>
<MPITEST>
<NAME>win_sync_lock_at</NAME>
<NP>2</NP>
<WORKDIR>./errors/rma</WORKDIR>
<STATUS>pass</STATUS>
</MPITEST>
<MPITEST>
<NAME>win_sync_lock_pt</NAME>
<NP>2</NP>
<WORKDIR>./errors/rma</WORKDIR>
<STATUS>pass</STATUS>
</MPITEST>
<MPITEST>
<NAME>win_sync_lock_fence</NAME>
<NP>2</NP>
<WORKDIR>./errors/rma</WORKDIR>
<STATUS>pass</STATUS>
</MPITEST>
<MPITEST>
<NAME>win_sync_nested</NAME>
<NP>2</NP>
<WORKDIR>./errors/rma</WORKDIR>
<STATUS>pass</STATUS>
</MPITEST>
<MPITEST>
<NAME>win_sync_op</NAME>
<NP>2</NP>
<WORKDIR>./errors/rma</WORKDIR>
<STATUS>pass</STATUS>
</MPITEST>
<MPITEST>
<NAME>badport</NAME>
<NP>2</NP>
<WORKDIR>./errors/spawn</WORKDIR>
<STATUS>pass</STATUS>
</MPITEST>
<MPITEST>
<NAME>unpub</NAME>
<NP>1</NP>
<WORKDIR>./errors/spawn</WORKDIR>
<STATUS>pass</STATUS>
</MPITEST>
<MPITEST>
<NAME>lookup_name</NAME>
<NP>1</NP>
<WORKDIR>./errors/spawn</WORKDIR>
<STATUS>pass</STATUS>
</MPITEST>
<MPITEST>
<NAME>fileerrret</NAME>
<NP>1</NP>
<WORKDIR>./errors/io</WORKDIR>
<STATUS>pass</STATUS>
</MPITEST>
<MPITEST>
<NAME>openerr</NAME>
<NP>1</NP>
<WORKDIR>./errors/io</WORKDIR>
<STATUS>pass</STATUS>
</MPITEST>
<MPITEST>
<NAME>file_errhdl</NAME>
<NP>1</NP>
<WORKDIR>./errors/io</WORKDIR>
<STATUS>pass</STATUS>
</MPITEST>
<MPITEST>
<NAME>uerrhandf</NAME>
<NP>1</NP>
<WORKDIR>./errors/f77/io</WORKDIR>
<STATUS>pass</STATUS>
</MPITEST>
<MPITEST>
<NAME>errgetx</NAME>
<NP>1</NP>
<WORKDIR>./errors/cxx/errhan</WORKDIR>
<STATUS>pass</STATUS>
</MPITEST>
<MPITEST>
<NAME>errsetx</NAME>
<NP>1</NP>
<WORKDIR>./errors/cxx/errhan</WORKDIR>
<STATUS>pass</STATUS>
</MPITEST>
<MPITEST>
<NAME>throwtest</NAME>
<NP>1</NP>
<WORKDIR>./errors/cxx/errhan</WORKDIR>
<STATUS>pass</STATUS>
</MPITEST>
<MPITEST>
<NAME>commerrx</NAME>
<NP>2</NP>
<WORKDIR>./errors/cxx/errhan</WORKDIR>
<STATUS>pass</STATUS>
</MPITEST>
<MPITEST>
<NAME>fileerrretx</NAME>
<NP>1</NP>
<WORKDIR>./errors/cxx/io</WORKDIR>
<STATUS>pass</STATUS>
</MPITEST>
<MPITEST>
<NAME>errgetfilex</NAME>
<NP>1</NP>
<WORKDIR>./errors/cxx/io</WORKDIR>
<STATUS>pass</STATUS>
</MPITEST>
<MPITEST>
<NAME>throwtestfilex</NAME>
<NP>1</NP>
<WORKDIR>./errors/cxx/io</WORKDIR>
<STATUS>pass</STATUS>
</MPITEST>
<MPITEST>
<NAME>uerrhandf90</NAME>
<NP>1</NP>
<WORKDIR>./errors/f90/io</WORKDIR>
<STATUS>pass</STATUS>
</MPITEST>
